mode: atomic
github.com/xdzczk/nostrmash/cmd/configdoc/main.go:14.13,20.12 5 0
github.com/xdzczk/nostrmash/cmd/configdoc/main.go:20.12,22.17 2 0
github.com/xdzczk/nostrmash/cmd/configdoc/main.go:22.17,24.4 1 0
github.com/xdzczk/nostrmash/cmd/configdoc/main.go:25.3,25.38 1 0
github.com/xdzczk/nostrmash/cmd/configdoc/main.go:25.38,27.4 1 0
github.com/xdzczk/nostrmash/cmd/configdoc/main.go:28.3,29.9 2 0
github.com/xdzczk/nostrmash/cmd/configdoc/main.go:31.2,31.63 1 0
github.com/xdzczk/nostrmash/cmd/configdoc/main.go:31.63,33.3 1 0
github.com/xdzczk/nostrmash/cmd/rulecheck/main.go:10.13,16.29 3 0
github.com/xdzczk/nostrmash/cmd/rulecheck/main.go:16.29,17.52 1 0
github.com/xdzczk/nostrmash/cmd/rulecheck/main.go:17.52,19.29 2 0
github.com/xdzczk/nostrmash/cmd/rulecheck/main.go:19.29,21.5 1 0
github.com/xdzczk/nostrmash/cmd/rulecheck/main.go:24.2,24.12 1 0
github.com/xdzczk/nostrmash/cmd/rulecheck/main.go:24.12,26.3 1 0
github.com/xdzczk/nostrmash/cmd/rulecheck/main.go:44.44,46.16 2 0
github.com/xdzczk/nostrmash/cmd/rulecheck/main.go:46.16,48.3 1 0
github.com/xdzczk/nostrmash/cmd/rulecheck/main.go:49.2,50.53 2 0
github.com/xdzczk/nostrmash/cmd/rulecheck/main.go:50.53,52.3 1 0
github.com/xdzczk/nostrmash/cmd/rulecheck/main.go:53.2,53.29 1 0
github.com/xdzczk/nostrmash/cmd/rulecheck/main.go:53.29,55.3 1 0
github.com/xdzczk/nostrmash/cmd/rulecheck/main.go:56.2,57.39 2 0
github.com/xdzczk/nostrmash/cmd/rulecheck/main.go:57.39,58.23 1 0
github.com/xdzczk/nostrmash/cmd/rulecheck/main.go:58.23,60.4 1 0
github.com/xdzczk/nostrmash/cmd/rulecheck/main.go:61.3,61.28 1 0
github.com/xdzczk/nostrmash/cmd/rulecheck/main.go:61.28,63.12 2 0
github.com/xdzczk/nostrmash/cmd/rulecheck/main.go:65.3,65.37 1 0
github.com/xdzczk/nostrmash/cmd/rulecheck/main.go:65.37,66.45 1 0
github.com/xdzczk/nostrmash/cmd/rulecheck/main.go:66.45,68.5 1 0
github.com/xdzczk/nostrmash/cmd/rulecheck/main.go:69.4,69.23 1 0
github.com/xdzczk/nostrmash/cmd/rulecheck/main.go:69.23,71.5 1 0
github.com/xdzczk/nostrmash/cmd/rulecheck/main.go:74.2,74.13 1 0
github.com/xdzczk/nostrmash/internal/logging/logging.go:14.39,16.32 2 0
github.com/xdzczk/nostrmash/internal/logging/logging.go:17.15,18.26 1 0
github.com/xdzczk/nostrmash/internal/logging/logging.go:19.14,20.25 1 0
github.com/xdzczk/nostrmash/internal/logging/logging.go:21.15,22.26 1 0
github.com/xdzczk/nostrmash/internal/logging/logging.go:24.2,25.45 2 0
github.com/xdzczk/nostrmash/internal/logging/logging.go:29.72,30.64 1 0
github.com/xdzczk/nostrmash/internal/logging/logging.go:30.64,32.3 1 0
github.com/xdzczk/nostrmash/internal/logging/logging.go:33.2,33.12 1 0
github.com/xdzczk/nostrmash/internal/logging/logging.go:37.75,39.2 1 0
github.com/xdzczk/nostrmash/internal/logging/logging.go:42.55,43.52 1 0
github.com/xdzczk/nostrmash/internal/logging/logging.go:43.52,45.3 1 0
github.com/xdzczk/nostrmash/internal/logging/logging.go:46.2,46.11 1 0
github.com/xdzczk/nostrmash/cmd/trust_worker/job_runner.go:34.3,35.22 1 3
github.com/xdzczk/nostrmash/cmd/trust_worker/job_runner.go:35.22,37.3 1 0
github.com/xdzczk/nostrmash/cmd/trust_worker/job_runner.go:38.2,40.35 3 3
github.com/xdzczk/nostrmash/cmd/trust_worker/job_runner.go:40.35,42.13 2 4
github.com/xdzczk/nostrmash/cmd/trust_worker/job_runner.go:42.13,44.30 2 4
github.com/xdzczk/nostrmash/cmd/trust_worker/job_runner.go:44.30,48.19 4 8
github.com/xdzczk/nostrmash/cmd/trust_worker/job_runner.go:48.19,49.91 1 7
github.com/xdzczk/nostrmash/cmd/trust_worker/job_runner.go:49.91,51.15 2 0
github.com/xdzczk/nostrmash/cmd/trust_worker/job_runner.go:53.6,55.14 3 7
github.com/xdzczk/nostrmash/cmd/trust_worker/job_runner.go:57.5,58.23 2 1
github.com/xdzczk/nostrmash/cmd/trust_worker/job_runner.go:58.23,60.14 2 0
github.com/xdzczk/nostrmash/cmd/trust_worker/job_runner.go:62.5,62.44 1 1
github.com/xdzczk/nostrmash/cmd/trust_worker/job_runner.go:62.44,66.14 4 0
github.com/xdzczk/nostrmash/cmd/trust_worker/job_runner.go:68.5,70.101 3 1
github.com/xdzczk/nostrmash/cmd/trust_worker/job_runner.go:74.2,74.15 1 3
github.com/xdzczk/nostrmash/cmd/trust_worker/job_runner.go:74.15,77.3 2 3
github.com/xdzczk/nostrmash/cmd/trust_worker/job_runner.go:79.2,79.6 1 3
github.com/xdzczk/nostrmash/cmd/trust_worker/job_runner.go:79.6,80.23 1 66
github.com/xdzczk/nostrmash/cmd/trust_worker/job_runner.go:80.23,82.4 1 0
github.com/xdzczk/nostrmash/cmd/trust_worker/job_runner.go:83.3,84.17 2 66
github.com/xdzczk/nostrmash/cmd/trust_worker/job_runner.go:84.17,86.11 2 0
github.com/xdzczk/nostrmash/cmd/trust_worker/job_runner.go:87.22,88.11 1 0
github.com/xdzczk/nostrmash/cmd/trust_worker/job_runner.go:89.36,90.13 1 0
github.com/xdzczk/nostrmash/cmd/trust_worker/job_runner.go:93.3,93.24 1 66
github.com/xdzczk/nostrmash/cmd/trust_worker/job_runner.go:93.24,94.11 1 63
github.com/xdzczk/nostrmash/cmd/trust_worker/job_runner.go:95.22,96.11 1 3
github.com/xdzczk/nostrmash/cmd/trust_worker/job_runner.go:97.36,98.13 1 60
github.com/xdzczk/nostrmash/cmd/trust_worker/job_runner.go:101.3,101.31 1 3
github.com/xdzczk/nostrmash/cmd/trust_worker/job_runner.go:101.31,102.11 1 8
github.com/xdzczk/nostrmash/cmd/trust_worker/job_runner.go:103.22,104.11 1 0
github.com/xdzczk/nostrmash/cmd/trust_worker/job_runner.go:105.25,105.25 0 8
github.com/xdzczk/nostrmash/cmd/trust_worker/job_runner.go:111.133,112.15 1 8
github.com/xdzczk/nostrmash/cmd/trust_worker/job_runner.go:112.15,113.47 1 8
github.com/xdzczk/nostrmash/cmd/trust_worker/job_runner.go:113.47,115.4 1 1
github.com/xdzczk/nostrmash/cmd/trust_worker/job_runner.go:117.2,117.29 1 8
github.com/xdzczk/nostrmash/cmd/trust_worker/main.go:29.13,35.16 5 0
github.com/xdzczk/nostrmash/cmd/trust_worker/main.go:35.16,38.3 2 0
github.com/xdzczk/nostrmash/cmd/trust_worker/main.go:40.2,41.16 2 0
github.com/xdzczk/nostrmash/cmd/trust_worker/main.go:41.16,44.3 2 0
github.com/xdzczk/nostrmash/cmd/trust_worker/main.go:45.2,49.25 4 0
github.com/xdzczk/nostrmash/cmd/trust_worker/main.go:49.25,51.17 2 0
github.com/xdzczk/nostrmash/cmd/trust_worker/main.go:51.17,54.4 2 0
github.com/xdzczk/nostrmash/cmd/trust_worker/main.go:55.3,56.16 2 0
github.com/xdzczk/nostrmash/cmd/trust_worker/main.go:56.16,56.43 1 0
github.com/xdzczk/nostrmash/cmd/trust_worker/main.go:57.3,57.53 1 0
github.com/xdzczk/nostrmash/cmd/trust_worker/main.go:57.53,60.4 2 0
github.com/xdzczk/nostrmash/cmd/trust_worker/main.go:63.2,65.136 3 0
github.com/xdzczk/nostrmash/cmd/trust_worker/main.go:65.136,68.3 2 0
github.com/xdzczk/nostrmash/cmd/trust_worker/main.go:69.2,80.61 3 0
github.com/xdzczk/nostrmash/cmd/trust_worker/main.go:80.61,83.3 2 0
github.com/xdzczk/nostrmash/cmd/trust_worker/main.go:85.2,94.25 4 0
github.com/xdzczk/nostrmash/cmd/trust_worker/main.go:94.25,102.3 1 0
github.com/xdzczk/nostrmash/cmd/trust_worker/main.go:102.8,110.3 1 0
github.com/xdzczk/nostrmash/cmd/trust_worker/main.go:111.2,129.3 6 0
github.com/xdzczk/nostrmash/cmd/trust_worker/main.go:135.78,136.99 1 1
github.com/xdzczk/nostrmash/cmd/trust_worker/main.go:136.99,145.3 2 0
github.com/xdzczk/nostrmash/cmd/trust_worker/main.go:146.2,156.6 4 1
github.com/xdzczk/nostrmash/cmd/trust_worker/main.go:156.6,157.10 1 3
github.com/xdzczk/nostrmash/cmd/trust_worker/main.go:158.21,159.10 1 1
github.com/xdzczk/nostrmash/cmd/trust_worker/main.go:160.19,165.18 5 2
github.com/xdzczk/nostrmash/cmd/trust_worker/main.go:165.18,167.5 1 0
github.com/xdzczk/nostrmash/cmd/trust_worker/main.go:168.4,169.18 2 2
github.com/xdzczk/nostrmash/cmd/trust_worker/main.go:169.18,171.13 2 0
github.com/xdzczk/nostrmash/cmd/trust_worker/main.go:173.4,175.55 3 2
github.com/xdzczk/nostrmash/cmd/trust_worker/main.go:175.55,183.5 1 0
github.com/xdzczk/nostrmash/cmd/trust_worker/main.go:191.45,192.16 1 0
github.com/xdzczk/nostrmash/cmd/trust_worker/main.go:192.16,194.3 1 0
github.com/xdzczk/nostrmash/cmd/trust_worker/main.go:195.2,197.6 3 0
github.com/xdzczk/nostrmash/cmd/trust_worker/main.go:197.6,198.10 1 0
github.com/xdzczk/nostrmash/cmd/trust_worker/main.go:199.21,200.10 1 0
github.com/xdzczk/nostrmash/cmd/trust_worker/main.go:201.19,207.40 2 0
github.com/xdzczk/nostrmash/cmd/trust_worker/main.go:207.40,209.5 1 0
github.com/xdzczk/nostrmash/cmd/trust_worker/main.go:209.10,209.35 1 0
github.com/xdzczk/nostrmash/cmd/trust_worker/main.go:209.35,211.5 1 0
github.com/xdzczk/nostrmash/cmd/trust_worker/main.go:213.4,218.37 2 0
github.com/xdzczk/nostrmash/cmd/trust_worker/main.go:218.37,220.5 1 0
github.com/xdzczk/nostrmash/cmd/trust_worker/main.go:220.10,222.5 1 0
github.com/xdzczk/nostrmash/cmd/trust_worker/main.go:224.4,229.42 2 0
github.com/xdzczk/nostrmash/cmd/trust_worker/main.go:229.42,231.5 1 0
github.com/xdzczk/nostrmash/cmd/trust_worker/main.go:231.10,231.37 1 0
github.com/xdzczk/nostrmash/cmd/trust_worker/main.go:231.37,233.5 1 0
github.com/xdzczk/nostrmash/cmd/trust_worker/main.go:235.4,240.38 2 0
github.com/xdzczk/nostrmash/cmd/trust_worker/main.go:240.38,242.5 1 0
github.com/xdzczk/nostrmash/cmd/trust_worker/main.go:242.10,242.33 1 0
github.com/xdzczk/nostrmash/cmd/trust_worker/main.go:242.33,244.5 1 0
github.com/xdzczk/nostrmash/cmd/trust_worker/main.go:249.31,251.16 2 0
github.com/xdzczk/nostrmash/cmd/trust_worker/main.go:251.16,253.3 1 0
github.com/xdzczk/nostrmash/cmd/trust_worker/main.go:254.2,255.16 2 0
github.com/xdzczk/nostrmash/cmd/trust_worker/main.go:255.16,257.3 1 0
github.com/xdzczk/nostrmash/cmd/trust_worker/main.go:258.2,258.48 1 0
github.com/xdzczk/nostrmash/cmd/trust_worker/main.go:261.76,262.9 1 4
github.com/xdzczk/nostrmash/cmd/trust_worker/main.go:263.45,264.30 1 1
github.com/xdzczk/nostrmash/cmd/trust_worker/main.go:265.23,266.27 1 1
github.com/xdzczk/nostrmash/cmd/trust_worker/main.go:267.26,268.33 1 1
github.com/xdzczk/nostrmash/cmd/trust_worker/main.go:269.10,270.19 1 1
github.com/xdzczk/nostrmash/cmd/trust_worker/main.go:274.52,276.2 1 2
github.com/xdzczk/nostrmash/cmd/worker/job_runner.go:36.3,37.22 1 3
github.com/xdzczk/nostrmash/cmd/worker/job_runner.go:37.22,39.3 1 0
github.com/xdzczk/nostrmash/cmd/worker/job_runner.go:40.2,42.35 3 3
github.com/xdzczk/nostrmash/cmd/worker/job_runner.go:42.35,44.13 2 4
github.com/xdzczk/nostrmash/cmd/worker/job_runner.go:44.13,46.30 2 4
github.com/xdzczk/nostrmash/cmd/worker/job_runner.go:46.30,54.19 5 8
github.com/xdzczk/nostrmash/cmd/worker/job_runner.go:54.19,55.89 1 7
github.com/xdzczk/nostrmash/cmd/worker/job_runner.go:55.89,60.15 5 0
github.com/xdzczk/nostrmash/cmd/worker/job_runner.go:62.6,66.14 5 7
github.com/xdzczk/nostrmash/cmd/worker/job_runner.go:69.5,70.23 2 1
github.com/xdzczk/nostrmash/cmd/worker/job_runner.go:70.23,75.14 5 0
github.com/xdzczk/nostrmash/cmd/worker/job_runner.go:77.5,78.44 2 1
github.com/xdzczk/nostrmash/cmd/worker/job_runner.go:78.44,92.14 5 0
github.com/xdzczk/nostrmash/cmd/worker/job_runner.go:94.5,107.6 4 1
github.com/xdzczk/nostrmash/cmd/worker/job_runner.go:111.2,111.15 1 3
github.com/xdzczk/nostrmash/cmd/worker/job_runner.go:111.15,114.3 2 3
github.com/xdzczk/nostrmash/cmd/worker/job_runner.go:116.2,116.6 1 3
github.com/xdzczk/nostrmash/cmd/worker/job_runner.go:116.6,117.23 1 65
github.com/xdzczk/nostrmash/cmd/worker/job_runner.go:117.23,119.4 1 0
github.com/xdzczk/nostrmash/cmd/worker/job_runner.go:121.3,124.17 4 65
github.com/xdzczk/nostrmash/cmd/worker/job_runner.go:124.17,126.11 2 0
github.com/xdzczk/nostrmash/cmd/worker/job_runner.go:127.22,128.11 1 0
github.com/xdzczk/nostrmash/cmd/worker/job_runner.go:129.36,130.13 1 0
github.com/xdzczk/nostrmash/cmd/worker/job_runner.go:133.3,133.24 1 65
github.com/xdzczk/nostrmash/cmd/worker/job_runner.go:133.24,134.11 1 62
github.com/xdzczk/nostrmash/cmd/worker/job_runner.go:135.22,136.11 1 3
github.com/xdzczk/nostrmash/cmd/worker/job_runner.go:137.36,138.13 1 59
github.com/xdzczk/nostrmash/cmd/worker/job_runner.go:142.3,142.31 1 3
github.com/xdzczk/nostrmash/cmd/worker/job_runner.go:142.31,143.11 1 8
github.com/xdzczk/nostrmash/cmd/worker/job_runner.go:144.22,145.11 1 0
github.com/xdzczk/nostrmash/cmd/worker/job_runner.go:146.25,146.25 0 8
github.com/xdzczk/nostrmash/cmd/worker/job_runner.go:152.133,153.15 1 8
github.com/xdzczk/nostrmash/cmd/worker/job_runner.go:153.15,154.47 1 8
github.com/xdzczk/nostrmash/cmd/worker/job_runner.go:154.47,156.4 1 1
github.com/xdzczk/nostrmash/cmd/worker/job_runner.go:158.2,158.29 1 8
github.com/xdzczk/nostrmash/cmd/worker/main.go:28.13,33.44 4 0
github.com/xdzczk/nostrmash/cmd/worker/main.go:33.44,35.3 1 0
github.com/xdzczk/nostrmash/cmd/worker/main.go:50.10,52.9 2 0
github.com/xdzczk/nostrmash/cmd/worker/main.go:52.9,54.3 1 0
github.com/xdzczk/nostrmash/cmd/worker/main.go:55.2,56.9 2 0
github.com/xdzczk/nostrmash/cmd/worker/main.go:56.9,58.3 1 0
github.com/xdzczk/nostrmash/cmd/worker/main.go:59.2,61.12 3 0
github.com/xdzczk/nostrmash/cmd/worker/main.go:66.32,68.16 2 0
github.com/xdzczk/nostrmash/cmd/worker/main.go:68.16,71.3 2 0
github.com/xdzczk/nostrmash/cmd/worker/main.go:72.2,72.18 1 0
github.com/xdzczk/nostrmash/cmd/worker/main.go:82.35,84.16 2 0
github.com/xdzczk/nostrmash/cmd/worker/main.go:84.16,86.36 2 0
github.com/xdzczk/nostrmash/cmd/worker/main.go:86.37,86.38 0 0
github.com/xdzczk/nostrmash/cmd/worker/main.go:88.2,92.130 4 0
github.com/xdzczk/nostrmash/cmd/worker/main.go:92.130,95.36 3 0
github.com/xdzczk/nostrmash/cmd/worker/main.go:95.37,95.38 0 0
github.com/xdzczk/nostrmash/cmd/worker/main.go:97.2,106.61 2 0
github.com/xdzczk/nostrmash/cmd/worker/main.go:106.61,110.36 4 0
github.com/xdzczk/nostrmash/cmd/worker/main.go:110.37,110.38 0 0
github.com/xdzczk/nostrmash/cmd/worker/main.go:113.2,122.64 4 0
github.com/xdzczk/nostrmash/cmd/worker/main.go:122.64,127.4 1 0
github.com/xdzczk/nostrmash/cmd/worker/main.go:130.2,130.21 1 0
github.com/xdzczk/nostrmash/cmd/worker/main.go:130.21,133.3 2 0
github.com/xdzczk/nostrmash/cmd/worker/main.go:134.2,134.34 1 0
github.com/xdzczk/nostrmash/cmd/worker/main.go:144.3,173.2 11 0
github.com/xdzczk/nostrmash/cmd/worker/main.go:183.60,184.18 1 0
github.com/xdzczk/nostrmash/cmd/worker/main.go:184.18,187.3 2 0
github.com/xdzczk/nostrmash/cmd/worker/main.go:188.2,188.55 1 0
github.com/xdzczk/nostrmash/cmd/worker/main.go:188.55,191.3 2 0
github.com/xdzczk/nostrmash/cmd/worker/main.go:192.2,202.6 4 0
github.com/xdzczk/nostrmash/cmd/worker/main.go:202.6,203.10 1 0
github.com/xdzczk/nostrmash/cmd/worker/main.go:204.21,205.10 1 0
github.com/xdzczk/nostrmash/cmd/worker/main.go:206.19,211.18 5 0
github.com/xdzczk/nostrmash/cmd/worker/main.go:211.18,214.13 3 0
github.com/xdzczk/nostrmash/cmd/worker/main.go:216.4,218.19 3 0
github.com/xdzczk/nostrmash/cmd/worker/main.go:218.19,220.5 1 0
github.com/xdzczk/nostrmash/cmd/worker/main.go:228.84,229.18 1 0
github.com/xdzczk/nostrmash/cmd/worker/main.go:229.18,232.3 2 0
github.com/xdzczk/nostrmash/cmd/worker/main.go:233.2,233.55 1 0
github.com/xdzczk/nostrmash/cmd/worker/main.go:233.55,236.3 2 0
github.com/xdzczk/nostrmash/cmd/worker/main.go:237.2,249.6 4 0
github.com/xdzczk/nostrmash/cmd/worker/main.go:249.6,250.10 1 0
github.com/xdzczk/nostrmash/cmd/worker/main.go:251.21,252.10 1 0
github.com/xdzczk/nostrmash/cmd/worker/main.go:253.19,256.18 3 0
github.com/xdzczk/nostrmash/cmd/worker/main.go:256.18,259.13 3 0
github.com/xdzczk/nostrmash/cmd/worker/main.go:261.4,263.19 3 0
github.com/xdzczk/nostrmash/cmd/worker/main.go:263.19,265.5 1 0
github.com/xdzczk/nostrmash/cmd/worker/main.go:266.4,266.32 1 0
github.com/xdzczk/nostrmash/cmd/worker/main.go:266.32,267.13 1 0
github.com/xdzczk/nostrmash/cmd/worker/main.go:270.4,272.22 3 0
github.com/xdzczk/nostrmash/cmd/worker/main.go:272.22,275.13 3 0
github.com/xdzczk/nostrmash/cmd/worker/main.go:277.4,279.19 3 0
github.com/xdzczk/nostrmash/cmd/worker/main.go:279.19,281.5 1 0
github.com/xdzczk/nostrmash/cmd/worker/main.go:289.78,290.99 1 1
github.com/xdzczk/nostrmash/cmd/worker/main.go:290.99,299.3 2 0
github.com/xdzczk/nostrmash/cmd/worker/main.go:300.2,310.6 4 1
github.com/xdzczk/nostrmash/cmd/worker/main.go:310.6,311.10 1 3
github.com/xdzczk/nostrmash/cmd/worker/main.go:312.21,313.10 1 1
github.com/xdzczk/nostrmash/cmd/worker/main.go:314.19,319.18 5 2
github.com/xdzczk/nostrmash/cmd/worker/main.go:319.18,321.5 1 0
github.com/xdzczk/nostrmash/cmd/worker/main.go:322.4,323.18 2 2
github.com/xdzczk/nostrmash/cmd/worker/main.go:323.18,325.13 2 0
github.com/xdzczk/nostrmash/cmd/worker/main.go:327.4,329.55 3 2
github.com/xdzczk/nostrmash/cmd/worker/main.go:329.55,337.5 1 0
github.com/xdzczk/nostrmash/cmd/worker/main.go:342.31,344.16 2 0
github.com/xdzczk/nostrmash/cmd/worker/main.go:344.16,346.3 1 0
github.com/xdzczk/nostrmash/cmd/worker/main.go:347.2,348.16 2 0
github.com/xdzczk/nostrmash/cmd/worker/main.go:348.16,350.3 1 0
github.com/xdzczk/nostrmash/cmd/worker/main.go:351.2,351.48 1 0
github.com/xdzczk/nostrmash/cmd/worker/main.go:357.45,358.31 1 0
github.com/xdzczk/nostrmash/cmd/worker/main.go:358.31,360.3 1 0
github.com/xdzczk/nostrmash/cmd/worker/main.go:361.2,363.6 3 0
github.com/xdzczk/nostrmash/cmd/worker/main.go:363.6,364.10 1 0
github.com/xdzczk/nostrmash/cmd/worker/main.go:365.21,366.10 1 0
github.com/xdzczk/nostrmash/cmd/worker/main.go:367.19,374.40 2 0
github.com/xdzczk/nostrmash/cmd/worker/main.go:374.40,376.5 1 0
github.com/xdzczk/nostrmash/cmd/worker/main.go:376.10,376.35 1 0
github.com/xdzczk/nostrmash/cmd/worker/main.go:376.35,378.5 1 0
github.com/xdzczk/nostrmash/cmd/worker/main.go:378.10,380.5 1 0
github.com/xdzczk/nostrmash/cmd/worker/main.go:382.4,387.39 2 0
github.com/xdzczk/nostrmash/cmd/worker/main.go:387.39,389.5 1 0
github.com/xdzczk/nostrmash/cmd/worker/main.go:389.10,391.5 1 0
github.com/xdzczk/nostrmash/cmd/worker/main.go:393.4,398.39 2 0
github.com/xdzczk/nostrmash/cmd/worker/main.go:398.39,400.5 1 0
github.com/xdzczk/nostrmash/cmd/worker/main.go:400.10,400.34 1 0
github.com/xdzczk/nostrmash/cmd/worker/main.go:400.34,402.5 1 0
github.com/xdzczk/nostrmash/cmd/worker/main.go:402.10,404.5 1 0
github.com/xdzczk/nostrmash/cmd/api/main.go:34.13,41.16 5 0
github.com/xdzczk/nostrmash/cmd/api/main.go:41.16,44.3 2 0
github.com/xdzczk/nostrmash/cmd/api/main.go:46.2,47.16 2 0
github.com/xdzczk/nostrmash/cmd/api/main.go:47.16,50.3 2 0
github.com/xdzczk/nostrmash/cmd/api/main.go:51.2,55.22 4 0
github.com/xdzczk/nostrmash/cmd/api/main.go:55.22,57.3 1 0
github.com/xdzczk/nostrmash/cmd/api/main.go:58.2,59.108 2 0
github.com/xdzczk/nostrmash/cmd/api/main.go:59.108,62.3 2 0
github.com/xdzczk/nostrmash/cmd/api/main.go:63.2,63.15 1 0
github.com/xdzczk/nostrmash/cmd/api/main.go:63.15,66.57 3 0
github.com/xdzczk/nostrmash/cmd/api/main.go:66.57,68.4 1 0
github.com/xdzczk/nostrmash/cmd/api/main.go:70.2,79.61 4 0
github.com/xdzczk/nostrmash/cmd/api/main.go:79.61,82.3 2 0
github.com/xdzczk/nostrmash/cmd/api/main.go:84.2,86.31 3 0
github.com/xdzczk/nostrmash/cmd/api/main.go:86.31,94.3 2 0
github.com/xdzczk/nostrmash/cmd/api/main.go:95.2,152.12 18 0
github.com/xdzczk/nostrmash/cmd/api/main.go:152.12,154.87 2 0
github.com/xdzczk/nostrmash/cmd/api/main.go:154.87,157.4 2 0
github.com/xdzczk/nostrmash/cmd/api/main.go:159.2,167.50 7 0
github.com/xdzczk/nostrmash/cmd/api/main.go:167.50,169.3 1 0
github.com/xdzczk/nostrmash/cmd/api/main.go:170.2,170.31 1 0
github.com/xdzczk/nostrmash/cmd/api/main.go:176.35,178.16 2 0
github.com/xdzczk/nostrmash/cmd/api/main.go:178.16,180.3 1 0
github.com/xdzczk/nostrmash/cmd/api/main.go:181.2,182.28 2 0
github.com/xdzczk/nostrmash/cmd/api/main.go:182.28,185.3 2 0
github.com/xdzczk/nostrmash/cmd/api/main.go:187.2,196.12 4 0
github.com/xdzczk/nostrmash/cmd/api/main.go:196.12,198.87 2 0
github.com/xdzczk/nostrmash/cmd/api/main.go:198.87,200.4 1 0
github.com/xdzczk/nostrmash/cmd/api/main.go:202.2,202.12 1 0
github.com/xdzczk/nostrmash/cmd/api/main.go:202.12,207.3 4 0
github.com/xdzczk/nostrmash/cmd/api/main.go:210.48,222.2 11 0
github.com/xdzczk/nostrmash/cmd/api/main.go:224.52,225.51 1 0
github.com/xdzczk/nostrmash/cmd/api/main.go:225.51,227.3 1 0
github.com/xdzczk/nostrmash/cmd/api/main.go:228.2,228.38 1 0
github.com/xdzczk/nostrmash/cmd/api/main.go:240.3,241.36 1 0
github.com/xdzczk/nostrmash/cmd/api/main.go:241.36,243.3 1 0
github.com/xdzczk/nostrmash/cmd/api/main.go:244.2,246.6 3 0
github.com/xdzczk/nostrmash/cmd/api/main.go:246.6,247.10 1 0
github.com/xdzczk/nostrmash/cmd/api/main.go:248.21,249.10 1 0
github.com/xdzczk/nostrmash/cmd/api/main.go:250.19,254.18 2 0
github.com/xdzczk/nostrmash/cmd/api/main.go:254.18,256.13 2 0
github.com/xdzczk/nostrmash/cmd/api/main.go:258.4,259.42 2 0
github.com/xdzczk/nostrmash/cmd/api/main.go:259.42,262.5 2 0
github.com/xdzczk/nostrmash/cmd/api/routes.go:32.21,109.2 1 1
github.com/xdzczk/nostrmash/cmd/api/routes.go:111.89,112.29 1 0
github.com/xdzczk/nostrmash/cmd/api/routes.go:112.29,113.23 1 0
github.com/xdzczk/nostrmash/cmd/api/routes.go:114.20,115.50 1 0
github.com/xdzczk/nostrmash/cmd/api/routes.go:116.19,117.49 1 0
github.com/xdzczk/nostrmash/cmd/api/routes.go:118.11,119.37 1 0
github.com/xdzczk/nostrmash/cmd/api/routes.go:124.46,126.2 1 1
github.com/xdzczk/nostrmash/cmd/ingestor/main.go:32.13,37.46 4 0
github.com/xdzczk/nostrmash/cmd/ingestor/main.go:37.46,39.3 1 0
github.com/xdzczk/nostrmash/cmd/ingestor/main.go:48.63,50.9 2 0
github.com/xdzczk/nostrmash/cmd/ingestor/main.go:50.9,52.3 1 0
github.com/xdzczk/nostrmash/cmd/ingestor/main.go:53.2,54.9 2 0
github.com/xdzczk/nostrmash/cmd/ingestor/main.go:54.9,56.3 1 0
github.com/xdzczk/nostrmash/cmd/ingestor/main.go:57.2,60.9 3 0
github.com/xdzczk/nostrmash/cmd/ingestor/main.go:60.9,62.3 1 0
github.com/xdzczk/nostrmash/cmd/ingestor/main.go:63.2,63.58 1 0
github.com/xdzczk/nostrmash/cmd/ingestor/main.go:66.73,68.16 2 0
github.com/xdzczk/nostrmash/cmd/ingestor/main.go:68.16,71.3 2 0
github.com/xdzczk/nostrmash/cmd/ingestor/main.go:72.2,72.18 1 0
github.com/xdzczk/nostrmash/cmd/ingestor/main.go:79.33,81.16 2 0
github.com/xdzczk/nostrmash/cmd/ingestor/main.go:81.16,83.22 2 0
github.com/xdzczk/nostrmash/cmd/ingestor/main.go:83.23,83.24 0 0
github.com/xdzczk/nostrmash/cmd/ingestor/main.go:85.2,89.132 4 0
github.com/xdzczk/nostrmash/cmd/ingestor/main.go:89.132,92.22 3 0
github.com/xdzczk/nostrmash/cmd/ingestor/main.go:92.23,92.24 0 0
github.com/xdzczk/nostrmash/cmd/ingestor/main.go:94.2,103.61 2 0
github.com/xdzczk/nostrmash/cmd/ingestor/main.go:103.61,107.22 4 0
github.com/xdzczk/nostrmash/cmd/ingestor/main.go:107.23,107.24 0 0
github.com/xdzczk/nostrmash/cmd/ingestor/main.go:109.2,109.21 1 0
github.com/xdzczk/nostrmash/cmd/ingestor/main.go:109.21,112.3 2 0
github.com/xdzczk/nostrmash/cmd/ingestor/main.go:113.2,113.29 1 0
github.com/xdzczk/nostrmash/cmd/ingestor/main.go:120.26,122.16 2 0
github.com/xdzczk/nostrmash/cmd/ingestor/main.go:122.16,125.3 2 0
github.com/xdzczk/nostrmash/cmd/ingestor/main.go:127.2,129.16 3 0
github.com/xdzczk/nostrmash/cmd/ingestor/main.go:129.16,132.3 2 0
github.com/xdzczk/nostrmash/cmd/ingestor/main.go:134.2,138.9 1 0
github.com/xdzczk/nostrmash/cmd/ingestor/main.go:147.9,156.34 4 0
github.com/xdzczk/nostrmash/cmd/ingestor/main.go:156.34,158.23 2 0
github.com/xdzczk/nostrmash/cmd/ingestor/main.go:158.23,161.4 2 0
github.com/xdzczk/nostrmash/cmd/ingestor/main.go:162.3,163.23 2 0
github.com/xdzczk/nostrmash/cmd/ingestor/main.go:163.23,166.4 2 0
github.com/xdzczk/nostrmash/cmd/ingestor/main.go:167.3,176.13 2 0
github.com/xdzczk/nostrmash/cmd/ingestor/main.go:179.2,185.16 2 0
github.com/xdzczk/nostrmash/cmd/ingestor/main.go:185.16,188.3 2 0
github.com/xdzczk/nostrmash/cmd/ingestor/main.go:189.2,196.16 3 0
github.com/xdzczk/nostrmash/cmd/ingestor/main.go:196.16,199.3 2 0
github.com/xdzczk/nostrmash/cmd/ingestor/main.go:200.2,213.37 4 0
github.com/xdzczk/nostrmash/cmd/ingestor/main.go:213.37,215.17 2 0
github.com/xdzczk/nostrmash/cmd/ingestor/main.go:215.17,219.4 3 0
github.com/xdzczk/nostrmash/cmd/ingestor/main.go:219.9,221.4 1 0
github.com/xdzczk/nostrmash/cmd/ingestor/main.go:222.8,225.3 2 0
github.com/xdzczk/nostrmash/cmd/ingestor/main.go:227.2,227.26 1 0
github.com/xdzczk/nostrmash/cmd/ingestor/main.go:227.26,248.25 2 0
github.com/xdzczk/nostrmash/cmd/ingestor/main.go:248.25,251.4 2 0
github.com/xdzczk/nostrmash/cmd/ingestor/main.go:252.3,252.65 1 0
github.com/xdzczk/nostrmash/cmd/ingestor/main.go:252.65,255.4 2 0
github.com/xdzczk/nostrmash/cmd/ingestor/main.go:256.3,256.72 1 0
github.com/xdzczk/nostrmash/cmd/ingestor/main.go:259.2,259.28 1 0
github.com/xdzczk/nostrmash/cmd/ingestor/main.go:259.28,280.3 2 0
github.com/xdzczk/nostrmash/cmd/ingestor/main.go:282.2,302.16 2 0
github.com/xdzczk/nostrmash/cmd/ingestor/main.go:302.16,305.3 2 0
github.com/xdzczk/nostrmash/cmd/ingestor/main.go:306.2,310.30 4 0
github.com/xdzczk/nostrmash/cmd/ingestor/main.go:310.30,311.43 1 0
github.com/xdzczk/nostrmash/cmd/ingestor/main.go:311.43,312.126 1 0
github.com/xdzczk/nostrmash/cmd/ingestor/main.go:312.126,314.5 1 0
github.com/xdzczk/nostrmash/cmd/ingestor/main.go:316.3,316.84 1 0
github.com/xdzczk/nostrmash/cmd/ingestor/main.go:316.84,318.4 1 0
github.com/xdzczk/nostrmash/cmd/ingestor/main.go:320.2,328.12 4 0
github.com/xdzczk/nostrmash/cmd/ingestor/main.go:331.122,332.37 1 0
github.com/xdzczk/nostrmash/cmd/ingestor/main.go:332.37,334.3 1 0
github.com/xdzczk/nostrmash/cmd/ingestor/main.go:335.2,337.16 3 0
github.com/xdzczk/nostrmash/cmd/ingestor/main.go:337.16,339.3 1 0
github.com/xdzczk/nostrmash/cmd/ingestor/main.go:340.2,340.20 1 0
github.com/xdzczk/nostrmash/cmd/ingestor/main.go:343.110,345.2 1 1
github.com/xdzczk/nostrmash/cmd/ingestor/main.go:347.62,350.9 3 3
github.com/xdzczk/nostrmash/cmd/ingestor/main.go:350.9,352.3 1 1
github.com/xdzczk/nostrmash/cmd/ingestor/main.go:353.2,353.33 1 2
github.com/xdzczk/nostrmash/cmd/ingestor/main.go:353.33,355.3 1 1
github.com/xdzczk/nostrmash/cmd/ingestor/main.go:356.2,356.48 1 1
github.com/xdzczk/nostrmash/cmd/ingestor/main.go:359.110,360.36 1 0
github.com/xdzczk/nostrmash/cmd/ingestor/main.go:360.36,362.3 1 0
github.com/xdzczk/nostrmash/cmd/ingestor/main.go:363.2,365.6 3 0
github.com/xdzczk/nostrmash/cmd/ingestor/main.go:365.6,366.10 1 0
github.com/xdzczk/nostrmash/cmd/ingestor/main.go:367.21,368.10 1 0
github.com/xdzczk/nostrmash/cmd/ingestor/main.go:369.19,377.5 3 0
github.com/xdzczk/nostrmash/cmd/ingestor/main.go:382.137,383.31 1 0
github.com/xdzczk/nostrmash/cmd/ingestor/main.go:383.31,385.3 1 0
github.com/xdzczk/nostrmash/cmd/ingestor/main.go:386.2,389.6 4 0
github.com/xdzczk/nostrmash/cmd/ingestor/main.go:389.6,390.10 1 0
github.com/xdzczk/nostrmash/cmd/ingestor/main.go:391.21,392.10 1 0
github.com/xdzczk/nostrmash/cmd/ingestor/main.go:393.19,400.18 3 0
github.com/xdzczk/nostrmash/cmd/ingestor/main.go:400.18,402.13 2 0
github.com/xdzczk/nostrmash/cmd/ingestor/main.go:404.4,404.21 1 0
github.com/xdzczk/nostrmash/cmd/ingestor/main.go:404.21,406.13 2 0
github.com/xdzczk/nostrmash/cmd/ingestor/main.go:408.4,409.70 2 0
github.com/xdzczk/nostrmash/cmd/ingestor/main.go:414.52,416.2 1 2
github.com/xdzczk/nostrmash/cmd/ingestor/trust_fetch.go:24.3,25.61 1 0
github.com/xdzczk/nostrmash/cmd/ingestor/trust_fetch.go:25.61,27.3 1 0
github.com/xdzczk/nostrmash/cmd/ingestor/trust_fetch.go:28.2,28.25 1 0
github.com/xdzczk/nostrmash/cmd/ingestor/trust_fetch.go:28.25,30.3 1 0
github.com/xdzczk/nostrmash/cmd/ingestor/trust_fetch.go:31.2,31.16 1 0
github.com/xdzczk/nostrmash/cmd/ingestor/trust_fetch.go:31.16,33.3 1 0
github.com/xdzczk/nostrmash/cmd/ingestor/trust_fetch.go:35.2,35.21 1 0
github.com/xdzczk/nostrmash/cmd/ingestor/trust_fetch.go:35.21,42.17 2 0
github.com/xdzczk/nostrmash/cmd/ingestor/trust_fetch.go:42.17,46.4 3 0
github.com/xdzczk/nostrmash/cmd/ingestor/trust_fetch.go:47.3,53.17 3 0
github.com/xdzczk/nostrmash/cmd/ingestor/trust_fetch.go:53.17,55.4 1 0
github.com/xdzczk/nostrmash/cmd/ingestor/trust_fetch.go:55.9,60.17 1 0
github.com/xdzczk/nostrmash/cmd/ingestor/trust_fetch.go:60.17,62.4 1 0
github.com/xdzczk/nostrmash/cmd/ingestor/trust_fetch.go:64.3,69.17 2 0
github.com/xdzczk/nostrmash/cmd/ingestor/trust_fetch.go:69.17,73.4 3 0
github.com/xdzczk/nostrmash/cmd/ingestor/trust_fetch.go:74.3,74.24 1 0
github.com/xdzczk/nostrmash/cmd/ingestor/trust_fetch.go:74.24,77.4 2 0
github.com/xdzczk/nostrmash/cmd/ingestor/trust_fetch.go:78.3,82.33 4 0
github.com/xdzczk/nostrmash/cmd/ingestor/trust_fetch.go:82.33,92.18 2 0
github.com/xdzczk/nostrmash/cmd/ingestor/trust_fetch.go:92.18,96.13 4 0
github.com/xdzczk/nostrmash/cmd/ingestor/trust_fetch.go:98.4,100.91 3 0
github.com/xdzczk/nostrmash/cmd/ingestor/trust_fetch.go:103.3,103.37 1 0
github.com/xdzczk/nostrmash/cmd/ingestor/trust_fetch.go:103.37,105.4 1 0
github.com/xdzczk/nostrmash/cmd/ingestor/trust_fetch.go:105.9,105.43 1 0
github.com/xdzczk/nostrmash/cmd/ingestor/trust_fetch.go:105.43,107.4 1 0
github.com/xdzczk/nostrmash/cmd/ingestor/trust_fetch.go:107.9,109.4 1 0
github.com/xdzczk/nostrmash/cmd/ingestor/trust_fetch.go:111.3,112.17 2 0
github.com/xdzczk/nostrmash/cmd/ingestor/trust_fetch.go:112.17,117.4 4 0
github.com/xdzczk/nostrmash/cmd/ingestor/trust_fetch.go:120.2,123.6 4 0
github.com/xdzczk/nostrmash/cmd/ingestor/trust_fetch.go:123.6,124.10 1 0
github.com/xdzczk/nostrmash/cmd/ingestor/trust_fetch.go:125.21,126.10 1 0
github.com/xdzczk/nostrmash/cmd/ingestor/trust_fetch.go:127.19,128.14 1 0
github.com/xdzczk/nostrmash/cmd/ingestor/trust_fetch.go:141.9,142.22 1 0
github.com/xdzczk/nostrmash/cmd/ingestor/trust_fetch.go:142.22,144.3 1 0
github.com/xdzczk/nostrmash/cmd/ingestor/trust_fetch.go:145.2,145.18 1 0
github.com/xdzczk/nostrmash/cmd/ingestor/trust_fetch.go:145.18,147.3 1 0
github.com/xdzczk/nostrmash/cmd/ingestor/trust_fetch.go:148.2,148.20 1 0
github.com/xdzczk/nostrmash/cmd/ingestor/trust_fetch.go:148.20,150.3 1 0
github.com/xdzczk/nostrmash/cmd/ingestor/trust_fetch.go:152.2,153.31 2 0
github.com/xdzczk/nostrmash/cmd/ingestor/trust_fetch.go:153.31,156.3 2 0
github.com/xdzczk/nostrmash/cmd/ingestor/trust_fetch.go:157.2,160.34 4 0
github.com/xdzczk/nostrmash/cmd/ingestor/trust_fetch.go:160.34,167.17 2 0
github.com/xdzczk/nostrmash/cmd/ingestor/trust_fetch.go:167.17,170.12 3 0
github.com/xdzczk/nostrmash/cmd/ingestor/trust_fetch.go:172.3,172.39 1 0
github.com/xdzczk/nostrmash/cmd/ingestor/trust_fetch.go:172.39,173.60 1 0
github.com/xdzczk/nostrmash/cmd/ingestor/trust_fetch.go:173.60,176.10 3 0
github.com/xdzczk/nostrmash/cmd/ingestor/trust_fetch.go:180.2,180.45 1 0
github.com/xdzczk/nostrmash/cmd/ingestor/trust_fetch.go:180.45,182.3 1 0
github.com/xdzczk/nostrmash/cmd/ingestor/trust_fetch.go:183.2,183.12 1 0
github.com/xdzczk/nostrmash/internal/relayurl/normalize.go:13.70,15.16 2 0
github.com/xdzczk/nostrmash/internal/relayurl/normalize.go:15.16,17.3 1 0
github.com/xdzczk/nostrmash/internal/relayurl/normalize.go:18.2,18.23 1 0
github.com/xdzczk/nostrmash/internal/relayurl/normalize.go:18.23,20.3 1 0
github.com/xdzczk/nostrmash/internal/relayurl/normalize.go:21.2,21.27 1 0
github.com/xdzczk/nostrmash/internal/relayurl/normalize.go:21.27,23.3 1 0
github.com/xdzczk/nostrmash/internal/relayurl/normalize.go:24.2,24.27 1 0
github.com/xdzczk/nostrmash/internal/relayurl/normalize.go:24.27,26.3 1 0
github.com/xdzczk/nostrmash/internal/relayurl/normalize.go:27.2,27.24 1 0
github.com/xdzczk/nostrmash/internal/relayurl/normalize.go:27.24,29.3 1 0
github.com/xdzczk/nostrmash/internal/relayurl/normalize.go:31.2,32.16 2 0
github.com/xdzczk/nostrmash/internal/relayurl/normalize.go:33.13,33.13 0 0
github.com/xdzczk/nostrmash/internal/relayurl/normalize.go:34.12,35.25 1 0
github.com/xdzczk/nostrmash/internal/relayurl/normalize.go:35.25,37.4 1 0
github.com/xdzczk/nostrmash/internal/relayurl/normalize.go:38.10,39.52 1 0
github.com/xdzczk/nostrmash/internal/relayurl/normalize.go:42.2,44.17 3 0
github.com/xdzczk/nostrmash/internal/relayurl/normalize.go:44.17,46.3 1 0
github.com/xdzczk/nostrmash/internal/relayurl/normalize.go:47.2,47.58 1 0
github.com/xdzczk/nostrmash/internal/api/admin.go:59.16,61.47 2 0
github.com/xdzczk/nostrmash/internal/api/admin.go:61.47,63.20 2 0
github.com/xdzczk/nostrmash/internal/api/admin.go:63.20,64.12 1 0
github.com/xdzczk/nostrmash/internal/api/admin.go:66.3,66.33 1 0
github.com/xdzczk/nostrmash/internal/api/admin.go:68.2,69.24 2 0
github.com/xdzczk/nostrmash/internal/api/admin.go:69.24,71.3 1 0
github.com/xdzczk/nostrmash/internal/api/admin.go:72.2,82.3 1 0
github.com/xdzczk/nostrmash/internal/api/admin.go:89.59,91.2 1 9
github.com/xdzczk/nostrmash/internal/api/admin.go:93.74,95.16 2 1
github.com/xdzczk/nostrmash/internal/api/admin.go:95.16,98.3 2 0
github.com/xdzczk/nostrmash/internal/api/admin.go:99.2,99.63 1 1
github.com/xdzczk/nostrmash/internal/api/admin.go:102.84,104.16 2 1
github.com/xdzczk/nostrmash/internal/api/admin.go:104.16,107.3 2 0
github.com/xdzczk/nostrmash/internal/api/admin.go:108.2,110.30 3 1
github.com/xdzczk/nostrmash/internal/api/admin.go:110.30,112.17 2 1
github.com/xdzczk/nostrmash/internal/api/admin.go:112.17,115.4 2 0
github.com/xdzczk/nostrmash/internal/api/admin.go:116.3,116.22 1 1
github.com/xdzczk/nostrmash/internal/api/admin.go:118.2,119.16 2 1
github.com/xdzczk/nostrmash/internal/api/admin.go:119.16,122.3 2 0
github.com/xdzczk/nostrmash/internal/api/admin.go:123.2,123.73 1 1
github.com/xdzczk/nostrmash/internal/api/admin.go:126.72,128.16 2 1
github.com/xdzczk/nostrmash/internal/api/admin.go:128.16,131.3 2 0
github.com/xdzczk/nostrmash/internal/api/admin.go:132.2,133.16 2 1
github.com/xdzczk/nostrmash/internal/api/admin.go:133.16,136.3 2 0
github.com/xdzczk/nostrmash/internal/api/admin.go:137.2,137.35 1 1
github.com/xdzczk/nostrmash/internal/api/admin.go:140.81,142.16 2 0
github.com/xdzczk/nostrmash/internal/api/admin.go:142.16,145.3 2 0
github.com/xdzczk/nostrmash/internal/api/admin.go:146.2,147.16 2 0
github.com/xdzczk/nostrmash/internal/api/admin.go:147.16,150.3 2 0
github.com/xdzczk/nostrmash/internal/api/admin.go:151.2,151.35 1 0
github.com/xdzczk/nostrmash/internal/api/admin.go:154.76,156.16 2 0
github.com/xdzczk/nostrmash/internal/api/admin.go:156.16,159.3 2 0
github.com/xdzczk/nostrmash/internal/api/admin.go:160.2,161.16 2 0
github.com/xdzczk/nostrmash/internal/api/admin.go:161.16,164.3 2 0
github.com/xdzczk/nostrmash/internal/api/admin.go:165.2,165.63 1 0
github.com/xdzczk/nostrmash/internal/api/admin.go:168.79,170.67 2 2
github.com/xdzczk/nostrmash/internal/api/admin.go:170.67,172.3 1 1
github.com/xdzczk/nostrmash/internal/api/admin.go:174.2,186.16 3 1
github.com/xdzczk/nostrmash/internal/api/admin.go:186.16,189.3 2 0
github.com/xdzczk/nostrmash/internal/api/admin.go:190.2,190.40 1 1
github.com/xdzczk/nostrmash/internal/api/admin.go:193.75,195.16 2 0
github.com/xdzczk/nostrmash/internal/api/admin.go:195.16,198.3 2 0
github.com/xdzczk/nostrmash/internal/api/admin.go:199.2,199.35 1 0
github.com/xdzczk/nostrmash/internal/api/admin.go:202.74,204.16 2 0
github.com/xdzczk/nostrmash/internal/api/admin.go:204.16,207.3 2 0
github.com/xdzczk/nostrmash/internal/api/admin.go:208.2,208.35 1 0
github.com/xdzczk/nostrmash/internal/api/admin.go:211.86,213.16 2 1
github.com/xdzczk/nostrmash/internal/api/admin.go:213.16,216.3 2 0
github.com/xdzczk/nostrmash/internal/api/admin.go:217.2,217.67 1 1
github.com/xdzczk/nostrmash/internal/api/admin.go:220.77,222.16 2 3
github.com/xdzczk/nostrmash/internal/api/admin.go:222.16,225.3 2 1
github.com/xdzczk/nostrmash/internal/api/admin.go:226.2,227.16 2 2
github.com/xdzczk/nostrmash/internal/api/admin.go:227.16,230.3 2 1
github.com/xdzczk/nostrmash/internal/api/admin.go:231.2,231.65 1 1
github.com/xdzczk/nostrmash/internal/api/admin.go:234.76,236.16 2 3
github.com/xdzczk/nostrmash/internal/api/admin.go:236.16,239.3 2 1
github.com/xdzczk/nostrmash/internal/api/admin.go:240.2,241.16 2 2
github.com/xdzczk/nostrmash/internal/api/admin.go:241.16,244.3 2 1
github.com/xdzczk/nostrmash/internal/api/admin.go:245.2,245.34 1 1
github.com/xdzczk/nostrmash/internal/api/admin.go:248.80,250.16 2 2
github.com/xdzczk/nostrmash/internal/api/admin.go:250.16,253.3 2 1
github.com/xdzczk/nostrmash/internal/api/admin.go:254.2,254.40 1 1
github.com/xdzczk/nostrmash/internal/api/admin.go:257.82,259.16 2 3
github.com/xdzczk/nostrmash/internal/api/admin.go:259.16,262.3 2 1
github.com/xdzczk/nostrmash/internal/api/admin.go:263.2,264.16 2 2
github.com/xdzczk/nostrmash/internal/api/admin.go:264.16,267.3 2 1
github.com/xdzczk/nostrmash/internal/api/admin.go:268.2,268.63 1 1
github.com/xdzczk/nostrmash/internal/api/admin.go:285.65,287.15 2 3
github.com/xdzczk/nostrmash/internal/api/admin.go:287.15,289.3 1 0
github.com/xdzczk/nostrmash/internal/api/admin.go:290.2,291.26 2 3
github.com/xdzczk/nostrmash/internal/api/admin.go:291.26,293.3 1 1
github.com/xdzczk/nostrmash/internal/api/admin.go:294.2,294.15 1 2
github.com/xdzczk/nostrmash/internal/api/admin_jobs.go:32.91,47.16 3 0
github.com/xdzczk/nostrmash/internal/api/admin_jobs.go:47.16,49.3 1 0
github.com/xdzczk/nostrmash/internal/api/admin_jobs.go:50.2,50.23 1 0
github.com/xdzczk/nostrmash/internal/api/admin_jobs.go:50.23,53.57 3 0
github.com/xdzczk/nostrmash/internal/api/admin_jobs.go:53.57,56.4 2 0
github.com/xdzczk/nostrmash/internal/api/admin_jobs.go:57.3,57.49 1 0
github.com/xdzczk/nostrmash/internal/api/admin_jobs.go:59.2,59.40 1 0
github.com/xdzczk/nostrmash/internal/api/admin_jobs.go:59.40,62.3 2 0
github.com/xdzczk/nostrmash/internal/api/admin_jobs.go:63.2,69.36 2 0
github.com/xdzczk/nostrmash/internal/api/admin_jobs.go:69.36,71.3 1 0
github.com/xdzczk/nostrmash/internal/api/admin_jobs.go:73.2,78.45 2 0
github.com/xdzczk/nostrmash/internal/api/admin_jobs.go:78.45,80.3 1 0
github.com/xdzczk/nostrmash/internal/api/admin_jobs.go:81.2,81.62 1 0
github.com/xdzczk/nostrmash/internal/api/admin_jobs.go:81.62,83.3 1 0
github.com/xdzczk/nostrmash/internal/api/admin_jobs.go:85.2,91.16 2 0
github.com/xdzczk/nostrmash/internal/api/admin_jobs.go:91.16,93.3 1 0
github.com/xdzczk/nostrmash/internal/api/admin_jobs.go:94.2,95.24 2 0
github.com/xdzczk/nostrmash/internal/api/admin_jobs.go:95.24,110.17 3 0
github.com/xdzczk/nostrmash/internal/api/admin_jobs.go:110.17,112.4 1 0
github.com/xdzczk/nostrmash/internal/api/admin_jobs.go:113.3,117.42 5 0
github.com/xdzczk/nostrmash/internal/api/admin_jobs.go:119.2,119.41 1 0
github.com/xdzczk/nostrmash/internal/api/admin_jobs.go:119.41,121.3 1 0
github.com/xdzczk/nostrmash/internal/api/admin_jobs.go:122.2,122.18 1 0
github.com/xdzczk/nostrmash/internal/api/admin_jobs.go:141.109,146.102 2 0
github.com/xdzczk/nostrmash/internal/api/admin_jobs.go:146.102,148.3 1 0
github.com/xdzczk/nostrmash/internal/api/admin_jobs.go:149.2,153.41 1 0
github.com/xdzczk/nostrmash/internal/api/admin_jobs.go:153.41,155.3 1 0
github.com/xdzczk/nostrmash/internal/api/admin_jobs.go:157.2,163.16 2 0
github.com/xdzczk/nostrmash/internal/api/admin_jobs.go:163.16,165.3 1 0
github.com/xdzczk/nostrmash/internal/api/admin_jobs.go:166.2,166.24 1 0
github.com/xdzczk/nostrmash/internal/api/admin_jobs.go:166.24,169.56 3 0
github.com/xdzczk/nostrmash/internal/api/admin_jobs.go:169.56,172.4 2 0
github.com/xdzczk/nostrmash/internal/api/admin_jobs.go:173.3,173.33 1 0
github.com/xdzczk/nostrmash/internal/api/admin_jobs.go:175.2,175.41 1 0
github.com/xdzczk/nostrmash/internal/api/admin_jobs.go:175.41,178.3 2 0
github.com/xdzczk/nostrmash/internal/api/admin_jobs.go:179.2,187.16 3 0
github.com/xdzczk/nostrmash/internal/api/admin_jobs.go:187.16,189.3 1 0
github.com/xdzczk/nostrmash/internal/api/admin_jobs.go:190.2,191.23 2 0
github.com/xdzczk/nostrmash/internal/api/admin_jobs.go:191.23,201.17 3 0
github.com/xdzczk/nostrmash/internal/api/admin_jobs.go:201.17,203.4 1 0
github.com/xdzczk/nostrmash/internal/api/admin_jobs.go:204.3,205.28 2 0
github.com/xdzczk/nostrmash/internal/api/admin_jobs.go:205.28,208.4 2 0
github.com/xdzczk/nostrmash/internal/api/admin_jobs.go:209.3,209.40 1 0
github.com/xdzczk/nostrmash/internal/api/admin_jobs.go:211.2,211.40 1 0
github.com/xdzczk/nostrmash/internal/api/admin_jobs.go:211.40,213.3 1 0
github.com/xdzczk/nostrmash/internal/api/admin_jobs.go:214.2,214.18 1 0
github.com/xdzczk/nostrmash/internal/api/admin_rebuilds.go:24.103,45.16 2 0
github.com/xdzczk/nostrmash/internal/api/admin_rebuilds.go:45.16,47.3 1 0
github.com/xdzczk/nostrmash/internal/api/admin_rebuilds.go:48.2,50.18 3 0
github.com/xdzczk/nostrmash/internal/api/admin_rebuilds.go:50.18,52.17 2 0
github.com/xdzczk/nostrmash/internal/api/admin_rebuilds.go:52.17,54.4 1 0
github.com/xdzczk/nostrmash/internal/api/admin_rebuilds.go:55.3,55.25 1 0
github.com/xdzczk/nostrmash/internal/api/admin_rebuilds.go:57.2,57.35 1 0
github.com/xdzczk/nostrmash/internal/api/admin_rebuilds.go:57.35,59.3 1 0
github.com/xdzczk/nostrmash/internal/api/admin_rebuilds.go:60.2,60.17 1 0
github.com/xdzczk/nostrmash/internal/api/admin_rebuilds.go:63.143,65.16 2 0
github.com/xdzczk/nostrmash/internal/api/admin_rebuilds.go:65.16,67.3 1 0
github.com/xdzczk/nostrmash/internal/api/admin_rebuilds.go:68.2,68.36 1 0
github.com/xdzczk/nostrmash/internal/api/admin_rebuilds.go:71.101,91.16 5 0
github.com/xdzczk/nostrmash/internal/api/admin_rebuilds.go:91.16,93.3 1 0
github.com/xdzczk/nostrmash/internal/api/admin_rebuilds.go:94.2,94.25 1 0
github.com/xdzczk/nostrmash/internal/api/admin_rebuilds.go:94.25,96.3 1 0
github.com/xdzczk/nostrmash/internal/api/admin_rebuilds.go:97.2,97.24 1 0
github.com/xdzczk/nostrmash/internal/api/admin_rebuilds.go:97.24,99.3 1 0
github.com/xdzczk/nostrmash/internal/api/admin_rebuilds.go:100.2,100.26 1 0
github.com/xdzczk/nostrmash/internal/api/admin_rebuilds.go:100.26,103.3 2 0
github.com/xdzczk/nostrmash/internal/api/admin_rebuilds.go:104.2,104.27 1 0
github.com/xdzczk/nostrmash/internal/api/admin_rebuilds.go:104.27,107.3 2 0
github.com/xdzczk/nostrmash/internal/api/admin_rebuilds.go:108.2,108.17 1 0
github.com/xdzczk/nostrmash/internal/api/admin_rebuilds.go:111.85,124.2 1 0
github.com/xdzczk/nostrmash/internal/api/admin_relays.go:55.82,62.16 2 0
github.com/xdzczk/nostrmash/internal/api/admin_relays.go:62.16,63.69 1 0
github.com/xdzczk/nostrmash/internal/api/admin_relays.go:63.69,71.4 1 0
github.com/xdzczk/nostrmash/internal/api/admin_relays.go:72.3,72.17 1 0
github.com/xdzczk/nostrmash/internal/api/admin_relays.go:72.17,74.4 1 0
github.com/xdzczk/nostrmash/internal/api/admin_relays.go:76.2,79.46 3 0
github.com/xdzczk/nostrmash/internal/api/admin_relays.go:79.46,81.20 2 0
github.com/xdzczk/nostrmash/internal/api/admin_relays.go:81.20,82.12 1 0
github.com/xdzczk/nostrmash/internal/api/admin_relays.go:84.3,89.4 1 0
github.com/xdzczk/nostrmash/internal/api/admin_relays.go:92.2,92.18 1 0
github.com/xdzczk/nostrmash/internal/api/admin_relays.go:92.18,109.17 2 0
github.com/xdzczk/nostrmash/internal/api/admin_relays.go:109.17,111.4 1 0
github.com/xdzczk/nostrmash/internal/api/admin_relays.go:112.3,114.10 3 0
github.com/xdzczk/nostrmash/internal/api/admin_relays.go:114.10,120.4 2 0
github.com/xdzczk/nostrmash/internal/api/admin_relays.go:121.3,137.95 2 0
github.com/xdzczk/nostrmash/internal/api/admin_relays.go:137.95,140.4 2 0
github.com/xdzczk/nostrmash/internal/api/admin_relays.go:142.2,142.35 1 0
github.com/xdzczk/nostrmash/internal/api/admin_relays.go:142.35,144.3 1 0
github.com/xdzczk/nostrmash/internal/api/admin_relays.go:146.2,147.40 2 0
github.com/xdzczk/nostrmash/internal/api/admin_relays.go:147.40,148.79 1 0
github.com/xdzczk/nostrmash/internal/api/admin_relays.go:148.79,149.56 1 0
github.com/xdzczk/nostrmash/internal/api/admin_relays.go:149.56,151.5 1 0
github.com/xdzczk/nostrmash/internal/api/admin_relays.go:152.4,152.56 1 0
github.com/xdzczk/nostrmash/internal/api/admin_relays.go:154.3,154.39 1 0
github.com/xdzczk/nostrmash/internal/api/admin_relays.go:156.2,156.57 1 0
github.com/xdzczk/nostrmash/internal/api/admin_relays.go:156.57,158.3 1 0
github.com/xdzczk/nostrmash/internal/api/admin_relays.go:159.2,159.20 1 0
github.com/xdzczk/nostrmash/internal/api/admin_relays.go:162.62,165.2 2 0
github.com/xdzczk/nostrmash/internal/api/admin_relays.go:171.35,172.16 1 0
github.com/xdzczk/nostrmash/internal/api/admin_relays.go:172.16,174.3 1 0
github.com/xdzczk/nostrmash/internal/api/admin_relays.go:175.2,180.16 3 0
github.com/xdzczk/nostrmash/internal/api/admin_relays.go:180.16,182.3 1 0
github.com/xdzczk/nostrmash/internal/api/admin_relays.go:183.2,185.16 3 0
github.com/xdzczk/nostrmash/internal/api/admin_relays.go:185.16,187.3 1 0
github.com/xdzczk/nostrmash/internal/api/admin_relays.go:188.2,189.46 2 0
github.com/xdzczk/nostrmash/internal/api/admin_relays.go:189.46,191.23 2 0
github.com/xdzczk/nostrmash/internal/api/admin_relays.go:191.23,192.12 1 0
github.com/xdzczk/nostrmash/internal/api/admin_relays.go:194.3,194.38 1 0
github.com/xdzczk/nostrmash/internal/api/admin_relays.go:196.2,197.41 2 0
github.com/xdzczk/nostrmash/internal/api/admin_relays.go:197.41,214.3 2 0
github.com/xdzczk/nostrmash/internal/api/admin_relays.go:215.2,215.17 1 0
github.com/xdzczk/nostrmash/internal/api/admin_relays.go:218.31,219.18 1 0
github.com/xdzczk/nostrmash/internal/api/admin_relays.go:219.18,221.3 1 0
github.com/xdzczk/nostrmash/internal/api/admin_relays.go:222.2,222.14 1 0
github.com/xdzczk/nostrmash/internal/api/admin_storage.go:52.38,56.2 3 0
github.com/xdzczk/nostrmash/internal/api/admin_storage.go:58.86,65.16 3 0
github.com/xdzczk/nostrmash/internal/api/admin_storage.go:65.16,67.3 1 0
github.com/xdzczk/nostrmash/internal/api/admin_storage.go:68.2,69.40 2 0
github.com/xdzczk/nostrmash/internal/api/admin_storage.go:69.40,76.3 1 0
github.com/xdzczk/nostrmash/internal/api/admin_storage.go:77.2,77.18 1 0
github.com/xdzczk/nostrmash/internal/api/admin_system.go:33.84,60.2 14 0
github.com/xdzczk/nostrmash/internal/api/admin_trust.go:45.102,56.16 2 0
github.com/xdzczk/nostrmash/internal/api/admin_trust.go:56.16,58.3 1 0
github.com/xdzczk/nostrmash/internal/api/admin_trust.go:59.2,61.18 3 0
github.com/xdzczk/nostrmash/internal/api/admin_trust.go:61.18,85.17 2 0
github.com/xdzczk/nostrmash/internal/api/admin_trust.go:85.17,87.4 1 0
github.com/xdzczk/nostrmash/internal/api/admin_trust.go:88.3,88.42 1 0
github.com/xdzczk/nostrmash/internal/api/admin_trust.go:90.2,90.35 1 0
github.com/xdzczk/nostrmash/internal/api/admin_trust.go:90.35,92.3 1 0
github.com/xdzczk/nostrmash/internal/api/admin_trust.go:93.2,93.17 1 0
github.com/xdzczk/nostrmash/internal/api/admin_trust.go:96.101,129.16 3 0
github.com/xdzczk/nostrmash/internal/api/admin_trust.go:129.16,131.3 1 0
github.com/xdzczk/nostrmash/internal/api/admin_trust.go:132.2,132.34 1 0
github.com/xdzczk/nostrmash/internal/api/admin_trust.go:135.92,136.20 1 0
github.com/xdzczk/nostrmash/internal/api/admin_trust.go:136.20,138.3 1 0
github.com/xdzczk/nostrmash/internal/api/admin_trust.go:139.2,140.16 2 0
github.com/xdzczk/nostrmash/internal/api/admin_trust.go:140.16,142.3 1 0
github.com/xdzczk/nostrmash/internal/api/admin_trust.go:143.2,155.8 1 0
github.com/xdzczk/nostrmash/internal/api/admin_trust.go:158.109,165.16 2 0
github.com/xdzczk/nostrmash/internal/api/admin_trust.go:165.16,167.3 1 0
github.com/xdzczk/nostrmash/internal/api/admin_trust.go:168.2,170.18 3 0
github.com/xdzczk/nostrmash/internal/api/admin_trust.go:170.18,180.17 2 0
github.com/xdzczk/nostrmash/internal/api/admin_trust.go:180.17,182.4 1 0
github.com/xdzczk/nostrmash/internal/api/admin_trust.go:183.3,183.26 1 0
github.com/xdzczk/nostrmash/internal/api/admin_trust.go:185.2,185.35 1 0
github.com/xdzczk/nostrmash/internal/api/admin_trust.go:185.35,187.3 1 0
github.com/xdzczk/nostrmash/internal/api/admin_trust.go:188.2,188.17 1 0
github.com/xdzczk/nostrmash/internal/api/admin_trust.go:191.63,193.25 2 0
github.com/xdzczk/nostrmash/internal/api/admin_trust.go:193.25,196.3 2 0
github.com/xdzczk/nostrmash/internal/api/admin_trust.go:197.2,198.26 2 0
github.com/xdzczk/nostrmash/internal/api/admin_trust.go:198.26,201.3 2 0
github.com/xdzczk/nostrmash/internal/api/admin_trust.go:202.2,203.30 2 0
github.com/xdzczk/nostrmash/internal/api/admin_trust.go:203.30,206.3 2 0
github.com/xdzczk/nostrmash/internal/api/admin_trust.go:207.2,208.31 2 0
github.com/xdzczk/nostrmash/internal/api/admin_trust.go:208.31,211.3 2 0
github.com/xdzczk/nostrmash/internal/api/admin_trust.go:212.2,234.3 1 0
github.com/xdzczk/nostrmash/internal/api/admin_versions.go:19.109,39.16 2 0
github.com/xdzczk/nostrmash/internal/api/admin_versions.go:39.16,41.3 1 0
github.com/xdzczk/nostrmash/internal/api/admin_versions.go:42.2,45.18 3 0
github.com/xdzczk/nostrmash/internal/api/admin_versions.go:45.18,54.17 2 0
github.com/xdzczk/nostrmash/internal/api/admin_versions.go:54.17,56.4 1 0
github.com/xdzczk/nostrmash/internal/api/admin_versions.go:57.3,58.45 2 0
github.com/xdzczk/nostrmash/internal/api/admin_versions.go:58.45,60.4 1 0
github.com/xdzczk/nostrmash/internal/api/admin_versions.go:61.3,62.25 2 0
github.com/xdzczk/nostrmash/internal/api/admin_versions.go:64.2,64.35 1 0
github.com/xdzczk/nostrmash/internal/api/admin_versions.go:64.35,66.3 1 0
github.com/xdzczk/nostrmash/internal/api/admin_versions.go:67.2,67.17 1 0
github.com/xdzczk/nostrmash/internal/api/body_limit.go:21.8,25.16 2 15
github.com/xdzczk/nostrmash/internal/api/body_limit.go:25.16,26.47 1 9
github.com/xdzczk/nostrmash/internal/api/body_limit.go:26.47,29.4 2 3
github.com/xdzczk/nostrmash/internal/api/body_limit.go:30.3,30.43 1 6
github.com/xdzczk/nostrmash/internal/api/body_limit.go:30.43,33.4 2 4
github.com/xdzczk/nostrmash/internal/api/body_limit.go:34.3,34.44 1 2
github.com/xdzczk/nostrmash/internal/api/body_limit.go:34.44,37.4 2 2
github.com/xdzczk/nostrmash/internal/api/body_limit.go:38.3,39.15 2 0
github.com/xdzczk/nostrmash/internal/api/body_limit.go:41.2,41.13 1 6
github.com/xdzczk/nostrmash/internal/api/handlers_authors.go:9.75,11.18 2 1
github.com/xdzczk/nostrmash/internal/api/handlers_authors.go:11.18,14.3 2 0
github.com/xdzczk/nostrmash/internal/api/handlers_authors.go:15.2,16.16 2 1
github.com/xdzczk/nostrmash/internal/api/handlers_authors.go:16.16,19.3 2 0
github.com/xdzczk/nostrmash/internal/api/handlers_authors.go:20.2,21.16 2 1
github.com/xdzczk/nostrmash/internal/api/handlers_authors.go:21.16,24.3 2 0
github.com/xdzczk/nostrmash/internal/api/handlers_authors.go:25.2,28.4 1 1
github.com/xdzczk/nostrmash/internal/api/handlers_authors.go:32.76,34.18 2 1
github.com/xdzczk/nostrmash/internal/api/handlers_authors.go:34.18,37.3 2 0
github.com/xdzczk/nostrmash/internal/api/handlers_authors.go:38.2,39.16 2 1
github.com/xdzczk/nostrmash/internal/api/handlers_authors.go:39.16,42.3 2 0
github.com/xdzczk/nostrmash/internal/api/handlers_authors.go:43.2,44.16 2 1
github.com/xdzczk/nostrmash/internal/api/handlers_authors.go:44.16,47.3 2 0
github.com/xdzczk/nostrmash/internal/api/handlers_authors.go:48.2,51.4 1 1
github.com/xdzczk/nostrmash/internal/api/handlers_core.go:21.53,23.2 1 0
github.com/xdzczk/nostrmash/internal/api/handlers_core.go:26.49,27.54 1 1
github.com/xdzczk/nostrmash/internal/api/handlers_core.go:27.54,28.18 1 1
github.com/xdzczk/nostrmash/internal/api/handlers_core.go:28.18,31.4 2 1
github.com/xdzczk/nostrmash/internal/api/handlers_core.go:32.3,35.40 3 0
github.com/xdzczk/nostrmash/internal/api/handlers_core.go:35.40,38.4 2 0
github.com/xdzczk/nostrmash/internal/api/handlers_core.go:39.3,39.68 1 0
github.com/xdzczk/nostrmash/internal/api/handlers_core.go:57.65,59.2 1 25
github.com/xdzczk/nostrmash/internal/api/handlers_core.go:61.83,63.23 2 27
github.com/xdzczk/nostrmash/internal/api/handlers_core.go:63.23,65.3 1 0
github.com/xdzczk/nostrmash/internal/api/handlers_core.go:66.2,69.3 1 27
github.com/xdzczk/nostrmash/internal/api/handlers_core.go:82.95,99.2 3 56
github.com/xdzczk/nostrmash/internal/api/handlers_core.go:101.58,105.2 3 83
github.com/xdzczk/nostrmash/internal/api/handlers_core.go:107.104,109.15 2 24
github.com/xdzczk/nostrmash/internal/api/handlers_core.go:109.15,111.3 1 9
github.com/xdzczk/nostrmash/internal/api/handlers_core.go:112.2,113.31 2 15
github.com/xdzczk/nostrmash/internal/api/handlers_core.go:113.31,115.3 1 1
github.com/xdzczk/nostrmash/internal/api/handlers_core.go:116.2,116.23 1 14
github.com/xdzczk/nostrmash/internal/api/handlers_core.go:116.23,118.3 1 2
github.com/xdzczk/nostrmash/internal/api/handlers_core.go:119.2,119.20 1 12
github.com/xdzczk/nostrmash/internal/api/handlers_core.go:122.67,123.19 1 5
github.com/xdzczk/nostrmash/internal/api/handlers_core.go:123.19,125.3 1 0
github.com/xdzczk/nostrmash/internal/api/handlers_core.go:126.2,129.4 1 5
github.com/xdzczk/nostrmash/internal/api/handlers_core.go:132.66,134.16 2 10
github.com/xdzczk/nostrmash/internal/api/handlers_core.go:134.16,136.3 1 3
github.com/xdzczk/nostrmash/internal/api/handlers_core.go:137.2,137.20 1 7
github.com/xdzczk/nostrmash/internal/api/handlers_core.go:137.20,139.3 1 3
github.com/xdzczk/nostrmash/internal/api/handlers_core.go:140.2,143.8 1 4
github.com/xdzczk/nostrmash/internal/api/handlers_events.go:13.72,15.19 2 3
github.com/xdzczk/nostrmash/internal/api/handlers_events.go:15.19,18.3 2 0
github.com/xdzczk/nostrmash/internal/api/handlers_events.go:19.2,20.16 2 3
github.com/xdzczk/nostrmash/internal/api/handlers_events.go:20.16,21.28 1 1
github.com/xdzczk/nostrmash/internal/api/handlers_events.go:21.28,24.4 2 1
github.com/xdzczk/nostrmash/internal/api/handlers_events.go:25.3,26.9 2 0
github.com/xdzczk/nostrmash/internal/api/handlers_events.go:28.2,29.62 2 2
github.com/xdzczk/nostrmash/internal/api/handlers_events.go:29.62,32.3 2 0
github.com/xdzczk/nostrmash/internal/api/handlers_events.go:33.2,34.37 2 2
github.com/xdzczk/nostrmash/internal/api/handlers_events.go:34.37,39.3 1 1
github.com/xdzczk/nostrmash/internal/api/handlers_events.go:40.2,46.4 1 2
github.com/xdzczk/nostrmash/internal/api/handlers_events.go:58.74,60.74 2 8
github.com/xdzczk/nostrmash/internal/api/handlers_events.go:60.74,62.3 1 4
github.com/xdzczk/nostrmash/internal/api/handlers_events.go:64.2,64.23 1 4
github.com/xdzczk/nostrmash/internal/api/handlers_events.go:64.23,67.3 2 1
github.com/xdzczk/nostrmash/internal/api/handlers_events.go:68.2,68.35 1 3
github.com/xdzczk/nostrmash/internal/api/handlers_events.go:68.35,77.3 2 1
github.com/xdzczk/nostrmash/internal/api/handlers_events.go:79.2,81.29 3 2
github.com/xdzczk/nostrmash/internal/api/handlers_events.go:81.29,83.20 2 5
github.com/xdzczk/nostrmash/internal/api/handlers_events.go:83.20,84.12 1 0
github.com/xdzczk/nostrmash/internal/api/handlers_events.go:86.3,86.33 1 5
github.com/xdzczk/nostrmash/internal/api/handlers_events.go:86.33,87.12 1 0
github.com/xdzczk/nostrmash/internal/api/handlers_events.go:89.3,90.49 2 5
github.com/xdzczk/nostrmash/internal/api/handlers_events.go:92.2,92.29 1 2
github.com/xdzczk/nostrmash/internal/api/handlers_events.go:92.29,95.3 2 0
github.com/xdzczk/nostrmash/internal/api/handlers_events.go:97.2,98.16 2 2
github.com/xdzczk/nostrmash/internal/api/handlers_events.go:98.16,101.3 2 0
github.com/xdzczk/nostrmash/internal/api/handlers_events.go:103.2,107.35 2 2
github.com/xdzczk/nostrmash/internal/api/handlers_events.go:107.35,109.10 2 5
github.com/xdzczk/nostrmash/internal/api/handlers_events.go:109.10,111.12 2 1
github.com/xdzczk/nostrmash/internal/api/handlers_events.go:113.3,113.41 1 4
github.com/xdzczk/nostrmash/internal/api/handlers_events.go:115.2,116.35 2 2
github.com/xdzczk/nostrmash/internal/api/handlers_events.go:129.74,131.19 2 1
github.com/xdzczk/nostrmash/internal/api/handlers_events.go:131.19,134.3 2 0
github.com/xdzczk/nostrmash/internal/api/handlers_events.go:135.2,136.16 2 1
github.com/xdzczk/nostrmash/internal/api/handlers_events.go:136.16,137.28 1 0
github.com/xdzczk/nostrmash/internal/api/handlers_events.go:137.28,140.4 2 0
github.com/xdzczk/nostrmash/internal/api/handlers_events.go:141.3,142.9 2 0
github.com/xdzczk/nostrmash/internal/api/handlers_events.go:145.2,149.38 2 1
github.com/xdzczk/nostrmash/internal/api/handlers_events.go:149.38,154.3 1 1
github.com/xdzczk/nostrmash/internal/api/handlers_events.go:155.2,155.35 1 1
github.com/xdzczk/nostrmash/internal/api/handlers_profiles.go:19.78,21.18 2 1
github.com/xdzczk/nostrmash/internal/api/handlers_profiles.go:21.18,24.3 2 0
github.com/xdzczk/nostrmash/internal/api/handlers_profiles.go:25.2,26.16 2 1
github.com/xdzczk/nostrmash/internal/api/handlers_profiles.go:26.16,27.28 1 0
github.com/xdzczk/nostrmash/internal/api/handlers_profiles.go:27.28,30.4 2 0
github.com/xdzczk/nostrmash/internal/api/handlers_profiles.go:31.3,32.9 2 0
github.com/xdzczk/nostrmash/internal/api/handlers_profiles.go:34.2,39.4 1 1
github.com/xdzczk/nostrmash/internal/api/handlers_profiles.go:51.76,53.74 2 5
github.com/xdzczk/nostrmash/internal/api/handlers_profiles.go:53.74,55.3 1 4
github.com/xdzczk/nostrmash/internal/api/handlers_profiles.go:56.2,56.27 1 1
github.com/xdzczk/nostrmash/internal/api/handlers_profiles.go:56.27,59.3 2 0
github.com/xdzczk/nostrmash/internal/api/handlers_profiles.go:60.2,60.39 1 1
github.com/xdzczk/nostrmash/internal/api/handlers_profiles.go:60.39,69.3 2 0
github.com/xdzczk/nostrmash/internal/api/handlers_profiles.go:71.2,73.37 3 1
github.com/xdzczk/nostrmash/internal/api/handlers_profiles.go:73.37,75.20 2 2
github.com/xdzczk/nostrmash/internal/api/handlers_profiles.go:75.20,76.12 1 0
github.com/xdzczk/nostrmash/internal/api/handlers_profiles.go:78.3,78.33 1 2
github.com/xdzczk/nostrmash/internal/api/handlers_profiles.go:78.33,79.12 1 0
github.com/xdzczk/nostrmash/internal/api/handlers_profiles.go:81.3,82.57 2 2
github.com/xdzczk/nostrmash/internal/api/handlers_profiles.go:84.2,84.33 1 1
github.com/xdzczk/nostrmash/internal/api/handlers_profiles.go:84.33,87.3 2 0
github.com/xdzczk/nostrmash/internal/api/handlers_profiles.go:89.2,90.16 2 1
github.com/xdzczk/nostrmash/internal/api/handlers_profiles.go:90.16,93.3 2 0
github.com/xdzczk/nostrmash/internal/api/handlers_profiles.go:95.2,99.44 2 1
github.com/xdzczk/nostrmash/internal/api/handlers_profiles.go:99.44,106.3 1 2
github.com/xdzczk/nostrmash/internal/api/handlers_profiles.go:107.2,108.35 2 1
github.com/xdzczk/nostrmash/internal/api/handlers_relays.go:18.75,20.16 2 1
github.com/xdzczk/nostrmash/internal/api/handlers_relays.go:20.16,23.3 2 0
github.com/xdzczk/nostrmash/internal/api/handlers_relays.go:24.2,25.27 2 1
github.com/xdzczk/nostrmash/internal/api/handlers_relays.go:25.27,34.3 1 1
github.com/xdzczk/nostrmash/internal/api/handlers_relays.go:35.2,38.4 1 1
github.com/xdzczk/nostrmash/internal/api/handlers_search.go:9.66,11.21 2 0
github.com/xdzczk/nostrmash/internal/api/handlers_search.go:11.21,14.3 2 0
github.com/xdzczk/nostrmash/internal/api/handlers_search.go:15.2,16.16 2 0
github.com/xdzczk/nostrmash/internal/api/handlers_search.go:16.16,19.3 2 0
github.com/xdzczk/nostrmash/internal/api/handlers_search.go:20.2,21.16 2 0
github.com/xdzczk/nostrmash/internal/api/handlers_search.go:21.16,24.3 2 0
github.com/xdzczk/nostrmash/internal/api/handlers_search.go:26.2,27.42 2 0
github.com/xdzczk/nostrmash/internal/api/handlers_search.go:27.42,34.3 1 0
github.com/xdzczk/nostrmash/internal/api/handlers_search.go:35.2,40.4 1 0
github.com/xdzczk/nostrmash/internal/api/handlers_social.go:11.74,13.18 2 0
github.com/xdzczk/nostrmash/internal/api/handlers_social.go:13.18,16.3 2 0
github.com/xdzczk/nostrmash/internal/api/handlers_social.go:17.2,18.16 2 0
github.com/xdzczk/nostrmash/internal/api/handlers_social.go:18.16,19.28 1 0
github.com/xdzczk/nostrmash/internal/api/handlers_social.go:19.28,22.4 2 0
github.com/xdzczk/nostrmash/internal/api/handlers_social.go:23.3,24.9 2 0
github.com/xdzczk/nostrmash/internal/api/handlers_social.go:26.2,33.4 1 0
github.com/xdzczk/nostrmash/internal/api/handlers_social.go:37.72,39.18 2 0
github.com/xdzczk/nostrmash/internal/api/handlers_social.go:39.18,42.3 2 0
github.com/xdzczk/nostrmash/internal/api/handlers_social.go:43.2,44.16 2 0
github.com/xdzczk/nostrmash/internal/api/handlers_social.go:44.16,45.28 1 0
github.com/xdzczk/nostrmash/internal/api/handlers_social.go:45.28,48.4 2 0
github.com/xdzczk/nostrmash/internal/api/handlers_social.go:49.3,50.9 2 0
github.com/xdzczk/nostrmash/internal/api/handlers_social.go:52.2,59.4 1 0
github.com/xdzczk/nostrmash/internal/api/handlers_social.go:62.72,64.18 2 0
github.com/xdzczk/nostrmash/internal/api/handlers_social.go:64.18,67.3 2 0
github.com/xdzczk/nostrmash/internal/api/handlers_social.go:68.2,69.16 2 0
github.com/xdzczk/nostrmash/internal/api/handlers_social.go:69.16,72.3 2 0
github.com/xdzczk/nostrmash/internal/api/handlers_social.go:73.2,74.16 2 0
github.com/xdzczk/nostrmash/internal/api/handlers_social.go:74.16,77.3 2 0
github.com/xdzczk/nostrmash/internal/api/handlers_social.go:78.2,82.4 1 0
github.com/xdzczk/nostrmash/internal/api/handlers_social.go:85.73,87.2 1 0
github.com/xdzczk/nostrmash/internal/api/handlers_social.go:89.71,91.2 1 0
github.com/xdzczk/nostrmash/internal/api/handlers_social.go:93.67,95.18 2 0
github.com/xdzczk/nostrmash/internal/api/handlers_social.go:95.18,98.3 2 0
github.com/xdzczk/nostrmash/internal/api/handlers_social.go:99.2,100.16 2 0
github.com/xdzczk/nostrmash/internal/api/handlers_social.go:100.16,103.3 2 0
github.com/xdzczk/nostrmash/internal/api/handlers_social.go:104.2,105.16 2 0
github.com/xdzczk/nostrmash/internal/api/handlers_social.go:105.16,108.3 2 0
github.com/xdzczk/nostrmash/internal/api/handlers_social.go:109.2,113.4 1 0
github.com/xdzczk/nostrmash/internal/api/handlers_social.go:117.71,119.18 2 1
github.com/xdzczk/nostrmash/internal/api/handlers_social.go:119.18,122.3 2 0
github.com/xdzczk/nostrmash/internal/api/handlers_social.go:123.2,124.16 2 1
github.com/xdzczk/nostrmash/internal/api/handlers_social.go:124.16,127.3 2 0
github.com/xdzczk/nostrmash/internal/api/handlers_social.go:128.2,129.16 2 1
github.com/xdzczk/nostrmash/internal/api/handlers_social.go:129.16,132.3 2 0
github.com/xdzczk/nostrmash/internal/api/handlers_social.go:133.2,137.4 1 1
github.com/xdzczk/nostrmash/internal/api/handlers_social.go:141.72,143.18 2 0
github.com/xdzczk/nostrmash/internal/api/handlers_social.go:143.18,146.3 2 0
github.com/xdzczk/nostrmash/internal/api/handlers_social.go:147.2,148.16 2 0
github.com/xdzczk/nostrmash/internal/api/handlers_social.go:148.16,151.3 2 0
github.com/xdzczk/nostrmash/internal/api/handlers_social.go:152.2,153.16 2 0
github.com/xdzczk/nostrmash/internal/api/handlers_social.go:153.16,156.3 2 0
github.com/xdzczk/nostrmash/internal/api/handlers_social.go:157.2,161.4 1 0
github.com/xdzczk/nostrmash/internal/api/handlers_social.go:164.109,166.18 2 0
github.com/xdzczk/nostrmash/internal/api/handlers_social.go:166.18,169.3 2 0
github.com/xdzczk/nostrmash/internal/api/handlers_social.go:170.2,171.16 2 0
github.com/xdzczk/nostrmash/internal/api/handlers_social.go:171.16,174.3 2 0
github.com/xdzczk/nostrmash/internal/api/handlers_social.go:175.2,176.16 2 0
github.com/xdzczk/nostrmash/internal/api/handlers_social.go:176.16,179.3 2 0
github.com/xdzczk/nostrmash/internal/api/handlers_social.go:180.2,184.4 1 0
github.com/xdzczk/nostrmash/internal/api/handlers_threads.go:12.74,14.19 2 1
github.com/xdzczk/nostrmash/internal/api/handlers_threads.go:14.19,17.3 2 0
github.com/xdzczk/nostrmash/internal/api/handlers_threads.go:18.2,19.16 2 1
github.com/xdzczk/nostrmash/internal/api/handlers_threads.go:19.16,22.3 2 0
github.com/xdzczk/nostrmash/internal/api/handlers_threads.go:23.2,29.4 1 1
github.com/xdzczk/nostrmash/internal/api/handlers_threads.go:33.75,35.19 2 1
github.com/xdzczk/nostrmash/internal/api/handlers_threads.go:35.19,38.3 2 0
github.com/xdzczk/nostrmash/internal/api/handlers_threads.go:39.2,40.16 2 1
github.com/xdzczk/nostrmash/internal/api/handlers_threads.go:40.16,43.3 2 0
github.com/xdzczk/nostrmash/internal/api/handlers_threads.go:44.2,45.16 2 1
github.com/xdzczk/nostrmash/internal/api/handlers_threads.go:45.16,48.3 2 0
github.com/xdzczk/nostrmash/internal/api/handlers_threads.go:50.2,51.16 2 1
github.com/xdzczk/nostrmash/internal/api/handlers_threads.go:51.16,52.28 1 0
github.com/xdzczk/nostrmash/internal/api/handlers_threads.go:52.28,55.4 2 0
github.com/xdzczk/nostrmash/internal/api/handlers_threads.go:56.3,57.9 2 0
github.com/xdzczk/nostrmash/internal/api/handlers_threads.go:60.2,61.16 2 1
github.com/xdzczk/nostrmash/internal/api/handlers_threads.go:61.16,64.3 2 0
github.com/xdzczk/nostrmash/internal/api/handlers_threads.go:65.2,70.4 1 1
github.com/xdzczk/nostrmash/internal/api/handlers_threads.go:74.77,76.19 2 1
github.com/xdzczk/nostrmash/internal/api/handlers_threads.go:76.19,79.3 2 0
github.com/xdzczk/nostrmash/internal/api/handlers_threads.go:80.2,81.16 2 1
github.com/xdzczk/nostrmash/internal/api/handlers_threads.go:81.16,84.3 2 0
github.com/xdzczk/nostrmash/internal/api/handlers_threads.go:86.2,87.16 2 1
github.com/xdzczk/nostrmash/internal/api/handlers_threads.go:87.16,88.28 1 0
github.com/xdzczk/nostrmash/internal/api/handlers_threads.go:88.28,91.4 2 0
github.com/xdzczk/nostrmash/internal/api/handlers_threads.go:92.3,93.9 2 0
github.com/xdzczk/nostrmash/internal/api/handlers_threads.go:95.2,100.4 1 1
github.com/xdzczk/nostrmash/internal/api/handlers_threads.go:104.69,106.19 2 3
github.com/xdzczk/nostrmash/internal/api/handlers_threads.go:106.19,109.3 2 0
github.com/xdzczk/nostrmash/internal/api/handlers_threads.go:111.2,112.16 2 3
github.com/xdzczk/nostrmash/internal/api/handlers_threads.go:112.16,115.3 2 0
github.com/xdzczk/nostrmash/internal/api/handlers_threads.go:116.2,117.16 2 3
github.com/xdzczk/nostrmash/internal/api/handlers_threads.go:117.16,120.3 2 0
github.com/xdzczk/nostrmash/internal/api/handlers_threads.go:121.2,122.16 2 3
github.com/xdzczk/nostrmash/internal/api/handlers_threads.go:122.16,125.3 2 0
github.com/xdzczk/nostrmash/internal/api/handlers_threads.go:126.2,132.16 2 3
github.com/xdzczk/nostrmash/internal/api/handlers_threads.go:132.16,133.51 1 2
github.com/xdzczk/nostrmash/internal/api/handlers_threads.go:133.51,136.4 2 1
github.com/xdzczk/nostrmash/internal/api/handlers_threads.go:137.3,138.9 2 1
github.com/xdzczk/nostrmash/internal/api/handlers_threads.go:140.2,141.16 2 1
github.com/xdzczk/nostrmash/internal/api/handlers_threads.go:141.16,144.3 2 0
github.com/xdzczk/nostrmash/internal/api/handlers_threads.go:145.2,153.4 1 1
github.com/xdzczk/nostrmash/internal/api/handlers_trust.go:10.73,12.18 2 5
github.com/xdzczk/nostrmash/internal/api/handlers_trust.go:12.18,15.3 2 1
github.com/xdzczk/nostrmash/internal/api/handlers_trust.go:16.2,17.16 2 4
github.com/xdzczk/nostrmash/internal/api/handlers_trust.go:17.16,18.28 1 3
github.com/xdzczk/nostrmash/internal/api/handlers_trust.go:18.28,21.4 2 1
github.com/xdzczk/nostrmash/internal/api/handlers_trust.go:22.3,22.41 1 2
github.com/xdzczk/nostrmash/internal/api/handlers_trust.go:22.41,25.4 2 1
github.com/xdzczk/nostrmash/internal/api/handlers_trust.go:26.3,27.9 2 1
github.com/xdzczk/nostrmash/internal/api/handlers_trust.go:29.2,29.36 1 1
github.com/xdzczk/nostrmash/internal/api/handlers_trust.go:32.78,34.16 2 5
github.com/xdzczk/nostrmash/internal/api/handlers_trust.go:34.16,37.3 2 1
github.com/xdzczk/nostrmash/internal/api/handlers_trust.go:38.2,39.16 2 4
github.com/xdzczk/nostrmash/internal/api/handlers_trust.go:39.16,40.41 1 2
github.com/xdzczk/nostrmash/internal/api/handlers_trust.go:40.41,43.4 2 1
github.com/xdzczk/nostrmash/internal/api/handlers_trust.go:44.3,45.9 2 1
github.com/xdzczk/nostrmash/internal/api/handlers_trust.go:47.2,47.63 1 2
github.com/xdzczk/nostrmash/internal/api/middleware.go:33.52,34.71 1 15
github.com/xdzczk/nostrmash/internal/api/middleware.go:34.71,36.15 2 24
github.com/xdzczk/nostrmash/internal/api/middleware.go:36.15,39.18 3 21
github.com/xdzczk/nostrmash/internal/api/middleware.go:39.18,41.5 1 0
github.com/xdzczk/nostrmash/internal/api/middleware.go:43.3,45.40 3 24
github.com/xdzczk/nostrmash/internal/api/middleware.go:50.68,51.71 1 1
github.com/xdzczk/nostrmash/internal/api/middleware.go:51.71,59.59 5 1
github.com/xdzczk/nostrmash/internal/api/middleware.go:59.59,61.4 1 0
github.com/xdzczk/nostrmash/internal/api/middleware.go:63.3,65.16 3 1
github.com/xdzczk/nostrmash/internal/api/middleware.go:65.16,66.48 1 1
github.com/xdzczk/nostrmash/internal/api/middleware.go:66.48,68.21 2 0
github.com/xdzczk/nostrmash/internal/api/middleware.go:70.4,71.49 2 1
github.com/xdzczk/nostrmash/internal/api/middleware.go:71.49,73.5 1 0
github.com/xdzczk/nostrmash/internal/api/middleware.go:74.4,82.5 3 1
github.com/xdzczk/nostrmash/internal/api/middleware.go:84.3,84.24 1 1
github.com/xdzczk/nostrmash/internal/api/middleware.go:89.74,90.16 1 1
github.com/xdzczk/nostrmash/internal/api/middleware.go:90.16,92.3 1 1
github.com/xdzczk/nostrmash/internal/api/middleware.go:93.2,93.71 1 1
github.com/xdzczk/nostrmash/internal/api/middleware.go:93.71,94.16 1 1
github.com/xdzczk/nostrmash/internal/api/middleware.go:94.16,95.48 1 1
github.com/xdzczk/nostrmash/internal/api/middleware.go:95.48,107.5 4 1
github.com/xdzczk/nostrmash/internal/api/middleware.go:109.3,109.23 1 1
github.com/xdzczk/nostrmash/internal/api/middleware.go:114.83,116.71 2 2
github.com/xdzczk/nostrmash/internal/api/middleware.go:116.71,117.40 1 27
github.com/xdzczk/nostrmash/internal/api/middleware.go:117.40,120.4 2 1
github.com/xdzczk/nostrmash/internal/api/middleware.go:121.3,122.20 2 26
github.com/xdzczk/nostrmash/internal/api/middleware.go:122.20,125.4 2 0
github.com/xdzczk/nostrmash/internal/api/middleware.go:126.3,127.21 2 26
github.com/xdzczk/nostrmash/internal/api/middleware.go:127.21,129.4 1 0
github.com/xdzczk/nostrmash/internal/api/middleware.go:130.3,130.81 1 26
github.com/xdzczk/nostrmash/internal/api/middleware.go:130.81,133.4 2 24
github.com/xdzczk/nostrmash/internal/api/middleware.go:134.3,134.23 1 2
github.com/xdzczk/nostrmash/internal/api/middleware.go:143.46,146.2 2 0
github.com/xdzczk/nostrmash/internal/api/middleware.go:148.70,150.9 2 1
github.com/xdzczk/nostrmash/internal/api/middleware.go:150.9,152.3 1 0
github.com/xdzczk/nostrmash/internal/api/middleware.go:153.2,153.26 1 1
github.com/xdzczk/nostrmash/internal/api/middleware.go:156.53,158.2 1 0
github.com/xdzczk/nostrmash/internal/api/middleware.go:160.33,162.43 2 21
github.com/xdzczk/nostrmash/internal/api/middleware.go:162.43,164.3 1 0
github.com/xdzczk/nostrmash/internal/api/middleware.go:165.2,165.38 1 21
github.com/xdzczk/nostrmash/internal/api/middleware.go:169.71,171.17 2 11
github.com/xdzczk/nostrmash/internal/api/middleware.go:171.17,173.3 1 0
github.com/xdzczk/nostrmash/internal/api/middleware.go:174.2,174.71 1 11
github.com/xdzczk/nostrmash/internal/api/middleware.go:174.71,175.21 1 20
github.com/xdzczk/nostrmash/internal/api/middleware.go:175.21,178.4 2 0
github.com/xdzczk/nostrmash/internal/api/middleware.go:179.3,180.10 2 20
github.com/xdzczk/nostrmash/internal/api/middleware.go:180.10,183.4 2 2
github.com/xdzczk/nostrmash/internal/api/middleware.go:184.3,184.69 1 18
github.com/xdzczk/nostrmash/internal/api/middleware.go:184.69,187.4 2 0
github.com/xdzczk/nostrmash/internal/api/middleware.go:188.3,188.23 1 18
github.com/xdzczk/nostrmash/internal/api/middleware.go:192.57,194.17 2 20
github.com/xdzczk/nostrmash/internal/api/middleware.go:194.17,196.3 1 2
github.com/xdzczk/nostrmash/internal/api/middleware.go:197.2,198.39 2 18
github.com/xdzczk/nostrmash/internal/api/middleware.go:198.39,200.3 1 0
github.com/xdzczk/nostrmash/internal/api/middleware.go:201.2,202.17 2 18
github.com/xdzczk/nostrmash/internal/api/middleware.go:202.17,204.3 1 0
github.com/xdzczk/nostrmash/internal/api/middleware.go:205.2,205.20 1 18
github.com/xdzczk/nostrmash/internal/api/middleware.go:208.50,210.19 2 2
github.com/xdzczk/nostrmash/internal/api/middleware.go:210.19,212.3 1 1
github.com/xdzczk/nostrmash/internal/api/middleware.go:213.2,213.63 1 1
github.com/xdzczk/nostrmash/internal/api/middleware.go:213.63,215.3 1 1
github.com/xdzczk/nostrmash/internal/api/middleware.go:216.2,216.19 1 1
github.com/xdzczk/nostrmash/internal/api/middleware.go:216.19,218.3 1 0
github.com/xdzczk/nostrmash/internal/api/middleware.go:219.2,219.16 1 1
github.com/xdzczk/nostrmash/internal/api/middleware.go:222.46,224.20 2 26
github.com/xdzczk/nostrmash/internal/api/middleware.go:224.20,226.3 1 0
github.com/xdzczk/nostrmash/internal/api/middleware.go:227.2,228.16 2 26
github.com/xdzczk/nostrmash/internal/api/middleware.go:228.16,230.3 1 0
github.com/xdzczk/nostrmash/internal/api/middleware.go:231.2,231.13 1 26
github.com/xdzczk/nostrmash/internal/api/middleware.go:234.46,235.14 1 27
github.com/xdzczk/nostrmash/internal/api/middleware.go:236.39,237.14 1 1
github.com/xdzczk/nostrmash/internal/api/middleware.go:238.10,239.15 1 26
github.com/xdzczk/nostrmash/internal/api/middleware.go:261.61,262.28 1 2
github.com/xdzczk/nostrmash/internal/api/middleware.go:262.28,264.3 1 0
github.com/xdzczk/nostrmash/internal/api/middleware.go:265.2,268.3 1 2
github.com/xdzczk/nostrmash/internal/api/middleware.go:271.62,274.9 3 26
github.com/xdzczk/nostrmash/internal/api/middleware.go:275.32,276.27 1 2
github.com/xdzczk/nostrmash/internal/api/middleware.go:276.27,278.4 1 2
github.com/xdzczk/nostrmash/internal/api/middleware.go:279.3,279.20 1 2
github.com/xdzczk/nostrmash/internal/api/middleware.go:280.41,281.26 1 0
github.com/xdzczk/nostrmash/internal/api/middleware.go:281.26,283.4 1 0
github.com/xdzczk/nostrmash/internal/api/middleware.go:284.3,284.19 1 0
github.com/xdzczk/nostrmash/internal/api/middleware.go:286.2,291.3 1 26
github.com/xdzczk/nostrmash/internal/api/middleware.go:294.81,295.14 1 26
github.com/xdzczk/nostrmash/internal/api/middleware.go:295.14,297.3 1 0
github.com/xdzczk/nostrmash/internal/api/middleware.go:298.2,298.16 1 26
github.com/xdzczk/nostrmash/internal/api/middleware.go:298.16,300.3 1 0
github.com/xdzczk/nostrmash/internal/api/middleware.go:301.2,305.21 5 26
github.com/xdzczk/nostrmash/internal/api/middleware.go:305.21,308.3 2 2
github.com/xdzczk/nostrmash/internal/api/middleware.go:309.2,310.17 2 26
github.com/xdzczk/nostrmash/internal/api/middleware.go:310.17,312.32 2 24
github.com/xdzczk/nostrmash/internal/api/middleware.go:312.32,314.4 1 0
github.com/xdzczk/nostrmash/internal/api/middleware.go:316.2,317.20 2 26
github.com/xdzczk/nostrmash/internal/api/middleware.go:317.20,320.3 2 24
github.com/xdzczk/nostrmash/internal/api/middleware.go:321.2,323.13 3 2
github.com/xdzczk/nostrmash/internal/runtimebootstrap/bootstrap.go:22.33,24.22 2 0
github.com/xdzczk/nostrmash/internal/runtimebootstrap/bootstrap.go:24.22,26.3 1 0
github.com/xdzczk/nostrmash/internal/runtimebootstrap/bootstrap.go:27.2,27.19 1 0
github.com/xdzczk/nostrmash/internal/runtimebootstrap/bootstrap.go:30.66,31.51 1 0
github.com/xdzczk/nostrmash/internal/runtimebootstrap/bootstrap.go:31.51,33.3 1 0
github.com/xdzczk/nostrmash/internal/runtimebootstrap/bootstrap.go:34.2,34.38 1 0
github.com/xdzczk/nostrmash/internal/runtimebootstrap/bootstrap.go:44.9,45.91 1 0
github.com/xdzczk/nostrmash/internal/runtimebootstrap/bootstrap.go:45.91,47.3 1 0
github.com/xdzczk/nostrmash/internal/runtimebootstrap/bootstrap.go:48.2,48.12 1 0
github.com/xdzczk/nostrmash/internal/runtimebootstrap/bootstrap.go:51.34,54.56 3 0
github.com/xdzczk/nostrmash/internal/runtimebootstrap/bootstrap.go:54.56,56.3 1 0
github.com/xdzczk/nostrmash/internal/runtimebootstrap/bootstrap.go:67.3,80.2 5 0
github.com/xdzczk/nostrmash/internal/runtimebootstrap/bootstrap.go:82.73,84.16 2 0
github.com/xdzczk/nostrmash/internal/runtimebootstrap/bootstrap.go:84.16,86.3 1 0
github.com/xdzczk/nostrmash/internal/runtimebootstrap/bootstrap.go:87.2,96.12 4 0
github.com/xdzczk/nostrmash/internal/runtimebootstrap/bootstrap.go:96.12,98.87 2 0
github.com/xdzczk/nostrmash/internal/runtimebootstrap/bootstrap.go:98.87,100.4 1 0
github.com/xdzczk/nostrmash/internal/runtimebootstrap/bootstrap.go:102.2,102.12 1 0
github.com/xdzczk/nostrmash/internal/runtimebootstrap/bootstrap.go:102.12,107.3 4 0
github.com/xdzczk/nostrmash/internal/runtimebootstrap/bootstrap.go:110.71,112.16 2 0
github.com/xdzczk/nostrmash/internal/runtimebootstrap/bootstrap.go:112.16,114.3 1 0
github.com/xdzczk/nostrmash/internal/runtimebootstrap/bootstrap.go:115.2,124.12 4 0
github.com/xdzczk/nostrmash/internal/runtimebootstrap/bootstrap.go:124.12,126.87 2 0
github.com/xdzczk/nostrmash/internal/runtimebootstrap/bootstrap.go:126.87,128.4 1 0
github.com/xdzczk/nostrmash/internal/runtimebootstrap/bootstrap.go:130.2,130.12 1 0
github.com/xdzczk/nostrmash/internal/runtimebootstrap/bootstrap.go:130.12,135.3 4 0
github.com/xdzczk/nostrmash/internal/runtimebootstrap/bootstrap.go:138.48,150.2 11 0
github.com/xdzczk/nostrmash/internal/config/api.go:51.35,53.16 2 8
github.com/xdzczk/nostrmash/internal/config/api.go:53.16,55.3 1 1
github.com/xdzczk/nostrmash/internal/config/api.go:57.2,59.16 3 7
github.com/xdzczk/nostrmash/internal/config/api.go:59.16,61.3 1 1
github.com/xdzczk/nostrmash/internal/config/api.go:62.2,63.16 2 6
github.com/xdzczk/nostrmash/internal/config/api.go:63.16,65.3 1 0
github.com/xdzczk/nostrmash/internal/config/api.go:66.2,67.16 2 6
github.com/xdzczk/nostrmash/internal/config/api.go:67.16,69.3 1 0
github.com/xdzczk/nostrmash/internal/config/api.go:70.2,71.16 2 6
github.com/xdzczk/nostrmash/internal/config/api.go:71.16,73.3 1 0
github.com/xdzczk/nostrmash/internal/config/api.go:74.2,75.16 2 6
github.com/xdzczk/nostrmash/internal/config/api.go:75.16,77.3 1 0
github.com/xdzczk/nostrmash/internal/config/api.go:78.2,79.16 2 6
github.com/xdzczk/nostrmash/internal/config/api.go:79.16,81.3 1 0
github.com/xdzczk/nostrmash/internal/config/api.go:82.2,83.16 2 6
github.com/xdzczk/nostrmash/internal/config/api.go:83.16,85.3 1 0
github.com/xdzczk/nostrmash/internal/config/api.go:86.2,87.16 2 6
github.com/xdzczk/nostrmash/internal/config/api.go:87.16,89.3 1 0
github.com/xdzczk/nostrmash/internal/config/api.go:90.2,91.16 2 6
github.com/xdzczk/nostrmash/internal/config/api.go:91.16,93.3 1 0
github.com/xdzczk/nostrmash/internal/config/api.go:94.2,95.16 2 6
github.com/xdzczk/nostrmash/internal/config/api.go:95.16,97.3 1 1
github.com/xdzczk/nostrmash/internal/config/api.go:98.2,99.16 2 5
github.com/xdzczk/nostrmash/internal/config/api.go:99.16,101.3 1 0
github.com/xdzczk/nostrmash/internal/config/api.go:102.2,103.16 2 5
github.com/xdzczk/nostrmash/internal/config/api.go:103.16,105.3 1 0
github.com/xdzczk/nostrmash/internal/config/api.go:106.2,107.28 2 5
github.com/xdzczk/nostrmash/internal/config/api.go:107.28,109.3 1 3
github.com/xdzczk/nostrmash/internal/config/api.go:110.2,111.16 2 5
github.com/xdzczk/nostrmash/internal/config/api.go:111.16,113.3 1 1
github.com/xdzczk/nostrmash/internal/config/api.go:115.2,146.47 2 4
github.com/xdzczk/nostrmash/internal/config/api.go:146.47,148.3 1 1
github.com/xdzczk/nostrmash/internal/config/api.go:149.2,149.17 1 3
github.com/xdzczk/nostrmash/internal/config/api.go:152.45,153.44 1 4
github.com/xdzczk/nostrmash/internal/config/api.go:153.44,155.3 1 0
github.com/xdzczk/nostrmash/internal/config/api.go:156.2,156.38 1 4
github.com/xdzczk/nostrmash/internal/config/api.go:156.38,158.3 1 0
github.com/xdzczk/nostrmash/internal/config/api.go:159.2,159.34 1 4
github.com/xdzczk/nostrmash/internal/config/api.go:159.34,160.54 1 3
github.com/xdzczk/nostrmash/internal/config/api.go:160.54,161.56 1 1
github.com/xdzczk/nostrmash/internal/config/api.go:161.56,163.5 1 1
github.com/xdzczk/nostrmash/internal/config/api.go:166.2,166.67 1 3
github.com/xdzczk/nostrmash/internal/config/api.go:166.67,168.3 1 0
github.com/xdzczk/nostrmash/internal/config/api.go:169.2,169.67 1 3
github.com/xdzczk/nostrmash/internal/config/api.go:169.67,171.3 1 0
github.com/xdzczk/nostrmash/internal/config/api.go:172.2,172.12 1 3
github.com/xdzczk/nostrmash/internal/config/api.go:175.46,177.16 2 1
github.com/xdzczk/nostrmash/internal/config/api.go:177.16,179.3 1 0
github.com/xdzczk/nostrmash/internal/config/api.go:180.2,180.57 1 1
github.com/xdzczk/nostrmash/internal/config/api.go:180.57,182.3 1 1
github.com/xdzczk/nostrmash/internal/config/api.go:183.2,183.23 1 0
github.com/xdzczk/nostrmash/internal/config/api.go:183.23,185.3 1 0
github.com/xdzczk/nostrmash/internal/config/api.go:186.2,186.45 1 0
github.com/xdzczk/nostrmash/internal/config/api.go:186.45,188.3 1 0
github.com/xdzczk/nostrmash/internal/config/api.go:189.2,189.74 1 0
github.com/xdzczk/nostrmash/internal/config/api.go:189.74,191.3 1 0
github.com/xdzczk/nostrmash/internal/config/api.go:192.2,192.12 1 0
github.com/xdzczk/nostrmash/internal/config/api.go:195.66,198.27 3 5
github.com/xdzczk/nostrmash/internal/config/api.go:198.27,200.17 2 3
github.com/xdzczk/nostrmash/internal/config/api.go:200.17,202.4 1 1
[...]
github.com/xdzczk/nostrmash/internal/store/parity_zaps_social.go:145.2,145.17 1 0
github.com/xdzczk/nostrmash/internal/store/parity_zaps_social.go:145.17,147.3 1 0
github.com/xdzczk/nostrmash/internal/store/parity_zaps_social.go:148.2,158.16 2 0
github.com/xdzczk/nostrmash/internal/store/parity_zaps_social.go:158.16,160.3 1 0
github.com/xdzczk/nostrmash/internal/store/parity_zaps_social.go:161.2,163.18 3 0
github.com/xdzczk/nostrmash/internal/store/parity_zaps_social.go:163.18,165.44 2 0
github.com/xdzczk/nostrmash/internal/store/parity_zaps_social.go:165.44,167.4 1 0
github.com/xdzczk/nostrmash/internal/store/parity_zaps_social.go:168.3,168.28 1 0
github.com/xdzczk/nostrmash/internal/store/parity_zaps_social.go:170.2,170.35 1 0
github.com/xdzczk/nostrmash/internal/store/parity_zaps_social.go:170.35,172.3 1 0
github.com/xdzczk/nostrmash/internal/store/parity_zaps_social.go:173.2,173.17 1 0
github.com/xdzczk/nostrmash/internal/store/storage_stats.go:37.25,38.17 1 3
github.com/xdzczk/nostrmash/internal/store/storage_stats.go:38.17,40.3 1 0
github.com/xdzczk/nostrmash/internal/store/storage_stats.go:42.2,45.117 2 3
github.com/xdzczk/nostrmash/internal/store/storage_stats.go:45.117,47.3 1 0
github.com/xdzczk/nostrmash/internal/store/storage_stats.go:48.2,48.26 1 3
github.com/xdzczk/nostrmash/internal/store/storage_stats.go:48.26,50.3 1 0
github.com/xdzczk/nostrmash/internal/store/storage_stats.go:52.2,64.16 2 3
github.com/xdzczk/nostrmash/internal/store/storage_stats.go:64.16,66.3 1 0
github.com/xdzczk/nostrmash/internal/store/storage_stats.go:67.2,69.18 2 3
github.com/xdzczk/nostrmash/internal/store/storage_stats.go:69.18,73.78 4 3
github.com/xdzczk/nostrmash/internal/store/storage_stats.go:73.78,75.4 1 0
github.com/xdzczk/nostrmash/internal/store/storage_stats.go:77.3,79.89 3 3
github.com/xdzczk/nostrmash/internal/store/storage_stats.go:79.89,81.18 2 2
github.com/xdzczk/nostrmash/internal/store/storage_stats.go:81.18,83.5 1 1
github.com/xdzczk/nostrmash/internal/store/storage_stats.go:84.4,85.26 2 1
github.com/xdzczk/nostrmash/internal/store/storage_stats.go:88.3,93.5 1 2
github.com/xdzczk/nostrmash/internal/store/storage_stats.go:95.2,95.35 1 2
github.com/xdzczk/nostrmash/internal/store/storage_stats.go:95.35,97.3 1 0
github.com/xdzczk/nostrmash/internal/store/storage_stats.go:98.2,98.19 1 2
github.com/xdzczk/nostrmash/internal/store/storage_stats.go:101.95,102.54 1 2
github.com/xdzczk/nostrmash/internal/store/storage_stats.go:102.54,104.3 1 1
github.com/xdzczk/nostrmash/internal/store/storage_stats.go:105.2,107.63 3 1
github.com/xdzczk/nostrmash/internal/store/storage_stats.go:107.63,109.3 1 0
github.com/xdzczk/nostrmash/internal/store/storage_stats.go:110.2,110.19 1 1
github.com/xdzczk/nostrmash/internal/store/trust.go:47.101,49.18 2 3
github.com/xdzczk/nostrmash/internal/store/trust.go:49.18,51.3 1 1
github.com/xdzczk/nostrmash/internal/store/trust.go:52.2,66.16 3 2
github.com/xdzczk/nostrmash/internal/store/trust.go:66.16,67.36 1 1
github.com/xdzczk/nostrmash/internal/store/trust.go:67.36,69.4 1 1
github.com/xdzczk/nostrmash/internal/store/trust.go:70.3,70.68 1 0
github.com/xdzczk/nostrmash/internal/store/trust.go:72.2,73.17 2 1
github.com/xdzczk/nostrmash/internal/store/trust.go:76.107,77.16 1 1
github.com/xdzczk/nostrmash/internal/store/trust.go:77.16,79.3 1 0
github.com/xdzczk/nostrmash/internal/store/trust.go:80.2,86.16 2 1
github.com/xdzczk/nostrmash/internal/store/trust.go:86.16,88.3 1 0
github.com/xdzczk/nostrmash/internal/store/trust.go:89.2,91.18 3 1
github.com/xdzczk/nostrmash/internal/store/trust.go:91.18,101.17 2 2
github.com/xdzczk/nostrmash/internal/store/trust.go:101.17,103.4 1 0
github.com/xdzczk/nostrmash/internal/store/trust.go:104.3,105.26 2 2
github.com/xdzczk/nostrmash/internal/store/trust.go:107.2,107.35 1 1
github.com/xdzczk/nostrmash/internal/store/trust.go:107.35,109.3 1 0
github.com/xdzczk/nostrmash/internal/store/trust.go:110.2,110.17 1 1
github.com/xdzczk/nostrmash/internal/store/trust.go:113.89,124.16 3 2
github.com/xdzczk/nostrmash/internal/store/trust.go:124.16,125.36 1 1
github.com/xdzczk/nostrmash/internal/store/trust.go:125.36,127.4 1 1
github.com/xdzczk/nostrmash/internal/store/trust.go:128.3,128.25 1 0
github.com/xdzczk/nostrmash/internal/store/trust.go:130.2,130.17 1 1
github.com/xdzczk/nostrmash/internal/store/trust.go:133.91,134.16 1 1
github.com/xdzczk/nostrmash/internal/store/trust.go:134.16,136.3 1 0
github.com/xdzczk/nostrmash/internal/store/trust.go:137.2,147.16 2 1
github.com/xdzczk/nostrmash/internal/store/trust.go:147.16,149.3 1 0
github.com/xdzczk/nostrmash/internal/store/trust.go:150.2,152.18 3 1
github.com/xdzczk/nostrmash/internal/store/trust.go:152.18,154.17 2 1
github.com/xdzczk/nostrmash/internal/store/trust.go:154.17,156.4 1 0
github.com/xdzczk/nostrmash/internal/store/trust.go:157.3,157.25 1 1
github.com/xdzczk/nostrmash/internal/store/trust.go:159.2,159.35 1 1
github.com/xdzczk/nostrmash/internal/store/trust.go:159.35,161.3 1 0
github.com/xdzczk/nostrmash/internal/store/trust.go:162.2,162.17 1 1
github.com/xdzczk/nostrmash/internal/store/trust.go:165.79,189.16 2 3
github.com/xdzczk/nostrmash/internal/store/trust.go:189.16,191.3 1 1
github.com/xdzczk/nostrmash/internal/store/trust.go:192.2,194.26 3 2
github.com/xdzczk/nostrmash/internal/store/trust.go:194.26,197.3 2 0
github.com/xdzczk/nostrmash/internal/store/trust.go:198.2,198.27 1 2
github.com/xdzczk/nostrmash/internal/store/trust.go:198.27,201.3 2 0
github.com/xdzczk/nostrmash/internal/store/trust.go:202.2,202.31 1 2
github.com/xdzczk/nostrmash/internal/store/trust.go:202.31,205.3 2 0
github.com/xdzczk/nostrmash/internal/store/trust.go:206.2,206.32 1 2
github.com/xdzczk/nostrmash/internal/store/trust.go:206.32,209.3 2 0
github.com/xdzczk/nostrmash/internal/store/trust.go:210.2,210.17 1 2
github.com/xdzczk/nostrmash/internal/store/trust_frontier.go:32.45,33.31 1 6
github.com/xdzczk/nostrmash/internal/store/trust_frontier.go:33.31,35.3 1 0
github.com/xdzczk/nostrmash/internal/store/trust_frontier.go:36.2,36.16 1 6
github.com/xdzczk/nostrmash/internal/store/trust_frontier.go:36.16,38.3 1 0
github.com/xdzczk/nostrmash/internal/store/trust_frontier.go:39.2,39.24 1 6
github.com/xdzczk/nostrmash/internal/store/trust_frontier.go:39.24,41.3 1 0
github.com/xdzczk/nostrmash/internal/store/trust_frontier.go:42.2,43.16 2 6
github.com/xdzczk/nostrmash/internal/store/trust_frontier.go:43.16,45.3 1 0
github.com/xdzczk/nostrmash/internal/store/trust_frontier.go:46.2,46.26 1 6
github.com/xdzczk/nostrmash/internal/store/trust_frontier.go:46.26,48.3 1 0
github.com/xdzczk/nostrmash/internal/store/trust_frontier.go:49.2,51.16 3 6
github.com/xdzczk/nostrmash/internal/store/trust_frontier.go:51.16,53.3 1 0
github.com/xdzczk/nostrmash/internal/store/trust_frontier.go:54.2,54.15 1 6
github.com/xdzczk/nostrmash/internal/store/trust_frontier.go:54.15,54.39 1 6
github.com/xdzczk/nostrmash/internal/store/trust_frontier.go:56.2,58.39 3 6
github.com/xdzczk/nostrmash/internal/store/trust_frontier.go:58.39,60.19 2 14
github.com/xdzczk/nostrmash/internal/store/trust_frontier.go:60.19,61.12 1 0
github.com/xdzczk/nostrmash/internal/store/trust_frontier.go:63.3,82.17 3 14
github.com/xdzczk/nostrmash/internal/store/trust_frontier.go:82.17,84.4 1 0
github.com/xdzczk/nostrmash/internal/store/trust_frontier.go:85.3,85.45 1 14
github.com/xdzczk/nostrmash/internal/store/trust_frontier.go:88.2,88.27 1 6
github.com/xdzczk/nostrmash/internal/store/trust_frontier.go:88.27,89.40 1 0
github.com/xdzczk/nostrmash/internal/store/trust_frontier.go:89.40,91.4 1 0
github.com/xdzczk/nostrmash/internal/store/trust_frontier.go:92.3,92.49 1 0
github.com/xdzczk/nostrmash/internal/store/trust_frontier.go:95.2,107.49 2 6
github.com/xdzczk/nostrmash/internal/store/trust_frontier.go:107.49,109.3 1 0
github.com/xdzczk/nostrmash/internal/store/trust_frontier.go:111.2,113.23 3 6
github.com/xdzczk/nostrmash/internal/store/trust_frontier.go:113.23,115.3 1 0
github.com/xdzczk/nostrmash/internal/store/trust_frontier.go:116.2,137.76 1 6
github.com/xdzczk/nostrmash/internal/store/trust_frontier.go:137.76,139.3 1 0
github.com/xdzczk/nostrmash/internal/store/trust_frontier.go:141.2,142.130 2 6
github.com/xdzczk/nostrmash/internal/store/trust_frontier.go:142.130,144.3 1 0
github.com/xdzczk/nostrmash/internal/store/trust_frontier.go:146.2,146.39 1 6
github.com/xdzczk/nostrmash/internal/store/trust_frontier.go:146.39,148.3 1 0
github.com/xdzczk/nostrmash/internal/store/trust_frontier.go:149.2,154.8 1 6
github.com/xdzczk/nostrmash/internal/store/trust_frontier.go:161.39,162.31 1 11
github.com/xdzczk/nostrmash/internal/store/trust_frontier.go:162.31,164.3 1 0
github.com/xdzczk/nostrmash/internal/store/trust_frontier.go:165.2,165.16 1 11
github.com/xdzczk/nostrmash/internal/store/trust_frontier.go:165.16,167.3 1 0
github.com/xdzczk/nostrmash/internal/store/trust_frontier.go:168.2,168.18 1 11
github.com/xdzczk/nostrmash/internal/store/trust_frontier.go:168.18,170.3 1 0
github.com/xdzczk/nostrmash/internal/store/trust_frontier.go:171.2,191.16 2 11
github.com/xdzczk/nostrmash/internal/store/trust_frontier.go:191.16,193.3 1 0
github.com/xdzczk/nostrmash/internal/store/trust_frontier.go:194.2,196.18 3 11
github.com/xdzczk/nostrmash/internal/store/trust_frontier.go:196.18,203.17 2 9
github.com/xdzczk/nostrmash/internal/store/trust_frontier.go:203.17,205.4 1 0
github.com/xdzczk/nostrmash/internal/store/trust_frontier.go:206.3,206.27 1 9
github.com/xdzczk/nostrmash/internal/store/trust_frontier.go:208.2,208.35 1 11
github.com/xdzczk/nostrmash/internal/store/trust_frontier.go:208.35,210.3 1 0
github.com/xdzczk/nostrmash/internal/store/trust_frontier.go:211.2,211.17 1 11
github.com/xdzczk/nostrmash/internal/store/trust_frontier.go:218.9,219.31 1 1
github.com/xdzczk/nostrmash/internal/store/trust_frontier.go:219.31,221.3 1 0
github.com/xdzczk/nostrmash/internal/store/trust_frontier.go:222.2,223.18 2 1
github.com/xdzczk/nostrmash/internal/store/trust_frontier.go:223.18,225.3 1 0
github.com/xdzczk/nostrmash/internal/store/trust_frontier.go:226.2,237.16 2 1
github.com/xdzczk/nostrmash/internal/store/trust_frontier.go:237.16,239.3 1 0
github.com/xdzczk/nostrmash/internal/store/trust_frontier.go:240.2,240.12 1 1
github.com/xdzczk/nostrmash/internal/store/trust_frontier.go:248.9,249.31 1 1
github.com/xdzczk/nostrmash/internal/store/trust_frontier.go:249.31,251.3 1 0
github.com/xdzczk/nostrmash/internal/store/trust_frontier.go:252.2,253.18 2 1
github.com/xdzczk/nostrmash/internal/store/trust_frontier.go:253.18,255.3 1 0
github.com/xdzczk/nostrmash/internal/store/trust_frontier.go:256.2,257.18 2 1
github.com/xdzczk/nostrmash/internal/store/trust_frontier.go:257.18,259.3 1 1
github.com/xdzczk/nostrmash/internal/store/trust_frontier.go:260.2,269.16 2 1
github.com/xdzczk/nostrmash/internal/store/trust_frontier.go:269.16,271.3 1 0
github.com/xdzczk/nostrmash/internal/store/trust_frontier.go:272.2,272.12 1 1
github.com/xdzczk/nostrmash/internal/store/trust_frontier.go:285.46,286.31 1 4
github.com/xdzczk/nostrmash/internal/store/trust_frontier.go:286.31,288.3 1 0
github.com/xdzczk/nostrmash/internal/store/trust_frontier.go:289.2,289.24 1 4
github.com/xdzczk/nostrmash/internal/store/trust_frontier.go:289.24,291.3 1 0
github.com/xdzczk/nostrmash/internal/store/trust_frontier.go:292.2,293.16 2 4
github.com/xdzczk/nostrmash/internal/store/trust_frontier.go:293.16,295.3 1 0
github.com/xdzczk/nostrmash/internal/store/trust_frontier.go:296.2,296.15 1 4
github.com/xdzczk/nostrmash/internal/store/trust_frontier.go:296.15,296.39 1 4
github.com/xdzczk/nostrmash/internal/store/trust_frontier.go:297.2,300.39 4 4
github.com/xdzczk/nostrmash/internal/store/trust_frontier.go:300.39,302.21 2 4
github.com/xdzczk/nostrmash/internal/store/trust_frontier.go:302.21,303.12 1 0
github.com/xdzczk/nostrmash/internal/store/trust_frontier.go:305.3,307.17 3 4
github.com/xdzczk/nostrmash/internal/store/trust_frontier.go:307.17,309.4 1 0
github.com/xdzczk/nostrmash/internal/store/trust_frontier.go:310.3,332.17 2 4
github.com/xdzczk/nostrmash/internal/store/trust_frontier.go:332.17,334.4 1 0
github.com/xdzczk/nostrmash/internal/store/trust_frontier.go:335.3,335.45 1 4
github.com/xdzczk/nostrmash/internal/store/trust_frontier.go:338.2,338.25 1 4
github.com/xdzczk/nostrmash/internal/store/trust_frontier.go:338.25,345.30 1 3
github.com/xdzczk/nostrmash/internal/store/trust_frontier.go:345.30,347.4 1 0
github.com/xdzczk/nostrmash/internal/store/trust_frontier.go:350.2,351.23 2 4
github.com/xdzczk/nostrmash/internal/store/trust_frontier.go:351.23,353.3 1 0
github.com/xdzczk/nostrmash/internal/store/trust_frontier.go:354.2,376.75 2 4
github.com/xdzczk/nostrmash/internal/store/trust_frontier.go:376.75,378.3 1 0
github.com/xdzczk/nostrmash/internal/store/trust_frontier.go:380.2,380.39 1 4
github.com/xdzczk/nostrmash/internal/store/trust_frontier.go:380.39,382.3 1 0
github.com/xdzczk/nostrmash/internal/store/trust_frontier.go:383.2,386.8 1 4
github.com/xdzczk/nostrmash/internal/store/trust_frontier.go:407.35,408.31 1 4
github.com/xdzczk/nostrmash/internal/store/trust_frontier.go:408.31,410.3 1 0
github.com/xdzczk/nostrmash/internal/store/trust_frontier.go:411.2,411.16 1 4
github.com/xdzczk/nostrmash/internal/store/trust_frontier.go:411.16,413.3 1 0
github.com/xdzczk/nostrmash/internal/store/trust_frontier.go:414.2,423.16 2 4
github.com/xdzczk/nostrmash/internal/store/trust_frontier.go:423.16,425.3 1 0
github.com/xdzczk/nostrmash/internal/store/trust_frontier.go:426.2,428.18 3 4
github.com/xdzczk/nostrmash/internal/store/trust_frontier.go:428.18,443.17 3 6
github.com/xdzczk/nostrmash/internal/store/trust_frontier.go:443.17,445.4 1 0
github.com/xdzczk/nostrmash/internal/store/trust_frontier.go:446.3,446.25 1 6
github.com/xdzczk/nostrmash/internal/store/trust_frontier.go:446.25,447.83 1 6
github.com/xdzczk/nostrmash/internal/store/trust_frontier.go:447.83,449.5 1 0
github.com/xdzczk/nostrmash/internal/store/trust_frontier.go:451.3,455.35 5 6
github.com/xdzczk/nostrmash/internal/store/trust_frontier.go:455.35,458.4 2 6
github.com/xdzczk/nostrmash/internal/store/trust_frontier.go:459.3,459.33 1 6
github.com/xdzczk/nostrmash/internal/store/trust_frontier.go:459.33,462.4 2 5
github.com/xdzczk/nostrmash/internal/store/trust_frontier.go:463.3,463.26 1 6
github.com/xdzczk/nostrmash/internal/store/trust_frontier.go:465.2,465.35 1 4
github.com/xdzczk/nostrmash/internal/store/trust_frontier.go:465.35,467.3 1 0
github.com/xdzczk/nostrmash/internal/store/trust_frontier.go:468.2,468.17 1 4
github.com/xdzczk/nostrmash/internal/store/trust_frontier.go:471.127,472.31 1 4
github.com/xdzczk/nostrmash/internal/store/trust_frontier.go:472.31,474.3 1 0
github.com/xdzczk/nostrmash/internal/store/trust_frontier.go:475.2,480.16 2 4
github.com/xdzczk/nostrmash/internal/store/trust_frontier.go:480.16,482.3 1 0
github.com/xdzczk/nostrmash/internal/store/trust_frontier.go:483.2,484.18 2 4
github.com/xdzczk/nostrmash/internal/store/trust_frontier.go:484.18,487.51 3 5
github.com/xdzczk/nostrmash/internal/store/trust_frontier.go:487.51,489.4 1 0
github.com/xdzczk/nostrmash/internal/store/trust_frontier.go:490.3,490.35 1 5
github.com/xdzczk/nostrmash/internal/store/trust_frontier.go:491.17,492.18 1 2
github.com/xdzczk/nostrmash/internal/store/trust_frontier.go:493.20,494.21 1 2
github.com/xdzczk/nostrmash/internal/store/trust_frontier.go:495.19,496.20 1 1
github.com/xdzczk/nostrmash/internal/store/trust_frontier.go:497.17,498.18 1 0
github.com/xdzczk/nostrmash/internal/store/trust_frontier.go:501.2,501.59 1 4
github.com/xdzczk/nostrmash/internal/store/trust_frontier.go:501.59,503.3 1 0
github.com/xdzczk/nostrmash/internal/store/trust_frontier.go:504.2,504.49 1 4
github.com/xdzczk/nostrmash/internal/store/trust_scheduling.go:36.69,39.36 3 1
github.com/xdzczk/nostrmash/internal/store/trust_scheduling.go:39.36,41.21 2 6
github.com/xdzczk/nostrmash/internal/store/trust_scheduling.go:41.21,42.12 1 1
github.com/xdzczk/nostrmash/internal/store/trust_scheduling.go:44.3,44.47 1 5
github.com/xdzczk/nostrmash/internal/store/trust_scheduling.go:44.47,45.12 1 2
github.com/xdzczk/nostrmash/internal/store/trust_scheduling.go:47.3,48.44 2 3
github.com/xdzczk/nostrmash/internal/store/trust_scheduling.go:50.2,50.30 1 1
github.com/xdzczk/nostrmash/internal/store/trust_scheduling.go:53.110,55.47 2 1
github.com/xdzczk/nostrmash/internal/store/trust_scheduling.go:55.47,60.15 5 3
github.com/xdzczk/nostrmash/internal/store/trust_scheduling.go:60.15,62.4 1 0
github.com/xdzczk/nostrmash/internal/store/trust_scheduling.go:63.3,63.17 1 3
github.com/xdzczk/nostrmash/internal/store/trust_scheduling.go:65.2,65.15 1 1
github.com/xdzczk/nostrmash/internal/store/trust_scheduling.go:71.34,72.31 1 0
github.com/xdzczk/nostrmash/internal/store/trust_scheduling.go:72.31,74.3 1 0
github.com/xdzczk/nostrmash/internal/store/trust_scheduling.go:75.2,75.27 1 0
github.com/xdzczk/nostrmash/internal/store/trust_scheduling.go:75.27,77.3 1 0
github.com/xdzczk/nostrmash/internal/store/trust_scheduling.go:78.2,78.22 1 0
github.com/xdzczk/nostrmash/internal/store/trust_scheduling.go:78.22,80.3 1 0
github.com/xdzczk/nostrmash/internal/store/trust_scheduling.go:81.2,136.16 3 0
github.com/xdzczk/nostrmash/internal/store/trust_scheduling.go:136.16,138.3 1 0
github.com/xdzczk/nostrmash/internal/store/trust_scheduling.go:139.2,142.18 3 0
github.com/xdzczk/nostrmash/internal/store/trust_scheduling.go:142.18,151.17 2 0
github.com/xdzczk/nostrmash/internal/store/trust_scheduling.go:151.17,153.4 1 0
github.com/xdzczk/nostrmash/internal/store/trust_scheduling.go:154.3,155.35 2 0
github.com/xdzczk/nostrmash/internal/store/trust_scheduling.go:155.35,158.4 2 0
github.com/xdzczk/nostrmash/internal/store/trust_scheduling.go:159.3,159.26 1 0
github.com/xdzczk/nostrmash/internal/store/trust_scheduling.go:161.2,161.35 1 0
github.com/xdzczk/nostrmash/internal/store/trust_scheduling.go:161.35,163.3 1 0
github.com/xdzczk/nostrmash/internal/store/trust_scheduling.go:164.2,164.17 1 0
github.com/xdzczk/nostrmash/internal/store/trust_scheduling.go:171.21,173.26 2 0
github.com/xdzczk/nostrmash/internal/store/trust_scheduling.go:173.26,175.3 1 0
github.com/xdzczk/nostrmash/internal/store/trust_scheduling.go:176.2,182.16 2 0
github.com/xdzczk/nostrmash/internal/store/trust_scheduling.go:182.16,184.3 1 0
github.com/xdzczk/nostrmash/internal/store/trust_scheduling.go:185.2,186.39 2 0
github.com/xdzczk/nostrmash/internal/store/trust_scheduling.go:186.39,188.3 1 0
github.com/xdzczk/nostrmash/internal/store/trust_scheduling.go:189.2,190.22 2 0
github.com/xdzczk/nostrmash/internal/store/trust_scheduling.go:190.22,192.3 1 0
github.com/xdzczk/nostrmash/internal/store/trust_scheduling.go:193.2,193.20 1 0
github.com/xdzczk/nostrmash/internal/store/trust_scheduling.go:196.115,197.31 1 6
github.com/xdzczk/nostrmash/internal/store/trust_scheduling.go:197.31,199.3 1 0
github.com/xdzczk/nostrmash/internal/store/trust_scheduling.go:200.2,200.16 1 6
github.com/xdzczk/nostrmash/internal/store/trust_scheduling.go:200.16,202.3 1 0
github.com/xdzczk/nostrmash/internal/store/trust_scheduling.go:203.2,209.16 2 6
github.com/xdzczk/nostrmash/internal/store/trust_scheduling.go:209.16,211.3 1 0
github.com/xdzczk/nostrmash/internal/store/trust_scheduling.go:212.2,214.18 3 6
github.com/xdzczk/nostrmash/internal/store/trust_scheduling.go:214.18,222.17 2 14
github.com/xdzczk/nostrmash/internal/store/trust_scheduling.go:222.17,224.4 1 0
github.com/xdzczk/nostrmash/internal/store/trust_scheduling.go:225.3,227.24 3 14
github.com/xdzczk/nostrmash/internal/store/trust_scheduling.go:227.24,228.12 1 0
github.com/xdzczk/nostrmash/internal/store/trust_scheduling.go:230.3,230.26 1 14
github.com/xdzczk/nostrmash/internal/store/trust_scheduling.go:232.2,232.35 1 6
github.com/xdzczk/nostrmash/internal/store/trust_scheduling.go:232.35,234.3 1 0
github.com/xdzczk/nostrmash/internal/store/trust_scheduling.go:235.2,235.17 1 6
