mode: atomic
github.com/xdzczk/nostrmash/internal/nostr/types.go:55.42,56.14 1 0
github.com/xdzczk/nostrmash/internal/nostr/types.go:56.14,58.3 1 0
github.com/xdzczk/nostrmash/internal/nostr/types.go:59.2,59.42 1 0
github.com/xdzczk/nostrmash/internal/nostr/types.go:70.40,72.2 1 1
github.com/xdzczk/nostrmash/internal/nostr/types.go:82.41,83.28 1 10
github.com/xdzczk/nostrmash/internal/nostr/types.go:83.28,85.3 1 9
github.com/xdzczk/nostrmash/internal/nostr/types.go:86.2,86.28 1 10
github.com/xdzczk/nostrmash/internal/nostr/types.go:86.28,88.3 1 9
github.com/xdzczk/nostrmash/internal/nostr/types.go:89.2,89.10 1 10
github.com/xdzczk/nostrmash/internal/nostr/validator.go:14.73,17.23 2 10
github.com/xdzczk/nostrmash/internal/nostr/validator.go:17.23,25.3 1 0
github.com/xdzczk/nostrmash/internal/nostr/validator.go:26.2,26.41 1 10
github.com/xdzczk/nostrmash/internal/nostr/validator.go:26.41,34.3 1 1
github.com/xdzczk/nostrmash/internal/nostr/validator.go:36.2,37.26 2 9
github.com/xdzczk/nostrmash/internal/nostr/validator.go:37.26,45.3 1 1
github.com/xdzczk/nostrmash/internal/nostr/validator.go:47.2,48.57 2 8
github.com/xdzczk/nostrmash/internal/nostr/validator.go:48.57,56.3 1 1
github.com/xdzczk/nostrmash/internal/nostr/validator.go:59.2,61.95 2 7
github.com/xdzczk/nostrmash/internal/nostr/validator.go:61.95,62.32 1 49
github.com/xdzczk/nostrmash/internal/nostr/validator.go:62.32,71.4 1 1
github.com/xdzczk/nostrmash/internal/nostr/validator.go:74.2,75.16 2 6
github.com/xdzczk/nostrmash/internal/nostr/validator.go:75.16,80.3 1 2
github.com/xdzczk/nostrmash/internal/nostr/validator.go:82.2,82.47 1 4
github.com/xdzczk/nostrmash/internal/nostr/validator.go:82.47,87.3 1 1
github.com/xdzczk/nostrmash/internal/nostr/validator.go:89.2,89.56 1 3
github.com/xdzczk/nostrmash/internal/nostr/validator.go:89.56,94.3 1 2
github.com/xdzczk/nostrmash/internal/nostr/validator.go:96.2,99.3 1 1
github.com/xdzczk/nostrmash/internal/nostr/validator.go:102.83,104.16 2 6
github.com/xdzczk/nostrmash/internal/nostr/validator.go:104.16,106.3 1 0
github.com/xdzczk/nostrmash/internal/nostr/validator.go:107.2,108.16 2 6
github.com/xdzczk/nostrmash/internal/nostr/validator.go:108.16,110.3 1 0
github.com/xdzczk/nostrmash/internal/nostr/validator.go:111.2,112.16 2 6
github.com/xdzczk/nostrmash/internal/nostr/validator.go:112.16,114.3 1 0
github.com/xdzczk/nostrmash/internal/nostr/validator.go:115.2,116.16 2 6
github.com/xdzczk/nostrmash/internal/nostr/validator.go:116.16,118.3 1 1
github.com/xdzczk/nostrmash/internal/nostr/validator.go:119.2,120.16 2 5
github.com/xdzczk/nostrmash/internal/nostr/validator.go:120.16,122.3 1 0
github.com/xdzczk/nostrmash/internal/nostr/validator.go:123.2,124.16 2 5
github.com/xdzczk/nostrmash/internal/nostr/validator.go:124.16,126.3 1 0
github.com/xdzczk/nostrmash/internal/nostr/validator.go:127.2,128.16 2 5
github.com/xdzczk/nostrmash/internal/nostr/validator.go:128.16,130.3 1 0
github.com/xdzczk/nostrmash/internal/nostr/validator.go:132.2,132.9 1 5
github.com/xdzczk/nostrmash/internal/nostr/validator.go:133.27,138.4 1 0
github.com/xdzczk/nostrmash/internal/nostr/validator.go:139.31,144.4 1 0
github.com/xdzczk/nostrmash/internal/nostr/validator.go:145.29,150.4 1 0
github.com/xdzczk/nostrmash/internal/nostr/validator.go:151.21,156.4 1 0
github.com/xdzczk/nostrmash/internal/nostr/validator.go:157.16,162.4 1 0
github.com/xdzczk/nostrmash/internal/nostr/validator.go:163.20,168.4 1 0
github.com/xdzczk/nostrmash/internal/nostr/validator.go:171.2,179.25 2 5
github.com/xdzczk/nostrmash/internal/nostr/validator.go:179.25,185.3 1 0
github.com/xdzczk/nostrmash/internal/nostr/validator.go:186.2,188.22 3 5
github.com/xdzczk/nostrmash/internal/nostr/validator.go:188.22,194.3 1 1
github.com/xdzczk/nostrmash/internal/nostr/validator.go:196.2,204.8 1 4
github.com/xdzczk/nostrmash/internal/nostr/validator.go:207.53,213.16 5 4
github.com/xdzczk/nostrmash/internal/nostr/validator.go:213.16,219.3 1 0
github.com/xdzczk/nostrmash/internal/nostr/validator.go:220.2,221.16 2 4
github.com/xdzczk/nostrmash/internal/nostr/validator.go:221.16,227.3 1 0
github.com/xdzczk/nostrmash/internal/nostr/validator.go:228.2,228.40 1 4
github.com/xdzczk/nostrmash/internal/nostr/validator.go:228.40,234.3 1 1
github.com/xdzczk/nostrmash/internal/nostr/validator.go:235.2,235.12 1 3
github.com/xdzczk/nostrmash/internal/nostr/validator.go:238.70,239.47 1 3
github.com/xdzczk/nostrmash/internal/nostr/validator.go:239.47,245.3 1 1
github.com/xdzczk/nostrmash/internal/nostr/validator.go:247.2,247.42 1 2
github.com/xdzczk/nostrmash/internal/nostr/validator.go:247.42,249.54 2 33
github.com/xdzczk/nostrmash/internal/nostr/validator.go:249.54,255.4 1 1
github.com/xdzczk/nostrmash/internal/nostr/validator.go:257.2,257.12 1 1
github.com/xdzczk/nostrmash/internal/nostr/validator.go:260.98,262.61 2 22
github.com/xdzczk/nostrmash/internal/nostr/validator.go:262.61,268.3 1 0
github.com/xdzczk/nostrmash/internal/nostr/validator.go:269.2,269.19 1 22
github.com/xdzczk/nostrmash/internal/nostr/validator.go:272.96,274.61 2 6
github.com/xdzczk/nostrmash/internal/nostr/validator.go:274.61,280.3 1 0
github.com/xdzczk/nostrmash/internal/nostr/validator.go:281.2,281.19 1 6
github.com/xdzczk/nostrmash/internal/nostr/validator.go:284.92,286.61 2 6
github.com/xdzczk/nostrmash/internal/nostr/validator.go:286.61,292.3 1 1
github.com/xdzczk/nostrmash/internal/nostr/validator.go:293.2,293.19 1 5
github.com/xdzczk/nostrmash/internal/nostr/validator.go:296.68,298.51 2 5
github.com/xdzczk/nostrmash/internal/nostr/validator.go:298.51,304.3 1 0
github.com/xdzczk/nostrmash/internal/nostr/validator.go:306.2,307.30 2 5
github.com/xdzczk/nostrmash/internal/nostr/validator.go:307.30,309.57 2 9
github.com/xdzczk/nostrmash/internal/nostr/validator.go:309.57,315.4 1 0
github.com/xdzczk/nostrmash/internal/nostr/validator.go:316.3,316.23 1 9
github.com/xdzczk/nostrmash/internal/nostr/validator.go:316.23,322.4 1 0
github.com/xdzczk/nostrmash/internal/nostr/validator.go:323.3,323.30 1 9
github.com/xdzczk/nostrmash/internal/nostr/validator.go:325.2,325.18 1 5
github.com/xdzczk/nostrmash/internal/nostr/validator.go:328.49,329.27 1 15
github.com/xdzczk/nostrmash/internal/nostr/validator.go:329.27,331.3 1 0
github.com/xdzczk/nostrmash/internal/nostr/validator.go:332.2,332.30 1 15
github.com/xdzczk/nostrmash/internal/nostr/validator.go:332.30,336.27 4 1280
github.com/xdzczk/nostrmash/internal/nostr/validator.go:336.27,338.4 1 0
github.com/xdzczk/nostrmash/internal/nostr/validator.go:340.2,340.13 1 15
github.com/xdzczk/nostrmash/internal/transport/httpx/body_limit.go:27.9,28.18 1 4
github.com/xdzczk/nostrmash/internal/transport/httpx/body_limit.go:28.18,30.3 1 4
github.com/xdzczk/nostrmash/internal/transport/httpx/body_limit.go:31.2,32.26 2 4
github.com/xdzczk/nostrmash/internal/transport/httpx/body_limit.go:32.26,34.3 1 1
github.com/xdzczk/nostrmash/internal/transport/httpx/body_limit.go:35.2,35.44 1 4
github.com/xdzczk/nostrmash/internal/transport/httpx/body_limit.go:35.44,37.35 2 2
github.com/xdzczk/nostrmash/internal/transport/httpx/body_limit.go:37.35,39.4 1 1
github.com/xdzczk/nostrmash/internal/transport/httpx/body_limit.go:40.3,40.24 1 1
github.com/xdzczk/nostrmash/internal/transport/httpx/body_limit.go:42.2,43.53 2 2
github.com/xdzczk/nostrmash/internal/transport/httpx/body_limit.go:43.53,45.3 1 1
github.com/xdzczk/nostrmash/internal/transport/httpx/body_limit.go:46.2,46.12 1 1
github.com/xdzczk/nostrmash/internal/transport/httpx/cursor.go:20.75,22.48 2 2
github.com/xdzczk/nostrmash/internal/transport/httpx/cursor.go:22.48,24.3 1 0
github.com/xdzczk/nostrmash/internal/transport/httpx/cursor.go:25.2,26.16 2 2
github.com/xdzczk/nostrmash/internal/transport/httpx/cursor.go:26.16,28.3 1 0
github.com/xdzczk/nostrmash/internal/transport/httpx/cursor.go:29.2,29.59 1 2
github.com/xdzczk/nostrmash/internal/transport/httpx/cursor.go:33.74,34.36 1 2
github.com/xdzczk/nostrmash/internal/transport/httpx/cursor.go:34.36,36.3 1 0
github.com/xdzczk/nostrmash/internal/transport/httpx/cursor.go:37.2,38.16 2 2
github.com/xdzczk/nostrmash/internal/transport/httpx/cursor.go:38.16,40.3 1 0
github.com/xdzczk/nostrmash/internal/transport/httpx/cursor.go:41.2,42.58 2 2
github.com/xdzczk/nostrmash/internal/transport/httpx/cursor.go:42.58,44.3 1 0
github.com/xdzczk/nostrmash/internal/transport/httpx/cursor.go:45.2,46.22 2 2
github.com/xdzczk/nostrmash/internal/transport/httpx/cursor.go:46.22,48.3 1 1
github.com/xdzczk/nostrmash/internal/transport/httpx/cursor.go:49.2,49.22 1 1
github.com/xdzczk/nostrmash/internal/store/failure/taxonomy.go:32.36,34.2 1 0
github.com/xdzczk/nostrmash/internal/store/failure/taxonomy.go:36.29,38.2 1 1
github.com/xdzczk/nostrmash/internal/store/failure/taxonomy.go:40.38,41.16 1 3
github.com/xdzczk/nostrmash/internal/store/failure/taxonomy.go:41.16,43.3 1 0
github.com/xdzczk/nostrmash/internal/store/failure/taxonomy.go:44.2,45.31 2 3
github.com/xdzczk/nostrmash/internal/store/failure/taxonomy.go:45.31,47.3 1 1
github.com/xdzczk/nostrmash/internal/store/failure/taxonomy.go:48.2,48.46 1 2
github.com/xdzczk/nostrmash/internal/store/failure/taxonomy.go:48.46,50.3 1 1
github.com/xdzczk/nostrmash/internal/store/failure/taxonomy.go:51.2,51.38 1 1
github.com/xdzczk/nostrmash/internal/store/failure/taxonomy.go:51.38,53.3 1 0
github.com/xdzczk/nostrmash/internal/store/failure/taxonomy.go:54.2,55.28 2 1
github.com/xdzczk/nostrmash/internal/store/failure/taxonomy.go:55.28,57.3 1 1
github.com/xdzczk/nostrmash/internal/store/failure/taxonomy.go:59.2,60.9 2 0
github.com/xdzczk/nostrmash/internal/store/failure/taxonomy.go:61.70,62.68 1 0
github.com/xdzczk/nostrmash/internal/store/failure/taxonomy.go:63.142,64.62 1 0
github.com/xdzczk/nostrmash/internal/store/failure/taxonomy.go:65.10,66.67 1 0
github.com/xdzczk/nostrmash/internal/store/failure/taxonomy.go:70.51,72.9 2 1
github.com/xdzczk/nostrmash/internal/store/failure/taxonomy.go:73.37,74.55 1 1
github.com/xdzczk/nostrmash/internal/store/failure/taxonomy.go:75.57,76.63 1 0
github.com/xdzczk/nostrmash/internal/store/failure/taxonomy.go:77.21,78.55 1 0
github.com/xdzczk/nostrmash/internal/store/failure/taxonomy.go:79.10,80.51 1 0
github.com/xdzczk/nostrmash/internal/config/api.go:43.35,45.16 2 6
github.com/xdzczk/nostrmash/internal/config/api.go:45.16,47.3 1 1
github.com/xdzczk/nostrmash/internal/config/api.go:49.2,51.16 3 5
github.com/xdzczk/nostrmash/internal/config/api.go:51.16,53.3 1 1
github.com/xdzczk/nostrmash/internal/config/api.go:54.2,55.16 2 4
github.com/xdzczk/nostrmash/internal/config/api.go:55.16,57.3 1 0
github.com/xdzczk/nostrmash/internal/config/api.go:58.2,59.16 2 4
github.com/xdzczk/nostrmash/internal/config/api.go:59.16,61.3 1 0
github.com/xdzczk/nostrmash/internal/config/api.go:62.2,63.16 2 4
github.com/xdzczk/nostrmash/internal/config/api.go:63.16,65.3 1 0
github.com/xdzczk/nostrmash/internal/config/api.go:66.2,67.16 2 4
github.com/xdzczk/nostrmash/internal/config/api.go:67.16,69.3 1 0
github.com/xdzczk/nostrmash/internal/config/api.go:70.2,71.16 2 4
github.com/xdzczk/nostrmash/internal/config/api.go:71.16,73.3 1 0
github.com/xdzczk/nostrmash/internal/config/api.go:74.2,75.16 2 4
github.com/xdzczk/nostrmash/internal/config/api.go:75.16,77.3 1 0
github.com/xdzczk/nostrmash/internal/config/api.go:78.2,79.16 2 4
github.com/xdzczk/nostrmash/internal/config/api.go:79.16,81.3 1 0
github.com/xdzczk/nostrmash/internal/config/api.go:82.2,83.16 2 4
github.com/xdzczk/nostrmash/internal/config/api.go:83.16,85.3 1 0
github.com/xdzczk/nostrmash/internal/config/api.go:86.2,87.16 2 4
github.com/xdzczk/nostrmash/internal/config/api.go:87.16,89.3 1 1
github.com/xdzczk/nostrmash/internal/config/api.go:91.2,116.47 2 3
github.com/xdzczk/nostrmash/internal/config/api.go:116.47,118.3 1 1
github.com/xdzczk/nostrmash/internal/config/api.go:119.2,119.17 1 2
github.com/xdzczk/nostrmash/internal/config/api.go:122.45,123.44 1 3
github.com/xdzczk/nostrmash/internal/config/api.go:123.44,125.3 1 0
github.com/xdzczk/nostrmash/internal/config/api.go:126.2,126.38 1 3
github.com/xdzczk/nostrmash/internal/config/api.go:126.38,128.3 1 0
github.com/xdzczk/nostrmash/internal/config/api.go:129.2,129.34 1 3
github.com/xdzczk/nostrmash/internal/config/api.go:129.34,130.54 1 2
github.com/xdzczk/nostrmash/internal/config/api.go:130.54,131.56 1 1
github.com/xdzczk/nostrmash/internal/config/api.go:131.56,133.5 1 1
github.com/xdzczk/nostrmash/internal/config/api.go:136.2,136.12 1 2
github.com/xdzczk/nostrmash/internal/config/api.go:139.46,141.16 2 1
github.com/xdzczk/nostrmash/internal/config/api.go:141.16,143.3 1 0
github.com/xdzczk/nostrmash/internal/config/api.go:144.2,144.57 1 1
github.com/xdzczk/nostrmash/internal/config/api.go:144.57,146.3 1 1
github.com/xdzczk/nostrmash/internal/config/api.go:147.2,147.23 1 0
github.com/xdzczk/nostrmash/internal/config/api.go:147.23,149.3 1 0
github.com/xdzczk/nostrmash/internal/config/api.go:150.2,150.45 1 0
github.com/xdzczk/nostrmash/internal/config/api.go:150.45,152.3 1 0
github.com/xdzczk/nostrmash/internal/config/api.go:153.2,153.74 1 0
github.com/xdzczk/nostrmash/internal/config/api.go:153.74,155.3 1 0
github.com/xdzczk/nostrmash/internal/config/api.go:156.2,156.12 1 0
github.com/xdzczk/nostrmash/internal/config/config.go:80.47,81.50 1 2
github.com/xdzczk/nostrmash/internal/config/config.go:81.50,83.3 1 1
github.com/xdzczk/nostrmash/internal/config/config.go:84.2,85.16 2 1
github.com/xdzczk/nostrmash/internal/config/config.go:85.16,87.3 1 0
github.com/xdzczk/nostrmash/internal/config/config.go:88.2,97.8 1 1
github.com/xdzczk/nostrmash/internal/config/config.go:100.37,101.53 1 48
github.com/xdzczk/nostrmash/internal/config/config.go:101.53,103.3 1 8
github.com/xdzczk/nostrmash/internal/config/config.go:104.2,104.12 1 40
github.com/xdzczk/nostrmash/internal/config/config.go:107.44,109.15 2 8
github.com/xdzczk/nostrmash/internal/config/config.go:109.15,111.3 1 7
github.com/xdzczk/nostrmash/internal/config/config.go:112.2,113.16 2 1
github.com/xdzczk/nostrmash/internal/config/config.go:113.16,115.3 1 0
github.com/xdzczk/nostrmash/internal/config/config.go:116.2,116.10 1 1
github.com/xdzczk/nostrmash/internal/config/config.go:119.66,121.15 2 12
github.com/xdzczk/nostrmash/internal/config/config.go:121.15,123.3 1 12
github.com/xdzczk/nostrmash/internal/config/config.go:124.2,125.26 2 0
github.com/xdzczk/nostrmash/internal/config/config.go:125.26,127.3 1 0
github.com/xdzczk/nostrmash/internal/config/config.go:128.2,128.10 1 0
github.com/xdzczk/nostrmash/internal/config/config.go:131.41,133.15 2 4
github.com/xdzczk/nostrmash/internal/config/config.go:133.15,135.3 1 4
github.com/xdzczk/nostrmash/internal/config/config.go:136.2,137.26 2 0
github.com/xdzczk/nostrmash/internal/config/config.go:137.26,139.3 1 0
github.com/xdzczk/nostrmash/internal/config/config.go:140.2,140.10 1 0
github.com/xdzczk/nostrmash/internal/config/config.go:143.47,145.15 2 0
github.com/xdzczk/nostrmash/internal/config/config.go:145.15,147.3 1 0
github.com/xdzczk/nostrmash/internal/config/config.go:148.2,149.26 2 0
github.com/xdzczk/nostrmash/internal/config/config.go:149.26,151.3 1 0
github.com/xdzczk/nostrmash/internal/config/config.go:152.2,152.10 1 0
github.com/xdzczk/nostrmash/internal/config/config.go:155.44,157.15 2 4
github.com/xdzczk/nostrmash/internal/config/config.go:157.15,159.3 1 4
github.com/xdzczk/nostrmash/internal/config/config.go:160.2,161.25 2 0
github.com/xdzczk/nostrmash/internal/config/config.go:161.25,163.3 1 0
github.com/xdzczk/nostrmash/internal/config/config.go:164.2,164.11 1 0
github.com/xdzczk/nostrmash/internal/config/config.go:167.67,169.15 2 5
github.com/xdzczk/nostrmash/internal/config/config.go:169.15,171.3 1 4
github.com/xdzczk/nostrmash/internal/config/config.go:172.2,173.16 2 1
github.com/xdzczk/nostrmash/internal/config/config.go:173.16,175.3 1 1
github.com/xdzczk/nostrmash/internal/config/config.go:176.2,176.11 1 0
github.com/xdzczk/nostrmash/internal/config/config.go:176.11,178.3 1 0
github.com/xdzczk/nostrmash/internal/config/config.go:179.2,179.15 1 0
github.com/xdzczk/nostrmash/internal/config/config.go:182.39,184.15 2 15
github.com/xdzczk/nostrmash/internal/config/config.go:184.15,186.3 1 9
github.com/xdzczk/nostrmash/internal/config/config.go:187.2,189.26 3 6
github.com/xdzczk/nostrmash/internal/config/config.go:189.26,191.14 2 7
github.com/xdzczk/nostrmash/internal/config/config.go:191.14,193.4 1 7
github.com/xdzczk/nostrmash/internal/config/config.go:195.2,195.12 1 6
github.com/xdzczk/nostrmash/internal/config/config.go:198.53,199.57 1 3
github.com/xdzczk/nostrmash/internal/config/config.go:200.45,201.14 1 3
github.com/xdzczk/nostrmash/internal/config/config.go:202.10,203.15 1 0
github.com/xdzczk/nostrmash/internal/config/config.go:207.49,208.41 1 4
github.com/xdzczk/nostrmash/internal/config/config.go:208.41,210.3 1 0
github.com/xdzczk/nostrmash/internal/config/config.go:211.2,211.24 1 4
github.com/xdzczk/nostrmash/internal/config/config.go:211.24,212.51 1 0
github.com/xdzczk/nostrmash/internal/config/config.go:212.51,214.4 1 0
github.com/xdzczk/nostrmash/internal/config/config.go:215.3,215.13 1 0
github.com/xdzczk/nostrmash/internal/config/config.go:217.2,217.29 1 4
github.com/xdzczk/nostrmash/internal/config/config.go:217.29,219.3 1 0
github.com/xdzczk/nostrmash/internal/config/config.go:221.2,222.41 2 4
github.com/xdzczk/nostrmash/internal/config/config.go:222.41,224.17 2 4
github.com/xdzczk/nostrmash/internal/config/config.go:224.17,226.4 1 1
github.com/xdzczk/nostrmash/internal/config/config.go:227.3,227.33 1 3
github.com/xdzczk/nostrmash/internal/config/config.go:230.2,230.36 1 3
github.com/xdzczk/nostrmash/internal/config/config.go:230.36,232.17 2 3
github.com/xdzczk/nostrmash/internal/config/config.go:232.17,234.4 1 0
github.com/xdzczk/nostrmash/internal/config/config.go:235.3,235.38 1 3
github.com/xdzczk/nostrmash/internal/config/config.go:235.38,237.4 1 1
github.com/xdzczk/nostrmash/internal/config/config.go:240.2,240.40 1 2
github.com/xdzczk/nostrmash/internal/config/config.go:240.40,242.17 2 0
github.com/xdzczk/nostrmash/internal/config/config.go:242.17,244.4 1 0
github.com/xdzczk/nostrmash/internal/config/config.go:245.3,245.38 1 0
github.com/xdzczk/nostrmash/internal/config/config.go:245.38,247.4 1 0
github.com/xdzczk/nostrmash/internal/config/config.go:250.2,250.50 1 2
github.com/xdzczk/nostrmash/internal/config/config.go:250.50,252.3 1 0
github.com/xdzczk/nostrmash/internal/config/config.go:254.2,254.12 1 2
github.com/xdzczk/nostrmash/internal/config/config.go:257.55,258.18 1 3
github.com/xdzczk/nostrmash/internal/config/config.go:258.18,260.3 1 2
github.com/xdzczk/nostrmash/internal/config/config.go:261.2,261.28 1 1
github.com/xdzczk/nostrmash/internal/config/config.go:261.28,263.3 1 0
github.com/xdzczk/nostrmash/internal/config/config.go:264.2,264.24 1 1
github.com/xdzczk/nostrmash/internal/config/config.go:264.24,266.3 1 0
github.com/xdzczk/nostrmash/internal/config/config.go:267.2,267.26 1 1
github.com/xdzczk/nostrmash/internal/config/config.go:267.26,269.3 1 0
github.com/xdzczk/nostrmash/internal/config/config.go:270.2,270.27 1 1
github.com/xdzczk/nostrmash/internal/config/config.go:270.27,272.3 1 0
github.com/xdzczk/nostrmash/internal/config/config.go:273.2,273.29 1 1
github.com/xdzczk/nostrmash/internal/config/config.go:273.29,275.3 1 0
github.com/xdzczk/nostrmash/internal/config/config.go:276.2,276.69 1 1
github.com/xdzczk/nostrmash/internal/config/config.go:276.69,278.3 1 1
github.com/xdzczk/nostrmash/internal/config/config.go:279.2,279.12 1 0
github.com/xdzczk/nostrmash/internal/config/config.go:282.99,283.50 1 3
github.com/xdzczk/nostrmash/internal/config/config.go:283.50,285.3 1 0
github.com/xdzczk/nostrmash/internal/config/config.go:286.2,287.20 2 3
github.com/xdzczk/nostrmash/internal/config/config.go:288.14,289.27 1 2
github.com/xdzczk/nostrmash/internal/config/config.go:289.27,291.4 1 0
github.com/xdzczk/nostrmash/internal/config/config.go:292.3,292.46 1 2
github.com/xdzczk/nostrmash/internal/config/config.go:292.46,294.4 1 0
github.com/xdzczk/nostrmash/internal/config/config.go:295.3,295.41 1 2
github.com/xdzczk/nostrmash/internal/config/config.go:295.41,297.4 1 0
github.com/xdzczk/nostrmash/internal/config/config.go:298.3,298.13 1 2
github.com/xdzczk/nostrmash/internal/config/config.go:299.16,300.50 1 1
github.com/xdzczk/nostrmash/internal/config/config.go:300.50,302.4 1 1
github.com/xdzczk/nostrmash/internal/config/config.go:303.3,303.13 1 0
github.com/xdzczk/nostrmash/internal/config/config.go:304.10,305.65 1 0
github.com/xdzczk/nostrmash/internal/config/config.go:309.58,310.16 1 2
github.com/xdzczk/nostrmash/internal/config/config.go:310.16,312.3 1 0
github.com/xdzczk/nostrmash/internal/config/config.go:313.2,314.15 2 2
github.com/xdzczk/nostrmash/internal/config/config.go:314.15,316.3 1 2
github.com/xdzczk/nostrmash/internal/config/config.go:317.2,318.61 2 0
github.com/xdzczk/nostrmash/internal/config/config.go:318.61,320.3 1 0
github.com/xdzczk/nostrmash/internal/config/config.go:321.2,321.34 1 0
github.com/xdzczk/nostrmash/internal/config/config.go:321.34,323.24 2 0
github.com/xdzczk/nostrmash/internal/config/config.go:323.24,325.4 1 0
github.com/xdzczk/nostrmash/internal/config/config.go:326.3,328.4 1 0
github.com/xdzczk/nostrmash/internal/config/config.go:330.2,330.12 1 0
github.com/xdzczk/nostrmash/internal/config/config.go:333.51,339.2 1 2
github.com/xdzczk/nostrmash/internal/config/config.go:341.50,342.29 1 2
github.com/xdzczk/nostrmash/internal/config/config.go:342.29,344.3 1 0
github.com/xdzczk/nostrmash/internal/config/config.go:345.2,346.9 2 2
github.com/xdzczk/nostrmash/internal/config/config.go:346.9,348.3 1 0
github.com/xdzczk/nostrmash/internal/config/config.go:349.2,353.40 5 2
github.com/xdzczk/nostrmash/internal/config/config.go:353.40,358.3 1 0
github.com/xdzczk/nostrmash/internal/config/config.go:359.2,360.18 2 2
github.com/xdzczk/nostrmash/internal/config/config.go:360.18,362.3 1 0
github.com/xdzczk/nostrmash/internal/config/config.go:363.2,363.44 1 2
github.com/xdzczk/nostrmash/internal/config/config.go:363.44,365.3 1 0
github.com/xdzczk/nostrmash/internal/config/config.go:366.2,366.12 1 2
github.com/xdzczk/nostrmash/internal/config/config.go:369.69,371.16 2 7
github.com/xdzczk/nostrmash/internal/config/config.go:371.16,373.3 1 0
github.com/xdzczk/nostrmash/internal/config/config.go:374.2,374.23 1 7
github.com/xdzczk/nostrmash/internal/config/config.go:374.23,376.3 1 0
github.com/xdzczk/nostrmash/internal/config/config.go:377.2,377.27 1 7
github.com/xdzczk/nostrmash/internal/config/config.go:377.27,379.3 1 0
github.com/xdzczk/nostrmash/internal/config/config.go:380.2,380.27 1 7
github.com/xdzczk/nostrmash/internal/config/config.go:380.27,382.3 1 0
github.com/xdzczk/nostrmash/internal/config/config.go:383.2,383.24 1 7
github.com/xdzczk/nostrmash/internal/config/config.go:383.24,385.3 1 0
github.com/xdzczk/nostrmash/internal/config/config.go:387.2,388.16 2 7
github.com/xdzczk/nostrmash/internal/config/config.go:389.13,389.13 0 6
github.com/xdzczk/nostrmash/internal/config/config.go:390.12,391.17 1 1
github.com/xdzczk/nostrmash/internal/config/config.go:391.17,393.4 1 1
github.com/xdzczk/nostrmash/internal/config/config.go:394.10,395.52 1 0
github.com/xdzczk/nostrmash/internal/config/config.go:398.2,400.17 3 6
github.com/xdzczk/nostrmash/internal/config/config.go:400.17,402.3 1 0
github.com/xdzczk/nostrmash/internal/config/config.go:403.2,403.58 1 6
github.com/xdzczk/nostrmash/internal/config/doc.go:19.34,309.2 1 3
github.com/xdzczk/nostrmash/internal/config/doc.go:312.45,314.22 2 2
github.com/xdzczk/nostrmash/internal/config/doc.go:314.22,318.3 3 82
github.com/xdzczk/nostrmash/internal/config/doc.go:319.2,319.49 1 2
github.com/xdzczk/nostrmash/internal/config/doc.go:319.49,321.3 1 86
github.com/xdzczk/nostrmash/internal/config/doc.go:323.2,331.27 9 2
github.com/xdzczk/nostrmash/internal/config/doc.go:331.27,333.19 2 82
github.com/xdzczk/nostrmash/internal/config/doc.go:333.19,335.4 1 2
github.com/xdzczk/nostrmash/internal/config/doc.go:336.3,337.44 2 82
github.com/xdzczk/nostrmash/internal/config/doc.go:337.44,339.4 1 22
github.com/xdzczk/nostrmash/internal/config/doc.go:340.3,351.24 12 82
github.com/xdzczk/nostrmash/internal/config/doc.go:353.2,353.19 1 2
github.com/xdzczk/nostrmash/internal/config/ingestor.go:25.45,27.16 2 3
github.com/xdzczk/nostrmash/internal/config/ingestor.go:27.16,29.3 1 0
github.com/xdzczk/nostrmash/internal/config/ingestor.go:31.2,37.16 4 3
github.com/xdzczk/nostrmash/internal/config/ingestor.go:37.16,39.3 1 1
github.com/xdzczk/nostrmash/internal/config/ingestor.go:40.2,44.16 2 2
github.com/xdzczk/nostrmash/internal/config/ingestor.go:44.16,46.3 1 0
github.com/xdzczk/nostrmash/internal/config/ingestor.go:48.2,84.64 2 2
github.com/xdzczk/nostrmash/internal/config/ingestor.go:84.64,86.3 1 0
github.com/xdzczk/nostrmash/internal/config/ingestor.go:87.2,87.55 1 2
github.com/xdzczk/nostrmash/internal/config/ingestor.go:87.55,89.3 1 0
github.com/xdzczk/nostrmash/internal/config/ingestor.go:90.2,90.61 1 2
github.com/xdzczk/nostrmash/internal/config/ingestor.go:90.61,92.3 1 0
github.com/xdzczk/nostrmash/internal/config/ingestor.go:93.2,93.110 1 2
github.com/xdzczk/nostrmash/internal/config/ingestor.go:93.110,95.3 1 0
github.com/xdzczk/nostrmash/internal/config/ingestor.go:96.2,96.54 1 2
github.com/xdzczk/nostrmash/internal/config/ingestor.go:96.54,98.3 1 0
github.com/xdzczk/nostrmash/internal/config/ingestor.go:99.2,99.17 1 2
github.com/xdzczk/nostrmash/internal/config/shared.go:31.65,43.27 2 12
github.com/xdzczk/nostrmash/internal/config/shared.go:43.27,45.3 1 0
github.com/xdzczk/nostrmash/internal/config/shared.go:46.2,46.50 1 12
github.com/xdzczk/nostrmash/internal/config/shared.go:46.50,48.3 1 1
github.com/xdzczk/nostrmash/internal/config/shared.go:49.2,49.17 1 11
github.com/xdzczk/nostrmash/internal/config/shared.go:52.51,53.47 1 12
github.com/xdzczk/nostrmash/internal/config/shared.go:53.47,55.3 1 0
github.com/xdzczk/nostrmash/internal/config/shared.go:56.2,56.74 1 12
github.com/xdzczk/nostrmash/internal/config/shared.go:56.74,57.88 1 12
github.com/xdzczk/nostrmash/internal/config/shared.go:57.88,59.4 1 0
github.com/xdzczk/nostrmash/internal/config/shared.go:61.2,61.72 1 12
github.com/xdzczk/nostrmash/internal/config/shared.go:61.72,62.88 1 2
github.com/xdzczk/nostrmash/internal/config/shared.go:62.88,64.4 1 1
github.com/xdzczk/nostrmash/internal/config/shared.go:66.2,66.12 1 11
github.com/xdzczk/nostrmash/internal/config/shared.go:69.64,71.15 2 36
github.com/xdzczk/nostrmash/internal/config/shared.go:71.15,73.3 1 29
github.com/xdzczk/nostrmash/internal/config/shared.go:74.2,75.26 2 7
github.com/xdzczk/nostrmash/internal/config/shared.go:75.26,77.3 1 2
github.com/xdzczk/nostrmash/internal/config/shared.go:78.2,78.15 1 5
github.com/xdzczk/nostrmash/internal/config/shared.go:81.70,83.15 2 4
github.com/xdzczk/nostrmash/internal/config/shared.go:83.15,85.3 1 3
github.com/xdzczk/nostrmash/internal/config/shared.go:86.2,87.26 2 1
github.com/xdzczk/nostrmash/internal/config/shared.go:87.26,89.3 1 0
github.com/xdzczk/nostrmash/internal/config/shared.go:90.2,90.15 1 1
github.com/xdzczk/nostrmash/internal/config/shared.go:93.89,95.15 2 4
github.com/xdzczk/nostrmash/internal/config/shared.go:95.15,97.3 1 2
github.com/xdzczk/nostrmash/internal/config/shared.go:98.2,99.26 2 2
github.com/xdzczk/nostrmash/internal/config/shared.go:99.26,101.3 1 1
github.com/xdzczk/nostrmash/internal/config/shared.go:102.2,102.15 1 1
github.com/xdzczk/nostrmash/internal/config/worker.go:10.41,12.16 2 3
github.com/xdzczk/nostrmash/internal/config/worker.go:12.16,14.3 1 0
github.com/xdzczk/nostrmash/internal/config/worker.go:15.2,16.16 2 3
github.com/xdzczk/nostrmash/internal/config/worker.go:16.16,18.3 1 1
github.com/xdzczk/nostrmash/internal/config/worker.go:19.2,23.50 2 2
github.com/xdzczk/nostrmash/internal/config/worker.go:23.50,25.3 1 0
github.com/xdzczk/nostrmash/internal/config/worker.go:26.2,26.17 1 2
github.com/xdzczk/nostrmash/internal/config/worker.go:29.51,30.26 1 2
github.com/xdzczk/nostrmash/internal/config/worker.go:30.26,32.3 1 0
github.com/xdzczk/nostrmash/internal/config/worker.go:33.2,33.12 1 2
github.com/xdzczk/nostrmash/internal/ingestor/relay/backoff.go:11.68,16.2 1 3
github.com/xdzczk/nostrmash/internal/ingestor/relay/backoff.go:18.47,19.20 1 7
github.com/xdzczk/nostrmash/internal/ingestor/relay/backoff.go:19.20,22.3 2 4
github.com/xdzczk/nostrmash/internal/ingestor/relay/backoff.go:23.2,24.18 2 3
github.com/xdzczk/nostrmash/internal/ingestor/relay/backoff.go:24.18,26.3 1 2
github.com/xdzczk/nostrmash/internal/ingestor/relay/backoff.go:27.2,28.18 2 3
github.com/xdzczk/nostrmash/internal/ingestor/relay/backoff.go:31.34,33.2 1 3
github.com/xdzczk/nostrmash/internal/ingestor/relay/manager.go:39.110,40.22 1 2
github.com/xdzczk/nostrmash/internal/ingestor/relay/manager.go:40.22,42.3 1 0
github.com/xdzczk/nostrmash/internal/ingestor/relay/manager.go:43.2,43.16 1 2
github.com/xdzczk/nostrmash/internal/ingestor/relay/manager.go:43.16,45.3 1 0
github.com/xdzczk/nostrmash/internal/ingestor/relay/manager.go:46.2,46.29 1 2
github.com/xdzczk/nostrmash/internal/ingestor/relay/manager.go:46.29,48.3 1 0
github.com/xdzczk/nostrmash/internal/ingestor/relay/manager.go:49.2,49.29 1 2
github.com/xdzczk/nostrmash/internal/ingestor/relay/manager.go:49.29,51.3 1 0
github.com/xdzczk/nostrmash/internal/ingestor/relay/manager.go:52.2,52.25 1 2
github.com/xdzczk/nostrmash/internal/ingestor/relay/manager.go:52.25,54.3 1 0
github.com/xdzczk/nostrmash/internal/ingestor/relay/manager.go:55.2,55.41 1 2
github.com/xdzczk/nostrmash/internal/ingestor/relay/manager.go:55.41,57.3 1 0
github.com/xdzczk/nostrmash/internal/ingestor/relay/manager.go:58.2,58.58 1 2
github.com/xdzczk/nostrmash/internal/ingestor/relay/manager.go:58.58,60.3 1 0
github.com/xdzczk/nostrmash/internal/ingestor/relay/manager.go:61.2,78.46 7 2
github.com/xdzczk/nostrmash/internal/ingestor/relay/manager.go:78.46,80.3 1 0
github.com/xdzczk/nostrmash/internal/ingestor/relay/manager.go:81.2,81.38 1 2
github.com/xdzczk/nostrmash/internal/ingestor/relay/manager.go:81.38,83.53 2 2
github.com/xdzczk/nostrmash/internal/ingestor/relay/manager.go:83.53,85.4 1 0
github.com/xdzczk/nostrmash/internal/ingestor/relay/manager.go:86.3,92.4 1 2
github.com/xdzczk/nostrmash/internal/ingestor/relay/manager.go:95.2,95.15 1 2
github.com/xdzczk/nostrmash/internal/ingestor/relay/manager.go:99.46,101.42 2 2
github.com/xdzczk/nostrmash/internal/ingestor/relay/manager.go:101.42,102.44 1 2
github.com/xdzczk/nostrmash/internal/ingestor/relay/manager.go:102.44,103.12 1 0
github.com/xdzczk/nostrmash/internal/ingestor/relay/manager.go:105.3,106.28 2 2
github.com/xdzczk/nostrmash/internal/ingestor/relay/manager.go:106.28,109.4 2 2
github.com/xdzczk/nostrmash/internal/ingestor/relay/manager.go:112.2,113.11 2 2
github.com/xdzczk/nostrmash/internal/ingestor/relay/manager.go:117.48,122.42 4 31
github.com/xdzczk/nostrmash/internal/ingestor/relay/manager.go:122.42,124.3 1 31
github.com/xdzczk/nostrmash/internal/ingestor/relay/manager.go:125.2,125.12 1 31
github.com/xdzczk/nostrmash/internal/ingestor/relay/manager.go:129.49,133.9 4 1
github.com/xdzczk/nostrmash/internal/ingestor/relay/manager.go:133.9,135.3 1 0
github.com/xdzczk/nostrmash/internal/ingestor/relay/manager.go:136.2,137.42 2 1
github.com/xdzczk/nostrmash/internal/ingestor/relay/manager.go:137.42,139.3 1 1
github.com/xdzczk/nostrmash/internal/ingestor/relay/manager.go:142.66,145.6 2 2
github.com/xdzczk/nostrmash/internal/ingestor/relay/manager.go:145.6,146.35 1 3
github.com/xdzczk/nostrmash/internal/ingestor/relay/manager.go:146.35,148.4 1 0
github.com/xdzczk/nostrmash/internal/ingestor/relay/manager.go:150.3,156.17 6 3
github.com/xdzczk/nostrmash/internal/ingestor/relay/manager.go:156.17,162.39 6 1
github.com/xdzczk/nostrmash/internal/ingestor/relay/manager.go:162.39,164.5 1 0
github.com/xdzczk/nostrmash/internal/ingestor/relay/manager.go:165.4,165.12 1 1
github.com/xdzczk/nostrmash/internal/ingestor/relay/manager.go:168.3,171.57 4 2
github.com/xdzczk/nostrmash/internal/ingestor/relay/manager.go:171.57,173.4 1 2
github.com/xdzczk/nostrmash/internal/ingestor/relay/manager.go:177.122,181.28 3 2
github.com/xdzczk/nostrmash/internal/ingestor/relay/manager.go:181.28,183.39 2 2
github.com/xdzczk/nostrmash/internal/ingestor/relay/manager.go:183.39,185.4 1 1
github.com/xdzczk/nostrmash/internal/ingestor/relay/manager.go:186.3,187.22 2 2
github.com/xdzczk/nostrmash/internal/ingestor/relay/manager.go:190.2,192.6 2 2
github.com/xdzczk/nostrmash/internal/ingestor/relay/manager.go:192.6,193.10 1 5
github.com/xdzczk/nostrmash/internal/ingestor/relay/manager.go:194.21,195.16 1 1
github.com/xdzczk/nostrmash/internal/ingestor/relay/manager.go:196.36,197.11 1 1
github.com/xdzczk/nostrmash/internal/ingestor/relay/manager.go:197.11,199.13 2 1
github.com/xdzczk/nostrmash/internal/ingestor/relay/manager.go:201.4,202.24 2 0
github.com/xdzczk/nostrmash/internal/ingestor/relay/manager.go:202.24,203.76 1 0
github.com/xdzczk/nostrmash/internal/ingestor/relay/manager.go:203.76,209.6 1 0
github.com/xdzczk/nostrmash/internal/ingestor/relay/manager.go:211.33,212.11 1 1
github.com/xdzczk/nostrmash/internal/ingestor/relay/manager.go:212.11,214.5 1 0
github.com/xdzczk/nostrmash/internal/ingestor/relay/manager.go:215.4,215.18 1 1
github.com/xdzczk/nostrmash/internal/ingestor/relay/manager.go:215.18,218.5 2 1
github.com/xdzczk/nostrmash/internal/ingestor/relay/manager.go:218.10,221.5 2 0
github.com/xdzczk/nostrmash/internal/ingestor/relay/manager.go:222.4,225.39 4 1
github.com/xdzczk/nostrmash/internal/ingestor/relay/manager.go:225.39,227.5 1 1
github.com/xdzczk/nostrmash/internal/ingestor/relay/manager.go:228.4,228.15 1 0
github.com/xdzczk/nostrmash/internal/ingestor/relay/manager.go:229.26,230.28 1 2
github.com/xdzczk/nostrmash/internal/ingestor/relay/manager.go:235.108,236.15 1 0
github.com/xdzczk/nostrmash/internal/ingestor/relay/manager.go:236.15,237.47 1 0
github.com/xdzczk/nostrmash/internal/ingestor/relay/manager.go:237.47,247.4 3 0
github.com/xdzczk/nostrmash/internal/ingestor/relay/manager.go:249.2,249.42 1 0
github.com/xdzczk/nostrmash/internal/ingestor/relay/manager.go:252.49,256.9 4 2
github.com/xdzczk/nostrmash/internal/ingestor/relay/manager.go:256.9,258.3 1 0
github.com/xdzczk/nostrmash/internal/ingestor/relay/manager.go:259.2,259.42 1 2
github.com/xdzczk/nostrmash/internal/ingestor/relay/manager.go:259.42,261.3 1 0
github.com/xdzczk/nostrmash/internal/ingestor/relay/manager.go:262.2,262.42 1 2
github.com/xdzczk/nostrmash/internal/ingestor/relay/manager.go:262.42,264.3 1 0
github.com/xdzczk/nostrmash/internal/ingestor/relay/manager.go:265.2,265.69 1 2
github.com/xdzczk/nostrmash/internal/ingestor/relay/manager.go:265.69,267.3 1 1
github.com/xdzczk/nostrmash/internal/ingestor/relay/manager.go:270.49,274.9 4 2
github.com/xdzczk/nostrmash/internal/ingestor/relay/manager.go:274.9,276.3 1 0
github.com/xdzczk/nostrmash/internal/ingestor/relay/manager.go:277.2,280.56 4 2
github.com/xdzczk/nostrmash/internal/ingestor/relay/manager.go:283.50,287.9 4 3
github.com/xdzczk/nostrmash/internal/ingestor/relay/manager.go:287.9,289.3 1 0
github.com/xdzczk/nostrmash/internal/ingestor/relay/manager.go:290.2,292.54 3 3
github.com/xdzczk/nostrmash/internal/ingestor/relay/manager.go:295.112,299.9 4 4
github.com/xdzczk/nostrmash/internal/ingestor/relay/manager.go:299.9,301.3 1 0
github.com/xdzczk/nostrmash/internal/ingestor/relay/manager.go:302.2,304.44 3 4
github.com/xdzczk/nostrmash/internal/ingestor/relay/manager.go:307.86,309.18 2 11
github.com/xdzczk/nostrmash/internal/ingestor/relay/manager.go:309.18,311.3 1 2
github.com/xdzczk/nostrmash/internal/ingestor/relay/manager.go:312.2,324.3 3 9
github.com/xdzczk/nostrmash/internal/ingestor/relay/manager.go:327.53,329.41 2 2
github.com/xdzczk/nostrmash/internal/ingestor/relay/manager.go:329.41,331.17 2 2
github.com/xdzczk/nostrmash/internal/ingestor/relay/manager.go:331.17,333.4 1 0
github.com/xdzczk/nostrmash/internal/ingestor/relay/manager.go:334.3,334.33 1 2
github.com/xdzczk/nostrmash/internal/ingestor/relay/manager.go:336.2,336.44 1 2
github.com/xdzczk/nostrmash/internal/ingestor/relay/manager.go:336.44,338.3 1 0
github.com/xdzczk/nostrmash/internal/ingestor/relay/manager.go:339.2,339.38 1 2
github.com/xdzczk/nostrmash/internal/ingestor/relay/manager.go:339.38,341.17 2 2
github.com/xdzczk/nostrmash/internal/ingestor/relay/manager.go:341.17,343.4 1 0
github.com/xdzczk/nostrmash/internal/ingestor/relay/manager.go:344.3,344.38 1 2
github.com/xdzczk/nostrmash/internal/ingestor/relay/manager.go:344.38,346.4 1 0
github.com/xdzczk/nostrmash/internal/ingestor/relay/manager.go:348.2,348.46 1 2
github.com/xdzczk/nostrmash/internal/ingestor/relay/manager.go:348.46,350.17 2 0
github.com/xdzczk/nostrmash/internal/ingestor/relay/manager.go:350.17,352.4 1 0
github.com/xdzczk/nostrmash/internal/ingestor/relay/manager.go:353.3,353.38 1 0
github.com/xdzczk/nostrmash/internal/ingestor/relay/manager.go:353.38,355.4 1 0
github.com/xdzczk/nostrmash/internal/ingestor/relay/manager.go:357.2,357.12 1 2
github.com/xdzczk/nostrmash/internal/ingestor/relay/manager.go:360.48,361.20 1 6
github.com/xdzczk/nostrmash/internal/ingestor/relay/manager.go:361.20,363.3 1 2
github.com/xdzczk/nostrmash/internal/ingestor/relay/manager.go:364.2,365.27 2 4
github.com/xdzczk/nostrmash/internal/ingestor/relay/manager.go:365.27,367.17 2 4
github.com/xdzczk/nostrmash/internal/ingestor/relay/manager.go:367.17,368.12 1 0
github.com/xdzczk/nostrmash/internal/ingestor/relay/manager.go:370.3,370.32 1 4
github.com/xdzczk/nostrmash/internal/ingestor/relay/manager.go:372.2,372.12 1 4
github.com/xdzczk/nostrmash/internal/ingestor/relay/manager.go:375.52,377.16 2 8
github.com/xdzczk/nostrmash/internal/ingestor/relay/manager.go:377.16,379.3 1 0
github.com/xdzczk/nostrmash/internal/ingestor/relay/manager.go:380.2,380.23 1 8
github.com/xdzczk/nostrmash/internal/ingestor/relay/manager.go:380.23,382.3 1 0
github.com/xdzczk/nostrmash/internal/ingestor/relay/manager.go:383.2,384.39 2 8
github.com/xdzczk/nostrmash/internal/ingestor/relay/manager.go:384.39,386.3 1 0
github.com/xdzczk/nostrmash/internal/ingestor/relay/manager.go:387.2,387.74 1 8
github.com/xdzczk/nostrmash/internal/ingestor/relay/manager.go:387.74,389.3 1 0
github.com/xdzczk/nostrmash/internal/ingestor/relay/manager.go:391.2,392.17 2 8
github.com/xdzczk/nostrmash/internal/ingestor/relay/manager.go:392.17,394.3 1 0
github.com/xdzczk/nostrmash/internal/ingestor/relay/manager.go:395.2,395.82 1 8
github.com/xdzczk/nostrmash/internal/ingestor/relay/manager.go:398.62,401.9 3 2
github.com/xdzczk/nostrmash/internal/ingestor/relay/manager.go:402.20,403.15 1 1
github.com/xdzczk/nostrmash/internal/ingestor/relay/manager.go:404.17,405.14 1 1
github.com/xdzczk/nostrmash/internal/ingestor/relay/manager.go:409.47,410.14 1 5
github.com/xdzczk/nostrmash/internal/ingestor/relay/manager.go:410.14,412.3 1 0
github.com/xdzczk/nostrmash/internal/ingestor/relay/manager.go:413.2,413.12 1 5
github.com/xdzczk/nostrmash/internal/ingestor/relay/manager.go:416.101,417.25 1 9
github.com/xdzczk/nostrmash/internal/ingestor/relay/manager.go:417.25,419.3 1 9
github.com/xdzczk/nostrmash/internal/ingestor/relay/manager.go:420.2,420.85 1 0
github.com/xdzczk/nostrmash/internal/ingestor/relay/manager.go:420.85,427.3 1 0
github.com/xdzczk/nostrmash/internal/ingestor/relay/noop_connector.go:11.88,13.2 1 0
github.com/xdzczk/nostrmash/internal/ingestor/relay/nostr_connector.go:24.91,29.16 3 0
github.com/xdzczk/nostrmash/internal/ingestor/relay/nostr_connector.go:29.16,31.3 1 0
github.com/xdzczk/nostrmash/internal/ingestor/relay/nostr_connector.go:33.2,39.28 7 0
github.com/xdzczk/nostrmash/internal/ingestor/relay/nostr_connector.go:39.28,41.17 2 0
github.com/xdzczk/nostrmash/internal/ingestor/relay/nostr_connector.go:41.17,44.4 2 0
github.com/xdzczk/nostrmash/internal/ingestor/relay/nostr_connector.go:45.3,49.65 5 0
github.com/xdzczk/nostrmash/internal/ingestor/relay/nostr_connector.go:51.2,60.16 3 0
github.com/xdzczk/nostrmash/internal/ingestor/relay/nostr_connector.go:60.16,63.3 2 0
github.com/xdzczk/nostrmash/internal/ingestor/relay/nostr_connector.go:64.2,64.73 1 0
github.com/xdzczk/nostrmash/internal/ingestor/relay/nostr_connector.go:64.73,67.3 2 0
github.com/xdzczk/nostrmash/internal/ingestor/relay/nostr_connector.go:69.2,72.18 3 0
github.com/xdzczk/nostrmash/internal/ingestor/relay/nostr_connector.go:72.18,85.3 1 0
github.com/xdzczk/nostrmash/internal/ingestor/relay/nostr_connector.go:86.2,86.20 1 0
github.com/xdzczk/nostrmash/internal/ingestor/relay/nostr_connector.go:102.103,113.12 3 0
github.com/xdzczk/nostrmash/internal/ingestor/relay/nostr_connector.go:113.12,116.3 2 0
github.com/xdzczk/nostrmash/internal/ingestor/relay/nostr_connector.go:117.2,117.15 1 0
github.com/xdzczk/nostrmash/internal/ingestor/relay/nostr_connector.go:120.49,122.2 1 0
github.com/xdzczk/nostrmash/internal/ingestor/relay/nostr_connector.go:124.54,126.2 1 0
github.com/xdzczk/nostrmash/internal/ingestor/relay/nostr_connector.go:128.43,131.2 2 0
github.com/xdzczk/nostrmash/internal/ingestor/relay/nostr_connector.go:133.40,136.6 2 0
github.com/xdzczk/nostrmash/internal/ingestor/relay/nostr_connector.go:136.6,138.17 2 0
github.com/xdzczk/nostrmash/internal/ingestor/relay/nostr_connector.go:138.17,141.4 2 0
github.com/xdzczk/nostrmash/internal/ingestor/relay/nostr_connector.go:142.3,143.10 2 0
github.com/xdzczk/nostrmash/internal/ingestor/relay/nostr_connector.go:143.10,144.12 1 0
github.com/xdzczk/nostrmash/internal/ingestor/relay/nostr_connector.go:146.3,146.10 1 0
github.com/xdzczk/nostrmash/internal/ingestor/relay/nostr_connector.go:147.26,147.26 0 0
github.com/xdzczk/nostrmash/internal/ingestor/relay/nostr_connector.go:148.27,150.10 2 0
github.com/xdzczk/nostrmash/internal/ingestor/relay/nostr_connector.go:155.50,156.24 1 0
github.com/xdzczk/nostrmash/internal/ingestor/relay/nostr_connector.go:156.24,164.57 4 0
github.com/xdzczk/nostrmash/internal/ingestor/relay/nostr_connector.go:164.57,166.4 1 0
github.com/xdzczk/nostrmash/internal/ingestor/relay/nostr_connector.go:167.3,167.16 1 0
github.com/xdzczk/nostrmash/internal/ingestor/relay/nostr_connector.go:171.40,172.16 1 0
github.com/xdzczk/nostrmash/internal/ingestor/relay/nostr_connector.go:172.16,174.3 1 0
github.com/xdzczk/nostrmash/internal/ingestor/relay/nostr_connector.go:175.2,175.89 1 0
github.com/xdzczk/nostrmash/internal/ingestor/relay/nostr_connector.go:175.89,177.3 1 0
github.com/xdzczk/nostrmash/internal/ingestor/relay/nostr_connector.go:178.2,178.12 1 0
github.com/xdzczk/nostrmash/internal/ingestor/relay/nostr_connector.go:181.55,183.23 2 4
github.com/xdzczk/nostrmash/internal/ingestor/relay/nostr_connector.go:183.23,185.3 1 0
github.com/xdzczk/nostrmash/internal/ingestor/relay/nostr_connector.go:187.2,188.59 2 4
github.com/xdzczk/nostrmash/internal/ingestor/relay/nostr_connector.go:188.59,190.3 1 1
github.com/xdzczk/nostrmash/internal/ingestor/relay/nostr_connector.go:191.2,191.24 1 3
github.com/xdzczk/nostrmash/internal/ingestor/relay/nostr_connector.go:191.24,193.3 1 0
github.com/xdzczk/nostrmash/internal/ingestor/relay/nostr_connector.go:195.2,196.67 2 3
github.com/xdzczk/nostrmash/internal/ingestor/relay/nostr_connector.go:196.67,198.3 1 0
github.com/xdzczk/nostrmash/internal/ingestor/relay/nostr_connector.go:199.2,199.29 1 3
github.com/xdzczk/nostrmash/internal/ingestor/relay/nostr_connector.go:199.29,201.3 1 1
github.com/xdzczk/nostrmash/internal/ingestor/relay/nostr_connector.go:202.2,202.23 1 2
github.com/xdzczk/nostrmash/internal/ingestor/relay/nostr_connector.go:202.23,204.3 1 1
github.com/xdzczk/nostrmash/internal/ingestor/relay/nostr_connector.go:205.2,205.43 1 1
github.com/xdzczk/nostrmash/internal/metrics/metrics.go:45.29,48.2 2 1
github.com/xdzczk/nostrmash/internal/metrics/metrics.go:50.41,51.17 1 0
github.com/xdzczk/nostrmash/internal/metrics/metrics.go:51.17,53.3 1 0
github.com/xdzczk/nostrmash/internal/metrics/metrics.go:54.2,58.33 4 0
github.com/xdzczk/nostrmash/internal/metrics/metrics.go:58.33,60.3 1 0
github.com/xdzczk/nostrmash/internal/metrics/metrics.go:62.2,63.45 2 0
github.com/xdzczk/nostrmash/internal/metrics/metrics.go:66.25,69.23 3 11
github.com/xdzczk/nostrmash/internal/metrics/metrics.go:69.23,71.3 1 10
github.com/xdzczk/nostrmash/internal/metrics/metrics.go:73.2,242.26 23 1
github.com/xdzczk/nostrmash/internal/metrics/metrics.go:245.79,250.2 4 1
github.com/xdzczk/nostrmash/internal/metrics/metrics.go:252.39,255.2 2 0
github.com/xdzczk/nostrmash/internal/metrics/metrics.go:257.68,260.23 3 1
github.com/xdzczk/nostrmash/internal/metrics/metrics.go:260.23,262.3 1 0
github.com/xdzczk/nostrmash/internal/metrics/metrics.go:265.71,268.23 3 1
github.com/xdzczk/nostrmash/internal/metrics/metrics.go:268.23,270.3 1 1
github.com/xdzczk/nostrmash/internal/metrics/metrics.go:273.74,276.2 2 1
github.com/xdzczk/nostrmash/internal/metrics/metrics.go:278.71,281.2 2 1
github.com/xdzczk/nostrmash/internal/metrics/metrics.go:283.74,286.2 2 1
github.com/xdzczk/nostrmash/internal/metrics/metrics.go:288.58,293.2 4 0
github.com/xdzczk/nostrmash/internal/metrics/metrics.go:295.44,298.2 2 0
github.com/xdzczk/nostrmash/internal/metrics/metrics.go:300.30,303.2 2 0
github.com/xdzczk/nostrmash/internal/metrics/metrics.go:305.30,308.2 2 0
github.com/xdzczk/nostrmash/internal/metrics/metrics.go:310.41,313.2 2 0
github.com/xdzczk/nostrmash/internal/metrics/metrics.go:315.75,319.2 3 0
github.com/xdzczk/nostrmash/internal/metrics/metrics.go:321.78,323.17 2 1
github.com/xdzczk/nostrmash/internal/metrics/metrics.go:323.17,325.3 1 0
github.com/xdzczk/nostrmash/internal/metrics/metrics.go:326.2,326.82 1 1
github.com/xdzczk/nostrmash/internal/metrics/metrics.go:329.61,331.17 2 1
github.com/xdzczk/nostrmash/internal/metrics/metrics.go:331.17,333.3 1 0
github.com/xdzczk/nostrmash/internal/metrics/metrics.go:334.2,334.43 1 1
github.com/xdzczk/nostrmash/internal/metrics/metrics.go:337.49,339.17 2 1
github.com/xdzczk/nostrmash/internal/metrics/metrics.go:339.17,341.3 1 0
github.com/xdzczk/nostrmash/internal/metrics/metrics.go:342.2,342.38 1 1
github.com/xdzczk/nostrmash/internal/metrics/metrics.go:345.42,347.15 2 1
github.com/xdzczk/nostrmash/internal/metrics/metrics.go:347.15,349.3 1 0
github.com/xdzczk/nostrmash/internal/metrics/metrics.go:350.2,350.30 1 1
github.com/xdzczk/nostrmash/internal/metrics/metrics.go:368.68,382.2 1 1
github.com/xdzczk/nostrmash/internal/metrics/metrics.go:384.64,395.2 10 1
github.com/xdzczk/nostrmash/internal/metrics/metrics.go:417.47,419.2 1 0
github.com/xdzczk/nostrmash/internal/metrics/metrics.go:425.44,427.2 1 0
github.com/xdzczk/nostrmash/internal/metrics/metrics.go:429.47,431.2 1 0
github.com/xdzczk/nostrmash/internal/metrics/metrics.go:433.43,435.2 1 0
github.com/xdzczk/nostrmash/internal/metrics/metrics.go:437.42,439.2 1 0
github.com/xdzczk/nostrmash/internal/metrics/metrics.go:441.46,443.2 1 0
github.com/xdzczk/nostrmash/internal/metrics/metrics.go:445.57,447.2 1 0
github.com/xdzczk/nostrmash/internal/metrics/metrics.go:449.51,451.2 1 0
github.com/xdzczk/nostrmash/internal/metrics/metrics.go:453.54,455.2 1 0
github.com/xdzczk/nostrmash/internal/metrics/metrics.go:457.51,459.2 1 0
github.com/xdzczk/nostrmash/internal/metrics/metrics.go:461.64,473.17 10 1
github.com/xdzczk/nostrmash/internal/metrics/metrics.go:473.17,475.3 1 1
github.com/xdzczk/nostrmash/internal/metrics/metrics.go:477.2,486.123 10 1
github.com/xdzczk/nostrmash/internal/ingestor/backfill/runner.go:82.20,83.18 1 4
github.com/xdzczk/nostrmash/internal/ingestor/backfill/runner.go:83.18,85.3 1 0
github.com/xdzczk/nostrmash/internal/ingestor/backfill/runner.go:86.2,86.20 1 4
github.com/xdzczk/nostrmash/internal/ingestor/backfill/runner.go:86.20,88.3 1 0
github.com/xdzczk/nostrmash/internal/ingestor/backfill/runner.go:89.2,89.22 1 4
github.com/xdzczk/nostrmash/internal/ingestor/backfill/runner.go:89.22,91.3 1 0
github.com/xdzczk/nostrmash/internal/ingestor/backfill/runner.go:92.2,92.16 1 4
github.com/xdzczk/nostrmash/internal/ingestor/backfill/runner.go:92.16,94.3 1 0
github.com/xdzczk/nostrmash/internal/ingestor/backfill/runner.go:95.2,95.39 1 4
github.com/xdzczk/nostrmash/internal/ingestor/backfill/runner.go:95.39,97.3 1 0
github.com/xdzczk/nostrmash/internal/ingestor/backfill/runner.go:98.2,98.36 1 4
github.com/xdzczk/nostrmash/internal/ingestor/backfill/runner.go:98.36,100.3 1 0
github.com/xdzczk/nostrmash/internal/ingestor/backfill/runner.go:101.2,101.24 1 4
github.com/xdzczk/nostrmash/internal/ingestor/backfill/runner.go:101.24,103.3 1 0
github.com/xdzczk/nostrmash/internal/ingestor/backfill/runner.go:104.2,104.27 1 4
github.com/xdzczk/nostrmash/internal/ingestor/backfill/runner.go:104.27,106.3 1 0
github.com/xdzczk/nostrmash/internal/ingestor/backfill/runner.go:107.2,107.46 1 4
github.com/xdzczk/nostrmash/internal/ingestor/backfill/runner.go:107.46,109.3 1 0
github.com/xdzczk/nostrmash/internal/ingestor/backfill/runner.go:110.2,110.25 1 4
github.com/xdzczk/nostrmash/internal/ingestor/backfill/runner.go:110.25,112.3 1 0
github.com/xdzczk/nostrmash/internal/ingestor/backfill/runner.go:113.2,113.69 1 4
github.com/xdzczk/nostrmash/internal/ingestor/backfill/runner.go:113.69,115.3 1 0
github.com/xdzczk/nostrmash/internal/ingestor/backfill/runner.go:117.2,124.8 1 4
github.com/xdzczk/nostrmash/internal/ingestor/backfill/runner.go:128.55,130.15 2 4
github.com/xdzczk/nostrmash/internal/ingestor/backfill/runner.go:130.15,130.32 1 4
github.com/xdzczk/nostrmash/internal/ingestor/backfill/runner.go:131.2,131.40 1 4
github.com/xdzczk/nostrmash/internal/ingestor/backfill/runner.go:131.40,132.35 1 4
github.com/xdzczk/nostrmash/internal/ingestor/backfill/runner.go:132.35,134.4 1 0
github.com/xdzczk/nostrmash/internal/ingestor/backfill/runner.go:135.3,135.51 1 4
github.com/xdzczk/nostrmash/internal/ingestor/backfill/runner.go:135.51,137.4 1 1
github.com/xdzczk/nostrmash/internal/ingestor/backfill/runner.go:139.2,139.12 1 3
github.com/xdzczk/nostrmash/internal/ingestor/backfill/runner.go:142.77,144.15 2 4
github.com/xdzczk/nostrmash/internal/ingestor/backfill/runner.go:144.15,144.32 1 4
github.com/xdzczk/nostrmash/internal/ingestor/backfill/runner.go:145.2,146.16 2 4
github.com/xdzczk/nostrmash/internal/ingestor/backfill/runner.go:146.16,148.3 1 0
github.com/xdzczk/nostrmash/internal/ingestor/backfill/runner.go:149.2,149.52 1 4
github.com/xdzczk/nostrmash/internal/ingestor/backfill/runner.go:149.52,152.3 2 0
github.com/xdzczk/nostrmash/internal/ingestor/backfill/runner.go:154.2,157.6 3 4
github.com/xdzczk/nostrmash/internal/ingestor/backfill/runner.go:157.6,159.80 2 7
github.com/xdzczk/nostrmash/internal/ingestor/backfill/runner.go:159.80,161.4 1 0
github.com/xdzczk/nostrmash/internal/ingestor/backfill/runner.go:163.3,171.17 4 7
github.com/xdzczk/nostrmash/internal/ingestor/backfill/runner.go:171.17,174.4 2 1
github.com/xdzczk/nostrmash/internal/ingestor/backfill/runner.go:176.3,177.39 2 6
github.com/xdzczk/nostrmash/internal/ingestor/backfill/runner.go:177.39,178.62 1 5
github.com/xdzczk/nostrmash/internal/ingestor/backfill/runner.go:178.62,181.5 2 0
github.com/xdzczk/nostrmash/internal/ingestor/backfill/runner.go:182.4,183.11 2 5
github.com/xdzczk/nostrmash/internal/ingestor/backfill/runner.go:183.11,184.13 1 0
github.com/xdzczk/nostrmash/internal/ingestor/backfill/runner.go:186.4,186.56 1 5
github.com/xdzczk/nostrmash/internal/ingestor/backfill/runner.go:186.56,189.5 2 3
github.com/xdzczk/nostrmash/internal/ingestor/backfill/runner.go:192.3,192.72 1 6
github.com/xdzczk/nostrmash/internal/ingestor/backfill/runner.go:192.72,194.4 1 2
github.com/xdzczk/nostrmash/internal/ingestor/backfill/runner.go:195.3,195.20 1 6
github.com/xdzczk/nostrmash/internal/ingestor/backfill/runner.go:195.20,198.4 2 2
github.com/xdzczk/nostrmash/internal/ingestor/backfill/runner.go:199.3,199.67 1 6
github.com/xdzczk/nostrmash/internal/ingestor/backfill/runner.go:199.67,201.4 1 0
github.com/xdzczk/nostrmash/internal/ingestor/backfill/runner.go:203.3,203.69 1 6
github.com/xdzczk/nostrmash/internal/ingestor/backfill/runner.go:203.69,205.4 1 0
github.com/xdzczk/nostrmash/internal/ingestor/backfill/runner.go:207.3,207.20 1 6
github.com/xdzczk/nostrmash/internal/ingestor/backfill/runner.go:207.20,208.29 1 2
github.com/xdzczk/nostrmash/internal/ingestor/backfill/runner.go:208.29,210.5 1 2
github.com/xdzczk/nostrmash/internal/ingestor/backfill/runner.go:211.4,212.12 2 0
github.com/xdzczk/nostrmash/internal/ingestor/backfill/runner.go:215.3,215.28 1 4
github.com/xdzczk/nostrmash/internal/ingestor/backfill/runner.go:215.28,217.40 2 2
github.com/xdzczk/nostrmash/internal/ingestor/backfill/runner.go:217.40,219.5 1 1
github.com/xdzczk/nostrmash/internal/ingestor/backfill/runner.go:220.4,220.12 1 1
github.com/xdzczk/nostrmash/internal/ingestor/backfill/runner.go:223.3,223.17 1 2
github.com/xdzczk/nostrmash/internal/ingestor/backfill/runner.go:227.113,229.16 2 4
github.com/xdzczk/nostrmash/internal/ingestor/backfill/runner.go:229.16,231.3 1 0
github.com/xdzczk/nostrmash/internal/ingestor/backfill/runner.go:232.2,232.21 1 4
github.com/xdzczk/nostrmash/internal/ingestor/backfill/runner.go:232.21,235.72 3 1
github.com/xdzczk/nostrmash/internal/ingestor/backfill/runner.go:235.72,237.4 1 0
github.com/xdzczk/nostrmash/internal/ingestor/backfill/runner.go:238.3,238.23 1 1
github.com/xdzczk/nostrmash/internal/ingestor/backfill/runner.go:241.2,250.69 2 3
github.com/xdzczk/nostrmash/internal/ingestor/backfill/runner.go:250.69,252.3 1 0
github.com/xdzczk/nostrmash/internal/ingestor/backfill/runner.go:253.2,253.22 1 3
github.com/xdzczk/nostrmash/internal/ingestor/backfill/runner.go:256.111,260.73 4 6
github.com/xdzczk/nostrmash/internal/ingestor/backfill/runner.go:260.73,262.3 1 0
github.com/xdzczk/nostrmash/internal/ingestor/backfill/runner.go:263.2,263.12 1 6
github.com/xdzczk/nostrmash/internal/ingestor/backfill/runner.go:266.110,270.73 4 3
github.com/xdzczk/nostrmash/internal/ingestor/backfill/runner.go:270.73,272.3 1 0
github.com/xdzczk/nostrmash/internal/ingestor/backfill/runner.go:273.2,279.12 2 3
github.com/xdzczk/nostrmash/internal/ingestor/backfill/runner.go:282.107,287.2 4 1
github.com/xdzczk/nostrmash/internal/ingestor/backfill/runner.go:289.50,290.19 1 7
github.com/xdzczk/nostrmash/internal/ingestor/backfill/runner.go:290.19,293.3 2 3
github.com/xdzczk/nostrmash/internal/ingestor/backfill/runner.go:294.2,294.32 1 4
github.com/xdzczk/nostrmash/internal/ingestor/backfill/runner.go:297.34,298.14 1 10
github.com/xdzczk/nostrmash/internal/ingestor/backfill/runner.go:298.14,300.3 1 3
github.com/xdzczk/nostrmash/internal/ingestor/backfill/runner.go:301.2,302.11 2 7
github.com/xdzczk/nostrmash/internal/ingestor/backfill/runner.go:305.53,309.59 2 5
github.com/xdzczk/nostrmash/internal/ingestor/backfill/runner.go:309.59,311.3 1 0
github.com/xdzczk/nostrmash/internal/ingestor/backfill/runner.go:312.2,312.28 1 5
github.com/xdzczk/nostrmash/internal/ingestor/backfill/runner.go:312.28,314.3 1 0
github.com/xdzczk/nostrmash/internal/ingestor/backfill/runner.go:315.2,315.33 1 5
github.com/xdzczk/nostrmash/internal/ingestor/backfill/runner.go:318.46,319.19 1 4
github.com/xdzczk/nostrmash/internal/ingestor/backfill/runner.go:319.19,321.3 1 3
github.com/xdzczk/nostrmash/internal/ingestor/backfill/runner.go:322.2,323.16 2 1
github.com/xdzczk/nostrmash/internal/ingestor/backfill/runner.go:323.16,325.3 1 0
github.com/xdzczk/nostrmash/internal/ingestor/backfill/runner.go:326.2,326.11 1 1
github.com/xdzczk/nostrmash/internal/ingestor/backfill/runner.go:329.42,330.19 1 10
github.com/xdzczk/nostrmash/internal/ingestor/backfill/runner.go:330.19,332.3 1 3
github.com/xdzczk/nostrmash/internal/ingestor/backfill/runner.go:333.2,334.11 2 7
github.com/xdzczk/nostrmash/internal/ingestor/backfill/websocket_fetcher.go:22.116,23.24 1 0
github.com/xdzczk/nostrmash/internal/ingestor/backfill/websocket_fetcher.go:23.24,25.3 1 0
github.com/xdzczk/nostrmash/internal/ingestor/backfill/websocket_fetcher.go:26.2,26.27 1 0
github.com/xdzczk/nostrmash/internal/ingestor/backfill/websocket_fetcher.go:26.27,28.3 1 0
github.com/xdzczk/nostrmash/internal/ingestor/backfill/websocket_fetcher.go:29.2,29.24 1 0
github.com/xdzczk/nostrmash/internal/ingestor/backfill/websocket_fetcher.go:29.24,31.3 1 0
github.com/xdzczk/nostrmash/internal/ingestor/backfill/websocket_fetcher.go:33.2,40.16 5 0
github.com/xdzczk/nostrmash/internal/ingestor/backfill/websocket_fetcher.go:40.16,42.3 1 0
github.com/xdzczk/nostrmash/internal/ingestor/backfill/websocket_fetcher.go:43.2,50.26 4 0
github.com/xdzczk/nostrmash/internal/ingestor/backfill/websocket_fetcher.go:50.26,52.3 1 0
github.com/xdzczk/nostrmash/internal/ingestor/backfill/websocket_fetcher.go:53.2,53.26 1 0
github.com/xdzczk/nostrmash/internal/ingestor/backfill/websocket_fetcher.go:53.26,55.3 1 0
github.com/xdzczk/nostrmash/internal/ingestor/backfill/websocket_fetcher.go:56.2,58.16 3 0
github.com/xdzczk/nostrmash/internal/ingestor/backfill/websocket_fetcher.go:58.16,60.3 1 0
github.com/xdzczk/nostrmash/internal/ingestor/backfill/websocket_fetcher.go:61.2,61.73 1 0
github.com/xdzczk/nostrmash/internal/ingestor/backfill/websocket_fetcher.go:61.73,63.3 1 0
github.com/xdzczk/nostrmash/internal/ingestor/backfill/websocket_fetcher.go:65.2,68.22 4 0
github.com/xdzczk/nostrmash/internal/ingestor/backfill/websocket_fetcher.go:68.22,69.24 1 0
github.com/xdzczk/nostrmash/internal/ingestor/backfill/websocket_fetcher.go:69.24,70.11 1 0
github.com/xdzczk/nostrmash/internal/ingestor/backfill/websocket_fetcher.go:71.23,71.23 0 0
github.com/xdzczk/nostrmash/internal/ingestor/backfill/websocket_fetcher.go:72.12,72.12 0 0
github.com/xdzczk/nostrmash/internal/ingestor/backfill/websocket_fetcher.go:75.3,75.33 1 0
github.com/xdzczk/nostrmash/internal/ingestor/backfill/websocket_fetcher.go:78.2,78.15 1 0
github.com/xdzczk/nostrmash/internal/ingestor/backfill/websocket_fetcher.go:78.15,81.3 2 0
github.com/xdzczk/nostrmash/internal/ingestor/backfill/websocket_fetcher.go:83.2,83.6 1 0
github.com/xdzczk/nostrmash/internal/ingestor/backfill/websocket_fetcher.go:83.6,84.35 1 0
github.com/xdzczk/nostrmash/internal/ingestor/backfill/websocket_fetcher.go:84.35,86.4 1 0
github.com/xdzczk/nostrmash/internal/ingestor/backfill/websocket_fetcher.go:88.3,90.17 3 0
github.com/xdzczk/nostrmash/internal/ingestor/backfill/websocket_fetcher.go:90.17,91.71 1 0
github.com/xdzczk/nostrmash/internal/ingestor/backfill/websocket_fetcher.go:91.71,92.12 1 0
github.com/xdzczk/nostrmash/internal/ingestor/backfill/websocket_fetcher.go:93.24,94.24 1 0
github.com/xdzczk/nostrmash/internal/ingestor/backfill/websocket_fetcher.go:95.13,95.13 0 0
github.com/xdzczk/nostrmash/internal/ingestor/backfill/websocket_fetcher.go:97.5,97.13 1 0
github.com/xdzczk/nostrmash/internal/ingestor/backfill/websocket_fetcher.go:99.4,99.64 1 0
github.com/xdzczk/nostrmash/internal/ingestor/backfill/websocket_fetcher.go:101.3,104.31 3 0
github.com/xdzczk/nostrmash/internal/ingestor/backfill/websocket_fetcher.go:104.31,105.12 1 0
github.com/xdzczk/nostrmash/internal/ingestor/backfill/websocket_fetcher.go:107.3,107.18 1 0
github.com/xdzczk/nostrmash/internal/ingestor/backfill/websocket_fetcher.go:108.16,109.50 1 0
github.com/xdzczk/nostrmash/internal/ingestor/backfill/websocket_fetcher.go:110.15,112.22 2 0
github.com/xdzczk/nostrmash/internal/ingestor/backfill/websocket_fetcher.go:117.95,119.68 2 3
github.com/xdzczk/nostrmash/internal/ingestor/backfill/websocket_fetcher.go:119.68,121.3 1 0
github.com/xdzczk/nostrmash/internal/ingestor/backfill/websocket_fetcher.go:122.2,122.57 1 3
github.com/xdzczk/nostrmash/internal/ingestor/backfill/websocket_fetcher.go:122.57,124.3 1 0
github.com/xdzczk/nostrmash/internal/ingestor/backfill/websocket_fetcher.go:125.2,125.55 1 3
github.com/xdzczk/nostrmash/internal/ingestor/backfill/websocket_fetcher.go:125.55,127.3 1 0
github.com/xdzczk/nostrmash/internal/ingestor/backfill/websocket_fetcher.go:128.2,128.41 1 3
github.com/xdzczk/nostrmash/internal/ingestor/backfill/websocket_fetcher.go:128.41,130.3 1 1
github.com/xdzczk/nostrmash/internal/ingestor/backfill/websocket_fetcher.go:131.2,131.23 1 2
github.com/xdzczk/nostrmash/internal/ingestor/backfill/websocket_fetcher.go:131.23,133.3 1 1
github.com/xdzczk/nostrmash/internal/ingestor/backfill/websocket_fetcher.go:134.2,134.27 1 1
github.com/xdzczk/nostrmash/cmd/worker/main.go:33.13,40.16 5 0
github.com/xdzczk/nostrmash/cmd/worker/main.go:40.16,43.3 2 0
github.com/xdzczk/nostrmash/cmd/worker/main.go:45.2,46.16 2 0
github.com/xdzczk/nostrmash/cmd/worker/main.go:46.16,49.3 2 0
github.com/xdzczk/nostrmash/cmd/worker/main.go:50.2,54.22 4 0
github.com/xdzczk/nostrmash/cmd/worker/main.go:54.22,56.3 1 0
github.com/xdzczk/nostrmash/cmd/worker/main.go:57.2,58.111 2 0
github.com/xdzczk/nostrmash/cmd/worker/main.go:58.111,61.3 2 0
github.com/xdzczk/nostrmash/cmd/worker/main.go:62.2,62.15 1 0
github.com/xdzczk/nostrmash/cmd/worker/main.go:62.15,65.57 3 0
github.com/xdzczk/nostrmash/cmd/worker/main.go:65.57,67.4 1 0
github.com/xdzczk/nostrmash/cmd/worker/main.go:69.2,78.61 4 0
github.com/xdzczk/nostrmash/cmd/worker/main.go:78.61,81.3 2 0
github.com/xdzczk/nostrmash/cmd/worker/main.go:83.2,105.52 9 0
github.com/xdzczk/nostrmash/cmd/worker/main.go:105.52,110.4 1 0
github.com/xdzczk/nostrmash/cmd/worker/main.go:113.2,114.31 2 0
github.com/xdzczk/nostrmash/cmd/worker/main.go:136.3,137.22 1 3
github.com/xdzczk/nostrmash/cmd/worker/main.go:137.22,139.3 1 0
github.com/xdzczk/nostrmash/cmd/worker/main.go:140.2,142.35 3 3
github.com/xdzczk/nostrmash/cmd/worker/main.go:142.35,144.13 2 4
github.com/xdzczk/nostrmash/cmd/worker/main.go:144.13,146.30 2 4
github.com/xdzczk/nostrmash/cmd/worker/main.go:146.30,154.19 5 8
github.com/xdzczk/nostrmash/cmd/worker/main.go:154.19,155.89 1 7
github.com/xdzczk/nostrmash/cmd/worker/main.go:155.89,160.15 5 0
github.com/xdzczk/nostrmash/cmd/worker/main.go:162.6,166.14 5 7
github.com/xdzczk/nostrmash/cmd/worker/main.go:169.5,170.23 2 1
github.com/xdzczk/nostrmash/cmd/worker/main.go:170.23,175.14 5 0
github.com/xdzczk/nostrmash/cmd/worker/main.go:177.5,178.44 2 1
github.com/xdzczk/nostrmash/cmd/worker/main.go:178.44,192.14 5 0
github.com/xdzczk/nostrmash/cmd/worker/main.go:194.5,207.6 4 1
github.com/xdzczk/nostrmash/cmd/worker/main.go:211.2,211.15 1 3
github.com/xdzczk/nostrmash/cmd/worker/main.go:211.15,214.3 2 3
github.com/xdzczk/nostrmash/cmd/worker/main.go:216.2,216.6 1 3
github.com/xdzczk/nostrmash/cmd/worker/main.go:216.6,217.23 1 65
github.com/xdzczk/nostrmash/cmd/worker/main.go:217.23,219.4 1 0
github.com/xdzczk/nostrmash/cmd/worker/main.go:221.3,224.17 4 65
github.com/xdzczk/nostrmash/cmd/worker/main.go:224.17,226.11 2 0
github.com/xdzczk/nostrmash/cmd/worker/main.go:227.22,228.11 1 0
github.com/xdzczk/nostrmash/cmd/worker/main.go:229.36,230.13 1 0
github.com/xdzczk/nostrmash/cmd/worker/main.go:233.3,233.24 1 65
github.com/xdzczk/nostrmash/cmd/worker/main.go:233.24,234.11 1 62
github.com/xdzczk/nostrmash/cmd/worker/main.go:235.22,236.11 1 3
github.com/xdzczk/nostrmash/cmd/worker/main.go:237.36,238.13 1 59
github.com/xdzczk/nostrmash/cmd/worker/main.go:242.3,242.31 1 3
github.com/xdzczk/nostrmash/cmd/worker/main.go:242.31,243.11 1 8
github.com/xdzczk/nostrmash/cmd/worker/main.go:244.22,245.11 1 0
github.com/xdzczk/nostrmash/cmd/worker/main.go:246.25,246.25 0 8
github.com/xdzczk/nostrmash/cmd/worker/main.go:255.17,257.16 2 0
github.com/xdzczk/nostrmash/cmd/worker/main.go:257.16,259.3 1 0
github.com/xdzczk/nostrmash/cmd/worker/main.go:260.2,269.12 4 0
github.com/xdzczk/nostrmash/cmd/worker/main.go:269.12,271.87 2 0
github.com/xdzczk/nostrmash/cmd/worker/main.go:271.87,273.4 1 0
github.com/xdzczk/nostrmash/cmd/worker/main.go:275.2,275.12 1 0
github.com/xdzczk/nostrmash/cmd/worker/main.go:275.12,280.3 4 0
github.com/xdzczk/nostrmash/cmd/worker/main.go:286.17,288.16 2 0
github.com/xdzczk/nostrmash/cmd/worker/main.go:288.16,290.3 1 0
github.com/xdzczk/nostrmash/cmd/worker/main.go:291.2,300.12 4 0
github.com/xdzczk/nostrmash/cmd/worker/main.go:300.12,302.87 2 0
github.com/xdzczk/nostrmash/cmd/worker/main.go:302.87,304.4 1 0
github.com/xdzczk/nostrmash/cmd/worker/main.go:306.2,306.12 1 0
github.com/xdzczk/nostrmash/cmd/worker/main.go:306.12,311.3 4 0
github.com/xdzczk/nostrmash/cmd/worker/main.go:314.31,316.16 2 0
github.com/xdzczk/nostrmash/cmd/worker/main.go:316.16,318.3 1 0
github.com/xdzczk/nostrmash/cmd/worker/main.go:319.2,320.16 2 0
github.com/xdzczk/nostrmash/cmd/worker/main.go:320.16,322.3 1 0
github.com/xdzczk/nostrmash/cmd/worker/main.go:323.2,323.48 1 0
github.com/xdzczk/nostrmash/cmd/worker/main.go:329.45,330.31 1 0
github.com/xdzczk/nostrmash/cmd/worker/main.go:330.31,332.3 1 0
github.com/xdzczk/nostrmash/cmd/worker/main.go:333.2,335.6 3 0
github.com/xdzczk/nostrmash/cmd/worker/main.go:335.6,336.10 1 0
github.com/xdzczk/nostrmash/cmd/worker/main.go:337.21,338.10 1 0
github.com/xdzczk/nostrmash/cmd/worker/main.go:339.19,345.40 2 0
github.com/xdzczk/nostrmash/cmd/worker/main.go:345.40,347.5 1 0
github.com/xdzczk/nostrmash/cmd/worker/main.go:347.10,347.35 1 0
github.com/xdzczk/nostrmash/cmd/worker/main.go:347.35,349.5 1 0
github.com/xdzczk/nostrmash/cmd/worker/main.go:349.10,351.5 1 0
github.com/xdzczk/nostrmash/cmd/worker/main.go:353.4,358.39 2 0
github.com/xdzczk/nostrmash/cmd/worker/main.go:358.39,360.5 1 0
github.com/xdzczk/nostrmash/cmd/worker/main.go:360.10,362.5 1 0
github.com/xdzczk/nostrmash/cmd/worker/main.go:364.4,369.39 2 0
github.com/xdzczk/nostrmash/cmd/worker/main.go:369.39,371.5 1 0
github.com/xdzczk/nostrmash/cmd/worker/main.go:371.10,371.34 1 0
github.com/xdzczk/nostrmash/cmd/worker/main.go:371.34,373.5 1 0
github.com/xdzczk/nostrmash/cmd/worker/main.go:373.10,375.5 1 0
github.com/xdzczk/nostrmash/cmd/worker/main.go:380.133,381.15 1 8
github.com/xdzczk/nostrmash/cmd/worker/main.go:381.15,382.47 1 8
github.com/xdzczk/nostrmash/cmd/worker/main.go:382.47,384.4 1 1
github.com/xdzczk/nostrmash/cmd/worker/main.go:386.2,386.29 1 8
github.com/xdzczk/nostrmash/cmd/worker/main.go:389.48,401.2 11 0
github.com/xdzczk/nostrmash/cmd/worker/main.go:403.52,404.51 1 0
github.com/xdzczk/nostrmash/cmd/worker/main.go:404.51,406.3 1 0
github.com/xdzczk/nostrmash/cmd/worker/main.go:407.2,407.38 1 0
github.com/xdzczk/nostrmash/internal/jobs/publisher.go:23.56,24.22 1 0
github.com/xdzczk/nostrmash/internal/jobs/publisher.go:24.22,26.3 1 0
github.com/xdzczk/nostrmash/internal/jobs/publisher.go:27.2,27.49 1 0
github.com/xdzczk/nostrmash/internal/jobs/publisher.go:30.107,32.19 2 0
github.com/xdzczk/nostrmash/internal/jobs/publisher.go:32.19,34.3 1 0
github.com/xdzczk/nostrmash/internal/jobs/publisher.go:35.2,39.4 1 0
github.com/xdzczk/nostrmash/internal/jobs/publisher.go:39.4,40.89 1 0
github.com/xdzczk/nostrmash/internal/jobs/publisher.go:40.89,42.4 1 0
github.com/xdzczk/nostrmash/internal/jobs/publisher.go:44.2,44.12 1 0
github.com/xdzczk/nostrmash/internal/jobs/publisher.go:54.15,56.15 2 0
github.com/xdzczk/nostrmash/internal/jobs/publisher.go:56.15,58.3 1 0
github.com/xdzczk/nostrmash/internal/jobs/publisher.go:59.2,59.22 1 0
github.com/xdzczk/nostrmash/internal/jobs/publisher.go:59.22,61.3 1 0
github.com/xdzczk/nostrmash/internal/jobs/publisher.go:62.2,63.16 2 0
github.com/xdzczk/nostrmash/internal/jobs/publisher.go:63.16,65.3 1 0
github.com/xdzczk/nostrmash/internal/jobs/publisher.go:66.2,67.68 2 0
github.com/xdzczk/nostrmash/internal/jobs/publisher.go:67.68,69.3 1 0
github.com/xdzczk/nostrmash/internal/jobs/publisher.go:71.2,82.16 2 0
github.com/xdzczk/nostrmash/internal/jobs/publisher.go:82.16,84.3 1 0
github.com/xdzczk/nostrmash/internal/jobs/publisher.go:85.2,85.12 1 0
github.com/xdzczk/nostrmash/internal/jobs/queue.go:62.42,64.2 1 2
github.com/xdzczk/nostrmash/internal/jobs/queue.go:66.90,68.15 2 4
github.com/xdzczk/nostrmash/internal/jobs/queue.go:68.15,70.3 1 4
github.com/xdzczk/nostrmash/internal/jobs/queue.go:71.2,71.31 1 4
github.com/xdzczk/nostrmash/internal/jobs/queue.go:71.31,73.3 1 0
github.com/xdzczk/nostrmash/internal/jobs/queue.go:74.2,75.19 2 4
github.com/xdzczk/nostrmash/internal/jobs/queue.go:75.19,77.3 1 0
github.com/xdzczk/nostrmash/internal/jobs/queue.go:79.2,80.23 2 4
github.com/xdzczk/nostrmash/internal/jobs/queue.go:80.23,82.3 1 0
github.com/xdzczk/nostrmash/internal/jobs/queue.go:84.2,85.22 2 4
github.com/xdzczk/nostrmash/internal/jobs/queue.go:85.22,87.3 1 0
github.com/xdzczk/nostrmash/internal/jobs/queue.go:89.2,90.23 2 4
github.com/xdzczk/nostrmash/internal/jobs/queue.go:90.23,92.3 1 0
github.com/xdzczk/nostrmash/internal/jobs/queue.go:94.2,96.15 3 4
github.com/xdzczk/nostrmash/internal/jobs/queue.go:96.15,98.3 1 0
github.com/xdzczk/nostrmash/internal/jobs/queue.go:100.2,116.16 3 4
github.com/xdzczk/nostrmash/internal/jobs/queue.go:116.16,118.3 1 0
github.com/xdzczk/nostrmash/internal/jobs/queue.go:119.2,119.17 1 4
github.com/xdzczk/nostrmash/internal/jobs/queue.go:122.104,124.15 2 7
github.com/xdzczk/nostrmash/internal/jobs/queue.go:124.15,126.3 1 7
github.com/xdzczk/nostrmash/internal/jobs/queue.go:127.2,127.31 1 7
github.com/xdzczk/nostrmash/internal/jobs/queue.go:127.31,129.3 1 0
github.com/xdzczk/nostrmash/internal/jobs/queue.go:130.2,131.20 2 7
github.com/xdzczk/nostrmash/internal/jobs/queue.go:131.20,133.3 1 0
github.com/xdzczk/nostrmash/internal/jobs/queue.go:134.2,134.16 1 7
github.com/xdzczk/nostrmash/internal/jobs/queue.go:134.16,136.3 1 0
github.com/xdzczk/nostrmash/internal/jobs/queue.go:138.2,139.16 2 7
github.com/xdzczk/nostrmash/internal/jobs/queue.go:139.16,141.3 1 0
github.com/xdzczk/nostrmash/internal/jobs/queue.go:142.2,142.15 1 7
github.com/xdzczk/nostrmash/internal/jobs/queue.go:142.15,142.39 1 7
github.com/xdzczk/nostrmash/internal/jobs/queue.go:144.2,175.16 2 7
github.com/xdzczk/nostrmash/internal/jobs/queue.go:175.16,177.3 1 0
github.com/xdzczk/nostrmash/internal/jobs/queue.go:178.2,181.18 3 7
github.com/xdzczk/nostrmash/internal/jobs/queue.go:181.18,183.17 2 5
github.com/xdzczk/nostrmash/internal/jobs/queue.go:183.17,185.4 1 0
github.com/xdzczk/nostrmash/internal/jobs/queue.go:186.3,186.25 1 5
github.com/xdzczk/nostrmash/internal/jobs/queue.go:188.2,188.35 1 7
github.com/xdzczk/nostrmash/internal/jobs/queue.go:188.35,190.3 1 0
github.com/xdzczk/nostrmash/internal/jobs/queue.go:192.2,192.39 1 7
github.com/xdzczk/nostrmash/internal/jobs/queue.go:192.39,194.3 1 0
github.com/xdzczk/nostrmash/internal/jobs/queue.go:195.2,195.17 1 7
github.com/xdzczk/nostrmash/internal/jobs/queue.go:198.92,200.15 2 0
github.com/xdzczk/nostrmash/internal/jobs/queue.go:200.15,202.3 1 0
github.com/xdzczk/nostrmash/internal/jobs/queue.go:203.2,203.31 1 0
github.com/xdzczk/nostrmash/internal/jobs/queue.go:203.31,205.3 1 0
github.com/xdzczk/nostrmash/internal/jobs/queue.go:206.2,207.20 2 0
github.com/xdzczk/nostrmash/internal/jobs/queue.go:207.20,209.3 1 0
github.com/xdzczk/nostrmash/internal/jobs/queue.go:211.2,227.16 2 0
github.com/xdzczk/nostrmash/internal/jobs/queue.go:227.16,229.3 1 0
github.com/xdzczk/nostrmash/internal/jobs/queue.go:230.2,230.29 1 0
github.com/xdzczk/nostrmash/internal/jobs/queue.go:230.29,232.3 1 0
github.com/xdzczk/nostrmash/internal/jobs/queue.go:233.2,233.12 1 0
github.com/xdzczk/nostrmash/internal/jobs/queue.go:242.37,245.15 3 2
github.com/xdzczk/nostrmash/internal/jobs/queue.go:245.15,247.3 1 2
github.com/xdzczk/nostrmash/internal/jobs/queue.go:248.2,248.31 1 2
github.com/xdzczk/nostrmash/internal/jobs/queue.go:248.31,250.3 1 0
github.com/xdzczk/nostrmash/internal/jobs/queue.go:251.2,252.20 2 2
github.com/xdzczk/nostrmash/internal/jobs/queue.go:252.20,254.3 1 0
github.com/xdzczk/nostrmash/internal/jobs/queue.go:255.2,256.21 2 2
github.com/xdzczk/nostrmash/internal/jobs/queue.go:256.21,258.3 1 0
github.com/xdzczk/nostrmash/internal/jobs/queue.go:259.2,259.20 1 2
github.com/xdzczk/nostrmash/internal/jobs/queue.go:259.20,261.3 1 0
github.com/xdzczk/nostrmash/internal/jobs/queue.go:263.2,264.16 2 2
github.com/xdzczk/nostrmash/internal/jobs/queue.go:264.16,266.3 1 0
github.com/xdzczk/nostrmash/internal/jobs/queue.go:267.2,267.15 1 2
github.com/xdzczk/nostrmash/internal/jobs/queue.go:267.15,267.39 1 2
github.com/xdzczk/nostrmash/internal/jobs/queue.go:269.2,283.16 4 2
github.com/xdzczk/nostrmash/internal/jobs/queue.go:283.16,284.36 1 0
github.com/xdzczk/nostrmash/internal/jobs/queue.go:284.36,286.4 1 0
github.com/xdzczk/nostrmash/internal/jobs/queue.go:287.3,287.63 1 0
github.com/xdzczk/nostrmash/internal/jobs/queue.go:290.2,293.33 4 2
github.com/xdzczk/nostrmash/internal/jobs/queue.go:293.33,296.3 2 1
github.com/xdzczk/nostrmash/internal/jobs/queue.go:298.2,315.16 2 2
github.com/xdzczk/nostrmash/internal/jobs/queue.go:315.16,317.3 1 0
github.com/xdzczk/nostrmash/internal/jobs/queue.go:319.2,319.39 1 2
github.com/xdzczk/nostrmash/internal/jobs/queue.go:319.39,321.3 1 0
github.com/xdzczk/nostrmash/internal/jobs/queue.go:323.2,327.8 1 2
github.com/xdzczk/nostrmash/internal/jobs/queue.go:330.76,331.31 1 1
github.com/xdzczk/nostrmash/internal/jobs/queue.go:331.31,333.3 1 0
github.com/xdzczk/nostrmash/internal/jobs/queue.go:335.2,344.16 3 1
github.com/xdzczk/nostrmash/internal/jobs/queue.go:344.16,345.36 1 0
github.com/xdzczk/nostrmash/internal/jobs/queue.go:345.36,347.4 1 0
github.com/xdzczk/nostrmash/internal/jobs/queue.go:348.3,348.51 1 0
github.com/xdzczk/nostrmash/internal/jobs/queue.go:350.2,350.17 1 1
github.com/xdzczk/nostrmash/internal/jobs/queue.go:357.47,359.16 2 5
github.com/xdzczk/nostrmash/internal/jobs/queue.go:359.16,361.3 1 0
github.com/xdzczk/nostrmash/internal/jobs/queue.go:362.2,362.18 1 5
github.com/xdzczk/nostrmash/internal/jobs/queue.go:365.43,383.16 4 10
github.com/xdzczk/nostrmash/internal/jobs/queue.go:383.16,385.3 1 0
github.com/xdzczk/nostrmash/internal/jobs/queue.go:386.2,387.17 2 10
github.com/xdzczk/nostrmash/internal/jobs/queue.go:390.43,391.16 1 13
github.com/xdzczk/nostrmash/internal/jobs/queue.go:391.16,393.3 1 13
github.com/xdzczk/nostrmash/internal/jobs/queue.go:394.2,394.36 1 0
github.com/xdzczk/nostrmash/internal/jobs/queue.go:394.36,396.3 1 0
github.com/xdzczk/nostrmash/internal/jobs/queue.go:397.2,397.33 1 0
github.com/xdzczk/nostrmash/internal/jobs/queue.go:397.33,399.3 1 0
github.com/xdzczk/nostrmash/internal/jobs/queue.go:400.2,400.16 1 0
github.com/xdzczk/nostrmash/internal/ingestor/live/checkpoint_tracker.go:49.31,50.18 1 2
github.com/xdzczk/nostrmash/internal/ingestor/live/checkpoint_tracker.go:50.18,52.3 1 0
github.com/xdzczk/nostrmash/internal/ingestor/live/checkpoint_tracker.go:53.2,54.23 2 2
github.com/xdzczk/nostrmash/internal/ingestor/live/checkpoint_tracker.go:54.23,56.3 1 0
github.com/xdzczk/nostrmash/internal/ingestor/live/checkpoint_tracker.go:57.2,57.21 1 2
github.com/xdzczk/nostrmash/internal/ingestor/live/checkpoint_tracker.go:57.21,59.3 1 0
github.com/xdzczk/nostrmash/internal/ingestor/live/checkpoint_tracker.go:60.2,60.16 1 2
github.com/xdzczk/nostrmash/internal/ingestor/live/checkpoint_tracker.go:60.16,62.3 1 0
github.com/xdzczk/nostrmash/internal/ingestor/live/checkpoint_tracker.go:63.2,70.8 1 2
github.com/xdzczk/nostrmash/internal/ingestor/live/checkpoint_tracker.go:78.9,80.20 2 0
github.com/xdzczk/nostrmash/internal/ingestor/live/checkpoint_tracker.go:80.20,82.3 1 0
github.com/xdzczk/nostrmash/internal/ingestor/live/checkpoint_tracker.go:83.2,84.19 2 0
github.com/xdzczk/nostrmash/internal/ingestor/live/checkpoint_tracker.go:84.19,86.3 1 0
github.com/xdzczk/nostrmash/internal/ingestor/live/checkpoint_tracker.go:87.2,91.74 4 0
github.com/xdzczk/nostrmash/internal/ingestor/live/checkpoint_tracker.go:91.74,93.3 1 0
github.com/xdzczk/nostrmash/internal/ingestor/live/checkpoint_tracker.go:94.2,94.19 1 0
github.com/xdzczk/nostrmash/internal/ingestor/live/checkpoint_tracker.go:94.19,96.3 1 0
github.com/xdzczk/nostrmash/internal/ingestor/live/checkpoint_tracker.go:97.2,105.18 8 0
github.com/xdzczk/nostrmash/internal/ingestor/live/checkpoint_tracker.go:105.18,107.3 1 0
github.com/xdzczk/nostrmash/internal/ingestor/live/checkpoint_tracker.go:108.2,108.36 1 0
github.com/xdzczk/nostrmash/internal/ingestor/live/checkpoint_tracker.go:116.9,118.20 2 6
github.com/xdzczk/nostrmash/internal/ingestor/live/checkpoint_tracker.go:118.20,120.3 1 0
github.com/xdzczk/nostrmash/internal/ingestor/live/checkpoint_tracker.go:121.2,127.36 6 6
github.com/xdzczk/nostrmash/internal/ingestor/live/checkpoint_tracker.go:127.36,129.3 1 2
github.com/xdzczk/nostrmash/internal/ingestor/live/checkpoint_tracker.go:130.2,130.33 1 6
github.com/xdzczk/nostrmash/internal/ingestor/live/checkpoint_tracker.go:130.33,132.3 1 1
github.com/xdzczk/nostrmash/internal/ingestor/live/checkpoint_tracker.go:133.2,133.107 1 6
github.com/xdzczk/nostrmash/internal/ingestor/live/checkpoint_tracker.go:133.107,135.3 1 2
github.com/xdzczk/nostrmash/internal/ingestor/live/checkpoint_tracker.go:136.2,137.21 2 6
github.com/xdzczk/nostrmash/internal/ingestor/live/checkpoint_tracker.go:137.21,140.3 2 5
github.com/xdzczk/nostrmash/internal/ingestor/live/checkpoint_tracker.go:140.8,143.3 2 1
github.com/xdzczk/nostrmash/internal/ingestor/live/checkpoint_tracker.go:144.2,148.36 4 6
github.com/xdzczk/nostrmash/internal/ingestor/live/checkpoint_tracker.go:151.84,153.20 2 6
github.com/xdzczk/nostrmash/internal/ingestor/live/checkpoint_tracker.go:153.20,155.3 1 0
github.com/xdzczk/nostrmash/internal/ingestor/live/checkpoint_tracker.go:157.2,159.18 3 6
github.com/xdzczk/nostrmash/internal/ingestor/live/checkpoint_tracker.go:159.18,162.3 2 0
github.com/xdzczk/nostrmash/internal/ingestor/live/checkpoint_tracker.go:163.2,166.70 3 6
github.com/xdzczk/nostrmash/internal/ingestor/live/checkpoint_tracker.go:166.70,168.3 1 0
github.com/xdzczk/nostrmash/internal/ingestor/live/checkpoint_tracker.go:170.2,173.59 4 6
github.com/xdzczk/nostrmash/internal/ingestor/live/checkpoint_tracker.go:173.59,175.3 1 6
github.com/xdzczk/nostrmash/internal/ingestor/live/checkpoint_tracker.go:176.2,177.12 2 6
github.com/xdzczk/nostrmash/internal/ingestor/live/checkpoint_tracker.go:180.65,183.34 3 0
github.com/xdzczk/nostrmash/internal/ingestor/live/checkpoint_tracker.go:183.34,185.3 1 0
github.com/xdzczk/nostrmash/internal/ingestor/live/checkpoint_tracker.go:186.2,189.34 3 0
github.com/xdzczk/nostrmash/internal/ingestor/live/checkpoint_tracker.go:189.34,190.53 1 0
github.com/xdzczk/nostrmash/internal/ingestor/live/checkpoint_tracker.go:190.53,192.23 2 0
github.com/xdzczk/nostrmash/internal/ingestor/live/checkpoint_tracker.go:192.23,194.5 1 0
github.com/xdzczk/nostrmash/internal/ingestor/live/checkpoint_tracker.go:197.2,197.17 1 0
github.com/xdzczk/nostrmash/internal/ingestor/live/checkpoint_tracker.go:200.91,201.42 1 18
github.com/xdzczk/nostrmash/internal/ingestor/live/checkpoint_tracker.go:201.42,203.3 1 16
github.com/xdzczk/nostrmash/internal/ingestor/live/checkpoint_tracker.go:205.2,217.35 2 2
github.com/xdzczk/nostrmash/internal/ingestor/live/checkpoint_tracker.go:217.35,219.3 1 0
github.com/xdzczk/nostrmash/internal/ingestor/live/checkpoint_tracker.go:220.2,222.14 3 2
github.com/xdzczk/nostrmash/internal/ingestor/live/checkpoint_tracker.go:225.34,228.2 2 1
github.com/xdzczk/nostrmash/internal/ingestor/live/checkpoint_tracker.go:230.31,233.2 2 0
github.com/xdzczk/nostrmash/internal/ingestor/live/checkpoint_tracker.go:235.38,238.2 2 4
github.com/xdzczk/nostrmash/internal/ingestor/live/checkpoint_tracker.go:240.52,241.15 1 6
github.com/xdzczk/nostrmash/internal/ingestor/live/checkpoint_tracker.go:242.46,243.33 1 2
github.com/xdzczk/nostrmash/internal/ingestor/live/checkpoint_tracker.go:244.29,245.36 1 2
github.com/xdzczk/nostrmash/internal/ingestor/live/checkpoint_tracker.go:246.29,247.36 1 0
github.com/xdzczk/nostrmash/internal/ingestor/live/checkpoint_tracker.go:248.26,249.33 1 1
github.com/xdzczk/nostrmash/internal/ingestor/live/checkpoint_tracker.go:250.31,251.38 1 1
github.com/xdzczk/nostrmash/internal/ingestor/live/checkpoint_tracker.go:252.27,253.38 1 0
github.com/xdzczk/nostrmash/internal/ingestor/live/checkpoint_tracker.go:254.10,255.23 1 0
[...]
github.com/xdzczk/nostrmash/internal/api_primal/primal_thread.go:166.31,168.17 2 5
github.com/xdzczk/nostrmash/internal/api_primal/primal_thread.go:168.17,169.12 1 0
github.com/xdzczk/nostrmash/internal/api_primal/primal_thread.go:171.3,171.42 1 5
github.com/xdzczk/nostrmash/internal/api_primal/primal_thread.go:173.2,173.12 1 8
github.com/xdzczk/nostrmash/internal/api_primal/primal_thread.go:176.67,181.54 2 2
github.com/xdzczk/nostrmash/internal/api_primal/primal_thread.go:181.54,183.3 1 0
github.com/xdzczk/nostrmash/internal/api_primal/primal_thread.go:184.2,185.22 2 2
github.com/xdzczk/nostrmash/internal/api_primal/primal_thread.go:185.22,187.3 1 0
github.com/xdzczk/nostrmash/internal/api_primal/primal_thread.go:188.2,188.44 1 2
github.com/xdzczk/nostrmash/internal/api_primal/primal_thread.go:191.97,195.8 2 8
github.com/xdzczk/nostrmash/internal/api_primal/primal_thread.go:195.8,198.3 2 8
github.com/xdzczk/nostrmash/internal/api_primal/primal_thread.go:199.2,204.3 3 8
github.com/xdzczk/nostrmash/internal/api_primal/primal_thread.go:207.80,215.31 4 1
github.com/xdzczk/nostrmash/internal/api_primal/primal_thread.go:215.31,217.10 2 2
github.com/xdzczk/nostrmash/internal/api_primal/primal_thread.go:217.10,218.12 1 0
github.com/xdzczk/nostrmash/internal/api_primal/primal_thread.go:220.3,220.36 1 2
github.com/xdzczk/nostrmash/internal/api_primal/primal_thread.go:220.36,221.12 1 0
github.com/xdzczk/nostrmash/internal/api_primal/primal_thread.go:223.3,228.5 2 2
github.com/xdzczk/nostrmash/internal/api_primal/primal_thread.go:230.2,230.48 1 1
github.com/xdzczk/nostrmash/internal/api_primal/primal_thread.go:230.48,231.51 1 1
github.com/xdzczk/nostrmash/internal/api_primal/primal_thread.go:231.51,233.4 1 0
github.com/xdzczk/nostrmash/internal/api_primal/primal_thread.go:234.3,234.53 1 1
github.com/xdzczk/nostrmash/internal/api_primal/primal_thread.go:236.2,236.39 1 1
github.com/xdzczk/nostrmash/internal/api_primal/primal_thread.go:236.39,238.3 1 0
github.com/xdzczk/nostrmash/internal/api_primal/primal_thread.go:239.2,240.31 2 1
github.com/xdzczk/nostrmash/internal/api_primal/primal_thread.go:240.31,242.3 1 2
github.com/xdzczk/nostrmash/internal/api_primal/primal_thread.go:243.2,243.12 1 1
github.com/xdzczk/nostrmash/internal/api_primal/thread_view_response.go:13.18,14.23 1 4
github.com/xdzczk/nostrmash/internal/api_primal/thread_view_response.go:14.23,16.3 1 0
github.com/xdzczk/nostrmash/internal/api_primal/thread_view_response.go:17.2,25.3 1 4
github.com/xdzczk/nostrmash/internal/api_primal/ws_frames.go:9.49,11.54 2 95
github.com/xdzczk/nostrmash/internal/api_primal/ws_frames.go:11.54,13.3 1 2
github.com/xdzczk/nostrmash/internal/api_primal/ws_frames.go:14.2,14.17 1 93
github.com/xdzczk/nostrmash/internal/api_primal/ws_frames.go:17.56,19.16 2 249
github.com/xdzczk/nostrmash/internal/api_primal/ws_frames.go:19.16,21.3 1 0
github.com/xdzczk/nostrmash/internal/api_primal/ws_frames.go:22.2,22.54 1 249
github.com/xdzczk/nostrmash/internal/api_primal/ws_gateway.go:54.72,55.32 1 53
github.com/xdzczk/nostrmash/internal/api_primal/ws_gateway.go:55.32,57.3 1 52
github.com/xdzczk/nostrmash/internal/api_primal/ws_gateway.go:58.2,58.30 1 53
github.com/xdzczk/nostrmash/internal/api_primal/ws_gateway.go:58.30,60.3 1 53
github.com/xdzczk/nostrmash/internal/api_primal/ws_gateway.go:61.2,61.31 1 53
github.com/xdzczk/nostrmash/internal/api_primal/ws_gateway.go:61.31,63.3 1 53
github.com/xdzczk/nostrmash/internal/api_primal/ws_gateway.go:64.2,64.31 1 53
github.com/xdzczk/nostrmash/internal/api_primal/ws_gateway.go:64.31,66.3 1 51
github.com/xdzczk/nostrmash/internal/api_primal/ws_gateway.go:67.2,67.33 1 53
github.com/xdzczk/nostrmash/internal/api_primal/ws_gateway.go:67.33,69.3 1 52
github.com/xdzczk/nostrmash/internal/api_primal/ws_gateway.go:70.2,71.18 2 53
github.com/xdzczk/nostrmash/internal/api_primal/ws_gateway.go:71.18,73.3 1 53
github.com/xdzczk/nostrmash/internal/api_primal/ws_gateway.go:74.2,77.44 1 53
github.com/xdzczk/nostrmash/internal/api_primal/ws_gateway.go:77.44,77.75 1 55
github.com/xdzczk/nostrmash/internal/api_primal/ws_gateway.go:84.67,85.15 1 55
github.com/xdzczk/nostrmash/internal/api_primal/ws_gateway.go:85.15,86.47 1 55
github.com/xdzczk/nostrmash/internal/api_primal/ws_gateway.go:86.47,90.4 3 0
github.com/xdzczk/nostrmash/internal/api_primal/ws_gateway.go:92.2,93.16 2 55
github.com/xdzczk/nostrmash/internal/api_primal/ws_gateway.go:93.16,95.3 1 1
github.com/xdzczk/nostrmash/internal/api_primal/ws_gateway.go:96.2,96.18 1 54
github.com/xdzczk/nostrmash/internal/api_primal/ws_request.go:13.118,15.36 2 84
github.com/xdzczk/nostrmash/internal/api_primal/ws_request.go:15.36,22.35 4 84
github.com/xdzczk/nostrmash/internal/api_primal/ws_request.go:22.35,27.9 5 0
github.com/xdzczk/nostrmash/internal/api_primal/ws_request.go:29.3,30.10 2 84
github.com/xdzczk/nostrmash/internal/api_primal/ws_request.go:30.10,35.12 5 0
github.com/xdzczk/nostrmash/internal/api_primal/ws_request.go:37.3,39.17 3 84
github.com/xdzczk/nostrmash/internal/api_primal/ws_request.go:39.17,40.84 1 9
github.com/xdzczk/nostrmash/internal/api_primal/ws_request.go:40.84,45.10 5 0
github.com/xdzczk/nostrmash/internal/api_primal/ws_request.go:47.4,51.12 5 9
github.com/xdzczk/nostrmash/internal/api_primal/ws_request.go:53.3,55.37 3 75
github.com/xdzczk/nostrmash/internal/api_primal/ws_request.go:55.37,57.4 1 147
github.com/xdzczk/nostrmash/internal/api_primal/ws_request.go:58.3,58.16 1 75
github.com/xdzczk/nostrmash/internal/api_primal/ws_request.go:60.2,60.15 1 84
github.com/xdzczk/nostrmash/internal/api_primal/ws_request.go:63.93,64.41 1 84
github.com/xdzczk/nostrmash/internal/api_primal/ws_request.go:64.41,66.33 2 83
github.com/xdzczk/nostrmash/internal/api_primal/ws_request.go:66.33,68.4 1 0
github.com/xdzczk/nostrmash/internal/api_primal/ws_request.go:69.3,71.25 3 83
github.com/xdzczk/nostrmash/internal/api_primal/ws_request.go:71.25,72.50 1 80
github.com/xdzczk/nostrmash/internal/api_primal/ws_request.go:72.50,74.5 1 80
github.com/xdzczk/nostrmash/internal/api_primal/ws_request.go:76.3,76.51 1 83
github.com/xdzczk/nostrmash/internal/api_primal/ws_request.go:78.2,78.37 1 1
github.com/xdzczk/nostrmash/internal/api_primal/ws_request.go:78.37,81.17 3 0
github.com/xdzczk/nostrmash/internal/api_primal/ws_request.go:81.17,83.4 1 0
github.com/xdzczk/nostrmash/internal/api_primal/ws_request.go:84.3,85.26 2 0
github.com/xdzczk/nostrmash/internal/api_primal/ws_request.go:85.26,86.32 1 0
github.com/xdzczk/nostrmash/internal/api_primal/ws_request.go:86.32,88.5 1 0
github.com/xdzczk/nostrmash/internal/api_primal/ws_request.go:90.3,90.18 1 0
github.com/xdzczk/nostrmash/internal/api_primal/ws_request.go:92.2,92.49 1 1
github.com/xdzczk/nostrmash/internal/api_primal/ws_request.go:92.49,95.3 2 1
github.com/xdzczk/nostrmash/internal/api_primal/ws_request.go:96.2,96.39 1 0
github.com/xdzczk/nostrmash/internal/api_primal/ws_request.go:99.58,100.41 1 84
github.com/xdzczk/nostrmash/internal/api_primal/ws_request.go:100.41,102.33 2 83
github.com/xdzczk/nostrmash/internal/api_primal/ws_request.go:102.33,104.4 1 0
github.com/xdzczk/nostrmash/internal/api_primal/ws_request.go:105.3,105.44 1 83
github.com/xdzczk/nostrmash/internal/api_primal/ws_request.go:105.44,107.18 2 83
github.com/xdzczk/nostrmash/internal/api_primal/ws_request.go:107.18,109.5 1 83
github.com/xdzczk/nostrmash/internal/api_primal/ws_request.go:111.3,111.17 1 0
github.com/xdzczk/nostrmash/internal/api_primal/ws_request.go:113.2,113.32 1 1
github.com/xdzczk/nostrmash/internal/api_primal/ws_request.go:113.32,115.3 1 0
github.com/xdzczk/nostrmash/internal/api_primal/ws_request.go:116.2,116.35 1 1
github.com/xdzczk/nostrmash/internal/api_primal/ws_request.go:116.35,118.3 1 1
github.com/xdzczk/nostrmash/internal/api_primal/ws_request.go:119.2,119.34 1 0
github.com/xdzczk/nostrmash/internal/api_primal/ws_request.go:119.34,121.3 1 0
github.com/xdzczk/nostrmash/internal/api_primal/ws_request.go:122.2,122.34 1 0
github.com/xdzczk/nostrmash/internal/api_primal/ws_request.go:122.34,124.3 1 0
github.com/xdzczk/nostrmash/internal/api_primal/ws_request.go:125.2,125.18 1 0
github.com/xdzczk/nostrmash/internal/api_primal/ws_session.go:16.63,18.18 2 55
github.com/xdzczk/nostrmash/internal/api_primal/ws_session.go:18.18,21.3 1 53
github.com/xdzczk/nostrmash/internal/api_primal/ws_session.go:22.2,22.25 1 2
github.com/xdzczk/nostrmash/internal/api_primal/ws_session.go:22.25,24.3 1 0
github.com/xdzczk/nostrmash/internal/api_primal/ws_session.go:25.2,25.35 1 2
github.com/xdzczk/nostrmash/internal/api_primal/ws_session.go:25.35,27.3 1 0
github.com/xdzczk/nostrmash/internal/api_primal/ws_session.go:28.2,29.72 2 2
github.com/xdzczk/nostrmash/internal/api_primal/ws_session.go:29.72,31.3 1 0
github.com/xdzczk/nostrmash/internal/api_primal/ws_session.go:32.2,33.46 2 2
github.com/xdzczk/nostrmash/internal/api_primal/ws_session.go:33.46,35.20 2 2
github.com/xdzczk/nostrmash/internal/api_primal/ws_session.go:35.20,36.12 1 0
github.com/xdzczk/nostrmash/internal/api_primal/ws_session.go:38.3,38.51 1 2
github.com/xdzczk/nostrmash/internal/api_primal/ws_session.go:38.51,40.4 1 1
github.com/xdzczk/nostrmash/internal/api_primal/ws_session.go:42.2,42.14 1 1
github.com/xdzczk/nostrmash/internal/api_primal/ws_session.go:45.65,64.37 17 54
github.com/xdzczk/nostrmash/internal/api_primal/ws_session.go:64.37,68.3 3 249
github.com/xdzczk/nostrmash/internal/api_primal/ws_session.go:70.2,70.12 1 54
github.com/xdzczk/nostrmash/internal/api_primal/ws_session.go:70.12,71.16 1 54
github.com/xdzczk/nostrmash/internal/api_primal/ws_session.go:71.16,72.48 1 54
github.com/xdzczk/nostrmash/internal/api_primal/ws_session.go:72.48,76.5 3 0
github.com/xdzczk/nostrmash/internal/api_primal/ws_session.go:78.3,80.7 3 54
github.com/xdzczk/nostrmash/internal/api_primal/ws_session.go:80.7,81.11 1 56
github.com/xdzczk/nostrmash/internal/api_primal/ws_session.go:82.16,83.11 1 54
github.com/xdzczk/nostrmash/internal/api_primal/ws_session.go:84.20,87.45 3 2
github.com/xdzczk/nostrmash/internal/api_primal/ws_session.go:87.45,89.6 1 2
github.com/xdzczk/nostrmash/internal/api_primal/ws_session.go:90.5,91.34 2 2
github.com/xdzczk/nostrmash/internal/api_primal/ws_session.go:91.34,93.20 2 2
github.com/xdzczk/nostrmash/internal/api_primal/ws_session.go:93.20,94.15 1 0
github.com/xdzczk/nostrmash/internal/api_primal/ws_session.go:96.6,96.45 1 2
github.com/xdzczk/nostrmash/internal/api_primal/ws_session.go:96.45,98.7 1 0
github.com/xdzczk/nostrmash/internal/api_primal/ws_session.go:104.2,104.6 1 54
github.com/xdzczk/nostrmash/internal/api_primal/ws_session.go:104.6,106.17 2 145
github.com/xdzczk/nostrmash/internal/api_primal/ws_session.go:106.17,108.4 1 54
github.com/xdzczk/nostrmash/internal/api_primal/ws_session.go:109.3,110.17 2 91
github.com/xdzczk/nostrmash/internal/api_primal/ws_session.go:110.17,112.12 2 0
github.com/xdzczk/nostrmash/internal/api_primal/ws_session.go:114.3,114.19 1 91
github.com/xdzczk/nostrmash/internal/api_primal/ws_session.go:114.19,116.12 2 0
github.com/xdzczk/nostrmash/internal/api_primal/ws_session.go:118.3,121.15 4 91
github.com/xdzczk/nostrmash/internal/api_primal/ws_session.go:122.14,123.20 1 89
github.com/xdzczk/nostrmash/internal/api_primal/ws_session.go:123.20,127.13 4 0
github.com/xdzczk/nostrmash/internal/api_primal/ws_session.go:129.4,130.45 2 89
github.com/xdzczk/nostrmash/internal/api_primal/ws_session.go:130.45,134.5 3 0
github.com/xdzczk/nostrmash/internal/api_primal/ws_session.go:135.4,136.44 2 89
github.com/xdzczk/nostrmash/internal/api_primal/ws_session.go:136.44,140.13 4 1
github.com/xdzczk/nostrmash/internal/api_primal/ws_session.go:143.4,143.40 1 88
github.com/xdzczk/nostrmash/internal/api_primal/ws_session.go:143.40,145.49 2 17
github.com/xdzczk/nostrmash/internal/api_primal/ws_session.go:145.49,149.14 4 1
github.com/xdzczk/nostrmash/internal/api_primal/ws_session.go:153.4,154.53 2 87
github.com/xdzczk/nostrmash/internal/api_primal/ws_session.go:154.53,159.13 5 0
github.com/xdzczk/nostrmash/internal/api_primal/ws_session.go:161.4,163.99 3 87
github.com/xdzczk/nostrmash/internal/api_primal/ws_session.go:163.99,168.13 5 3
github.com/xdzczk/nostrmash/internal/api_primal/ws_session.go:170.4,173.33 4 84
github.com/xdzczk/nostrmash/internal/api_primal/ws_session.go:173.33,174.44 1 156
github.com/xdzczk/nostrmash/internal/api_primal/ws_session.go:174.44,176.6 1 0
github.com/xdzczk/nostrmash/internal/api_primal/ws_session.go:178.4,179.66 2 84
github.com/xdzczk/nostrmash/internal/api_primal/ws_session.go:179.66,183.13 4 0
github.com/xdzczk/nostrmash/internal/api_primal/ws_session.go:185.4,188.15 4 84
github.com/xdzczk/nostrmash/internal/api_primal/ws_session.go:189.16,194.77 5 2
github.com/xdzczk/nostrmash/internal/api_primal/ws_session.go:195.11,197.67 2 0
github.com/xdzczk/nostrmash/internal/logging/logging.go:14.39,16.32 2 0
github.com/xdzczk/nostrmash/internal/logging/logging.go:17.15,18.26 1 0
github.com/xdzczk/nostrmash/internal/logging/logging.go:19.14,20.25 1 0
github.com/xdzczk/nostrmash/internal/logging/logging.go:21.15,22.26 1 0
github.com/xdzczk/nostrmash/internal/logging/logging.go:24.2,25.45 2 0
github.com/xdzczk/nostrmash/internal/logging/logging.go:29.72,30.64 1 0
github.com/xdzczk/nostrmash/internal/logging/logging.go:30.64,32.3 1 0
github.com/xdzczk/nostrmash/internal/logging/logging.go:33.2,33.12 1 0
github.com/xdzczk/nostrmash/internal/logging/logging.go:37.75,39.2 1 0
github.com/xdzczk/nostrmash/internal/logging/logging.go:42.55,43.52 1 0
github.com/xdzczk/nostrmash/internal/logging/logging.go:43.52,45.3 1 0
github.com/xdzczk/nostrmash/internal/logging/logging.go:46.2,46.11 1 0
github.com/xdzczk/nostrmash/internal/store/traceutil/trace.go:25.72,25.86 1 0
github.com/xdzczk/nostrmash/internal/store/traceutil/trace.go:39.33,41.2 1 0
github.com/xdzczk/nostrmash/internal/store/traceutil/trace.go:45.92,48.17 3 0
github.com/xdzczk/nostrmash/internal/store/traceutil/trace.go:48.17,50.3 1 0
github.com/xdzczk/nostrmash/internal/store/traceutil/trace.go:51.2,57.28 3 0
github.com/xdzczk/nostrmash/internal/store/traceutil/trace.go:57.28,60.3 2 0
github.com/xdzczk/nostrmash/internal/store/traceutil/trace.go:62.2,76.16 2 0
github.com/xdzczk/nostrmash/internal/store/traceutil/trace.go:76.16,78.3 1 0
github.com/xdzczk/nostrmash/internal/store/traceutil/trace.go:80.2,81.16 2 0
github.com/xdzczk/nostrmash/internal/store/traceutil/trace.go:81.16,83.3 1 0
github.com/xdzczk/nostrmash/internal/store/traceutil/trace.go:84.2,90.12 4 0
github.com/xdzczk/nostrmash/internal/store/traceutil/trace.go:93.42,95.2 1 0
github.com/xdzczk/nostrmash/internal/store/traceutil/trace.go:97.90,99.16 2 0
github.com/xdzczk/nostrmash/internal/store/traceutil/trace.go:99.16,101.3 1 0
github.com/xdzczk/nostrmash/internal/store/traceutil/trace.go:102.2,104.31 3 0
github.com/xdzczk/nostrmash/internal/store/traceutil/trace.go:107.82,108.19 1 0
github.com/xdzczk/nostrmash/internal/store/traceutil/trace.go:108.19,110.3 1 0
github.com/xdzczk/nostrmash/internal/store/traceutil/trace.go:111.2,111.84 1 0
github.com/xdzczk/nostrmash/internal/store/traceutil/trace.go:114.42,115.16 1 0
github.com/xdzczk/nostrmash/internal/store/traceutil/trace.go:115.16,117.3 1 0
github.com/xdzczk/nostrmash/internal/store/traceutil/trace.go:118.2,119.24 2 0
github.com/xdzczk/nostrmash/internal/store/traceutil/trace.go:119.24,121.3 1 0
github.com/xdzczk/nostrmash/internal/store/traceutil/trace.go:122.2,122.35 1 0
github.com/xdzczk/nostrmash/internal/store/traceutil/trace.go:125.31,126.31 1 0
github.com/xdzczk/nostrmash/internal/store/traceutil/trace.go:126.31,128.3 1 0
github.com/xdzczk/nostrmash/internal/store/traceutil/trace.go:129.2,129.16 1 0
github.com/xdzczk/nostrmash/internal/store/traceutil/trace.go:129.16,132.3 2 0
github.com/xdzczk/nostrmash/internal/store/traceutil/trace.go:133.2,133.14 1 0
github.com/xdzczk/nostrmash/internal/store/traceutil/trace.go:136.53,138.29 2 0
github.com/xdzczk/nostrmash/internal/store/traceutil/trace.go:138.29,140.16 2 0
github.com/xdzczk/nostrmash/internal/store/traceutil/trace.go:140.16,141.12 1 0
github.com/xdzczk/nostrmash/internal/store/traceutil/trace.go:143.3,143.74 1 0
github.com/xdzczk/nostrmash/internal/store/traceutil/trace.go:145.2,145.12 1 0
github.com/xdzczk/nostrmash/internal/store/traceutil/trace.go:148.33,150.18 2 0
github.com/xdzczk/nostrmash/internal/store/traceutil/trace.go:151.14,152.15 1 0
github.com/xdzczk/nostrmash/internal/store/traceutil/trace.go:153.14,154.14 1 0
github.com/xdzczk/nostrmash/internal/store/traceutil/trace.go:156.2,156.74 1 0
github.com/xdzczk/nostrmash/internal/testutil/dbtest/dbtest.go:16.57,23.39 3 0
github.com/xdzczk/nostrmash/internal/testutil/dbtest/dbtest.go:23.39,24.41 1 0
github.com/xdzczk/nostrmash/internal/testutil/dbtest/dbtest.go:24.41,25.12 1 0
github.com/xdzczk/nostrmash/internal/testutil/dbtest/dbtest.go:27.3,27.19 1 0
github.com/xdzczk/nostrmash/internal/testutil/dbtest/dbtest.go:30.2,31.11 2 0
github.com/xdzczk/nostrmash/internal/testutil/dbtest/dbtest.go:35.99,39.16 3 0
github.com/xdzczk/nostrmash/internal/testutil/dbtest/dbtest.go:39.16,41.3 1 0
github.com/xdzczk/nostrmash/internal/testutil/dbtest/dbtest.go:43.2,45.94 3 0
github.com/xdzczk/nostrmash/internal/testutil/dbtest/dbtest.go:45.94,48.3 2 0
github.com/xdzczk/nostrmash/internal/testutil/dbtest/dbtest.go:50.2,51.16 2 0
github.com/xdzczk/nostrmash/internal/testutil/dbtest/dbtest.go:51.16,54.3 2 0
github.com/xdzczk/nostrmash/internal/testutil/dbtest/dbtest.go:55.2,55.41 1 0
github.com/xdzczk/nostrmash/internal/testutil/dbtest/dbtest.go:55.41,57.3 1 0
github.com/xdzczk/nostrmash/internal/testutil/dbtest/dbtest.go:58.2,61.16 3 0
github.com/xdzczk/nostrmash/internal/testutil/dbtest/dbtest.go:61.16,64.3 2 0
github.com/xdzczk/nostrmash/internal/testutil/dbtest/dbtest.go:66.2,66.19 1 0
github.com/xdzczk/nostrmash/internal/testutil/dbtest/dbtest.go:66.19,70.3 3 0
github.com/xdzczk/nostrmash/internal/testutil/dbtest/dbtest.go:72.2,72.13 1 0
github.com/xdzczk/nostrmash/cmd/configdoc/main.go:14.13,20.12 5 0
github.com/xdzczk/nostrmash/cmd/configdoc/main.go:20.12,22.17 2 0
github.com/xdzczk/nostrmash/cmd/configdoc/main.go:22.17,24.4 1 0
github.com/xdzczk/nostrmash/cmd/configdoc/main.go:25.3,25.38 1 0
github.com/xdzczk/nostrmash/cmd/configdoc/main.go:25.38,27.4 1 0
github.com/xdzczk/nostrmash/cmd/configdoc/main.go:28.3,29.9 2 0
github.com/xdzczk/nostrmash/cmd/configdoc/main.go:31.2,31.63 1 0
github.com/xdzczk/nostrmash/cmd/configdoc/main.go:31.63,33.3 1 0
github.com/xdzczk/nostrmash/cmd/rulecheck/main.go:10.13,16.29 3 0
github.com/xdzczk/nostrmash/cmd/rulecheck/main.go:16.29,17.52 1 0
github.com/xdzczk/nostrmash/cmd/rulecheck/main.go:17.52,19.29 2 0
github.com/xdzczk/nostrmash/cmd/rulecheck/main.go:19.29,21.5 1 0
github.com/xdzczk/nostrmash/cmd/rulecheck/main.go:24.2,24.12 1 0
github.com/xdzczk/nostrmash/cmd/rulecheck/main.go:24.12,26.3 1 0
github.com/xdzczk/nostrmash/cmd/rulecheck/main.go:44.44,46.16 2 0
github.com/xdzczk/nostrmash/cmd/rulecheck/main.go:46.16,48.3 1 0
github.com/xdzczk/nostrmash/cmd/rulecheck/main.go:49.2,50.53 2 0
github.com/xdzczk/nostrmash/cmd/rulecheck/main.go:50.53,52.3 1 0
github.com/xdzczk/nostrmash/cmd/rulecheck/main.go:53.2,53.29 1 0
github.com/xdzczk/nostrmash/cmd/rulecheck/main.go:53.29,55.3 1 0
github.com/xdzczk/nostrmash/cmd/rulecheck/main.go:56.2,57.39 2 0
github.com/xdzczk/nostrmash/cmd/rulecheck/main.go:57.39,58.23 1 0
github.com/xdzczk/nostrmash/cmd/rulecheck/main.go:58.23,60.4 1 0
github.com/xdzczk/nostrmash/cmd/rulecheck/main.go:61.3,61.28 1 0
github.com/xdzczk/nostrmash/cmd/rulecheck/main.go:61.28,63.12 2 0
github.com/xdzczk/nostrmash/cmd/rulecheck/main.go:65.3,65.37 1 0
github.com/xdzczk/nostrmash/cmd/rulecheck/main.go:65.37,66.45 1 0
github.com/xdzczk/nostrmash/cmd/rulecheck/main.go:66.45,68.5 1 0
github.com/xdzczk/nostrmash/cmd/rulecheck/main.go:69.4,69.23 1 0
github.com/xdzczk/nostrmash/cmd/rulecheck/main.go:69.23,71.5 1 0
github.com/xdzczk/nostrmash/cmd/rulecheck/main.go:74.2,74.13 1 0
