mode: atomic
github.com/xdzczk/nostrmash/internal/nostr/types.go:55.42,56.14 1 0
github.com/xdzczk/nostrmash/internal/nostr/types.go:56.14,58.3 1 0
github.com/xdzczk/nostrmash/internal/nostr/types.go:59.2,59.42 1 0
github.com/xdzczk/nostrmash/internal/nostr/types.go:70.40,72.2 1 1
github.com/xdzczk/nostrmash/internal/nostr/types.go:82.41,83.28 1 10
github.com/xdzczk/nostrmash/internal/nostr/types.go:83.28,85.3 1 9
github.com/xdzczk/nostrmash/internal/nostr/types.go:86.2,86.28 1 10
github.com/xdzczk/nostrmash/internal/nostr/types.go:86.28,88.3 1 9
github.com/xdzczk/nostrmash/internal/nostr/types.go:89.2,89.10 1 10
github.com/xdzczk/nostrmash/internal/nostr/validator.go:14.73,17.23 2 10
github.com/xdzczk/nostrmash/internal/nostr/validator.go:17.23,25.3 1 0
github.com/xdzczk/nostrmash/internal/nostr/validator.go:26.2,26.41 1 10
github.com/xdzczk/nostrmash/internal/nostr/validator.go:26.41,34.3 1 1
github.com/xdzczk/nostrmash/internal/nostr/validator.go:36.2,37.26 2 9
github.com/xdzczk/nostrmash/internal/nostr/validator.go:37.26,45.3 1 1
github.com/xdzczk/nostrmash/internal/nostr/validator.go:47.2,48.57 2 8
github.com/xdzczk/nostrmash/internal/nostr/validator.go:48.57,56.3 1 1
github.com/xdzczk/nostrmash/internal/nostr/validator.go:59.2,61.95 2 7
github.com/xdzczk/nostrmash/internal/nostr/validator.go:61.95,62.32 1 49
github.com/xdzczk/nostrmash/internal/nostr/validator.go:62.32,71.4 1 1
github.com/xdzczk/nostrmash/internal/nostr/validator.go:74.2,75.16 2 6
github.com/xdzczk/nostrmash/internal/nostr/validator.go:75.16,80.3 1 2
github.com/xdzczk/nostrmash/internal/nostr/validator.go:82.2,82.47 1 4
github.com/xdzczk/nostrmash/internal/nostr/validator.go:82.47,87.3 1 1
github.com/xdzczk/nostrmash/internal/nostr/validator.go:89.2,89.56 1 3
github.com/xdzczk/nostrmash/internal/nostr/validator.go:89.56,94.3 1 2
github.com/xdzczk/nostrmash/internal/nostr/validator.go:96.2,99.3 1 1
github.com/xdzczk/nostrmash/internal/nostr/validator.go:102.83,104.16 2 6
github.com/xdzczk/nostrmash/internal/nostr/validator.go:104.16,106.3 1 0
github.com/xdzczk/nostrmash/internal/nostr/validator.go:107.2,108.16 2 6
github.com/xdzczk/nostrmash/internal/nostr/validator.go:108.16,110.3 1 0
github.com/xdzczk/nostrmash/internal/nostr/validator.go:111.2,112.16 2 6
github.com/xdzczk/nostrmash/internal/nostr/validator.go:112.16,114.3 1 0
github.com/xdzczk/nostrmash/internal/nostr/validator.go:115.2,116.16 2 6
github.com/xdzczk/nostrmash/internal/nostr/validator.go:116.16,118.3 1 1
github.com/xdzczk/nostrmash/internal/nostr/validator.go:119.2,120.16 2 5
github.com/xdzczk/nostrmash/internal/nostr/validator.go:120.16,122.3 1 0
github.com/xdzczk/nostrmash/internal/nostr/validator.go:123.2,124.16 2 5
github.com/xdzczk/nostrmash/internal/nostr/validator.go:124.16,126.3 1 0
github.com/xdzczk/nostrmash/internal/nostr/validator.go:127.2,128.16 2 5
github.com/xdzczk/nostrmash/internal/nostr/validator.go:128.16,130.3 1 0
github.com/xdzczk/nostrmash/internal/nostr/validator.go:132.2,132.9 1 5
github.com/xdzczk/nostrmash/internal/nostr/validator.go:133.27,138.4 1 0
github.com/xdzczk/nostrmash/internal/nostr/validator.go:139.31,144.4 1 0
github.com/xdzczk/nostrmash/internal/nostr/validator.go:145.29,150.4 1 0
github.com/xdzczk/nostrmash/internal/nostr/validator.go:151.21,156.4 1 0
github.com/xdzczk/nostrmash/internal/nostr/validator.go:157.16,162.4 1 0
github.com/xdzczk/nostrmash/internal/nostr/validator.go:163.20,168.4 1 0
github.com/xdzczk/nostrmash/internal/nostr/validator.go:171.2,179.25 2 5
github.com/xdzczk/nostrmash/internal/nostr/validator.go:179.25,185.3 1 0
github.com/xdzczk/nostrmash/internal/nostr/validator.go:186.2,188.22 3 5
github.com/xdzczk/nostrmash/internal/nostr/validator.go:188.22,194.3 1 1
github.com/xdzczk/nostrmash/internal/nostr/validator.go:196.2,204.8 1 4
github.com/xdzczk/nostrmash/internal/nostr/validator.go:207.53,213.16 5 4
github.com/xdzczk/nostrmash/internal/nostr/validator.go:213.16,219.3 1 0
github.com/xdzczk/nostrmash/internal/nostr/validator.go:220.2,221.16 2 4
github.com/xdzczk/nostrmash/internal/nostr/validator.go:221.16,227.3 1 0
github.com/xdzczk/nostrmash/internal/nostr/validator.go:228.2,228.40 1 4
github.com/xdzczk/nostrmash/internal/nostr/validator.go:228.40,234.3 1 1
github.com/xdzczk/nostrmash/internal/nostr/validator.go:235.2,235.12 1 3
github.com/xdzczk/nostrmash/internal/nostr/validator.go:238.70,239.47 1 3
github.com/xdzczk/nostrmash/internal/nostr/validator.go:239.47,245.3 1 1
github.com/xdzczk/nostrmash/internal/nostr/validator.go:247.2,247.42 1 2
github.com/xdzczk/nostrmash/internal/nostr/validator.go:247.42,249.54 2 33
github.com/xdzczk/nostrmash/internal/nostr/validator.go:249.54,255.4 1 1
github.com/xdzczk/nostrmash/internal/nostr/validator.go:257.2,257.12 1 1
github.com/xdzczk/nostrmash/internal/nostr/validator.go:260.98,262.61 2 22
github.com/xdzczk/nostrmash/internal/nostr/validator.go:262.61,268.3 1 0
github.com/xdzczk/nostrmash/internal/nostr/validator.go:269.2,269.19 1 22
github.com/xdzczk/nostrmash/internal/nostr/validator.go:272.96,274.61 2 6
github.com/xdzczk/nostrmash/internal/nostr/validator.go:274.61,280.3 1 0
github.com/xdzczk/nostrmash/internal/nostr/validator.go:281.2,281.19 1 6
github.com/xdzczk/nostrmash/internal/nostr/validator.go:284.92,286.61 2 6
github.com/xdzczk/nostrmash/internal/nostr/validator.go:286.61,292.3 1 1
github.com/xdzczk/nostrmash/internal/nostr/validator.go:293.2,293.19 1 5
github.com/xdzczk/nostrmash/internal/nostr/validator.go:296.68,298.51 2 5
github.com/xdzczk/nostrmash/internal/nostr/validator.go:298.51,304.3 1 0
github.com/xdzczk/nostrmash/internal/nostr/validator.go:306.2,307.30 2 5
github.com/xdzczk/nostrmash/internal/nostr/validator.go:307.30,309.57 2 9
github.com/xdzczk/nostrmash/internal/nostr/validator.go:309.57,315.4 1 0
github.com/xdzczk/nostrmash/internal/nostr/validator.go:316.3,316.23 1 9
github.com/xdzczk/nostrmash/internal/nostr/validator.go:316.23,322.4 1 0
github.com/xdzczk/nostrmash/internal/nostr/validator.go:323.3,323.30 1 9
github.com/xdzczk/nostrmash/internal/nostr/validator.go:325.2,325.18 1 5
github.com/xdzczk/nostrmash/internal/nostr/validator.go:328.49,329.27 1 15
github.com/xdzczk/nostrmash/internal/nostr/validator.go:329.27,331.3 1 0
github.com/xdzczk/nostrmash/internal/nostr/validator.go:332.2,332.30 1 15
github.com/xdzczk/nostrmash/internal/nostr/validator.go:332.30,336.27 4 1280
github.com/xdzczk/nostrmash/internal/nostr/validator.go:336.27,338.4 1 0
github.com/xdzczk/nostrmash/internal/nostr/validator.go:340.2,340.13 1 15
github.com/xdzczk/nostrmash/internal/config/config.go:109.47,117.16 5 10
github.com/xdzczk/nostrmash/internal/config/config.go:117.16,119.3 1 1
github.com/xdzczk/nostrmash/internal/config/config.go:120.2,124.16 2 9
github.com/xdzczk/nostrmash/internal/config/config.go:124.16,126.3 1 0
github.com/xdzczk/nostrmash/internal/config/config.go:128.2,185.62 2 9
github.com/xdzczk/nostrmash/internal/config/config.go:185.62,187.3 1 0
github.com/xdzczk/nostrmash/internal/config/config.go:189.2,189.25 1 9
github.com/xdzczk/nostrmash/internal/config/config.go:189.25,191.3 1 0
github.com/xdzczk/nostrmash/internal/config/config.go:192.2,192.53 1 9
github.com/xdzczk/nostrmash/internal/config/config.go:192.53,194.3 1 0
github.com/xdzczk/nostrmash/internal/config/config.go:195.2,195.59 1 9
github.com/xdzczk/nostrmash/internal/config/config.go:195.59,197.3 1 0
github.com/xdzczk/nostrmash/internal/config/config.go:198.2,198.87 1 9
github.com/xdzczk/nostrmash/internal/config/config.go:198.87,200.3 1 0
github.com/xdzczk/nostrmash/internal/config/config.go:202.2,202.15 1 9
github.com/xdzczk/nostrmash/internal/config/config.go:205.37,206.53 1 55
github.com/xdzczk/nostrmash/internal/config/config.go:206.53,208.3 1 10
github.com/xdzczk/nostrmash/internal/config/config.go:209.2,209.12 1 45
github.com/xdzczk/nostrmash/internal/config/config.go:212.44,214.15 2 28
github.com/xdzczk/nostrmash/internal/config/config.go:214.15,216.3 1 27
github.com/xdzczk/nostrmash/internal/config/config.go:217.2,218.16 2 1
github.com/xdzczk/nostrmash/internal/config/config.go:218.16,220.3 1 0
github.com/xdzczk/nostrmash/internal/config/config.go:221.2,221.10 1 1
github.com/xdzczk/nostrmash/internal/config/config.go:224.66,226.15 2 63
github.com/xdzczk/nostrmash/internal/config/config.go:226.15,228.3 1 62
github.com/xdzczk/nostrmash/internal/config/config.go:229.2,230.26 2 1
github.com/xdzczk/nostrmash/internal/config/config.go:230.26,232.3 1 0
github.com/xdzczk/nostrmash/internal/config/config.go:233.2,233.10 1 1
github.com/xdzczk/nostrmash/internal/config/config.go:236.41,238.15 2 99
github.com/xdzczk/nostrmash/internal/config/config.go:238.15,240.3 1 90
github.com/xdzczk/nostrmash/internal/config/config.go:241.2,242.26 2 9
github.com/xdzczk/nostrmash/internal/config/config.go:242.26,244.3 1 0
github.com/xdzczk/nostrmash/internal/config/config.go:245.2,245.10 1 9
github.com/xdzczk/nostrmash/internal/config/config.go:248.47,250.15 2 9
github.com/xdzczk/nostrmash/internal/config/config.go:250.15,252.3 1 8
github.com/xdzczk/nostrmash/internal/config/config.go:253.2,254.26 2 1
github.com/xdzczk/nostrmash/internal/config/config.go:254.26,256.3 1 0
github.com/xdzczk/nostrmash/internal/config/config.go:257.2,257.10 1 1
github.com/xdzczk/nostrmash/internal/config/config.go:260.44,262.15 2 18
github.com/xdzczk/nostrmash/internal/config/config.go:262.15,264.3 1 18
github.com/xdzczk/nostrmash/internal/config/config.go:265.2,266.25 2 0
github.com/xdzczk/nostrmash/internal/config/config.go:266.25,268.3 1 0
github.com/xdzczk/nostrmash/internal/config/config.go:269.2,269.11 1 0
github.com/xdzczk/nostrmash/internal/config/config.go:272.67,274.15 2 19
github.com/xdzczk/nostrmash/internal/config/config.go:274.15,276.3 1 18
github.com/xdzczk/nostrmash/internal/config/config.go:277.2,278.16 2 1
github.com/xdzczk/nostrmash/internal/config/config.go:278.16,280.3 1 1
github.com/xdzczk/nostrmash/internal/config/config.go:281.2,281.11 1 0
github.com/xdzczk/nostrmash/internal/config/config.go:281.11,283.3 1 0
github.com/xdzczk/nostrmash/internal/config/config.go:284.2,284.15 1 0
github.com/xdzczk/nostrmash/internal/config/config.go:287.39,289.15 2 36
github.com/xdzczk/nostrmash/internal/config/config.go:289.15,291.3 1 33
github.com/xdzczk/nostrmash/internal/config/config.go:292.2,294.26 3 3
github.com/xdzczk/nostrmash/internal/config/config.go:294.26,296.14 2 4
github.com/xdzczk/nostrmash/internal/config/config.go:296.14,298.4 1 4
github.com/xdzczk/nostrmash/internal/config/config.go:300.2,300.12 1 3
github.com/xdzczk/nostrmash/internal/config/config.go:303.53,304.57 1 10
github.com/xdzczk/nostrmash/internal/config/config.go:305.45,306.14 1 10
github.com/xdzczk/nostrmash/internal/config/config.go:307.10,308.15 1 0
github.com/xdzczk/nostrmash/internal/config/config.go:312.49,313.41 1 14
github.com/xdzczk/nostrmash/internal/config/config.go:313.41,315.3 1 0
github.com/xdzczk/nostrmash/internal/config/config.go:316.2,316.24 1 14
github.com/xdzczk/nostrmash/internal/config/config.go:316.24,317.51 1 10
github.com/xdzczk/nostrmash/internal/config/config.go:317.51,319.4 1 2
github.com/xdzczk/nostrmash/internal/config/config.go:320.3,320.13 1 8
github.com/xdzczk/nostrmash/internal/config/config.go:322.2,322.29 1 4
github.com/xdzczk/nostrmash/internal/config/config.go:322.29,324.3 1 0
github.com/xdzczk/nostrmash/internal/config/config.go:326.2,327.41 2 4
github.com/xdzczk/nostrmash/internal/config/config.go:327.41,329.17 2 4
github.com/xdzczk/nostrmash/internal/config/config.go:329.17,331.4 1 1
github.com/xdzczk/nostrmash/internal/config/config.go:332.3,332.33 1 3
github.com/xdzczk/nostrmash/internal/config/config.go:335.2,335.36 1 3
github.com/xdzczk/nostrmash/internal/config/config.go:335.36,337.17 2 3
github.com/xdzczk/nostrmash/internal/config/config.go:337.17,339.4 1 0
github.com/xdzczk/nostrmash/internal/config/config.go:340.3,340.38 1 3
github.com/xdzczk/nostrmash/internal/config/config.go:340.38,342.4 1 1
github.com/xdzczk/nostrmash/internal/config/config.go:345.2,345.40 1 2
github.com/xdzczk/nostrmash/internal/config/config.go:345.40,347.17 2 0
github.com/xdzczk/nostrmash/internal/config/config.go:347.17,349.4 1 0
github.com/xdzczk/nostrmash/internal/config/config.go:350.3,350.38 1 0
github.com/xdzczk/nostrmash/internal/config/config.go:350.38,352.4 1 0
github.com/xdzczk/nostrmash/internal/config/config.go:355.2,355.50 1 2
github.com/xdzczk/nostrmash/internal/config/config.go:355.50,357.3 1 0
github.com/xdzczk/nostrmash/internal/config/config.go:359.2,359.12 1 2
github.com/xdzczk/nostrmash/internal/config/config.go:362.55,363.18 1 11
github.com/xdzczk/nostrmash/internal/config/config.go:363.18,365.3 1 9
github.com/xdzczk/nostrmash/internal/config/config.go:366.2,366.28 1 2
github.com/xdzczk/nostrmash/internal/config/config.go:366.28,368.3 1 1
github.com/xdzczk/nostrmash/internal/config/config.go:369.2,369.24 1 1
github.com/xdzczk/nostrmash/internal/config/config.go:369.24,371.3 1 0
github.com/xdzczk/nostrmash/internal/config/config.go:372.2,372.26 1 1
github.com/xdzczk/nostrmash/internal/config/config.go:372.26,374.3 1 0
github.com/xdzczk/nostrmash/internal/config/config.go:375.2,375.27 1 1
github.com/xdzczk/nostrmash/internal/config/config.go:375.27,377.3 1 0
github.com/xdzczk/nostrmash/internal/config/config.go:378.2,378.29 1 1
github.com/xdzczk/nostrmash/internal/config/config.go:378.29,380.3 1 0
github.com/xdzczk/nostrmash/internal/config/config.go:381.2,381.69 1 1
github.com/xdzczk/nostrmash/internal/config/config.go:381.69,383.3 1 1
github.com/xdzczk/nostrmash/internal/config/config.go:384.2,384.12 1 0
github.com/xdzczk/nostrmash/internal/config/config.go:387.99,388.50 1 12
github.com/xdzczk/nostrmash/internal/config/config.go:388.50,390.3 1 8
github.com/xdzczk/nostrmash/internal/config/config.go:391.2,392.20 2 4
github.com/xdzczk/nostrmash/internal/config/config.go:393.14,394.27 1 3
github.com/xdzczk/nostrmash/internal/config/config.go:394.27,396.4 1 1
github.com/xdzczk/nostrmash/internal/config/config.go:397.3,397.46 1 2
github.com/xdzczk/nostrmash/internal/config/config.go:397.46,399.4 1 0
github.com/xdzczk/nostrmash/internal/config/config.go:400.3,400.41 1 2
github.com/xdzczk/nostrmash/internal/config/config.go:400.41,402.4 1 0
github.com/xdzczk/nostrmash/internal/config/config.go:403.3,403.13 1 2
github.com/xdzczk/nostrmash/internal/config/config.go:404.16,405.50 1 1
github.com/xdzczk/nostrmash/internal/config/config.go:405.50,407.4 1 1
github.com/xdzczk/nostrmash/internal/config/config.go:408.3,408.13 1 0
github.com/xdzczk/nostrmash/internal/config/config.go:409.10,410.65 1 0
github.com/xdzczk/nostrmash/internal/config/config.go:414.58,415.16 1 9
github.com/xdzczk/nostrmash/internal/config/config.go:415.16,417.3 1 0
github.com/xdzczk/nostrmash/internal/config/config.go:418.2,419.15 2 9
github.com/xdzczk/nostrmash/internal/config/config.go:419.15,421.3 1 9
github.com/xdzczk/nostrmash/internal/config/config.go:422.2,423.61 2 0
github.com/xdzczk/nostrmash/internal/config/config.go:423.61,425.3 1 0
github.com/xdzczk/nostrmash/internal/config/config.go:426.2,426.34 1 0
github.com/xdzczk/nostrmash/internal/config/config.go:426.34,428.24 2 0
github.com/xdzczk/nostrmash/internal/config/config.go:428.24,430.4 1 0
github.com/xdzczk/nostrmash/internal/config/config.go:431.3,433.4 1 0
github.com/xdzczk/nostrmash/internal/config/config.go:435.2,435.12 1 0
github.com/xdzczk/nostrmash/internal/config/config.go:438.51,444.2 1 9
github.com/xdzczk/nostrmash/internal/config/config.go:446.50,447.29 1 12
github.com/xdzczk/nostrmash/internal/config/config.go:447.29,449.3 1 0
github.com/xdzczk/nostrmash/internal/config/config.go:450.2,451.9 2 12
github.com/xdzczk/nostrmash/internal/config/config.go:451.9,453.3 1 0
github.com/xdzczk/nostrmash/internal/config/config.go:454.2,458.40 5 12
github.com/xdzczk/nostrmash/internal/config/config.go:458.40,463.3 1 1
github.com/xdzczk/nostrmash/internal/config/config.go:464.2,465.18 2 11
github.com/xdzczk/nostrmash/internal/config/config.go:465.18,467.3 1 0
github.com/xdzczk/nostrmash/internal/config/config.go:468.2,468.44 1 11
github.com/xdzczk/nostrmash/internal/config/config.go:468.44,470.3 1 1
github.com/xdzczk/nostrmash/internal/config/config.go:471.2,471.12 1 10
github.com/xdzczk/nostrmash/internal/config/config.go:474.69,476.16 2 7
github.com/xdzczk/nostrmash/internal/config/config.go:476.16,478.3 1 0
github.com/xdzczk/nostrmash/internal/config/config.go:479.2,479.23 1 7
github.com/xdzczk/nostrmash/internal/config/config.go:479.23,481.3 1 0
github.com/xdzczk/nostrmash/internal/config/config.go:482.2,482.27 1 7
github.com/xdzczk/nostrmash/internal/config/config.go:482.27,484.3 1 0
github.com/xdzczk/nostrmash/internal/config/config.go:485.2,485.27 1 7
github.com/xdzczk/nostrmash/internal/config/config.go:485.27,487.3 1 0
github.com/xdzczk/nostrmash/internal/config/config.go:488.2,488.24 1 7
github.com/xdzczk/nostrmash/internal/config/config.go:488.24,490.3 1 0
github.com/xdzczk/nostrmash/internal/config/config.go:492.2,493.16 2 7
github.com/xdzczk/nostrmash/internal/config/config.go:494.13,494.13 0 4
github.com/xdzczk/nostrmash/internal/config/config.go:495.12,496.17 1 3
github.com/xdzczk/nostrmash/internal/config/config.go:496.17,498.4 1 1
github.com/xdzczk/nostrmash/internal/config/config.go:499.10,500.52 1 0
github.com/xdzczk/nostrmash/internal/config/config.go:503.2,505.17 3 6
github.com/xdzczk/nostrmash/internal/config/config.go:505.17,507.3 1 0
github.com/xdzczk/nostrmash/internal/config/config.go:508.2,508.58 1 6
github.com/xdzczk/nostrmash/internal/ingestor/backfill/runner.go:81.20,82.18 1 4
github.com/xdzczk/nostrmash/internal/ingestor/backfill/runner.go:82.18,84.3 1 0
github.com/xdzczk/nostrmash/internal/ingestor/backfill/runner.go:85.2,85.20 1 4
github.com/xdzczk/nostrmash/internal/ingestor/backfill/runner.go:85.20,87.3 1 0
github.com/xdzczk/nostrmash/internal/ingestor/backfill/runner.go:88.2,88.22 1 4
github.com/xdzczk/nostrmash/internal/ingestor/backfill/runner.go:88.22,90.3 1 0
github.com/xdzczk/nostrmash/internal/ingestor/backfill/runner.go:91.2,91.16 1 4
github.com/xdzczk/nostrmash/internal/ingestor/backfill/runner.go:91.16,93.3 1 0
github.com/xdzczk/nostrmash/internal/ingestor/backfill/runner.go:94.2,94.39 1 4
github.com/xdzczk/nostrmash/internal/ingestor/backfill/runner.go:94.39,96.3 1 0
github.com/xdzczk/nostrmash/internal/ingestor/backfill/runner.go:97.2,97.36 1 4
github.com/xdzczk/nostrmash/internal/ingestor/backfill/runner.go:97.36,99.3 1 0
github.com/xdzczk/nostrmash/internal/ingestor/backfill/runner.go:100.2,100.24 1 4
github.com/xdzczk/nostrmash/internal/ingestor/backfill/runner.go:100.24,102.3 1 0
github.com/xdzczk/nostrmash/internal/ingestor/backfill/runner.go:103.2,103.27 1 4
github.com/xdzczk/nostrmash/internal/ingestor/backfill/runner.go:103.27,105.3 1 0
github.com/xdzczk/nostrmash/internal/ingestor/backfill/runner.go:106.2,106.46 1 4
github.com/xdzczk/nostrmash/internal/ingestor/backfill/runner.go:106.46,108.3 1 0
github.com/xdzczk/nostrmash/internal/ingestor/backfill/runner.go:109.2,109.25 1 4
github.com/xdzczk/nostrmash/internal/ingestor/backfill/runner.go:109.25,111.3 1 0
github.com/xdzczk/nostrmash/internal/ingestor/backfill/runner.go:112.2,112.69 1 4
github.com/xdzczk/nostrmash/internal/ingestor/backfill/runner.go:112.69,114.3 1 0
github.com/xdzczk/nostrmash/internal/ingestor/backfill/runner.go:116.2,123.8 1 4
github.com/xdzczk/nostrmash/internal/ingestor/backfill/runner.go:127.49,128.40 1 4
github.com/xdzczk/nostrmash/internal/ingestor/backfill/runner.go:128.40,129.35 1 4
github.com/xdzczk/nostrmash/internal/ingestor/backfill/runner.go:129.35,131.4 1 0
github.com/xdzczk/nostrmash/internal/ingestor/backfill/runner.go:132.3,132.51 1 4
github.com/xdzczk/nostrmash/internal/ingestor/backfill/runner.go:132.51,134.4 1 1
github.com/xdzczk/nostrmash/internal/ingestor/backfill/runner.go:136.2,136.12 1 3
github.com/xdzczk/nostrmash/internal/ingestor/backfill/runner.go:139.71,141.16 2 4
github.com/xdzczk/nostrmash/internal/ingestor/backfill/runner.go:141.16,143.3 1 0
github.com/xdzczk/nostrmash/internal/ingestor/backfill/runner.go:144.2,144.52 1 4
github.com/xdzczk/nostrmash/internal/ingestor/backfill/runner.go:144.52,147.3 2 0
github.com/xdzczk/nostrmash/internal/ingestor/backfill/runner.go:149.2,152.6 3 4
github.com/xdzczk/nostrmash/internal/ingestor/backfill/runner.go:152.6,154.80 2 7
github.com/xdzczk/nostrmash/internal/ingestor/backfill/runner.go:154.80,156.4 1 0
github.com/xdzczk/nostrmash/internal/ingestor/backfill/runner.go:158.3,164.17 2 7
github.com/xdzczk/nostrmash/internal/ingestor/backfill/runner.go:164.17,167.4 2 1
github.com/xdzczk/nostrmash/internal/ingestor/backfill/runner.go:169.3,170.39 2 6
github.com/xdzczk/nostrmash/internal/ingestor/backfill/runner.go:170.39,171.62 1 5
github.com/xdzczk/nostrmash/internal/ingestor/backfill/runner.go:171.62,174.5 2 0
github.com/xdzczk/nostrmash/internal/ingestor/backfill/runner.go:175.4,176.11 2 5
github.com/xdzczk/nostrmash/internal/ingestor/backfill/runner.go:176.11,177.13 1 0
github.com/xdzczk/nostrmash/internal/ingestor/backfill/runner.go:179.4,179.56 1 5
github.com/xdzczk/nostrmash/internal/ingestor/backfill/runner.go:179.56,182.5 2 3
github.com/xdzczk/nostrmash/internal/ingestor/backfill/runner.go:185.3,185.72 1 6
github.com/xdzczk/nostrmash/internal/ingestor/backfill/runner.go:185.72,187.4 1 2
github.com/xdzczk/nostrmash/internal/ingestor/backfill/runner.go:188.3,188.20 1 6
github.com/xdzczk/nostrmash/internal/ingestor/backfill/runner.go:188.20,191.4 2 2
github.com/xdzczk/nostrmash/internal/ingestor/backfill/runner.go:192.3,192.67 1 6
github.com/xdzczk/nostrmash/internal/ingestor/backfill/runner.go:192.67,194.4 1 0
github.com/xdzczk/nostrmash/internal/ingestor/backfill/runner.go:196.3,196.69 1 6
github.com/xdzczk/nostrmash/internal/ingestor/backfill/runner.go:196.69,198.4 1 0
github.com/xdzczk/nostrmash/internal/ingestor/backfill/runner.go:200.3,200.20 1 6
github.com/xdzczk/nostrmash/internal/ingestor/backfill/runner.go:200.20,201.29 1 2
github.com/xdzczk/nostrmash/internal/ingestor/backfill/runner.go:201.29,203.5 1 2
github.com/xdzczk/nostrmash/internal/ingestor/backfill/runner.go:204.4,205.12 2 0
github.com/xdzczk/nostrmash/internal/ingestor/backfill/runner.go:208.3,208.28 1 4
github.com/xdzczk/nostrmash/internal/ingestor/backfill/runner.go:208.28,210.40 2 2
github.com/xdzczk/nostrmash/internal/ingestor/backfill/runner.go:210.40,212.5 1 1
github.com/xdzczk/nostrmash/internal/ingestor/backfill/runner.go:213.4,213.12 1 1
github.com/xdzczk/nostrmash/internal/ingestor/backfill/runner.go:216.3,216.17 1 2
github.com/xdzczk/nostrmash/internal/ingestor/backfill/runner.go:220.113,222.16 2 4
github.com/xdzczk/nostrmash/internal/ingestor/backfill/runner.go:222.16,224.3 1 0
github.com/xdzczk/nostrmash/internal/ingestor/backfill/runner.go:225.2,225.21 1 4
github.com/xdzczk/nostrmash/internal/ingestor/backfill/runner.go:225.21,228.72 3 1
github.com/xdzczk/nostrmash/internal/ingestor/backfill/runner.go:228.72,230.4 1 0
github.com/xdzczk/nostrmash/internal/ingestor/backfill/runner.go:231.3,231.23 1 1
github.com/xdzczk/nostrmash/internal/ingestor/backfill/runner.go:234.2,243.69 2 3
github.com/xdzczk/nostrmash/internal/ingestor/backfill/runner.go:243.69,245.3 1 0
github.com/xdzczk/nostrmash/internal/ingestor/backfill/runner.go:246.2,246.22 1 3
github.com/xdzczk/nostrmash/internal/ingestor/backfill/runner.go:249.111,253.73 4 6
github.com/xdzczk/nostrmash/internal/ingestor/backfill/runner.go:253.73,255.3 1 0
github.com/xdzczk/nostrmash/internal/ingestor/backfill/runner.go:256.2,256.12 1 6
github.com/xdzczk/nostrmash/internal/ingestor/backfill/runner.go:259.110,263.73 4 3
github.com/xdzczk/nostrmash/internal/ingestor/backfill/runner.go:263.73,265.3 1 0
github.com/xdzczk/nostrmash/internal/ingestor/backfill/runner.go:266.2,272.12 2 3
github.com/xdzczk/nostrmash/internal/ingestor/backfill/runner.go:275.107,280.2 4 1
github.com/xdzczk/nostrmash/internal/ingestor/backfill/runner.go:282.50,283.19 1 7
github.com/xdzczk/nostrmash/internal/ingestor/backfill/runner.go:283.19,286.3 2 3
github.com/xdzczk/nostrmash/internal/ingestor/backfill/runner.go:287.2,287.32 1 4
github.com/xdzczk/nostrmash/internal/ingestor/backfill/runner.go:290.34,291.14 1 10
github.com/xdzczk/nostrmash/internal/ingestor/backfill/runner.go:291.14,293.3 1 3
github.com/xdzczk/nostrmash/internal/ingestor/backfill/runner.go:294.2,295.11 2 7
github.com/xdzczk/nostrmash/internal/ingestor/backfill/runner.go:298.53,302.59 2 5
github.com/xdzczk/nostrmash/internal/ingestor/backfill/runner.go:302.59,304.3 1 0
github.com/xdzczk/nostrmash/internal/ingestor/backfill/runner.go:305.2,305.28 1 5
github.com/xdzczk/nostrmash/internal/ingestor/backfill/runner.go:305.28,307.3 1 0
github.com/xdzczk/nostrmash/internal/ingestor/backfill/runner.go:308.2,308.33 1 5
github.com/xdzczk/nostrmash/internal/ingestor/backfill/runner.go:311.46,312.19 1 4
github.com/xdzczk/nostrmash/internal/ingestor/backfill/runner.go:312.19,314.3 1 3
github.com/xdzczk/nostrmash/internal/ingestor/backfill/runner.go:315.2,316.16 2 1
github.com/xdzczk/nostrmash/internal/ingestor/backfill/runner.go:316.16,318.3 1 0
github.com/xdzczk/nostrmash/internal/ingestor/backfill/runner.go:319.2,319.11 1 1
github.com/xdzczk/nostrmash/internal/ingestor/backfill/runner.go:322.42,323.19 1 10
github.com/xdzczk/nostrmash/internal/ingestor/backfill/runner.go:323.19,325.3 1 3
github.com/xdzczk/nostrmash/internal/ingestor/backfill/runner.go:326.2,327.11 2 7
github.com/xdzczk/nostrmash/internal/ingestor/backfill/websocket_fetcher.go:22.116,23.24 1 0
github.com/xdzczk/nostrmash/internal/ingestor/backfill/websocket_fetcher.go:23.24,25.3 1 0
github.com/xdzczk/nostrmash/internal/ingestor/backfill/websocket_fetcher.go:26.2,26.27 1 0
github.com/xdzczk/nostrmash/internal/ingestor/backfill/websocket_fetcher.go:26.27,28.3 1 0
github.com/xdzczk/nostrmash/internal/ingestor/backfill/websocket_fetcher.go:29.2,29.24 1 0
github.com/xdzczk/nostrmash/internal/ingestor/backfill/websocket_fetcher.go:29.24,31.3 1 0
github.com/xdzczk/nostrmash/internal/ingestor/backfill/websocket_fetcher.go:33.2,40.16 5 0
github.com/xdzczk/nostrmash/internal/ingestor/backfill/websocket_fetcher.go:40.16,42.3 1 0
github.com/xdzczk/nostrmash/internal/ingestor/backfill/websocket_fetcher.go:43.2,50.26 4 0
github.com/xdzczk/nostrmash/internal/ingestor/backfill/websocket_fetcher.go:50.26,52.3 1 0
github.com/xdzczk/nostrmash/internal/ingestor/backfill/websocket_fetcher.go:53.2,53.26 1 0
github.com/xdzczk/nostrmash/internal/ingestor/backfill/websocket_fetcher.go:53.26,55.3 1 0
github.com/xdzczk/nostrmash/internal/ingestor/backfill/websocket_fetcher.go:56.2,58.16 3 0
github.com/xdzczk/nostrmash/internal/ingestor/backfill/websocket_fetcher.go:58.16,60.3 1 0
github.com/xdzczk/nostrmash/internal/ingestor/backfill/websocket_fetcher.go:61.2,61.73 1 0
github.com/xdzczk/nostrmash/internal/ingestor/backfill/websocket_fetcher.go:61.73,63.3 1 0
github.com/xdzczk/nostrmash/internal/ingestor/backfill/websocket_fetcher.go:65.2,68.22 4 0
github.com/xdzczk/nostrmash/internal/ingestor/backfill/websocket_fetcher.go:68.22,69.24 1 0
github.com/xdzczk/nostrmash/internal/ingestor/backfill/websocket_fetcher.go:69.24,70.11 1 0
github.com/xdzczk/nostrmash/internal/ingestor/backfill/websocket_fetcher.go:71.23,71.23 0 0
github.com/xdzczk/nostrmash/internal/ingestor/backfill/websocket_fetcher.go:72.12,72.12 0 0
github.com/xdzczk/nostrmash/internal/ingestor/backfill/websocket_fetcher.go:75.3,75.33 1 0
github.com/xdzczk/nostrmash/internal/ingestor/backfill/websocket_fetcher.go:78.2,78.15 1 0
github.com/xdzczk/nostrmash/internal/ingestor/backfill/websocket_fetcher.go:78.15,81.3 2 0
github.com/xdzczk/nostrmash/internal/ingestor/backfill/websocket_fetcher.go:83.2,83.6 1 0
github.com/xdzczk/nostrmash/internal/ingestor/backfill/websocket_fetcher.go:83.6,84.35 1 0
github.com/xdzczk/nostrmash/internal/ingestor/backfill/websocket_fetcher.go:84.35,86.4 1 0
github.com/xdzczk/nostrmash/internal/ingestor/backfill/websocket_fetcher.go:88.3,90.17 3 0
github.com/xdzczk/nostrmash/internal/ingestor/backfill/websocket_fetcher.go:90.17,91.71 1 0
github.com/xdzczk/nostrmash/internal/ingestor/backfill/websocket_fetcher.go:91.71,92.12 1 0
github.com/xdzczk/nostrmash/internal/ingestor/backfill/websocket_fetcher.go:93.24,94.24 1 0
github.com/xdzczk/nostrmash/internal/ingestor/backfill/websocket_fetcher.go:95.13,95.13 0 0
github.com/xdzczk/nostrmash/internal/ingestor/backfill/websocket_fetcher.go:97.5,97.13 1 0
github.com/xdzczk/nostrmash/internal/ingestor/backfill/websocket_fetcher.go:99.4,99.64 1 0
github.com/xdzczk/nostrmash/internal/ingestor/backfill/websocket_fetcher.go:101.3,104.31 3 0
github.com/xdzczk/nostrmash/internal/ingestor/backfill/websocket_fetcher.go:104.31,105.12 1 0
github.com/xdzczk/nostrmash/internal/ingestor/backfill/websocket_fetcher.go:107.3,107.18 1 0
github.com/xdzczk/nostrmash/internal/ingestor/backfill/websocket_fetcher.go:108.16,109.50 1 0
github.com/xdzczk/nostrmash/internal/ingestor/backfill/websocket_fetcher.go:110.15,112.22 2 0
github.com/xdzczk/nostrmash/internal/ingestor/backfill/websocket_fetcher.go:117.95,119.68 2 3
github.com/xdzczk/nostrmash/internal/ingestor/backfill/websocket_fetcher.go:119.68,121.3 1 0
github.com/xdzczk/nostrmash/internal/ingestor/backfill/websocket_fetcher.go:122.2,122.57 1 3
github.com/xdzczk/nostrmash/internal/ingestor/backfill/websocket_fetcher.go:122.57,124.3 1 0
github.com/xdzczk/nostrmash/internal/ingestor/backfill/websocket_fetcher.go:125.2,125.55 1 3
github.com/xdzczk/nostrmash/internal/ingestor/backfill/websocket_fetcher.go:125.55,127.3 1 0
github.com/xdzczk/nostrmash/internal/ingestor/backfill/websocket_fetcher.go:128.2,128.41 1 3
github.com/xdzczk/nostrmash/internal/ingestor/backfill/websocket_fetcher.go:128.41,130.3 1 1
github.com/xdzczk/nostrmash/internal/ingestor/backfill/websocket_fetcher.go:131.2,131.23 1 2
github.com/xdzczk/nostrmash/internal/ingestor/backfill/websocket_fetcher.go:131.23,133.3 1 1
github.com/xdzczk/nostrmash/internal/ingestor/backfill/websocket_fetcher.go:134.2,134.27 1 1
github.com/xdzczk/nostrmash/internal/ingestor/relay/backoff.go:11.68,16.2 1 3
github.com/xdzczk/nostrmash/internal/ingestor/relay/backoff.go:18.47,19.20 1 7
github.com/xdzczk/nostrmash/internal/ingestor/relay/backoff.go:19.20,22.3 2 4
github.com/xdzczk/nostrmash/internal/ingestor/relay/backoff.go:23.2,24.18 2 3
github.com/xdzczk/nostrmash/internal/ingestor/relay/backoff.go:24.18,26.3 1 2
github.com/xdzczk/nostrmash/internal/ingestor/relay/backoff.go:27.2,28.18 2 3
github.com/xdzczk/nostrmash/internal/ingestor/relay/backoff.go:31.34,33.2 1 3
github.com/xdzczk/nostrmash/internal/ingestor/relay/manager.go:37.110,38.22 1 2
github.com/xdzczk/nostrmash/internal/ingestor/relay/manager.go:38.22,40.3 1 0
github.com/xdzczk/nostrmash/internal/ingestor/relay/manager.go:41.2,41.16 1 2
github.com/xdzczk/nostrmash/internal/ingestor/relay/manager.go:41.16,43.3 1 0
github.com/xdzczk/nostrmash/internal/ingestor/relay/manager.go:44.2,44.29 1 2
github.com/xdzczk/nostrmash/internal/ingestor/relay/manager.go:44.29,46.3 1 0
github.com/xdzczk/nostrmash/internal/ingestor/relay/manager.go:47.2,47.29 1 2
github.com/xdzczk/nostrmash/internal/ingestor/relay/manager.go:47.29,49.3 1 0
github.com/xdzczk/nostrmash/internal/ingestor/relay/manager.go:50.2,50.25 1 2
github.com/xdzczk/nostrmash/internal/ingestor/relay/manager.go:50.25,52.3 1 0
github.com/xdzczk/nostrmash/internal/ingestor/relay/manager.go:53.2,53.41 1 2
github.com/xdzczk/nostrmash/internal/ingestor/relay/manager.go:53.41,55.3 1 0
github.com/xdzczk/nostrmash/internal/ingestor/relay/manager.go:56.2,56.58 1 2
github.com/xdzczk/nostrmash/internal/ingestor/relay/manager.go:56.58,58.3 1 0
github.com/xdzczk/nostrmash/internal/ingestor/relay/manager.go:59.2,76.46 7 2
github.com/xdzczk/nostrmash/internal/ingestor/relay/manager.go:76.46,78.3 1 0
github.com/xdzczk/nostrmash/internal/ingestor/relay/manager.go:79.2,79.38 1 2
github.com/xdzczk/nostrmash/internal/ingestor/relay/manager.go:79.38,81.53 2 2
github.com/xdzczk/nostrmash/internal/ingestor/relay/manager.go:81.53,83.4 1 0
github.com/xdzczk/nostrmash/internal/ingestor/relay/manager.go:84.3,90.4 1 2
github.com/xdzczk/nostrmash/internal/ingestor/relay/manager.go:93.2,93.15 1 2
github.com/xdzczk/nostrmash/internal/ingestor/relay/manager.go:97.46,99.42 2 2
github.com/xdzczk/nostrmash/internal/ingestor/relay/manager.go:99.42,100.44 1 2
github.com/xdzczk/nostrmash/internal/ingestor/relay/manager.go:100.44,101.12 1 0
github.com/xdzczk/nostrmash/internal/ingestor/relay/manager.go:103.3,104.28 2 2
github.com/xdzczk/nostrmash/internal/ingestor/relay/manager.go:104.28,107.4 2 2
github.com/xdzczk/nostrmash/internal/ingestor/relay/manager.go:110.2,111.11 2 2
github.com/xdzczk/nostrmash/internal/ingestor/relay/manager.go:115.48,120.42 4 32
github.com/xdzczk/nostrmash/internal/ingestor/relay/manager.go:120.42,122.3 1 32
github.com/xdzczk/nostrmash/internal/ingestor/relay/manager.go:123.2,123.12 1 32
github.com/xdzczk/nostrmash/internal/ingestor/relay/manager.go:127.49,131.9 4 1
github.com/xdzczk/nostrmash/internal/ingestor/relay/manager.go:131.9,133.3 1 0
github.com/xdzczk/nostrmash/internal/ingestor/relay/manager.go:134.2,135.42 2 1
github.com/xdzczk/nostrmash/internal/ingestor/relay/manager.go:135.42,137.3 1 1
github.com/xdzczk/nostrmash/internal/ingestor/relay/manager.go:140.66,143.6 2 2
github.com/xdzczk/nostrmash/internal/ingestor/relay/manager.go:143.6,144.35 1 3
github.com/xdzczk/nostrmash/internal/ingestor/relay/manager.go:144.35,146.4 1 0
github.com/xdzczk/nostrmash/internal/ingestor/relay/manager.go:148.3,154.17 6 3
github.com/xdzczk/nostrmash/internal/ingestor/relay/manager.go:154.17,160.39 6 1
github.com/xdzczk/nostrmash/internal/ingestor/relay/manager.go:160.39,162.5 1 0
github.com/xdzczk/nostrmash/internal/ingestor/relay/manager.go:163.4,163.12 1 1
github.com/xdzczk/nostrmash/internal/ingestor/relay/manager.go:166.3,169.57 4 2
github.com/xdzczk/nostrmash/internal/ingestor/relay/manager.go:169.57,171.4 1 2
github.com/xdzczk/nostrmash/internal/ingestor/relay/manager.go:175.122,179.28 3 2
github.com/xdzczk/nostrmash/internal/ingestor/relay/manager.go:179.28,181.39 2 2
github.com/xdzczk/nostrmash/internal/ingestor/relay/manager.go:181.39,183.4 1 1
github.com/xdzczk/nostrmash/internal/ingestor/relay/manager.go:184.3,185.22 2 2
github.com/xdzczk/nostrmash/internal/ingestor/relay/manager.go:188.2,190.6 2 2
github.com/xdzczk/nostrmash/internal/ingestor/relay/manager.go:190.6,191.10 1 5
github.com/xdzczk/nostrmash/internal/ingestor/relay/manager.go:192.21,193.16 1 1
github.com/xdzczk/nostrmash/internal/ingestor/relay/manager.go:194.36,195.11 1 1
github.com/xdzczk/nostrmash/internal/ingestor/relay/manager.go:195.11,197.13 2 1
github.com/xdzczk/nostrmash/internal/ingestor/relay/manager.go:199.4,200.24 2 0
github.com/xdzczk/nostrmash/internal/ingestor/relay/manager.go:200.24,201.61 1 0
github.com/xdzczk/nostrmash/internal/ingestor/relay/manager.go:201.61,207.6 1 0
github.com/xdzczk/nostrmash/internal/ingestor/relay/manager.go:209.33,210.11 1 1
github.com/xdzczk/nostrmash/internal/ingestor/relay/manager.go:210.11,212.5 1 0
github.com/xdzczk/nostrmash/internal/ingestor/relay/manager.go:213.4,213.18 1 1
github.com/xdzczk/nostrmash/internal/ingestor/relay/manager.go:213.18,216.5 2 1
github.com/xdzczk/nostrmash/internal/ingestor/relay/manager.go:216.10,219.5 2 0
github.com/xdzczk/nostrmash/internal/ingestor/relay/manager.go:220.4,223.39 4 1
github.com/xdzczk/nostrmash/internal/ingestor/relay/manager.go:223.39,225.5 1 1
github.com/xdzczk/nostrmash/internal/ingestor/relay/manager.go:226.4,226.15 1 0
github.com/xdzczk/nostrmash/internal/ingestor/relay/manager.go:227.26,228.28 1 2
github.com/xdzczk/nostrmash/internal/ingestor/relay/manager.go:233.49,237.9 4 2
github.com/xdzczk/nostrmash/internal/ingestor/relay/manager.go:237.9,239.3 1 0
github.com/xdzczk/nostrmash/internal/ingestor/relay/manager.go:240.2,240.42 1 2
github.com/xdzczk/nostrmash/internal/ingestor/relay/manager.go:240.42,242.3 1 0
github.com/xdzczk/nostrmash/internal/ingestor/relay/manager.go:243.2,243.42 1 2
github.com/xdzczk/nostrmash/internal/ingestor/relay/manager.go:243.42,245.3 1 0
github.com/xdzczk/nostrmash/internal/ingestor/relay/manager.go:246.2,246.69 1 2
github.com/xdzczk/nostrmash/internal/ingestor/relay/manager.go:246.69,248.3 1 1
github.com/xdzczk/nostrmash/internal/ingestor/relay/manager.go:251.49,255.9 4 2
github.com/xdzczk/nostrmash/internal/ingestor/relay/manager.go:255.9,257.3 1 0
github.com/xdzczk/nostrmash/internal/ingestor/relay/manager.go:258.2,261.56 4 2
github.com/xdzczk/nostrmash/internal/ingestor/relay/manager.go:264.50,268.9 4 3
github.com/xdzczk/nostrmash/internal/ingestor/relay/manager.go:268.9,270.3 1 0
github.com/xdzczk/nostrmash/internal/ingestor/relay/manager.go:271.2,273.54 3 3
github.com/xdzczk/nostrmash/internal/ingestor/relay/manager.go:276.112,280.9 4 4
github.com/xdzczk/nostrmash/internal/ingestor/relay/manager.go:280.9,282.3 1 0
github.com/xdzczk/nostrmash/internal/ingestor/relay/manager.go:283.2,285.44 3 4
github.com/xdzczk/nostrmash/internal/ingestor/relay/manager.go:288.86,290.18 2 11
github.com/xdzczk/nostrmash/internal/ingestor/relay/manager.go:290.18,292.3 1 2
github.com/xdzczk/nostrmash/internal/ingestor/relay/manager.go:293.2,305.3 3 9
github.com/xdzczk/nostrmash/internal/ingestor/relay/manager.go:308.53,310.41 2 2
github.com/xdzczk/nostrmash/internal/ingestor/relay/manager.go:310.41,312.17 2 2
github.com/xdzczk/nostrmash/internal/ingestor/relay/manager.go:312.17,314.4 1 0
github.com/xdzczk/nostrmash/internal/ingestor/relay/manager.go:315.3,315.33 1 2
github.com/xdzczk/nostrmash/internal/ingestor/relay/manager.go:317.2,317.44 1 2
github.com/xdzczk/nostrmash/internal/ingestor/relay/manager.go:317.44,319.3 1 0
github.com/xdzczk/nostrmash/internal/ingestor/relay/manager.go:320.2,320.38 1 2
github.com/xdzczk/nostrmash/internal/ingestor/relay/manager.go:320.38,322.17 2 2
github.com/xdzczk/nostrmash/internal/ingestor/relay/manager.go:322.17,324.4 1 0
github.com/xdzczk/nostrmash/internal/ingestor/relay/manager.go:325.3,325.38 1 2
github.com/xdzczk/nostrmash/internal/ingestor/relay/manager.go:325.38,327.4 1 0
github.com/xdzczk/nostrmash/internal/ingestor/relay/manager.go:329.2,329.46 1 2
github.com/xdzczk/nostrmash/internal/ingestor/relay/manager.go:329.46,331.17 2 0
github.com/xdzczk/nostrmash/internal/ingestor/relay/manager.go:331.17,333.4 1 0
github.com/xdzczk/nostrmash/internal/ingestor/relay/manager.go:334.3,334.38 1 0
github.com/xdzczk/nostrmash/internal/ingestor/relay/manager.go:334.38,336.4 1 0
github.com/xdzczk/nostrmash/internal/ingestor/relay/manager.go:338.2,338.12 1 2
github.com/xdzczk/nostrmash/internal/ingestor/relay/manager.go:341.48,342.20 1 6
github.com/xdzczk/nostrmash/internal/ingestor/relay/manager.go:342.20,344.3 1 2
github.com/xdzczk/nostrmash/internal/ingestor/relay/manager.go:345.2,346.27 2 4
github.com/xdzczk/nostrmash/internal/ingestor/relay/manager.go:346.27,348.17 2 4
github.com/xdzczk/nostrmash/internal/ingestor/relay/manager.go:348.17,349.12 1 0
github.com/xdzczk/nostrmash/internal/ingestor/relay/manager.go:351.3,351.32 1 4
github.com/xdzczk/nostrmash/internal/ingestor/relay/manager.go:353.2,353.12 1 4
github.com/xdzczk/nostrmash/internal/ingestor/relay/manager.go:356.52,358.16 2 8
github.com/xdzczk/nostrmash/internal/ingestor/relay/manager.go:358.16,360.3 1 0
github.com/xdzczk/nostrmash/internal/ingestor/relay/manager.go:361.2,361.23 1 8
github.com/xdzczk/nostrmash/internal/ingestor/relay/manager.go:361.23,363.3 1 0
github.com/xdzczk/nostrmash/internal/ingestor/relay/manager.go:364.2,365.39 2 8
github.com/xdzczk/nostrmash/internal/ingestor/relay/manager.go:365.39,367.3 1 0
github.com/xdzczk/nostrmash/internal/ingestor/relay/manager.go:368.2,368.74 1 8
github.com/xdzczk/nostrmash/internal/ingestor/relay/manager.go:368.74,370.3 1 0
github.com/xdzczk/nostrmash/internal/ingestor/relay/manager.go:372.2,373.17 2 8
github.com/xdzczk/nostrmash/internal/ingestor/relay/manager.go:373.17,375.3 1 0
github.com/xdzczk/nostrmash/internal/ingestor/relay/manager.go:376.2,376.82 1 8
github.com/xdzczk/nostrmash/internal/ingestor/relay/manager.go:379.62,382.9 3 2
github.com/xdzczk/nostrmash/internal/ingestor/relay/manager.go:383.20,384.15 1 1
github.com/xdzczk/nostrmash/internal/ingestor/relay/manager.go:385.17,386.14 1 1
github.com/xdzczk/nostrmash/internal/ingestor/relay/manager.go:390.47,391.14 1 5
github.com/xdzczk/nostrmash/internal/ingestor/relay/manager.go:391.14,393.3 1 0
github.com/xdzczk/nostrmash/internal/ingestor/relay/manager.go:394.2,394.12 1 5
github.com/xdzczk/nostrmash/internal/ingestor/relay/manager.go:397.101,398.25 1 9
github.com/xdzczk/nostrmash/internal/ingestor/relay/manager.go:398.25,400.3 1 9
github.com/xdzczk/nostrmash/internal/ingestor/relay/manager.go:401.2,401.85 1 0
github.com/xdzczk/nostrmash/internal/ingestor/relay/manager.go:401.85,408.3 1 0
github.com/xdzczk/nostrmash/internal/ingestor/relay/noop_connector.go:11.88,13.2 1 0
github.com/xdzczk/nostrmash/internal/ingestor/relay/nostr_connector.go:24.91,29.16 3 0
github.com/xdzczk/nostrmash/internal/ingestor/relay/nostr_connector.go:29.16,31.3 1 0
github.com/xdzczk/nostrmash/internal/ingestor/relay/nostr_connector.go:33.2,39.28 7 0
github.com/xdzczk/nostrmash/internal/ingestor/relay/nostr_connector.go:39.28,41.17 2 0
github.com/xdzczk/nostrmash/internal/ingestor/relay/nostr_connector.go:41.17,44.4 2 0
github.com/xdzczk/nostrmash/internal/ingestor/relay/nostr_connector.go:45.3,49.65 5 0
github.com/xdzczk/nostrmash/internal/ingestor/relay/nostr_connector.go:51.2,60.16 3 0
github.com/xdzczk/nostrmash/internal/ingestor/relay/nostr_connector.go:60.16,63.3 2 0
github.com/xdzczk/nostrmash/internal/ingestor/relay/nostr_connector.go:64.2,64.73 1 0
github.com/xdzczk/nostrmash/internal/ingestor/relay/nostr_connector.go:64.73,67.3 2 0
github.com/xdzczk/nostrmash/internal/ingestor/relay/nostr_connector.go:69.2,72.18 3 0
github.com/xdzczk/nostrmash/internal/ingestor/relay/nostr_connector.go:72.18,85.3 1 0
github.com/xdzczk/nostrmash/internal/ingestor/relay/nostr_connector.go:86.2,86.20 1 0
github.com/xdzczk/nostrmash/internal/ingestor/relay/nostr_connector.go:102.103,113.12 3 0
github.com/xdzczk/nostrmash/internal/ingestor/relay/nostr_connector.go:113.12,116.3 2 0
github.com/xdzczk/nostrmash/internal/ingestor/relay/nostr_connector.go:117.2,117.15 1 0
github.com/xdzczk/nostrmash/internal/ingestor/relay/nostr_connector.go:120.49,122.2 1 0
github.com/xdzczk/nostrmash/internal/ingestor/relay/nostr_connector.go:124.54,126.2 1 0
github.com/xdzczk/nostrmash/internal/ingestor/relay/nostr_connector.go:128.43,131.2 2 0
github.com/xdzczk/nostrmash/internal/ingestor/relay/nostr_connector.go:133.40,136.6 2 0
github.com/xdzczk/nostrmash/internal/ingestor/relay/nostr_connector.go:136.6,138.17 2 0
github.com/xdzczk/nostrmash/internal/ingestor/relay/nostr_connector.go:138.17,141.4 2 0
github.com/xdzczk/nostrmash/internal/ingestor/relay/nostr_connector.go:142.3,143.10 2 0
github.com/xdzczk/nostrmash/internal/ingestor/relay/nostr_connector.go:143.10,144.12 1 0
github.com/xdzczk/nostrmash/internal/ingestor/relay/nostr_connector.go:146.3,146.10 1 0
github.com/xdzczk/nostrmash/internal/ingestor/relay/nostr_connector.go:147.26,147.26 0 0
github.com/xdzczk/nostrmash/internal/ingestor/relay/nostr_connector.go:148.27,150.10 2 0
github.com/xdzczk/nostrmash/internal/ingestor/relay/nostr_connector.go:155.50,156.24 1 0
github.com/xdzczk/nostrmash/internal/ingestor/relay/nostr_connector.go:156.24,164.57 4 0
github.com/xdzczk/nostrmash/internal/ingestor/relay/nostr_connector.go:164.57,166.4 1 0
github.com/xdzczk/nostrmash/internal/ingestor/relay/nostr_connector.go:167.3,167.16 1 0
github.com/xdzczk/nostrmash/internal/ingestor/relay/nostr_connector.go:171.40,172.16 1 0
github.com/xdzczk/nostrmash/internal/ingestor/relay/nostr_connector.go:172.16,174.3 1 0
github.com/xdzczk/nostrmash/internal/ingestor/relay/nostr_connector.go:175.2,175.89 1 0
github.com/xdzczk/nostrmash/internal/ingestor/relay/nostr_connector.go:175.89,177.3 1 0
github.com/xdzczk/nostrmash/internal/ingestor/relay/nostr_connector.go:178.2,178.12 1 0
github.com/xdzczk/nostrmash/internal/ingestor/relay/nostr_connector.go:181.55,183.23 2 4
github.com/xdzczk/nostrmash/internal/ingestor/relay/nostr_connector.go:183.23,185.3 1 0
github.com/xdzczk/nostrmash/internal/ingestor/relay/nostr_connector.go:187.2,188.59 2 4
github.com/xdzczk/nostrmash/internal/ingestor/relay/nostr_connector.go:188.59,190.3 1 1
github.com/xdzczk/nostrmash/internal/ingestor/relay/nostr_connector.go:191.2,191.24 1 3
github.com/xdzczk/nostrmash/internal/ingestor/relay/nostr_connector.go:191.24,193.3 1 0
github.com/xdzczk/nostrmash/internal/ingestor/relay/nostr_connector.go:195.2,196.67 2 3
github.com/xdzczk/nostrmash/internal/ingestor/relay/nostr_connector.go:196.67,198.3 1 0
github.com/xdzczk/nostrmash/internal/ingestor/relay/nostr_connector.go:199.2,199.29 1 3
github.com/xdzczk/nostrmash/internal/ingestor/relay/nostr_connector.go:199.29,201.3 1 1
github.com/xdzczk/nostrmash/internal/ingestor/relay/nostr_connector.go:202.2,202.23 1 2
github.com/xdzczk/nostrmash/internal/ingestor/relay/nostr_connector.go:202.23,204.3 1 1
github.com/xdzczk/nostrmash/internal/ingestor/relay/nostr_connector.go:205.2,205.43 1 1
github.com/xdzczk/nostrmash/internal/store/checkpoints.go:20.36,21.31 1 0
github.com/xdzczk/nostrmash/internal/store/checkpoints.go:21.31,23.3 1 0
github.com/xdzczk/nostrmash/internal/store/checkpoints.go:24.2,27.55 4 0
github.com/xdzczk/nostrmash/internal/store/checkpoints.go:27.55,29.3 1 0
github.com/xdzczk/nostrmash/internal/store/checkpoints.go:31.2,57.16 3 0
github.com/xdzczk/nostrmash/internal/store/checkpoints.go:57.16,58.27 1 0
github.com/xdzczk/nostrmash/internal/store/checkpoints.go:58.27,60.4 1 0
github.com/xdzczk/nostrmash/internal/store/checkpoints.go:61.3,61.55 1 0
github.com/xdzczk/nostrmash/internal/store/checkpoints.go:63.2,63.25 1 0
github.com/xdzczk/nostrmash/internal/store/checkpoints.go:67.110,68.31 1 0
github.com/xdzczk/nostrmash/internal/store/checkpoints.go:68.31,70.3 1 0
github.com/xdzczk/nostrmash/internal/store/checkpoints.go:71.2,75.88 5 0
github.com/xdzczk/nostrmash/internal/store/checkpoints.go:75.88,77.3 1 0
github.com/xdzczk/nostrmash/internal/store/checkpoints.go:78.2,78.29 1 0
github.com/xdzczk/nostrmash/internal/store/checkpoints.go:78.29,80.3 1 0
github.com/xdzczk/nostrmash/internal/store/checkpoints.go:81.2,82.24 2 0
github.com/xdzczk/nostrmash/internal/store/checkpoints.go:82.24,84.3 1 0
github.com/xdzczk/nostrmash/internal/store/checkpoints.go:86.2,124.16 2 0
github.com/xdzczk/nostrmash/internal/store/checkpoints.go:124.16,126.3 1 0
github.com/xdzczk/nostrmash/internal/store/checkpoints.go:127.2,127.12 1 0
github.com/xdzczk/nostrmash/internal/store/compat_queries.go:30.115,32.31 2 0
github.com/xdzczk/nostrmash/internal/store/compat_queries.go:32.31,34.3 1 0
github.com/xdzczk/nostrmash/internal/store/compat_queries.go:35.2,36.18 2 0
github.com/xdzczk/nostrmash/internal/store/compat_queries.go:36.18,38.3 1 0
github.com/xdzczk/nostrmash/internal/store/compat_queries.go:40.2,52.16 3 0
github.com/xdzczk/nostrmash/internal/store/compat_queries.go:52.16,53.36 1 0
github.com/xdzczk/nostrmash/internal/store/compat_queries.go:53.36,55.4 1 0
github.com/xdzczk/nostrmash/internal/store/compat_queries.go:56.3,56.64 1 0
github.com/xdzczk/nostrmash/internal/store/compat_queries.go:58.2,59.17 2 0
github.com/xdzczk/nostrmash/internal/store/compat_queries.go:63.111,65.31 2 0
github.com/xdzczk/nostrmash/internal/store/compat_queries.go:65.31,67.3 1 0
github.com/xdzczk/nostrmash/internal/store/compat_queries.go:68.2,69.18 2 0
github.com/xdzczk/nostrmash/internal/store/compat_queries.go:69.18,71.3 1 0
github.com/xdzczk/nostrmash/internal/store/compat_queries.go:73.2,85.16 3 0
github.com/xdzczk/nostrmash/internal/store/compat_queries.go:85.16,86.36 1 0
github.com/xdzczk/nostrmash/internal/store/compat_queries.go:86.36,88.4 1 0
github.com/xdzczk/nostrmash/internal/store/compat_queries.go:89.3,89.62 1 0
github.com/xdzczk/nostrmash/internal/store/compat_queries.go:91.2,92.17 2 0
github.com/xdzczk/nostrmash/internal/store/compat_queries.go:96.120,97.31 1 0
github.com/xdzczk/nostrmash/internal/store/compat_queries.go:97.31,99.3 1 0
github.com/xdzczk/nostrmash/internal/store/compat_queries.go:100.2,101.17 2 0
github.com/xdzczk/nostrmash/internal/store/compat_queries.go:101.17,103.3 1 0
github.com/xdzczk/nostrmash/internal/store/compat_queries.go:104.2,104.16 1 0
github.com/xdzczk/nostrmash/internal/store/compat_queries.go:104.16,106.3 1 0
github.com/xdzczk/nostrmash/internal/store/compat_queries.go:107.2,107.17 1 0
github.com/xdzczk/nostrmash/internal/store/compat_queries.go:107.17,109.3 1 0
github.com/xdzczk/nostrmash/internal/store/compat_queries.go:110.2,132.16 2 0
github.com/xdzczk/nostrmash/internal/store/compat_queries.go:132.16,134.3 1 0
github.com/xdzczk/nostrmash/internal/store/compat_queries.go:135.2,138.18 3 0
github.com/xdzczk/nostrmash/internal/store/compat_queries.go:138.18,140.41 2 0
github.com/xdzczk/nostrmash/internal/store/compat_queries.go:140.41,142.4 1 0
github.com/xdzczk/nostrmash/internal/store/compat_queries.go:143.3,143.42 1 0
github.com/xdzczk/nostrmash/internal/store/compat_queries.go:145.2,145.35 1 0
github.com/xdzczk/nostrmash/internal/store/compat_queries.go:145.35,147.3 1 0
github.com/xdzczk/nostrmash/internal/store/compat_queries.go:148.2,148.17 1 0
github.com/xdzczk/nostrmash/internal/store/compat_queries.go:152.115,153.31 1 0
github.com/xdzczk/nostrmash/internal/store/compat_queries.go:153.31,155.3 1 0
github.com/xdzczk/nostrmash/internal/store/compat_queries.go:156.2,157.17 2 0
github.com/xdzczk/nostrmash/internal/store/compat_queries.go:157.17,159.3 1 0
github.com/xdzczk/nostrmash/internal/store/compat_queries.go:160.2,160.16 1 0
github.com/xdzczk/nostrmash/internal/store/compat_queries.go:160.16,162.3 1 0
github.com/xdzczk/nostrmash/internal/store/compat_queries.go:163.2,163.17 1 0
github.com/xdzczk/nostrmash/internal/store/compat_queries.go:163.17,165.3 1 0
github.com/xdzczk/nostrmash/internal/store/compat_queries.go:167.2,206.16 2 0
github.com/xdzczk/nostrmash/internal/store/compat_queries.go:206.16,208.3 1 0
github.com/xdzczk/nostrmash/internal/store/compat_queries.go:209.2,212.18 3 0
github.com/xdzczk/nostrmash/internal/store/compat_queries.go:212.18,215.108 3 0
github.com/xdzczk/nostrmash/internal/store/compat_queries.go:215.108,217.4 1 0
github.com/xdzczk/nostrmash/internal/store/compat_queries.go:218.3,219.25 2 0
github.com/xdzczk/nostrmash/internal/store/compat_queries.go:221.2,221.35 1 0
github.com/xdzczk/nostrmash/internal/store/compat_queries.go:221.35,223.3 1 0
github.com/xdzczk/nostrmash/internal/store/compat_queries.go:224.2,224.17 1 0
github.com/xdzczk/nostrmash/internal/store/compat_queries.go:232.30,233.31 1 0
github.com/xdzczk/nostrmash/internal/store/compat_queries.go:233.31,235.3 1 0
github.com/xdzczk/nostrmash/internal/store/compat_queries.go:236.2,236.14 1 0
github.com/xdzczk/nostrmash/internal/store/compat_queries.go:236.14,238.3 1 0
github.com/xdzczk/nostrmash/internal/store/compat_queries.go:239.2,240.18 2 0
github.com/xdzczk/nostrmash/internal/store/compat_queries.go:240.18,242.3 1 0
github.com/xdzczk/nostrmash/internal/store/compat_queries.go:243.2,243.16 1 0
github.com/xdzczk/nostrmash/internal/store/compat_queries.go:243.16,245.3 1 0
github.com/xdzczk/nostrmash/internal/store/compat_queries.go:246.2,246.17 1 0
github.com/xdzczk/nostrmash/internal/store/compat_queries.go:246.17,248.3 1 0
github.com/xdzczk/nostrmash/internal/store/compat_queries.go:249.2,256.16 2 0
github.com/xdzczk/nostrmash/internal/store/compat_queries.go:256.16,258.3 1 0
github.com/xdzczk/nostrmash/internal/store/compat_queries.go:259.2,261.18 3 0
github.com/xdzczk/nostrmash/internal/store/compat_queries.go:261.18,263.41 2 0
github.com/xdzczk/nostrmash/internal/store/compat_queries.go:263.41,265.4 1 0
github.com/xdzczk/nostrmash/internal/store/compat_queries.go:266.3,266.42 1 0
github.com/xdzczk/nostrmash/internal/store/compat_queries.go:268.2,268.35 1 0
github.com/xdzczk/nostrmash/internal/store/compat_queries.go:268.35,270.3 1 0
github.com/xdzczk/nostrmash/internal/store/compat_queries.go:271.2,271.17 1 0
github.com/xdzczk/nostrmash/internal/store/compat_queries.go:275.132,276.31 1 0
github.com/xdzczk/nostrmash/internal/store/compat_queries.go:276.31,278.3 1 0
github.com/xdzczk/nostrmash/internal/store/compat_queries.go:279.2,280.24 2 0
github.com/xdzczk/nostrmash/internal/store/compat_queries.go:280.24,282.3 1 0
github.com/xdzczk/nostrmash/internal/store/compat_queries.go:283.2,283.16 1 0
github.com/xdzczk/nostrmash/internal/store/compat_queries.go:283.16,285.3 1 0
github.com/xdzczk/nostrmash/internal/store/compat_queries.go:286.2,286.17 1 0
github.com/xdzczk/nostrmash/internal/store/compat_queries.go:286.17,288.3 1 0
github.com/xdzczk/nostrmash/internal/store/compat_queries.go:289.2,297.16 2 0
github.com/xdzczk/nostrmash/internal/store/compat_queries.go:297.16,299.3 1 0
github.com/xdzczk/nostrmash/internal/store/compat_queries.go:300.2,302.18 3 0
github.com/xdzczk/nostrmash/internal/store/compat_queries.go:302.18,304.41 2 0
github.com/xdzczk/nostrmash/internal/store/compat_queries.go:304.41,306.4 1 0
github.com/xdzczk/nostrmash/internal/store/compat_queries.go:307.3,307.42 1 0
github.com/xdzczk/nostrmash/internal/store/compat_queries.go:309.2,309.35 1 0
github.com/xdzczk/nostrmash/internal/store/compat_queries.go:309.35,311.3 1 0
github.com/xdzczk/nostrmash/internal/store/compat_queries.go:312.2,312.17 1 0
github.com/xdzczk/nostrmash/internal/store/compat_queries.go:316.126,317.31 1 0
github.com/xdzczk/nostrmash/internal/store/compat_queries.go:317.31,319.3 1 0
github.com/xdzczk/nostrmash/internal/store/compat_queries.go:320.2,321.24 2 0
github.com/xdzczk/nostrmash/internal/store/compat_queries.go:321.24,323.3 1 0
github.com/xdzczk/nostrmash/internal/store/compat_queries.go:324.2,324.16 1 0
github.com/xdzczk/nostrmash/internal/store/compat_queries.go:324.16,326.3 1 0
github.com/xdzczk/nostrmash/internal/store/compat_queries.go:327.2,327.17 1 0
github.com/xdzczk/nostrmash/internal/store/compat_queries.go:327.17,329.3 1 0
github.com/xdzczk/nostrmash/internal/store/compat_queries.go:330.2,341.16 2 0
github.com/xdzczk/nostrmash/internal/store/compat_queries.go:341.16,343.3 1 0
github.com/xdzczk/nostrmash/internal/store/compat_queries.go:344.2,346.18 3 0
github.com/xdzczk/nostrmash/internal/store/compat_queries.go:346.18,348.41 2 0
github.com/xdzczk/nostrmash/internal/store/compat_queries.go:348.41,350.4 1 0
github.com/xdzczk/nostrmash/internal/store/compat_queries.go:351.3,351.42 1 0
github.com/xdzczk/nostrmash/internal/store/compat_queries.go:353.2,353.35 1 0
github.com/xdzczk/nostrmash/internal/store/compat_queries.go:353.35,355.3 1 0
github.com/xdzczk/nostrmash/internal/store/compat_queries.go:356.2,356.17 1 0
github.com/xdzczk/nostrmash/internal/store/compat_queries.go:359.123,360.31 1 0
github.com/xdzczk/nostrmash/internal/store/compat_queries.go:360.31,362.3 1 0
github.com/xdzczk/nostrmash/internal/store/compat_queries.go:363.2,364.19 2 0
github.com/xdzczk/nostrmash/internal/store/compat_queries.go:364.19,366.3 1 0
github.com/xdzczk/nostrmash/internal/store/compat_queries.go:367.2,367.16 1 0
github.com/xdzczk/nostrmash/internal/store/compat_queries.go:367.16,369.3 1 0
github.com/xdzczk/nostrmash/internal/store/compat_queries.go:370.2,370.17 1 0
github.com/xdzczk/nostrmash/internal/store/compat_queries.go:370.17,372.3 1 0
github.com/xdzczk/nostrmash/internal/store/compat_queries.go:373.2,384.16 2 0
github.com/xdzczk/nostrmash/internal/store/compat_queries.go:384.16,386.3 1 0
github.com/xdzczk/nostrmash/internal/store/compat_queries.go:387.2,389.18 3 0
github.com/xdzczk/nostrmash/internal/store/compat_queries.go:389.18,391.41 2 0
github.com/xdzczk/nostrmash/internal/store/compat_queries.go:391.41,393.4 1 0
github.com/xdzczk/nostrmash/internal/store/compat_queries.go:394.3,394.42 1 0
github.com/xdzczk/nostrmash/internal/store/compat_queries.go:396.2,396.35 1 0
github.com/xdzczk/nostrmash/internal/store/compat_queries.go:396.35,398.3 1 0
github.com/xdzczk/nostrmash/internal/store/compat_queries.go:399.2,399.17 1 0
github.com/xdzczk/nostrmash/internal/store/compat_queries.go:408.30,409.31 1 0
github.com/xdzczk/nostrmash/internal/store/compat_queries.go:409.31,411.3 1 0
github.com/xdzczk/nostrmash/internal/store/compat_queries.go:412.2,414.15 3 0
github.com/xdzczk/nostrmash/internal/store/compat_queries.go:414.15,416.3 1 0
github.com/xdzczk/nostrmash/internal/store/compat_queries.go:417.2,417.18 1 0
github.com/xdzczk/nostrmash/internal/store/compat_queries.go:417.18,419.3 1 0
github.com/xdzczk/nostrmash/internal/store/compat_queries.go:420.2,420.22 1 0
github.com/xdzczk/nostrmash/internal/store/compat_queries.go:420.22,422.3 1 0
github.com/xdzczk/nostrmash/internal/store/compat_queries.go:423.2,423.16 1 0
github.com/xdzczk/nostrmash/internal/store/compat_queries.go:423.16,425.3 1 0
github.com/xdzczk/nostrmash/internal/store/compat_queries.go:426.2,426.17 1 0
github.com/xdzczk/nostrmash/internal/store/compat_queries.go:426.17,428.3 1 0
github.com/xdzczk/nostrmash/internal/store/compat_queries.go:429.2,441.16 3 0
github.com/xdzczk/nostrmash/internal/store/compat_queries.go:441.16,443.3 1 0
github.com/xdzczk/nostrmash/internal/store/compat_queries.go:444.2,446.18 3 0
github.com/xdzczk/nostrmash/internal/store/compat_queries.go:446.18,448.41 2 0
github.com/xdzczk/nostrmash/internal/store/compat_queries.go:448.41,450.4 1 0
github.com/xdzczk/nostrmash/internal/store/compat_queries.go:451.3,451.42 1 0
github.com/xdzczk/nostrmash/internal/store/compat_queries.go:453.2,453.35 1 0
github.com/xdzczk/nostrmash/internal/store/compat_queries.go:453.35,455.3 1 0
github.com/xdzczk/nostrmash/internal/store/compat_queries.go:456.2,456.17 1 0
github.com/xdzczk/nostrmash/internal/store/compat_queries.go:459.135,460.31 1 0
github.com/xdzczk/nostrmash/internal/store/compat_queries.go:460.31,462.3 1 0
github.com/xdzczk/nostrmash/internal/store/compat_queries.go:463.2,463.15 1 0
github.com/xdzczk/nostrmash/internal/store/compat_queries.go:463.15,465.3 1 0
github.com/xdzczk/nostrmash/internal/store/compat_queries.go:466.2,467.21 2 0
github.com/xdzczk/nostrmash/internal/store/compat_queries.go:467.21,469.3 1 0
github.com/xdzczk/nostrmash/internal/store/compat_queries.go:470.2,470.16 1 0
github.com/xdzczk/nostrmash/internal/store/compat_queries.go:470.16,472.3 1 0
github.com/xdzczk/nostrmash/internal/store/compat_queries.go:473.2,473.18 1 0
github.com/xdzczk/nostrmash/internal/store/compat_queries.go:473.18,475.3 1 0
github.com/xdzczk/nostrmash/internal/store/compat_queries.go:476.2,487.16 2 0
github.com/xdzczk/nostrmash/internal/store/compat_queries.go:487.16,489.3 1 0
github.com/xdzczk/nostrmash/internal/store/compat_queries.go:490.2,492.18 3 0
github.com/xdzczk/nostrmash/internal/store/compat_queries.go:492.18,494.41 2 0
github.com/xdzczk/nostrmash/internal/store/compat_queries.go:494.41,496.4 1 0
github.com/xdzczk/nostrmash/internal/store/compat_queries.go:497.3,497.42 1 0
github.com/xdzczk/nostrmash/internal/store/compat_queries.go:499.2,499.35 1 0
github.com/xdzczk/nostrmash/internal/store/compat_queries.go:499.35,501.3 1 0
github.com/xdzczk/nostrmash/internal/store/compat_queries.go:502.2,502.17 1 0
github.com/xdzczk/nostrmash/internal/store/db.go:11.79,13.16 2 0
github.com/xdzczk/nostrmash/internal/store/db.go:13.16,15.3 1 0
github.com/xdzczk/nostrmash/internal/store/db.go:16.2,17.16 2 0
github.com/xdzczk/nostrmash/internal/store/db.go:17.16,19.3 1 0
github.com/xdzczk/nostrmash/internal/store/db.go:20.2,20.39 1 0
github.com/xdzczk/nostrmash/internal/store/db.go:20.39,23.3 2 0
github.com/xdzczk/nostrmash/internal/store/db.go:24.2,24.18 1 0
github.com/xdzczk/nostrmash/internal/store/events.go:31.58,33.2 1 0
github.com/xdzczk/nostrmash/internal/store/events.go:43.9,46.2 2 0
github.com/xdzczk/nostrmash/internal/store/events.go:55.34,57.31 2 0
github.com/xdzczk/nostrmash/internal/store/events.go:57.31,59.3 1 0
github.com/xdzczk/nostrmash/internal/store/events.go:60.2,60.39 1 0
github.com/xdzczk/nostrmash/internal/store/events.go:60.39,62.3 1 0
github.com/xdzczk/nostrmash/internal/store/events.go:63.2,63.39 1 0
github.com/xdzczk/nostrmash/internal/store/events.go:63.39,65.3 1 0
github.com/xdzczk/nostrmash/internal/store/events.go:67.2,69.26 3 0
github.com/xdzczk/nostrmash/internal/store/events.go:69.26,71.3 1 0
github.com/xdzczk/nostrmash/internal/store/events.go:72.2,73.25 2 0
github.com/xdzczk/nostrmash/internal/store/events.go:73.25,75.3 1 0
github.com/xdzczk/nostrmash/internal/store/events.go:76.2,76.26 1 0
github.com/xdzczk/nostrmash/internal/store/events.go:76.26,78.3 1 0
github.com/xdzczk/nostrmash/internal/store/events.go:80.2,83.16 3 0
github.com/xdzczk/nostrmash/internal/store/events.go:83.16,85.3 1 0
github.com/xdzczk/nostrmash/internal/store/events.go:86.2,86.15 1 0
github.com/xdzczk/nostrmash/internal/store/events.go:86.15,86.39 1 0
github.com/xdzczk/nostrmash/internal/store/events.go:88.2,107.16 2 0
github.com/xdzczk/nostrmash/internal/store/events.go:107.16,109.3 1 0
github.com/xdzczk/nostrmash/internal/store/events.go:111.2,111.35 1 0
github.com/xdzczk/nostrmash/internal/store/events.go:111.35,126.17 2 0
github.com/xdzczk/nostrmash/internal/store/events.go:126.17,128.4 1 0
github.com/xdzczk/nostrmash/internal/store/events.go:131.2,141.16 2 0
github.com/xdzczk/nostrmash/internal/store/events.go:141.16,143.3 1 0
github.com/xdzczk/nostrmash/internal/store/events.go:145.2,145.27 1 0
github.com/xdzczk/nostrmash/internal/store/events.go:145.27,146.104 1 0
github.com/xdzczk/nostrmash/internal/store/events.go:146.104,148.4 1 0
github.com/xdzczk/nostrmash/internal/store/events.go:149.3,149.109 1 0
github.com/xdzczk/nostrmash/internal/store/events.go:149.109,151.4 1 0
github.com/xdzczk/nostrmash/internal/store/events.go:152.3,152.107 1 0
github.com/xdzczk/nostrmash/internal/store/events.go:152.107,154.4 1 0
github.com/xdzczk/nostrmash/internal/store/events.go:157.2,157.39 1 0
github.com/xdzczk/nostrmash/internal/store/events.go:157.39,159.3 1 0
github.com/xdzczk/nostrmash/internal/store/events.go:160.2,160.21 1 0
github.com/xdzczk/nostrmash/internal/store/events.go:163.92,167.16 2 0
github.com/xdzczk/nostrmash/internal/store/events.go:167.16,169.3 1 0
github.com/xdzczk/nostrmash/internal/store/events.go:170.2,183.16 3 0
github.com/xdzczk/nostrmash/internal/store/events.go:183.16,185.3 1 0
github.com/xdzczk/nostrmash/internal/store/events.go:186.2,186.12 1 0
github.com/xdzczk/nostrmash/internal/store/events.go:190.98,191.31 1 0
github.com/xdzczk/nostrmash/internal/store/events.go:191.31,193.3 1 0
github.com/xdzczk/nostrmash/internal/store/events.go:194.2,195.21 2 0
github.com/xdzczk/nostrmash/internal/store/events.go:195.21,197.3 1 0
github.com/xdzczk/nostrmash/internal/store/events.go:199.2,205.16 3 0
github.com/xdzczk/nostrmash/internal/store/events.go:205.16,206.36 1 0
github.com/xdzczk/nostrmash/internal/store/events.go:206.36,208.4 1 0
github.com/xdzczk/nostrmash/internal/store/events.go:209.3,209.53 1 0
github.com/xdzczk/nostrmash/internal/store/events.go:211.2,211.34 1 0
github.com/xdzczk/nostrmash/internal/store/events.go:215.114,216.31 1 0
github.com/xdzczk/nostrmash/internal/store/events.go:216.31,218.3 1 0
github.com/xdzczk/nostrmash/internal/store/events.go:219.2,219.19 1 0
github.com/xdzczk/nostrmash/internal/store/events.go:219.19,221.3 1 0
github.com/xdzczk/nostrmash/internal/store/events.go:223.2,225.25 3 0
github.com/xdzczk/nostrmash/internal/store/events.go:225.25,227.22 2 0
github.com/xdzczk/nostrmash/internal/store/events.go:227.22,228.12 1 0
github.com/xdzczk/nostrmash/internal/store/events.go:230.3,230.35 1 0
github.com/xdzczk/nostrmash/internal/store/events.go:230.35,231.12 1 0
github.com/xdzczk/nostrmash/internal/store/events.go:233.3,234.45 2 0
github.com/xdzczk/nostrmash/internal/store/events.go:236.2,236.26 1 0
github.com/xdzczk/nostrmash/internal/store/events.go:236.26,238.3 1 0
github.com/xdzczk/nostrmash/internal/store/events.go:240.2,245.16 2 0
github.com/xdzczk/nostrmash/internal/store/events.go:245.16,247.3 1 0
github.com/xdzczk/nostrmash/internal/store/events.go:248.2,251.18 3 0
github.com/xdzczk/nostrmash/internal/store/events.go:251.18,254.46 3 0
github.com/xdzczk/nostrmash/internal/store/events.go:254.46,256.4 1 0
github.com/xdzczk/nostrmash/internal/store/events.go:257.3,257.33 1 0
github.com/xdzczk/nostrmash/internal/store/events.go:259.2,259.35 1 0
github.com/xdzczk/nostrmash/internal/store/events.go:259.35,261.3 1 0
github.com/xdzczk/nostrmash/internal/store/events.go:262.2,262.17 1 0
github.com/xdzczk/nostrmash/internal/store/events.go:266.100,267.31 1 0
github.com/xdzczk/nostrmash/internal/store/events.go:267.31,269.3 1 0
github.com/xdzczk/nostrmash/internal/store/events.go:270.2,271.21 2 0
github.com/xdzczk/nostrmash/internal/store/events.go:271.21,273.3 1 0
github.com/xdzczk/nostrmash/internal/store/events.go:275.2,281.16 2 0
github.com/xdzczk/nostrmash/internal/store/events.go:281.16,283.3 1 0
github.com/xdzczk/nostrmash/internal/store/events.go:284.2,287.18 3 0
github.com/xdzczk/nostrmash/internal/store/events.go:287.18,290.67 3 0
github.com/xdzczk/nostrmash/internal/store/events.go:290.67,292.4 1 0
github.com/xdzczk/nostrmash/internal/store/events.go:293.3,293.33 1 0
github.com/xdzczk/nostrmash/internal/store/events.go:295.2,295.35 1 0
github.com/xdzczk/nostrmash/internal/store/events.go:295.35,297.3 1 0
github.com/xdzczk/nostrmash/internal/store/events.go:298.2,298.21 1 0
github.com/xdzczk/nostrmash/internal/store/events.go:298.21,300.3 1 0
github.com/xdzczk/nostrmash/internal/store/events.go:302.2,306.16 3 0
github.com/xdzczk/nostrmash/internal/store/events.go:306.16,308.3 1 0
github.com/xdzczk/nostrmash/internal/store/events.go:309.2,309.13 1 0
github.com/xdzczk/nostrmash/internal/store/events.go:309.13,311.3 1 0
github.com/xdzczk/nostrmash/internal/store/events.go:312.2,312.20 1 0
github.com/xdzczk/nostrmash/internal/store/events.go:341.107,343.31 2 0
github.com/xdzczk/nostrmash/internal/store/events.go:343.31,345.3 1 0
github.com/xdzczk/nostrmash/internal/store/events.go:346.2,347.18 2 0
github.com/xdzczk/nostrmash/internal/store/events.go:347.18,349.3 1 0
github.com/xdzczk/nostrmash/internal/store/events.go:351.2,357.16 3 0
github.com/xdzczk/nostrmash/internal/store/events.go:357.16,358.36 1 0
github.com/xdzczk/nostrmash/internal/store/events.go:358.36,360.4 1 0
github.com/xdzczk/nostrmash/internal/store/events.go:361.3,361.59 1 0
github.com/xdzczk/nostrmash/internal/store/events.go:363.2,364.17 2 0
github.com/xdzczk/nostrmash/internal/store/events.go:368.123,369.31 1 0
github.com/xdzczk/nostrmash/internal/store/events.go:369.31,371.3 1 0
github.com/xdzczk/nostrmash/internal/store/events.go:372.2,372.23 1 0
github.com/xdzczk/nostrmash/internal/store/events.go:372.23,374.3 1 0
github.com/xdzczk/nostrmash/internal/store/events.go:376.2,378.33 3 0
github.com/xdzczk/nostrmash/internal/store/events.go:378.33,380.19 2 0
github.com/xdzczk/nostrmash/internal/store/events.go:380.19,381.12 1 0
github.com/xdzczk/nostrmash/internal/store/events.go:383.3,383.32 1 0
github.com/xdzczk/nostrmash/internal/store/events.go:383.32,384.12 1 0
github.com/xdzczk/nostrmash/internal/store/events.go:386.3,387.42 2 0
github.com/xdzczk/nostrmash/internal/store/events.go:389.2,389.26 1 0
github.com/xdzczk/nostrmash/internal/store/events.go:389.26,391.3 1 0
github.com/xdzczk/nostrmash/internal/store/events.go:393.2,398.16 2 0
github.com/xdzczk/nostrmash/internal/store/events.go:398.16,400.3 1 0
github.com/xdzczk/nostrmash/internal/store/events.go:401.2,404.18 3 0
github.com/xdzczk/nostrmash/internal/store/events.go:404.18,407.108 3 0
github.com/xdzczk/nostrmash/internal/store/events.go:407.108,409.4 1 0
github.com/xdzczk/nostrmash/internal/store/events.go:410.3,411.24 2 0
github.com/xdzczk/nostrmash/internal/store/events.go:413.2,413.35 1 0
github.com/xdzczk/nostrmash/internal/store/events.go:413.35,415.3 1 0
github.com/xdzczk/nostrmash/internal/store/events.go:416.2,416.17 1 0
github.com/xdzczk/nostrmash/internal/store/events.go:420.121,421.31 1 0
github.com/xdzczk/nostrmash/internal/store/events.go:421.31,423.3 1 0
github.com/xdzczk/nostrmash/internal/store/events.go:424.2,425.18 2 0
github.com/xdzczk/nostrmash/internal/store/events.go:425.18,427.3 1 0
github.com/xdzczk/nostrmash/internal/store/events.go:428.2,428.16 1 0
github.com/xdzczk/nostrmash/internal/store/events.go:428.16,430.3 1 0
github.com/xdzczk/nostrmash/internal/store/events.go:432.2,440.16 2 0
github.com/xdzczk/nostrmash/internal/store/events.go:440.16,442.3 1 0
github.com/xdzczk/nostrmash/internal/store/events.go:443.2,446.18 3 0
github.com/xdzczk/nostrmash/internal/store/events.go:446.18,448.41 2 0
github.com/xdzczk/nostrmash/internal/store/events.go:448.41,450.4 1 0
github.com/xdzczk/nostrmash/internal/store/events.go:451.3,451.42 1 0
github.com/xdzczk/nostrmash/internal/store/events.go:453.2,453.35 1 0
github.com/xdzczk/nostrmash/internal/store/events.go:453.35,455.3 1 0
github.com/xdzczk/nostrmash/internal/store/events.go:456.2,456.17 1 0
github.com/xdzczk/nostrmash/internal/store/events.go:460.116,461.31 1 0
github.com/xdzczk/nostrmash/internal/store/events.go:461.31,463.3 1 0
github.com/xdzczk/nostrmash/internal/store/events.go:464.2,465.18 2 0
github.com/xdzczk/nostrmash/internal/store/events.go:465.18,467.3 1 0
github.com/xdzczk/nostrmash/internal/store/events.go:468.2,468.16 1 0
github.com/xdzczk/nostrmash/internal/store/events.go:468.16,470.3 1 0
github.com/xdzczk/nostrmash/internal/store/events.go:471.2,471.17 1 0
github.com/xdzczk/nostrmash/internal/store/events.go:471.17,473.3 1 0
github.com/xdzczk/nostrmash/internal/store/events.go:475.2,488.16 2 0
github.com/xdzczk/nostrmash/internal/store/events.go:488.16,490.3 1 0
github.com/xdzczk/nostrmash/internal/store/events.go:491.2,494.18 3 0
github.com/xdzczk/nostrmash/internal/store/events.go:494.18,496.41 2 0
github.com/xdzczk/nostrmash/internal/store/events.go:496.41,498.4 1 0
github.com/xdzczk/nostrmash/internal/store/events.go:499.3,499.42 1 0
github.com/xdzczk/nostrmash/internal/store/events.go:501.2,501.35 1 0
github.com/xdzczk/nostrmash/internal/store/events.go:501.35,503.3 1 0
github.com/xdzczk/nostrmash/internal/store/events.go:504.2,504.17 1 0
github.com/xdzczk/nostrmash/internal/store/events.go:508.109,511.16 3 0
github.com/xdzczk/nostrmash/internal/store/events.go:511.16,513.3 1 0
github.com/xdzczk/nostrmash/internal/store/events.go:514.2,515.16 2 0
github.com/xdzczk/nostrmash/internal/store/events.go:515.16,517.3 1 0
github.com/xdzczk/nostrmash/internal/store/events.go:518.2,520.17 3 0
github.com/xdzczk/nostrmash/internal/store/events.go:524.98,526.31 2 0
github.com/xdzczk/nostrmash/internal/store/events.go:526.31,528.3 1 0
github.com/xdzczk/nostrmash/internal/store/events.go:529.2,530.19 2 0
github.com/xdzczk/nostrmash/internal/store/events.go:530.19,532.3 1 0
github.com/xdzczk/nostrmash/internal/store/events.go:533.2,539.86 2 0
github.com/xdzczk/nostrmash/internal/store/events.go:539.86,541.3 1 0
github.com/xdzczk/nostrmash/internal/store/events.go:542.2,542.17 1 0
github.com/xdzczk/nostrmash/internal/store/events.go:551.49,552.31 1 0
github.com/xdzczk/nostrmash/internal/store/events.go:552.31,554.3 1 0
github.com/xdzczk/nostrmash/internal/store/events.go:555.2,556.19 2 0
github.com/xdzczk/nostrmash/internal/store/events.go:556.19,558.3 1 0
github.com/xdzczk/nostrmash/internal/store/events.go:559.2,559.16 1 0
github.com/xdzczk/nostrmash/internal/store/events.go:559.16,561.3 1 0
github.com/xdzczk/nostrmash/internal/store/events.go:562.2,562.17 1 0
github.com/xdzczk/nostrmash/internal/store/events.go:562.17,564.3 1 0
github.com/xdzczk/nostrmash/internal/store/events.go:566.2,567.16 2 0
github.com/xdzczk/nostrmash/internal/store/events.go:567.16,569.3 1 0
github.com/xdzczk/nostrmash/internal/store/events.go:570.2,570.13 1 0
github.com/xdzczk/nostrmash/internal/store/events.go:570.13,572.3 1 0
github.com/xdzczk/nostrmash/internal/store/events.go:574.2,582.19 4 0
github.com/xdzczk/nostrmash/internal/store/events.go:582.19,591.3 1 0
github.com/xdzczk/nostrmash/internal/store/events.go:591.8,601.3 1 0
github.com/xdzczk/nostrmash/internal/store/events.go:602.2,602.16 1 0
github.com/xdzczk/nostrmash/internal/store/events.go:602.16,604.3 1 0
github.com/xdzczk/nostrmash/internal/store/events.go:605.2,607.18 2 0
github.com/xdzczk/nostrmash/internal/store/events.go:607.18,609.70 2 0
github.com/xdzczk/nostrmash/internal/store/events.go:609.70,611.4 1 0
github.com/xdzczk/nostrmash/internal/store/events.go:612.3,612.33 1 0
github.com/xdzczk/nostrmash/internal/store/events.go:614.2,614.35 1 0
github.com/xdzczk/nostrmash/internal/store/events.go:614.35,616.3 1 0
github.com/xdzczk/nostrmash/internal/store/events.go:618.2,619.13 2 0
github.com/xdzczk/nostrmash/internal/store/events.go:619.13,621.3 1 0
github.com/xdzczk/nostrmash/internal/store/events.go:622.2,623.30 2 0
github.com/xdzczk/nostrmash/internal/store/events.go:623.30,625.3 1 0
github.com/xdzczk/nostrmash/internal/store/events.go:627.2,628.33 2 0
github.com/xdzczk/nostrmash/internal/store/events.go:628.33,634.3 2 0
github.com/xdzczk/nostrmash/internal/store/events.go:635.2,635.32 1 0
github.com/xdzczk/nostrmash/internal/store/events.go:643.40,644.31 1 0
github.com/xdzczk/nostrmash/internal/store/events.go:644.31,646.3 1 0
github.com/xdzczk/nostrmash/internal/store/events.go:647.2,648.19 2 0
github.com/xdzczk/nostrmash/internal/store/events.go:648.19,650.3 1 0
github.com/xdzczk/nostrmash/internal/store/events.go:651.2,651.19 1 0
github.com/xdzczk/nostrmash/internal/store/events.go:651.19,653.3 1 0
github.com/xdzczk/nostrmash/internal/store/events.go:654.2,654.20 1 0
github.com/xdzczk/nostrmash/internal/store/events.go:654.20,656.3 1 0
github.com/xdzczk/nostrmash/internal/store/events.go:658.2,659.16 2 0
github.com/xdzczk/nostrmash/internal/store/events.go:659.16,661.3 1 0
github.com/xdzczk/nostrmash/internal/store/events.go:662.2,662.13 1 0
github.com/xdzczk/nostrmash/internal/store/events.go:662.13,664.3 1 0
github.com/xdzczk/nostrmash/internal/store/events.go:666.2,673.32 5 0
github.com/xdzczk/nostrmash/internal/store/events.go:673.32,681.17 4 0
github.com/xdzczk/nostrmash/internal/store/events.go:681.17,682.37 1 0
github.com/xdzczk/nostrmash/internal/store/events.go:682.37,683.10 1 0
github.com/xdzczk/nostrmash/internal/store/events.go:685.4,685.76 1 0
github.com/xdzczk/nostrmash/internal/store/events.go:687.3,688.21 2 0
github.com/xdzczk/nostrmash/internal/store/events.go:688.21,689.9 1 0
github.com/xdzczk/nostrmash/internal/store/events.go:691.3,691.41 1 0
github.com/xdzczk/nostrmash/internal/store/events.go:691.41,692.9 1 0
github.com/xdzczk/nostrmash/internal/store/events.go:694.3,696.20 3 0
github.com/xdzczk/nostrmash/internal/store/events.go:696.20,698.9 2 0
github.com/xdzczk/nostrmash/internal/store/events.go:700.3,700.21 1 0
github.com/xdzczk/nostrmash/internal/store/events.go:703.2,704.16 2 0
github.com/xdzczk/nostrmash/internal/store/events.go:704.16,706.3 1 0
github.com/xdzczk/nostrmash/internal/store/events.go:708.2,709.45 2 0
github.com/xdzczk/nostrmash/internal/store/events.go:709.45,712.10 3 0
github.com/xdzczk/nostrmash/internal/store/events.go:712.10,714.12 2 0
github.com/xdzczk/nostrmash/internal/store/events.go:716.3,716.37 1 0
github.com/xdzczk/nostrmash/internal/store/events.go:718.2,719.29 2 0
github.com/xdzczk/nostrmash/internal/store/events.go:719.29,721.3 1 0
github.com/xdzczk/nostrmash/internal/store/events.go:722.2,723.35 2 0
github.com/xdzczk/nostrmash/internal/store/events.go:728.99,729.31 1 0
github.com/xdzczk/nostrmash/internal/store/events.go:729.31,731.3 1 0
github.com/xdzczk/nostrmash/internal/store/events.go:732.2,732.48 1 0
github.com/xdzczk/nostrmash/internal/store/events.go:732.48,734.3 1 0
github.com/xdzczk/nostrmash/internal/store/events.go:735.2,735.51 1 0
github.com/xdzczk/nostrmash/internal/store/events.go:735.51,737.3 1 0
github.com/xdzczk/nostrmash/internal/store/events.go:739.2,740.21 2 0
github.com/xdzczk/nostrmash/internal/store/events.go:740.21,742.3 1 0
github.com/xdzczk/nostrmash/internal/store/events.go:744.2,754.16 2 0
github.com/xdzczk/nostrmash/internal/store/events.go:754.16,756.3 1 0
github.com/xdzczk/nostrmash/internal/store/events.go:757.2,757.12 1 0
github.com/xdzczk/nostrmash/internal/store/events.go:760.88,764.40 2 0
github.com/xdzczk/nostrmash/internal/store/events.go:764.40,766.3 1 0
github.com/xdzczk/nostrmash/internal/store/events.go:767.2,767.20 1 0
github.com/xdzczk/nostrmash/internal/store/events.go:771.96,772.31 1 0
github.com/xdzczk/nostrmash/internal/store/events.go:772.31,774.3 1 0
github.com/xdzczk/nostrmash/internal/store/events.go:775.2,780.16 2 0
github.com/xdzczk/nostrmash/internal/store/events.go:780.16,781.69 1 0
github.com/xdzczk/nostrmash/internal/store/events.go:781.69,787.4 1 0
github.com/xdzczk/nostrmash/internal/store/events.go:788.3,788.17 1 0
github.com/xdzczk/nostrmash/internal/store/events.go:788.17,790.4 1 0
github.com/xdzczk/nostrmash/internal/store/events.go:792.2,795.18 3 0
github.com/xdzczk/nostrmash/internal/store/events.go:795.18,807.17 2 0
github.com/xdzczk/nostrmash/internal/store/events.go:807.17,809.4 1 0
github.com/xdzczk/nostrmash/internal/store/events.go:810.3,810.25 1 0
github.com/xdzczk/nostrmash/internal/store/events.go:812.2,812.35 1 0
github.com/xdzczk/nostrmash/internal/store/events.go:812.35,814.3 1 0
github.com/xdzczk/nostrmash/internal/store/events.go:815.2,815.17 1 0
github.com/xdzczk/nostrmash/internal/store/events.go:819.72,821.34 2 0
github.com/xdzczk/nostrmash/internal/store/events.go:821.34,822.20 1 0
github.com/xdzczk/nostrmash/internal/store/events.go:822.20,823.12 1 0
github.com/xdzczk/nostrmash/internal/store/events.go:825.3,826.17 2 0
github.com/xdzczk/nostrmash/internal/store/events.go:826.17,828.12 1 0
github.com/xdzczk/nostrmash/internal/store/events.go:830.3,831.33 2 0
github.com/xdzczk/nostrmash/internal/store/events.go:831.33,840.4 1 0
github.com/xdzczk/nostrmash/internal/store/events.go:842.2,842.12 1 0
github.com/xdzczk/nostrmash/internal/store/migrations.go:32.80,34.16 2 0
github.com/xdzczk/nostrmash/internal/store/migrations.go:34.16,36.3 1 0
github.com/xdzczk/nostrmash/internal/store/migrations.go:37.2,38.28 2 0
github.com/xdzczk/nostrmash/internal/store/migrations.go:38.28,39.16 1 0
github.com/xdzczk/nostrmash/internal/store/migrations.go:39.16,40.12 1 0
github.com/xdzczk/nostrmash/internal/store/migrations.go:42.3,42.42 1 0
github.com/xdzczk/nostrmash/internal/store/migrations.go:42.42,44.4 1 0
github.com/xdzczk/nostrmash/internal/store/migrations.go:46.2,49.16 3 0
github.com/xdzczk/nostrmash/internal/store/migrations.go:49.16,51.3 1 0
github.com/xdzczk/nostrmash/internal/store/migrations.go:52.2,52.15 1 0
github.com/xdzczk/nostrmash/internal/store/migrations.go:52.15,52.39 1 0
github.com/xdzczk/nostrmash/internal/store/migrations.go:55.2,55.101 1 0
github.com/xdzczk/nostrmash/internal/store/migrations.go:55.101,57.3 1 0
github.com/xdzczk/nostrmash/internal/store/migrations.go:59.2,59.59 1 0
github.com/xdzczk/nostrmash/internal/store/migrations.go:59.59,61.3 1 0
github.com/xdzczk/nostrmash/internal/store/migrations.go:63.2,63.29 1 0
github.com/xdzczk/nostrmash/internal/store/migrations.go:63.29,66.17 3 0
github.com/xdzczk/nostrmash/internal/store/migrations.go:66.17,68.4 1 0
github.com/xdzczk/nostrmash/internal/store/migrations.go:69.3,77.17 5 0
github.com/xdzczk/nostrmash/internal/store/migrations.go:77.17,78.35 1 0
github.com/xdzczk/nostrmash/internal/store/migrations.go:78.35,80.5 1 0
github.com/xdzczk/nostrmash/internal/store/migrations.go:81.4,81.12 1 0
github.com/xdzczk/nostrmash/internal/store/migrations.go:83.3,83.37 1 0
github.com/xdzczk/nostrmash/internal/store/migrations.go:83.37,85.4 1 0
github.com/xdzczk/nostrmash/internal/store/migrations.go:87.3,87.55 1 0
[...]
github.com/xdzczk/nostrmash/internal/jobs/queue.go:179.35,181.3 1 0
github.com/xdzczk/nostrmash/internal/jobs/queue.go:183.2,183.39 1 0
github.com/xdzczk/nostrmash/internal/jobs/queue.go:183.39,185.3 1 0
github.com/xdzczk/nostrmash/internal/jobs/queue.go:186.2,186.17 1 0
github.com/xdzczk/nostrmash/internal/jobs/queue.go:189.86,190.31 1 0
github.com/xdzczk/nostrmash/internal/jobs/queue.go:190.31,192.3 1 0
github.com/xdzczk/nostrmash/internal/jobs/queue.go:193.2,194.20 2 0
github.com/xdzczk/nostrmash/internal/jobs/queue.go:194.20,196.3 1 0
github.com/xdzczk/nostrmash/internal/jobs/queue.go:198.2,214.16 2 0
github.com/xdzczk/nostrmash/internal/jobs/queue.go:214.16,216.3 1 0
github.com/xdzczk/nostrmash/internal/jobs/queue.go:217.2,217.29 1 0
github.com/xdzczk/nostrmash/internal/jobs/queue.go:217.29,219.3 1 0
github.com/xdzczk/nostrmash/internal/jobs/queue.go:220.2,220.12 1 0
github.com/xdzczk/nostrmash/internal/jobs/queue.go:229.26,231.31 2 0
github.com/xdzczk/nostrmash/internal/jobs/queue.go:231.31,233.3 1 0
github.com/xdzczk/nostrmash/internal/jobs/queue.go:234.2,235.20 2 0
github.com/xdzczk/nostrmash/internal/jobs/queue.go:235.20,237.3 1 0
github.com/xdzczk/nostrmash/internal/jobs/queue.go:238.2,239.21 2 0
github.com/xdzczk/nostrmash/internal/jobs/queue.go:239.21,241.3 1 0
github.com/xdzczk/nostrmash/internal/jobs/queue.go:242.2,242.20 1 0
github.com/xdzczk/nostrmash/internal/jobs/queue.go:242.20,244.3 1 0
github.com/xdzczk/nostrmash/internal/jobs/queue.go:246.2,247.16 2 0
github.com/xdzczk/nostrmash/internal/jobs/queue.go:247.16,249.3 1 0
github.com/xdzczk/nostrmash/internal/jobs/queue.go:250.2,250.15 1 0
github.com/xdzczk/nostrmash/internal/jobs/queue.go:250.15,250.39 1 0
github.com/xdzczk/nostrmash/internal/jobs/queue.go:252.2,266.16 4 0
github.com/xdzczk/nostrmash/internal/jobs/queue.go:266.16,267.36 1 0
github.com/xdzczk/nostrmash/internal/jobs/queue.go:267.36,269.4 1 0
github.com/xdzczk/nostrmash/internal/jobs/queue.go:270.3,270.63 1 0
github.com/xdzczk/nostrmash/internal/jobs/queue.go:273.2,276.33 4 0
github.com/xdzczk/nostrmash/internal/jobs/queue.go:276.33,279.3 2 0
github.com/xdzczk/nostrmash/internal/jobs/queue.go:281.2,298.16 2 0
github.com/xdzczk/nostrmash/internal/jobs/queue.go:298.16,300.3 1 0
github.com/xdzczk/nostrmash/internal/jobs/queue.go:302.2,302.39 1 0
github.com/xdzczk/nostrmash/internal/jobs/queue.go:302.39,304.3 1 0
github.com/xdzczk/nostrmash/internal/jobs/queue.go:306.2,310.8 1 0
github.com/xdzczk/nostrmash/internal/jobs/queue.go:313.76,314.31 1 0
github.com/xdzczk/nostrmash/internal/jobs/queue.go:314.31,316.3 1 0
github.com/xdzczk/nostrmash/internal/jobs/queue.go:318.2,327.16 3 0
github.com/xdzczk/nostrmash/internal/jobs/queue.go:327.16,328.36 1 0
github.com/xdzczk/nostrmash/internal/jobs/queue.go:328.36,330.4 1 0
github.com/xdzczk/nostrmash/internal/jobs/queue.go:331.3,331.51 1 0
github.com/xdzczk/nostrmash/internal/jobs/queue.go:333.2,333.17 1 0
github.com/xdzczk/nostrmash/internal/jobs/queue.go:340.47,342.16 2 0
github.com/xdzczk/nostrmash/internal/jobs/queue.go:342.16,344.3 1 0
github.com/xdzczk/nostrmash/internal/jobs/queue.go:345.2,345.18 1 0
github.com/xdzczk/nostrmash/internal/jobs/queue.go:348.43,366.16 4 0
github.com/xdzczk/nostrmash/internal/jobs/queue.go:366.16,368.3 1 0
github.com/xdzczk/nostrmash/internal/jobs/queue.go:369.2,370.17 2 0
github.com/xdzczk/nostrmash/internal/metrics/metrics.go:80.29,82.2 1 0
github.com/xdzczk/nostrmash/internal/metrics/metrics.go:84.79,88.2 3 0
github.com/xdzczk/nostrmash/internal/metrics/metrics.go:90.39,92.2 1 0
github.com/xdzczk/nostrmash/internal/metrics/metrics.go:94.58,98.2 3 0
github.com/xdzczk/nostrmash/internal/metrics/metrics.go:100.44,102.2 1 0
github.com/xdzczk/nostrmash/internal/metrics/metrics.go:104.30,106.2 1 0
github.com/xdzczk/nostrmash/internal/metrics/metrics.go:108.30,110.2 1 0
github.com/xdzczk/nostrmash/internal/metrics/metrics.go:112.41,114.2 1 0
github.com/xdzczk/nostrmash/internal/metrics/metrics.go:116.75,119.2 2 0
github.com/xdzczk/nostrmash/internal/query/service.go:40.40,42.2 1 0
github.com/xdzczk/nostrmash/internal/query/service.go:59.23,62.19 3 0
github.com/xdzczk/nostrmash/internal/query/service.go:62.19,64.3 1 0
github.com/xdzczk/nostrmash/internal/query/service.go:65.2,66.16 2 0
github.com/xdzczk/nostrmash/internal/query/service.go:66.16,68.3 1 0
github.com/xdzczk/nostrmash/internal/query/service.go:69.2,70.16 2 0
github.com/xdzczk/nostrmash/internal/query/service.go:70.16,72.3 1 0
github.com/xdzczk/nostrmash/internal/query/service.go:73.2,74.16 2 0
github.com/xdzczk/nostrmash/internal/query/service.go:74.16,76.3 1 0
github.com/xdzczk/nostrmash/internal/query/service.go:77.2,82.17 6 0
github.com/xdzczk/nostrmash/internal/query/service.go:93.93,95.19 2 0
github.com/xdzczk/nostrmash/internal/query/service.go:95.19,97.3 1 0
github.com/xdzczk/nostrmash/internal/query/service.go:98.2,99.16 2 0
github.com/xdzczk/nostrmash/internal/query/service.go:99.16,101.3 1 0
github.com/xdzczk/nostrmash/internal/query/service.go:102.2,108.8 1 0
github.com/xdzczk/nostrmash/internal/query/service.go:116.95,118.26 2 0
github.com/xdzczk/nostrmash/internal/query/service.go:118.26,120.3 1 0
github.com/xdzczk/nostrmash/internal/query/service.go:121.2,122.16 2 0
github.com/xdzczk/nostrmash/internal/query/service.go:122.16,124.3 1 0
github.com/xdzczk/nostrmash/internal/query/service.go:125.2,129.36 2 0
github.com/xdzczk/nostrmash/internal/query/service.go:129.36,131.10 2 0
github.com/xdzczk/nostrmash/internal/query/service.go:131.10,133.12 2 0
github.com/xdzczk/nostrmash/internal/query/service.go:135.3,135.47 1 0
github.com/xdzczk/nostrmash/internal/query/service.go:137.2,137.17 1 0
github.com/xdzczk/nostrmash/internal/query/service.go:145.92,147.16 2 0
github.com/xdzczk/nostrmash/internal/query/service.go:147.16,149.3 1 0
github.com/xdzczk/nostrmash/internal/query/service.go:150.2,151.16 2 0
github.com/xdzczk/nostrmash/internal/query/service.go:151.16,153.3 1 0
github.com/xdzczk/nostrmash/internal/query/service.go:154.2,155.16 2 0
github.com/xdzczk/nostrmash/internal/query/service.go:155.16,157.3 1 0
github.com/xdzczk/nostrmash/internal/query/service.go:158.2,158.62 1 0
github.com/xdzczk/nostrmash/internal/query/service.go:161.106,163.2 1 0
github.com/xdzczk/nostrmash/internal/query/service.go:165.102,167.2 1 0
github.com/xdzczk/nostrmash/internal/query/service.go:169.105,173.52 2 0
github.com/xdzczk/nostrmash/internal/query/service.go:173.52,175.17 2 0
github.com/xdzczk/nostrmash/internal/query/service.go:175.17,177.4 1 0
github.com/xdzczk/nostrmash/internal/query/service.go:178.3,178.41 1 0
github.com/xdzczk/nostrmash/internal/query/service.go:178.41,180.4 1 0
github.com/xdzczk/nostrmash/internal/query/service.go:182.2,182.71 1 0
github.com/xdzczk/nostrmash/internal/query/service.go:185.106,187.2 1 0
github.com/xdzczk/nostrmash/internal/query/service.go:189.116,193.53 2 0
github.com/xdzczk/nostrmash/internal/query/service.go:193.53,195.3 1 0
github.com/xdzczk/nostrmash/internal/query/service.go:196.2,196.33 1 0
github.com/xdzczk/nostrmash/internal/query/service.go:205.30,209.55 2 0
github.com/xdzczk/nostrmash/internal/query/service.go:209.55,211.3 1 0
github.com/xdzczk/nostrmash/internal/query/service.go:212.2,212.33 1 0
github.com/xdzczk/nostrmash/internal/query/service.go:215.104,219.47 2 0
github.com/xdzczk/nostrmash/internal/query/service.go:219.47,221.3 1 0
github.com/xdzczk/nostrmash/internal/query/service.go:222.2,222.75 1 0
github.com/xdzczk/nostrmash/internal/query/service.go:225.100,229.48 2 0
github.com/xdzczk/nostrmash/internal/query/service.go:229.48,231.3 1 0
github.com/xdzczk/nostrmash/internal/query/service.go:232.2,232.74 1 0
github.com/xdzczk/nostrmash/internal/query/service.go:235.110,239.50 2 0
github.com/xdzczk/nostrmash/internal/query/service.go:239.50,241.3 1 0
github.com/xdzczk/nostrmash/internal/query/service.go:242.2,242.71 1 0
github.com/xdzczk/nostrmash/internal/query/service.go:245.104,247.2 1 0
github.com/xdzczk/nostrmash/internal/query/service.go:249.105,251.2 1 0
github.com/xdzczk/nostrmash/internal/query/service.go:253.88,255.2 1 0
github.com/xdzczk/nostrmash/internal/query/service.go:257.103,259.2 1 0
github.com/xdzczk/nostrmash/internal/query/service.go:261.98,263.2 1 0
github.com/xdzczk/nostrmash/internal/query/service.go:265.108,267.2 1 0
github.com/xdzczk/nostrmash/internal/query/service.go:269.109,271.2 1 0
github.com/xdzczk/nostrmash/internal/query/service.go:273.133,275.2 1 0
github.com/xdzczk/nostrmash/internal/query/service.go:277.110,281.48 2 0
github.com/xdzczk/nostrmash/internal/query/service.go:281.48,283.3 1 0
github.com/xdzczk/nostrmash/internal/query/service.go:284.2,284.38 1 0
github.com/xdzczk/nostrmash/internal/query/service.go:287.112,291.45 2 0
github.com/xdzczk/nostrmash/internal/query/service.go:291.45,293.3 1 0
github.com/xdzczk/nostrmash/internal/query/service.go:294.2,294.33 1 0
github.com/xdzczk/nostrmash/internal/query/service.go:297.115,301.45 2 0
github.com/xdzczk/nostrmash/internal/query/service.go:301.45,303.3 1 0
github.com/xdzczk/nostrmash/internal/query/service.go:304.2,304.19 1 0
github.com/xdzczk/nostrmash/internal/query/service.go:307.124,311.42 2 0
github.com/xdzczk/nostrmash/internal/query/service.go:311.42,313.3 1 0
github.com/xdzczk/nostrmash/internal/query/service.go:314.2,314.24 1 0
github.com/xdzczk/nostrmash/internal/query/service.go:317.108,321.46 2 0
github.com/xdzczk/nostrmash/internal/query/service.go:321.46,323.3 1 0
github.com/xdzczk/nostrmash/internal/query/service.go:324.2,324.24 1 0
github.com/xdzczk/nostrmash/internal/query/service.go:334.30,338.54 2 0
github.com/xdzczk/nostrmash/internal/query/service.go:338.54,340.3 1 0
github.com/xdzczk/nostrmash/internal/query/service.go:341.2,341.33 1 0
github.com/xdzczk/nostrmash/internal/query/service.go:344.129,348.38 2 0
github.com/xdzczk/nostrmash/internal/query/service.go:348.38,350.3 1 0
github.com/xdzczk/nostrmash/internal/query/service.go:351.2,351.48 1 0
github.com/xdzczk/nostrmash/internal/query/service.go:362.30,366.38 2 0
github.com/xdzczk/nostrmash/internal/query/service.go:366.38,368.3 1 0
github.com/xdzczk/nostrmash/internal/query/service.go:369.2,369.60 1 0
github.com/xdzczk/nostrmash/internal/query/service.go:372.121,376.44 2 0
github.com/xdzczk/nostrmash/internal/query/service.go:376.44,378.3 1 0
github.com/xdzczk/nostrmash/internal/query/service.go:379.2,379.33 1 0
github.com/xdzczk/nostrmash/internal/query/service.go:382.98,386.43 2 0
github.com/xdzczk/nostrmash/internal/query/service.go:386.43,388.3 1 0
github.com/xdzczk/nostrmash/internal/query/service.go:389.2,389.12 1 0
github.com/xdzczk/nostrmash/internal/query/service.go:392.108,396.43 2 0
github.com/xdzczk/nostrmash/internal/query/service.go:396.43,398.3 1 0
github.com/xdzczk/nostrmash/internal/query/service.go:399.2,399.15 1 0
github.com/xdzczk/nostrmash/internal/query/service.go:402.101,406.43 2 0
github.com/xdzczk/nostrmash/internal/query/service.go:406.43,408.3 1 0
github.com/xdzczk/nostrmash/internal/query/service.go:409.2,409.12 1 0
github.com/xdzczk/nostrmash/internal/query/service.go:412.87,416.43 2 0
github.com/xdzczk/nostrmash/internal/query/service.go:416.43,418.3 1 0
github.com/xdzczk/nostrmash/internal/query/service.go:419.2,419.12 1 0
github.com/xdzczk/nostrmash/internal/query/service.go:422.84,426.40 2 0
github.com/xdzczk/nostrmash/internal/query/service.go:426.40,428.17 2 0
github.com/xdzczk/nostrmash/internal/query/service.go:428.17,429.41 1 0
github.com/xdzczk/nostrmash/internal/query/service.go:429.41,431.5 1 0
github.com/xdzczk/nostrmash/internal/query/service.go:432.4,432.19 1 0
github.com/xdzczk/nostrmash/internal/query/service.go:434.3,434.21 1 0
github.com/xdzczk/nostrmash/internal/query/service.go:436.2,436.24 1 0
github.com/xdzczk/nostrmash/internal/query/service.go:439.85,443.40 2 0
github.com/xdzczk/nostrmash/internal/query/service.go:443.40,445.17 2 0
github.com/xdzczk/nostrmash/internal/query/service.go:445.17,446.41 1 0
github.com/xdzczk/nostrmash/internal/query/service.go:446.41,448.5 1 0
github.com/xdzczk/nostrmash/internal/query/service.go:449.4,449.19 1 0
github.com/xdzczk/nostrmash/internal/query/service.go:451.3,451.21 1 0
github.com/xdzczk/nostrmash/internal/query/service.go:453.2,453.24 1 0
github.com/xdzczk/nostrmash/internal/query/service.go:456.85,460.40 2 0
github.com/xdzczk/nostrmash/internal/query/service.go:460.40,462.17 2 0
github.com/xdzczk/nostrmash/internal/query/service.go:462.17,463.41 1 0
github.com/xdzczk/nostrmash/internal/query/service.go:463.41,465.5 1 0
github.com/xdzczk/nostrmash/internal/query/service.go:466.4,466.19 1 0
github.com/xdzczk/nostrmash/internal/query/service.go:468.3,468.21 1 0
github.com/xdzczk/nostrmash/internal/query/service.go:470.2,470.24 1 0
github.com/xdzczk/nostrmash/internal/query/service.go:473.95,477.40 2 0
github.com/xdzczk/nostrmash/internal/query/service.go:477.40,479.17 2 0
github.com/xdzczk/nostrmash/internal/query/service.go:479.17,480.41 1 0
github.com/xdzczk/nostrmash/internal/query/service.go:480.41,482.5 1 0
github.com/xdzczk/nostrmash/internal/query/service.go:483.4,483.19 1 0
github.com/xdzczk/nostrmash/internal/query/service.go:485.3,485.21 1 0
github.com/xdzczk/nostrmash/internal/query/service.go:487.2,487.24 1 0
github.com/xdzczk/nostrmash/internal/query/service.go:490.126,494.46 2 0
github.com/xdzczk/nostrmash/internal/query/service.go:494.46,496.3 1 0
github.com/xdzczk/nostrmash/internal/query/service.go:497.2,497.23 1 0
github.com/xdzczk/nostrmash/internal/query/service.go:500.134,504.47 2 0
github.com/xdzczk/nostrmash/internal/query/service.go:504.47,506.3 1 0
github.com/xdzczk/nostrmash/internal/query/service.go:507.2,507.33 1 0
github.com/xdzczk/nostrmash/internal/query/service.go:510.165,514.47 2 0
github.com/xdzczk/nostrmash/internal/query/service.go:514.47,516.3 1 0
github.com/xdzczk/nostrmash/internal/query/service.go:517.2,517.33 1 0
github.com/xdzczk/nostrmash/internal/query/service.go:520.135,524.47 2 0
github.com/xdzczk/nostrmash/internal/query/service.go:524.47,526.3 1 0
github.com/xdzczk/nostrmash/internal/query/service.go:527.2,527.31 1 0
github.com/xdzczk/nostrmash/internal/query/service.go:530.134,534.47 2 0
github.com/xdzczk/nostrmash/internal/query/service.go:534.47,536.3 1 0
github.com/xdzczk/nostrmash/internal/query/service.go:537.2,537.33 1 0
github.com/xdzczk/nostrmash/internal/query/service.go:540.83,544.41 2 0
github.com/xdzczk/nostrmash/internal/query/service.go:544.41,546.3 1 0
github.com/xdzczk/nostrmash/internal/query/service.go:547.2,547.34 1 0
github.com/xdzczk/nostrmash/internal/query/service.go:550.123,554.43 2 0
github.com/xdzczk/nostrmash/internal/query/service.go:554.43,556.3 1 0
github.com/xdzczk/nostrmash/internal/query/service.go:557.2,557.24 1 0
github.com/xdzczk/nostrmash/internal/query/service.go:560.117,564.43 2 0
github.com/xdzczk/nostrmash/internal/query/service.go:564.43,566.3 1 0
github.com/xdzczk/nostrmash/internal/query/service.go:567.2,567.46 1 0
github.com/xdzczk/nostrmash/internal/query/service.go:570.107,574.43 2 0
github.com/xdzczk/nostrmash/internal/query/service.go:574.43,576.3 1 0
github.com/xdzczk/nostrmash/internal/query/service.go:577.2,577.41 1 0
github.com/xdzczk/nostrmash/internal/query/service.go:580.115,584.43 2 0
github.com/xdzczk/nostrmash/internal/query/service.go:584.43,586.3 1 0
github.com/xdzczk/nostrmash/internal/query/service.go:587.2,587.45 1 0
github.com/xdzczk/nostrmash/internal/query/service.go:590.101,594.43 2 0
github.com/xdzczk/nostrmash/internal/query/service.go:594.43,596.3 1 0
github.com/xdzczk/nostrmash/internal/query/service.go:597.2,597.33 1 0
github.com/xdzczk/nostrmash/internal/query/service.go:600.94,604.43 2 0
github.com/xdzczk/nostrmash/internal/query/service.go:604.43,606.3 1 0
github.com/xdzczk/nostrmash/internal/query/service.go:607.2,607.30 1 0
github.com/xdzczk/nostrmash/internal/query/service.go:617.23,619.16 2 0
github.com/xdzczk/nostrmash/internal/query/service.go:619.16,621.3 1 0
github.com/xdzczk/nostrmash/internal/query/service.go:622.2,625.56 2 0
github.com/xdzczk/nostrmash/internal/query/service.go:625.56,627.3 1 0
github.com/xdzczk/nostrmash/internal/query/service.go:628.2,629.22 2 0
github.com/xdzczk/nostrmash/internal/query/service.go:629.22,631.3 1 0
github.com/xdzczk/nostrmash/internal/query/service.go:632.2,632.63 1 0
github.com/xdzczk/nostrmash/internal/query/service.go:641.30,645.15 2 0
github.com/xdzczk/nostrmash/internal/query/service.go:645.15,647.3 1 0
github.com/xdzczk/nostrmash/internal/query/service.go:648.2,650.38 3 0
github.com/xdzczk/nostrmash/internal/query/service.go:650.38,652.3 1 0
github.com/xdzczk/nostrmash/internal/query/service.go:653.2,653.16 1 0
github.com/xdzczk/nostrmash/internal/query/service.go:653.16,655.3 1 0
github.com/xdzczk/nostrmash/internal/query/service.go:656.2,656.18 1 0
github.com/xdzczk/nostrmash/internal/query/service.go:656.18,658.3 1 0
github.com/xdzczk/nostrmash/internal/query/service.go:659.2,659.55 1 0
github.com/xdzczk/nostrmash/internal/query/service.go:659.55,662.3 2 0
github.com/xdzczk/nostrmash/internal/query/service.go:663.2,663.33 1 0
github.com/xdzczk/nostrmash/internal/query/service.go:666.55,669.27 3 0
github.com/xdzczk/nostrmash/internal/query/service.go:669.27,671.20 2 0
github.com/xdzczk/nostrmash/internal/query/service.go:671.20,672.12 1 0
github.com/xdzczk/nostrmash/internal/query/service.go:674.3,674.33 1 0
github.com/xdzczk/nostrmash/internal/query/service.go:674.33,675.12 1 0
github.com/xdzczk/nostrmash/internal/query/service.go:677.3,678.29 2 0
github.com/xdzczk/nostrmash/internal/query/service.go:680.2,680.12 1 0
github.com/xdzczk/nostrmash/internal/query/service.go:683.33,685.2 1 0
github.com/xdzczk/nostrmash/internal/logging/logging.go:14.39,16.32 2 0
github.com/xdzczk/nostrmash/internal/logging/logging.go:17.15,18.26 1 0
github.com/xdzczk/nostrmash/internal/logging/logging.go:19.14,20.25 1 0
github.com/xdzczk/nostrmash/internal/logging/logging.go:21.15,22.26 1 0
github.com/xdzczk/nostrmash/internal/logging/logging.go:24.2,25.45 2 0
github.com/xdzczk/nostrmash/internal/logging/logging.go:29.72,30.64 1 0
github.com/xdzczk/nostrmash/internal/logging/logging.go:30.64,32.3 1 0
github.com/xdzczk/nostrmash/internal/logging/logging.go:33.2,33.12 1 0
github.com/xdzczk/nostrmash/internal/logging/logging.go:37.75,39.2 1 0
github.com/xdzczk/nostrmash/internal/logging/logging.go:42.55,43.52 1 0
github.com/xdzczk/nostrmash/internal/logging/logging.go:43.52,45.3 1 0
github.com/xdzczk/nostrmash/internal/logging/logging.go:46.2,46.11 1 0
github.com/xdzczk/nostrmash/internal/testutil/dbtest/dbtest.go:16.57,23.39 3 0
github.com/xdzczk/nostrmash/internal/testutil/dbtest/dbtest.go:23.39,24.41 1 0
github.com/xdzczk/nostrmash/internal/testutil/dbtest/dbtest.go:24.41,25.12 1 0
github.com/xdzczk/nostrmash/internal/testutil/dbtest/dbtest.go:27.3,27.19 1 0
github.com/xdzczk/nostrmash/internal/testutil/dbtest/dbtest.go:30.2,31.11 2 0
github.com/xdzczk/nostrmash/internal/testutil/dbtest/dbtest.go:35.99,39.16 3 0
github.com/xdzczk/nostrmash/internal/testutil/dbtest/dbtest.go:39.16,41.3 1 0
github.com/xdzczk/nostrmash/internal/testutil/dbtest/dbtest.go:43.2,45.94 3 0
github.com/xdzczk/nostrmash/internal/testutil/dbtest/dbtest.go:45.94,48.3 2 0
github.com/xdzczk/nostrmash/internal/testutil/dbtest/dbtest.go:50.2,51.16 2 0
github.com/xdzczk/nostrmash/internal/testutil/dbtest/dbtest.go:51.16,54.3 2 0
github.com/xdzczk/nostrmash/internal/testutil/dbtest/dbtest.go:55.2,55.41 1 0
github.com/xdzczk/nostrmash/internal/testutil/dbtest/dbtest.go:55.41,57.3 1 0
github.com/xdzczk/nostrmash/internal/testutil/dbtest/dbtest.go:58.2,61.16 3 0
github.com/xdzczk/nostrmash/internal/testutil/dbtest/dbtest.go:61.16,64.3 2 0
github.com/xdzczk/nostrmash/internal/testutil/dbtest/dbtest.go:66.2,66.19 1 0
github.com/xdzczk/nostrmash/internal/testutil/dbtest/dbtest.go:66.19,70.3 3 0
github.com/xdzczk/nostrmash/internal/testutil/dbtest/dbtest.go:72.2,72.13 1 0
