mode: atomic
github.com/xdzczk/nostrmash/internal/ingestor/backfill/runner.go:81.20,82.18 1 4
github.com/xdzczk/nostrmash/internal/ingestor/backfill/runner.go:82.18,84.3 1 0
github.com/xdzczk/nostrmash/internal/ingestor/backfill/runner.go:85.2,85.20 1 4
github.com/xdzczk/nostrmash/internal/ingestor/backfill/runner.go:85.20,87.3 1 0
github.com/xdzczk/nostrmash/internal/ingestor/backfill/runner.go:88.2,88.22 1 4
github.com/xdzczk/nostrmash/internal/ingestor/backfill/runner.go:88.22,90.3 1 0
github.com/xdzczk/nostrmash/internal/ingestor/backfill/runner.go:91.2,91.16 1 4
github.com/xdzczk/nostrmash/internal/ingestor/backfill/runner.go:91.16,93.3 1 0
github.com/xdzczk/nostrmash/internal/ingestor/backfill/runner.go:94.2,94.39 1 4
github.com/xdzczk/nostrmash/internal/ingestor/backfill/runner.go:94.39,96.3 1 0
github.com/xdzczk/nostrmash/internal/ingestor/backfill/runner.go:97.2,97.36 1 4
github.com/xdzczk/nostrmash/internal/ingestor/backfill/runner.go:97.36,99.3 1 0
github.com/xdzczk/nostrmash/internal/ingestor/backfill/runner.go:100.2,100.24 1 4
github.com/xdzczk/nostrmash/internal/ingestor/backfill/runner.go:100.24,102.3 1 0
github.com/xdzczk/nostrmash/internal/ingestor/backfill/runner.go:103.2,103.27 1 4
github.com/xdzczk/nostrmash/internal/ingestor/backfill/runner.go:103.27,105.3 1 0
github.com/xdzczk/nostrmash/internal/ingestor/backfill/runner.go:106.2,106.46 1 4
github.com/xdzczk/nostrmash/internal/ingestor/backfill/runner.go:106.46,108.3 1 0
github.com/xdzczk/nostrmash/internal/ingestor/backfill/runner.go:109.2,109.25 1 4
github.com/xdzczk/nostrmash/internal/ingestor/backfill/runner.go:109.25,111.3 1 0
github.com/xdzczk/nostrmash/internal/ingestor/backfill/runner.go:112.2,112.69 1 4
github.com/xdzczk/nostrmash/internal/ingestor/backfill/runner.go:112.69,114.3 1 0
github.com/xdzczk/nostrmash/internal/ingestor/backfill/runner.go:116.2,123.8 1 4
github.com/xdzczk/nostrmash/internal/ingestor/backfill/runner.go:127.49,128.40 1 4
github.com/xdzczk/nostrmash/internal/ingestor/backfill/runner.go:128.40,129.35 1 4
github.com/xdzczk/nostrmash/internal/ingestor/backfill/runner.go:129.35,131.4 1 0
github.com/xdzczk/nostrmash/internal/ingestor/backfill/runner.go:132.3,132.51 1 4
github.com/xdzczk/nostrmash/internal/ingestor/backfill/runner.go:132.51,134.4 1 1
github.com/xdzczk/nostrmash/internal/ingestor/backfill/runner.go:136.2,136.12 1 3
github.com/xdzczk/nostrmash/internal/ingestor/backfill/runner.go:139.71,141.16 2 4
github.com/xdzczk/nostrmash/internal/ingestor/backfill/runner.go:141.16,143.3 1 0
github.com/xdzczk/nostrmash/internal/ingestor/backfill/runner.go:144.2,144.52 1 4
github.com/xdzczk/nostrmash/internal/ingestor/backfill/runner.go:144.52,147.3 2 0
github.com/xdzczk/nostrmash/internal/ingestor/backfill/runner.go:149.2,152.6 3 4
github.com/xdzczk/nostrmash/internal/ingestor/backfill/runner.go:152.6,154.80 2 7
github.com/xdzczk/nostrmash/internal/ingestor/backfill/runner.go:154.80,156.4 1 0
github.com/xdzczk/nostrmash/internal/ingestor/backfill/runner.go:158.3,164.17 2 7
github.com/xdzczk/nostrmash/internal/ingestor/backfill/runner.go:164.17,167.4 2 1
github.com/xdzczk/nostrmash/internal/ingestor/backfill/runner.go:169.3,170.39 2 6
github.com/xdzczk/nostrmash/internal/ingestor/backfill/runner.go:170.39,171.62 1 5
github.com/xdzczk/nostrmash/internal/ingestor/backfill/runner.go:171.62,174.5 2 0
github.com/xdzczk/nostrmash/internal/ingestor/backfill/runner.go:175.4,176.11 2 5
github.com/xdzczk/nostrmash/internal/ingestor/backfill/runner.go:176.11,177.13 1 0
github.com/xdzczk/nostrmash/internal/ingestor/backfill/runner.go:179.4,179.56 1 5
github.com/xdzczk/nostrmash/internal/ingestor/backfill/runner.go:179.56,182.5 2 3
github.com/xdzczk/nostrmash/internal/ingestor/backfill/runner.go:185.3,185.72 1 6
github.com/xdzczk/nostrmash/internal/ingestor/backfill/runner.go:185.72,187.4 1 2
github.com/xdzczk/nostrmash/internal/ingestor/backfill/runner.go:188.3,188.20 1 6
github.com/xdzczk/nostrmash/internal/ingestor/backfill/runner.go:188.20,191.4 2 2
github.com/xdzczk/nostrmash/internal/ingestor/backfill/runner.go:192.3,192.67 1 6
github.com/xdzczk/nostrmash/internal/ingestor/backfill/runner.go:192.67,194.4 1 0
github.com/xdzczk/nostrmash/internal/ingestor/backfill/runner.go:196.3,196.69 1 6
github.com/xdzczk/nostrmash/internal/ingestor/backfill/runner.go:196.69,198.4 1 0
github.com/xdzczk/nostrmash/internal/ingestor/backfill/runner.go:200.3,200.20 1 6
github.com/xdzczk/nostrmash/internal/ingestor/backfill/runner.go:200.20,201.29 1 2
github.com/xdzczk/nostrmash/internal/ingestor/backfill/runner.go:201.29,203.5 1 2
github.com/xdzczk/nostrmash/internal/ingestor/backfill/runner.go:204.4,205.12 2 0
github.com/xdzczk/nostrmash/internal/ingestor/backfill/runner.go:208.3,208.28 1 4
github.com/xdzczk/nostrmash/internal/ingestor/backfill/runner.go:208.28,210.40 2 2
github.com/xdzczk/nostrmash/internal/ingestor/backfill/runner.go:210.40,212.5 1 1
github.com/xdzczk/nostrmash/internal/ingestor/backfill/runner.go:213.4,213.12 1 1
github.com/xdzczk/nostrmash/internal/ingestor/backfill/runner.go:216.3,216.17 1 2
github.com/xdzczk/nostrmash/internal/ingestor/backfill/runner.go:220.113,222.16 2 4
github.com/xdzczk/nostrmash/internal/ingestor/backfill/runner.go:222.16,224.3 1 0
github.com/xdzczk/nostrmash/internal/ingestor/backfill/runner.go:225.2,225.21 1 4
github.com/xdzczk/nostrmash/internal/ingestor/backfill/runner.go:225.21,228.72 3 1
github.com/xdzczk/nostrmash/internal/ingestor/backfill/runner.go:228.72,230.4 1 0
github.com/xdzczk/nostrmash/internal/ingestor/backfill/runner.go:231.3,231.23 1 1
github.com/xdzczk/nostrmash/internal/ingestor/backfill/runner.go:234.2,243.69 2 3
github.com/xdzczk/nostrmash/internal/ingestor/backfill/runner.go:243.69,245.3 1 0
github.com/xdzczk/nostrmash/internal/ingestor/backfill/runner.go:246.2,246.22 1 3
github.com/xdzczk/nostrmash/internal/ingestor/backfill/runner.go:249.111,253.73 4 6
github.com/xdzczk/nostrmash/internal/ingestor/backfill/runner.go:253.73,255.3 1 0
github.com/xdzczk/nostrmash/internal/ingestor/backfill/runner.go:256.2,256.12 1 6
github.com/xdzczk/nostrmash/internal/ingestor/backfill/runner.go:259.110,263.73 4 3
github.com/xdzczk/nostrmash/internal/ingestor/backfill/runner.go:263.73,265.3 1 0
github.com/xdzczk/nostrmash/internal/ingestor/backfill/runner.go:266.2,272.12 2 3
github.com/xdzczk/nostrmash/internal/ingestor/backfill/runner.go:275.107,280.2 4 1
github.com/xdzczk/nostrmash/internal/ingestor/backfill/runner.go:282.50,283.19 1 7
github.com/xdzczk/nostrmash/internal/ingestor/backfill/runner.go:283.19,286.3 2 3
github.com/xdzczk/nostrmash/internal/ingestor/backfill/runner.go:287.2,287.32 1 4
github.com/xdzczk/nostrmash/internal/ingestor/backfill/runner.go:290.34,291.14 1 10
github.com/xdzczk/nostrmash/internal/ingestor/backfill/runner.go:291.14,293.3 1 3
github.com/xdzczk/nostrmash/internal/ingestor/backfill/runner.go:294.2,295.11 2 7
github.com/xdzczk/nostrmash/internal/ingestor/backfill/runner.go:298.53,302.59 2 5
github.com/xdzczk/nostrmash/internal/ingestor/backfill/runner.go:302.59,304.3 1 0
github.com/xdzczk/nostrmash/internal/ingestor/backfill/runner.go:305.2,305.28 1 5
github.com/xdzczk/nostrmash/internal/ingestor/backfill/runner.go:305.28,307.3 1 0
github.com/xdzczk/nostrmash/internal/ingestor/backfill/runner.go:308.2,308.33 1 5
github.com/xdzczk/nostrmash/internal/ingestor/backfill/runner.go:311.46,312.19 1 4
github.com/xdzczk/nostrmash/internal/ingestor/backfill/runner.go:312.19,314.3 1 3
github.com/xdzczk/nostrmash/internal/ingestor/backfill/runner.go:315.2,316.16 2 1
github.com/xdzczk/nostrmash/internal/ingestor/backfill/runner.go:316.16,318.3 1 0
github.com/xdzczk/nostrmash/internal/ingestor/backfill/runner.go:319.2,319.11 1 1
github.com/xdzczk/nostrmash/internal/ingestor/backfill/runner.go:322.42,323.19 1 10
github.com/xdzczk/nostrmash/internal/ingestor/backfill/runner.go:323.19,325.3 1 3
github.com/xdzczk/nostrmash/internal/ingestor/backfill/runner.go:326.2,327.11 2 7
github.com/xdzczk/nostrmash/internal/ingestor/backfill/websocket_fetcher.go:22.116,23.24 1 0
github.com/xdzczk/nostrmash/internal/ingestor/backfill/websocket_fetcher.go:23.24,25.3 1 0
github.com/xdzczk/nostrmash/internal/ingestor/backfill/websocket_fetcher.go:26.2,26.27 1 0
github.com/xdzczk/nostrmash/internal/ingestor/backfill/websocket_fetcher.go:26.27,28.3 1 0
github.com/xdzczk/nostrmash/internal/ingestor/backfill/websocket_fetcher.go:29.2,29.24 1 0
github.com/xdzczk/nostrmash/internal/ingestor/backfill/websocket_fetcher.go:29.24,31.3 1 0
github.com/xdzczk/nostrmash/internal/ingestor/backfill/websocket_fetcher.go:33.2,40.16 5 0
github.com/xdzczk/nostrmash/internal/ingestor/backfill/websocket_fetcher.go:40.16,42.3 1 0
github.com/xdzczk/nostrmash/internal/ingestor/backfill/websocket_fetcher.go:43.2,50.26 4 0
github.com/xdzczk/nostrmash/internal/ingestor/backfill/websocket_fetcher.go:50.26,52.3 1 0
github.com/xdzczk/nostrmash/internal/ingestor/backfill/websocket_fetcher.go:53.2,53.26 1 0
github.com/xdzczk/nostrmash/internal/ingestor/backfill/websocket_fetcher.go:53.26,55.3 1 0
github.com/xdzczk/nostrmash/internal/ingestor/backfill/websocket_fetcher.go:56.2,58.16 3 0
github.com/xdzczk/nostrmash/internal/ingestor/backfill/websocket_fetcher.go:58.16,60.3 1 0
github.com/xdzczk/nostrmash/internal/ingestor/backfill/websocket_fetcher.go:61.2,61.73 1 0
github.com/xdzczk/nostrmash/internal/ingestor/backfill/websocket_fetcher.go:61.73,63.3 1 0
github.com/xdzczk/nostrmash/internal/ingestor/backfill/websocket_fetcher.go:65.2,68.22 4 0
github.com/xdzczk/nostrmash/internal/ingestor/backfill/websocket_fetcher.go:68.22,69.24 1 0
github.com/xdzczk/nostrmash/internal/ingestor/backfill/websocket_fetcher.go:69.24,70.11 1 0
github.com/xdzczk/nostrmash/internal/ingestor/backfill/websocket_fetcher.go:71.23,71.23 0 0
github.com/xdzczk/nostrmash/internal/ingestor/backfill/websocket_fetcher.go:72.12,72.12 0 0
github.com/xdzczk/nostrmash/internal/ingestor/backfill/websocket_fetcher.go:75.3,75.33 1 0
github.com/xdzczk/nostrmash/internal/ingestor/backfill/websocket_fetcher.go:78.2,78.15 1 0
github.com/xdzczk/nostrmash/internal/ingestor/backfill/websocket_fetcher.go:78.15,81.3 2 0
github.com/xdzczk/nostrmash/internal/ingestor/backfill/websocket_fetcher.go:83.2,83.6 1 0
github.com/xdzczk/nostrmash/internal/ingestor/backfill/websocket_fetcher.go:83.6,84.35 1 0
github.com/xdzczk/nostrmash/internal/ingestor/backfill/websocket_fetcher.go:84.35,86.4 1 0
github.com/xdzczk/nostrmash/internal/ingestor/backfill/websocket_fetcher.go:88.3,90.17 3 0
github.com/xdzczk/nostrmash/internal/ingestor/backfill/websocket_fetcher.go:90.17,91.71 1 0
github.com/xdzczk/nostrmash/internal/ingestor/backfill/websocket_fetcher.go:91.71,92.12 1 0
github.com/xdzczk/nostrmash/internal/ingestor/backfill/websocket_fetcher.go:93.24,94.24 1 0
github.com/xdzczk/nostrmash/internal/ingestor/backfill/websocket_fetcher.go:95.13,95.13 0 0
github.com/xdzczk/nostrmash/internal/ingestor/backfill/websocket_fetcher.go:97.5,97.13 1 0
github.com/xdzczk/nostrmash/internal/ingestor/backfill/websocket_fetcher.go:99.4,99.64 1 0
github.com/xdzczk/nostrmash/internal/ingestor/backfill/websocket_fetcher.go:101.3,104.31 3 0
github.com/xdzczk/nostrmash/internal/ingestor/backfill/websocket_fetcher.go:104.31,105.12 1 0
github.com/xdzczk/nostrmash/internal/ingestor/backfill/websocket_fetcher.go:107.3,107.18 1 0
github.com/xdzczk/nostrmash/internal/ingestor/backfill/websocket_fetcher.go:108.16,109.50 1 0
github.com/xdzczk/nostrmash/internal/ingestor/backfill/websocket_fetcher.go:110.15,112.22 2 0
github.com/xdzczk/nostrmash/internal/ingestor/backfill/websocket_fetcher.go:117.95,119.68 2 3
github.com/xdzczk/nostrmash/internal/ingestor/backfill/websocket_fetcher.go:119.68,121.3 1 0
github.com/xdzczk/nostrmash/internal/ingestor/backfill/websocket_fetcher.go:122.2,122.57 1 3
github.com/xdzczk/nostrmash/internal/ingestor/backfill/websocket_fetcher.go:122.57,124.3 1 0
github.com/xdzczk/nostrmash/internal/ingestor/backfill/websocket_fetcher.go:125.2,125.55 1 3
github.com/xdzczk/nostrmash/internal/ingestor/backfill/websocket_fetcher.go:125.55,127.3 1 0
github.com/xdzczk/nostrmash/internal/ingestor/backfill/websocket_fetcher.go:128.2,128.41 1 3
github.com/xdzczk/nostrmash/internal/ingestor/backfill/websocket_fetcher.go:128.41,130.3 1 1
github.com/xdzczk/nostrmash/internal/ingestor/backfill/websocket_fetcher.go:131.2,131.23 1 2
github.com/xdzczk/nostrmash/internal/ingestor/backfill/websocket_fetcher.go:131.23,133.3 1 1
github.com/xdzczk/nostrmash/internal/ingestor/backfill/websocket_fetcher.go:134.2,134.27 1 1
github.com/xdzczk/nostrmash/internal/ingestor/relay/backoff.go:11.68,16.2 1 3
github.com/xdzczk/nostrmash/internal/ingestor/relay/backoff.go:18.47,19.20 1 7
github.com/xdzczk/nostrmash/internal/ingestor/relay/backoff.go:19.20,22.3 2 4
github.com/xdzczk/nostrmash/internal/ingestor/relay/backoff.go:23.2,24.18 2 3
github.com/xdzczk/nostrmash/internal/ingestor/relay/backoff.go:24.18,26.3 1 2
github.com/xdzczk/nostrmash/internal/ingestor/relay/backoff.go:27.2,28.18 2 3
github.com/xdzczk/nostrmash/internal/ingestor/relay/backoff.go:31.34,33.2 1 3
github.com/xdzczk/nostrmash/internal/ingestor/relay/manager.go:37.110,38.22 1 2
github.com/xdzczk/nostrmash/internal/ingestor/relay/manager.go:38.22,40.3 1 0
github.com/xdzczk/nostrmash/internal/ingestor/relay/manager.go:41.2,41.16 1 2
github.com/xdzczk/nostrmash/internal/ingestor/relay/manager.go:41.16,43.3 1 0
github.com/xdzczk/nostrmash/internal/ingestor/relay/manager.go:44.2,44.29 1 2
github.com/xdzczk/nostrmash/internal/ingestor/relay/manager.go:44.29,46.3 1 0
github.com/xdzczk/nostrmash/internal/ingestor/relay/manager.go:47.2,47.29 1 2
github.com/xdzczk/nostrmash/internal/ingestor/relay/manager.go:47.29,49.3 1 0
github.com/xdzczk/nostrmash/internal/ingestor/relay/manager.go:50.2,50.25 1 2
github.com/xdzczk/nostrmash/internal/ingestor/relay/manager.go:50.25,52.3 1 0
github.com/xdzczk/nostrmash/internal/ingestor/relay/manager.go:53.2,53.41 1 2
github.com/xdzczk/nostrmash/internal/ingestor/relay/manager.go:53.41,55.3 1 0
github.com/xdzczk/nostrmash/internal/ingestor/relay/manager.go:56.2,56.58 1 2
github.com/xdzczk/nostrmash/internal/ingestor/relay/manager.go:56.58,58.3 1 0
github.com/xdzczk/nostrmash/internal/ingestor/relay/manager.go:59.2,76.46 7 2
github.com/xdzczk/nostrmash/internal/ingestor/relay/manager.go:76.46,78.3 1 0
github.com/xdzczk/nostrmash/internal/ingestor/relay/manager.go:79.2,79.38 1 2
github.com/xdzczk/nostrmash/internal/ingestor/relay/manager.go:79.38,81.53 2 2
github.com/xdzczk/nostrmash/internal/ingestor/relay/manager.go:81.53,83.4 1 0
github.com/xdzczk/nostrmash/internal/ingestor/relay/manager.go:84.3,90.4 1 2
github.com/xdzczk/nostrmash/internal/ingestor/relay/manager.go:93.2,93.15 1 2
github.com/xdzczk/nostrmash/internal/ingestor/relay/manager.go:97.46,99.42 2 2
github.com/xdzczk/nostrmash/internal/ingestor/relay/manager.go:99.42,100.44 1 2
github.com/xdzczk/nostrmash/internal/ingestor/relay/manager.go:100.44,101.12 1 0
github.com/xdzczk/nostrmash/internal/ingestor/relay/manager.go:103.3,104.28 2 2
github.com/xdzczk/nostrmash/internal/ingestor/relay/manager.go:104.28,107.4 2 2
github.com/xdzczk/nostrmash/internal/ingestor/relay/manager.go:110.2,111.11 2 2
github.com/xdzczk/nostrmash/internal/ingestor/relay/manager.go:115.48,120.42 4 32
github.com/xdzczk/nostrmash/internal/ingestor/relay/manager.go:120.42,122.3 1 32
github.com/xdzczk/nostrmash/internal/ingestor/relay/manager.go:123.2,123.12 1 32
github.com/xdzczk/nostrmash/internal/ingestor/relay/manager.go:127.49,131.9 4 1
github.com/xdzczk/nostrmash/internal/ingestor/relay/manager.go:131.9,133.3 1 0
github.com/xdzczk/nostrmash/internal/ingestor/relay/manager.go:134.2,135.42 2 1
github.com/xdzczk/nostrmash/internal/ingestor/relay/manager.go:135.42,137.3 1 1
github.com/xdzczk/nostrmash/internal/ingestor/relay/manager.go:140.66,143.6 2 2
github.com/xdzczk/nostrmash/internal/ingestor/relay/manager.go:143.6,144.35 1 3
github.com/xdzczk/nostrmash/internal/ingestor/relay/manager.go:144.35,146.4 1 0
github.com/xdzczk/nostrmash/internal/ingestor/relay/manager.go:148.3,154.17 6 3
github.com/xdzczk/nostrmash/internal/ingestor/relay/manager.go:154.17,160.39 6 1
github.com/xdzczk/nostrmash/internal/ingestor/relay/manager.go:160.39,162.5 1 0
github.com/xdzczk/nostrmash/internal/ingestor/relay/manager.go:163.4,163.12 1 1
github.com/xdzczk/nostrmash/internal/ingestor/relay/manager.go:166.3,169.57 4 2
github.com/xdzczk/nostrmash/internal/ingestor/relay/manager.go:169.57,171.4 1 2
github.com/xdzczk/nostrmash/internal/ingestor/relay/manager.go:175.122,179.28 3 2
github.com/xdzczk/nostrmash/internal/ingestor/relay/manager.go:179.28,181.39 2 2
github.com/xdzczk/nostrmash/internal/ingestor/relay/manager.go:181.39,183.4 1 1
github.com/xdzczk/nostrmash/internal/ingestor/relay/manager.go:184.3,185.22 2 2
github.com/xdzczk/nostrmash/internal/ingestor/relay/manager.go:188.2,190.6 2 2
github.com/xdzczk/nostrmash/internal/ingestor/relay/manager.go:190.6,191.10 1 5
github.com/xdzczk/nostrmash/internal/ingestor/relay/manager.go:192.21,193.16 1 1
github.com/xdzczk/nostrmash/internal/ingestor/relay/manager.go:194.36,195.11 1 1
github.com/xdzczk/nostrmash/internal/ingestor/relay/manager.go:195.11,197.13 2 1
github.com/xdzczk/nostrmash/internal/ingestor/relay/manager.go:199.4,200.24 2 0
github.com/xdzczk/nostrmash/internal/ingestor/relay/manager.go:200.24,201.61 1 0
github.com/xdzczk/nostrmash/internal/ingestor/relay/manager.go:201.61,207.6 1 0
github.com/xdzczk/nostrmash/internal/ingestor/relay/manager.go:209.33,210.11 1 1
github.com/xdzczk/nostrmash/internal/ingestor/relay/manager.go:210.11,212.5 1 0
github.com/xdzczk/nostrmash/internal/ingestor/relay/manager.go:213.4,213.18 1 1
github.com/xdzczk/nostrmash/internal/ingestor/relay/manager.go:213.18,216.5 2 1
github.com/xdzczk/nostrmash/internal/ingestor/relay/manager.go:216.10,219.5 2 0
github.com/xdzczk/nostrmash/internal/ingestor/relay/manager.go:220.4,223.39 4 1
github.com/xdzczk/nostrmash/internal/ingestor/relay/manager.go:223.39,225.5 1 1
github.com/xdzczk/nostrmash/internal/ingestor/relay/manager.go:226.4,226.15 1 0
github.com/xdzczk/nostrmash/internal/ingestor/relay/manager.go:227.26,228.28 1 2
github.com/xdzczk/nostrmash/internal/ingestor/relay/manager.go:233.49,237.9 4 2
github.com/xdzczk/nostrmash/internal/ingestor/relay/manager.go:237.9,239.3 1 0
github.com/xdzczk/nostrmash/internal/ingestor/relay/manager.go:240.2,240.42 1 2
github.com/xdzczk/nostrmash/internal/ingestor/relay/manager.go:240.42,242.3 1 0
github.com/xdzczk/nostrmash/internal/ingestor/relay/manager.go:243.2,243.42 1 2
github.com/xdzczk/nostrmash/internal/ingestor/relay/manager.go:243.42,245.3 1 0
github.com/xdzczk/nostrmash/internal/ingestor/relay/manager.go:246.2,246.69 1 2
github.com/xdzczk/nostrmash/internal/ingestor/relay/manager.go:246.69,248.3 1 1
github.com/xdzczk/nostrmash/internal/ingestor/relay/manager.go:251.49,255.9 4 2
github.com/xdzczk/nostrmash/internal/ingestor/relay/manager.go:255.9,257.3 1 0
github.com/xdzczk/nostrmash/internal/ingestor/relay/manager.go:258.2,261.56 4 2
github.com/xdzczk/nostrmash/internal/ingestor/relay/manager.go:264.50,268.9 4 3
github.com/xdzczk/nostrmash/internal/ingestor/relay/manager.go:268.9,270.3 1 0
github.com/xdzczk/nostrmash/internal/ingestor/relay/manager.go:271.2,273.54 3 3
github.com/xdzczk/nostrmash/internal/ingestor/relay/manager.go:276.112,280.9 4 4
github.com/xdzczk/nostrmash/internal/ingestor/relay/manager.go:280.9,282.3 1 0
github.com/xdzczk/nostrmash/internal/ingestor/relay/manager.go:283.2,285.44 3 4
github.com/xdzczk/nostrmash/internal/ingestor/relay/manager.go:288.86,290.18 2 11
github.com/xdzczk/nostrmash/internal/ingestor/relay/manager.go:290.18,292.3 1 2
github.com/xdzczk/nostrmash/internal/ingestor/relay/manager.go:293.2,305.3 3 9
github.com/xdzczk/nostrmash/internal/ingestor/relay/manager.go:308.53,310.41 2 2
github.com/xdzczk/nostrmash/internal/ingestor/relay/manager.go:310.41,312.17 2 2
github.com/xdzczk/nostrmash/internal/ingestor/relay/manager.go:312.17,314.4 1 0
github.com/xdzczk/nostrmash/internal/ingestor/relay/manager.go:315.3,315.33 1 2
github.com/xdzczk/nostrmash/internal/ingestor/relay/manager.go:317.2,317.44 1 2
github.com/xdzczk/nostrmash/internal/ingestor/relay/manager.go:317.44,319.3 1 0
github.com/xdzczk/nostrmash/internal/ingestor/relay/manager.go:320.2,320.38 1 2
github.com/xdzczk/nostrmash/internal/ingestor/relay/manager.go:320.38,322.17 2 2
github.com/xdzczk/nostrmash/internal/ingestor/relay/manager.go:322.17,324.4 1 0
github.com/xdzczk/nostrmash/internal/ingestor/relay/manager.go:325.3,325.38 1 2
github.com/xdzczk/nostrmash/internal/ingestor/relay/manager.go:325.38,327.4 1 0
github.com/xdzczk/nostrmash/internal/ingestor/relay/manager.go:329.2,329.46 1 2
github.com/xdzczk/nostrmash/internal/ingestor/relay/manager.go:329.46,331.17 2 0
github.com/xdzczk/nostrmash/internal/ingestor/relay/manager.go:331.17,333.4 1 0
github.com/xdzczk/nostrmash/internal/ingestor/relay/manager.go:334.3,334.38 1 0
github.com/xdzczk/nostrmash/internal/ingestor/relay/manager.go:334.38,336.4 1 0
github.com/xdzczk/nostrmash/internal/ingestor/relay/manager.go:338.2,338.12 1 2
github.com/xdzczk/nostrmash/internal/ingestor/relay/manager.go:341.48,342.20 1 6
github.com/xdzczk/nostrmash/internal/ingestor/relay/manager.go:342.20,344.3 1 2
github.com/xdzczk/nostrmash/internal/ingestor/relay/manager.go:345.2,346.27 2 4
github.com/xdzczk/nostrmash/internal/ingestor/relay/manager.go:346.27,348.17 2 4
github.com/xdzczk/nostrmash/internal/ingestor/relay/manager.go:348.17,349.12 1 0
github.com/xdzczk/nostrmash/internal/ingestor/relay/manager.go:351.3,351.32 1 4
github.com/xdzczk/nostrmash/internal/ingestor/relay/manager.go:353.2,353.12 1 4
github.com/xdzczk/nostrmash/internal/ingestor/relay/manager.go:356.52,358.16 2 8
github.com/xdzczk/nostrmash/internal/ingestor/relay/manager.go:358.16,360.3 1 0
github.com/xdzczk/nostrmash/internal/ingestor/relay/manager.go:361.2,361.23 1 8
github.com/xdzczk/nostrmash/internal/ingestor/relay/manager.go:361.23,363.3 1 0
github.com/xdzczk/nostrmash/internal/ingestor/relay/manager.go:364.2,365.39 2 8
github.com/xdzczk/nostrmash/internal/ingestor/relay/manager.go:365.39,367.3 1 0
github.com/xdzczk/nostrmash/internal/ingestor/relay/manager.go:368.2,368.74 1 8
github.com/xdzczk/nostrmash/internal/ingestor/relay/manager.go:368.74,370.3 1 0
github.com/xdzczk/nostrmash/internal/ingestor/relay/manager.go:372.2,373.17 2 8
github.com/xdzczk/nostrmash/internal/ingestor/relay/manager.go:373.17,375.3 1 0
github.com/xdzczk/nostrmash/internal/ingestor/relay/manager.go:376.2,376.82 1 8
github.com/xdzczk/nostrmash/internal/ingestor/relay/manager.go:379.62,382.9 3 2
github.com/xdzczk/nostrmash/internal/ingestor/relay/manager.go:383.20,384.15 1 1
github.com/xdzczk/nostrmash/internal/ingestor/relay/manager.go:385.17,386.14 1 1
github.com/xdzczk/nostrmash/internal/ingestor/relay/manager.go:390.47,391.14 1 5
github.com/xdzczk/nostrmash/internal/ingestor/relay/manager.go:391.14,393.3 1 0
github.com/xdzczk/nostrmash/internal/ingestor/relay/manager.go:394.2,394.12 1 5
github.com/xdzczk/nostrmash/internal/ingestor/relay/manager.go:397.101,398.25 1 9
github.com/xdzczk/nostrmash/internal/ingestor/relay/manager.go:398.25,400.3 1 9
github.com/xdzczk/nostrmash/internal/ingestor/relay/manager.go:401.2,401.85 1 0
github.com/xdzczk/nostrmash/internal/ingestor/relay/manager.go:401.85,408.3 1 0
github.com/xdzczk/nostrmash/internal/ingestor/relay/noop_connector.go:11.88,13.2 1 0
github.com/xdzczk/nostrmash/internal/ingestor/relay/nostr_connector.go:24.91,29.16 3 0
github.com/xdzczk/nostrmash/internal/ingestor/relay/nostr_connector.go:29.16,31.3 1 0
github.com/xdzczk/nostrmash/internal/ingestor/relay/nostr_connector.go:33.2,39.28 7 0
github.com/xdzczk/nostrmash/internal/ingestor/relay/nostr_connector.go:39.28,41.17 2 0
github.com/xdzczk/nostrmash/internal/ingestor/relay/nostr_connector.go:41.17,44.4 2 0
github.com/xdzczk/nostrmash/internal/ingestor/relay/nostr_connector.go:45.3,49.65 5 0
github.com/xdzczk/nostrmash/internal/ingestor/relay/nostr_connector.go:51.2,60.16 3 0
github.com/xdzczk/nostrmash/internal/ingestor/relay/nostr_connector.go:60.16,63.3 2 0
github.com/xdzczk/nostrmash/internal/ingestor/relay/nostr_connector.go:64.2,64.73 1 0
github.com/xdzczk/nostrmash/internal/ingestor/relay/nostr_connector.go:64.73,67.3 2 0
github.com/xdzczk/nostrmash/internal/ingestor/relay/nostr_connector.go:69.2,72.18 3 0
github.com/xdzczk/nostrmash/internal/ingestor/relay/nostr_connector.go:72.18,85.3 1 0
github.com/xdzczk/nostrmash/internal/ingestor/relay/nostr_connector.go:86.2,86.20 1 0
github.com/xdzczk/nostrmash/internal/ingestor/relay/nostr_connector.go:102.103,113.12 3 0
github.com/xdzczk/nostrmash/internal/ingestor/relay/nostr_connector.go:113.12,116.3 2 0
github.com/xdzczk/nostrmash/internal/ingestor/relay/nostr_connector.go:117.2,117.15 1 0
github.com/xdzczk/nostrmash/internal/ingestor/relay/nostr_connector.go:120.49,122.2 1 0
github.com/xdzczk/nostrmash/internal/ingestor/relay/nostr_connector.go:124.54,126.2 1 0
github.com/xdzczk/nostrmash/internal/ingestor/relay/nostr_connector.go:128.43,131.2 2 0
github.com/xdzczk/nostrmash/internal/ingestor/relay/nostr_connector.go:133.40,136.6 2 0
github.com/xdzczk/nostrmash/internal/ingestor/relay/nostr_connector.go:136.6,138.17 2 0
github.com/xdzczk/nostrmash/internal/ingestor/relay/nostr_connector.go:138.17,141.4 2 0
github.com/xdzczk/nostrmash/internal/ingestor/relay/nostr_connector.go:142.3,143.10 2 0
github.com/xdzczk/nostrmash/internal/ingestor/relay/nostr_connector.go:143.10,144.12 1 0
github.com/xdzczk/nostrmash/internal/ingestor/relay/nostr_connector.go:146.3,146.10 1 0
github.com/xdzczk/nostrmash/internal/ingestor/relay/nostr_connector.go:147.26,147.26 0 0
github.com/xdzczk/nostrmash/internal/ingestor/relay/nostr_connector.go:148.27,150.10 2 0
github.com/xdzczk/nostrmash/internal/ingestor/relay/nostr_connector.go:155.50,156.24 1 0
github.com/xdzczk/nostrmash/internal/ingestor/relay/nostr_connector.go:156.24,164.57 4 0
github.com/xdzczk/nostrmash/internal/ingestor/relay/nostr_connector.go:164.57,166.4 1 0
github.com/xdzczk/nostrmash/internal/ingestor/relay/nostr_connector.go:167.3,167.16 1 0
github.com/xdzczk/nostrmash/internal/ingestor/relay/nostr_connector.go:171.40,172.16 1 0
github.com/xdzczk/nostrmash/internal/ingestor/relay/nostr_connector.go:172.16,174.3 1 0
github.com/xdzczk/nostrmash/internal/ingestor/relay/nostr_connector.go:175.2,175.89 1 0
github.com/xdzczk/nostrmash/internal/ingestor/relay/nostr_connector.go:175.89,177.3 1 0
github.com/xdzczk/nostrmash/internal/ingestor/relay/nostr_connector.go:178.2,178.12 1 0
github.com/xdzczk/nostrmash/internal/ingestor/relay/nostr_connector.go:181.55,183.23 2 4
github.com/xdzczk/nostrmash/internal/ingestor/relay/nostr_connector.go:183.23,185.3 1 0
github.com/xdzczk/nostrmash/internal/ingestor/relay/nostr_connector.go:187.2,188.59 2 4
github.com/xdzczk/nostrmash/internal/ingestor/relay/nostr_connector.go:188.59,190.3 1 1
github.com/xdzczk/nostrmash/internal/ingestor/relay/nostr_connector.go:191.2,191.24 1 3
github.com/xdzczk/nostrmash/internal/ingestor/relay/nostr_connector.go:191.24,193.3 1 0
github.com/xdzczk/nostrmash/internal/ingestor/relay/nostr_connector.go:195.2,196.67 2 3
github.com/xdzczk/nostrmash/internal/ingestor/relay/nostr_connector.go:196.67,198.3 1 0
github.com/xdzczk/nostrmash/internal/ingestor/relay/nostr_connector.go:199.2,199.29 1 3
github.com/xdzczk/nostrmash/internal/ingestor/relay/nostr_connector.go:199.29,201.3 1 1
github.com/xdzczk/nostrmash/internal/ingestor/relay/nostr_connector.go:202.2,202.23 1 2
github.com/xdzczk/nostrmash/internal/ingestor/relay/nostr_connector.go:202.23,204.3 1 1
github.com/xdzczk/nostrmash/internal/ingestor/relay/nostr_connector.go:205.2,205.43 1 1
github.com/xdzczk/nostrmash/internal/nostr/types.go:55.42,56.14 1 0
github.com/xdzczk/nostrmash/internal/nostr/types.go:56.14,58.3 1 0
github.com/xdzczk/nostrmash/internal/nostr/types.go:59.2,59.42 1 0
github.com/xdzczk/nostrmash/internal/nostr/types.go:70.40,72.2 1 1
github.com/xdzczk/nostrmash/internal/nostr/types.go:82.41,83.28 1 10
github.com/xdzczk/nostrmash/internal/nostr/types.go:83.28,85.3 1 9
github.com/xdzczk/nostrmash/internal/nostr/types.go:86.2,86.28 1 10
github.com/xdzczk/nostrmash/internal/nostr/types.go:86.28,88.3 1 9
github.com/xdzczk/nostrmash/internal/nostr/types.go:89.2,89.10 1 10
github.com/xdzczk/nostrmash/internal/nostr/validator.go:14.73,17.23 2 10
github.com/xdzczk/nostrmash/internal/nostr/validator.go:17.23,25.3 1 0
github.com/xdzczk/nostrmash/internal/nostr/validator.go:26.2,26.41 1 10
github.com/xdzczk/nostrmash/internal/nostr/validator.go:26.41,34.3 1 1
github.com/xdzczk/nostrmash/internal/nostr/validator.go:36.2,37.26 2 9
github.com/xdzczk/nostrmash/internal/nostr/validator.go:37.26,45.3 1 1
github.com/xdzczk/nostrmash/internal/nostr/validator.go:47.2,48.57 2 8
github.com/xdzczk/nostrmash/internal/nostr/validator.go:48.57,56.3 1 1
github.com/xdzczk/nostrmash/internal/nostr/validator.go:59.2,61.95 2 7
github.com/xdzczk/nostrmash/internal/nostr/validator.go:61.95,62.32 1 49
github.com/xdzczk/nostrmash/internal/nostr/validator.go:62.32,71.4 1 1
github.com/xdzczk/nostrmash/internal/nostr/validator.go:74.2,75.16 2 6
github.com/xdzczk/nostrmash/internal/nostr/validator.go:75.16,80.3 1 2
github.com/xdzczk/nostrmash/internal/nostr/validator.go:82.2,82.47 1 4
github.com/xdzczk/nostrmash/internal/nostr/validator.go:82.47,87.3 1 1
github.com/xdzczk/nostrmash/internal/nostr/validator.go:89.2,89.56 1 3
github.com/xdzczk/nostrmash/internal/nostr/validator.go:89.56,94.3 1 2
github.com/xdzczk/nostrmash/internal/nostr/validator.go:96.2,99.3 1 1
github.com/xdzczk/nostrmash/internal/nostr/validator.go:102.83,104.16 2 6
github.com/xdzczk/nostrmash/internal/nostr/validator.go:104.16,106.3 1 0
github.com/xdzczk/nostrmash/internal/nostr/validator.go:107.2,108.16 2 6
github.com/xdzczk/nostrmash/internal/nostr/validator.go:108.16,110.3 1 0
github.com/xdzczk/nostrmash/internal/nostr/validator.go:111.2,112.16 2 6
github.com/xdzczk/nostrmash/internal/nostr/validator.go:112.16,114.3 1 0
github.com/xdzczk/nostrmash/internal/nostr/validator.go:115.2,116.16 2 6
github.com/xdzczk/nostrmash/internal/nostr/validator.go:116.16,118.3 1 1
github.com/xdzczk/nostrmash/internal/nostr/validator.go:119.2,120.16 2 5
github.com/xdzczk/nostrmash/internal/nostr/validator.go:120.16,122.3 1 0
github.com/xdzczk/nostrmash/internal/nostr/validator.go:123.2,124.16 2 5
github.com/xdzczk/nostrmash/internal/nostr/validator.go:124.16,126.3 1 0
github.com/xdzczk/nostrmash/internal/nostr/validator.go:127.2,128.16 2 5
github.com/xdzczk/nostrmash/internal/nostr/validator.go:128.16,130.3 1 0
github.com/xdzczk/nostrmash/internal/nostr/validator.go:132.2,132.9 1 5
github.com/xdzczk/nostrmash/internal/nostr/validator.go:133.27,138.4 1 0
github.com/xdzczk/nostrmash/internal/nostr/validator.go:139.31,144.4 1 0
github.com/xdzczk/nostrmash/internal/nostr/validator.go:145.29,150.4 1 0
github.com/xdzczk/nostrmash/internal/nostr/validator.go:151.21,156.4 1 0
github.com/xdzczk/nostrmash/internal/nostr/validator.go:157.16,162.4 1 0
github.com/xdzczk/nostrmash/internal/nostr/validator.go:163.20,168.4 1 0
github.com/xdzczk/nostrmash/internal/nostr/validator.go:171.2,179.25 2 5
github.com/xdzczk/nostrmash/internal/nostr/validator.go:179.25,185.3 1 0
github.com/xdzczk/nostrmash/internal/nostr/validator.go:186.2,188.22 3 5
github.com/xdzczk/nostrmash/internal/nostr/validator.go:188.22,194.3 1 1
github.com/xdzczk/nostrmash/internal/nostr/validator.go:196.2,204.8 1 4
github.com/xdzczk/nostrmash/internal/nostr/validator.go:207.53,213.16 5 4
github.com/xdzczk/nostrmash/internal/nostr/validator.go:213.16,219.3 1 0
github.com/xdzczk/nostrmash/internal/nostr/validator.go:220.2,221.16 2 4
github.com/xdzczk/nostrmash/internal/nostr/validator.go:221.16,227.3 1 0
github.com/xdzczk/nostrmash/internal/nostr/validator.go:228.2,228.40 1 4
github.com/xdzczk/nostrmash/internal/nostr/validator.go:228.40,234.3 1 1
github.com/xdzczk/nostrmash/internal/nostr/validator.go:235.2,235.12 1 3
github.com/xdzczk/nostrmash/internal/nostr/validator.go:238.70,239.47 1 3
github.com/xdzczk/nostrmash/internal/nostr/validator.go:239.47,245.3 1 1
github.com/xdzczk/nostrmash/internal/nostr/validator.go:247.2,247.42 1 2
github.com/xdzczk/nostrmash/internal/nostr/validator.go:247.42,249.54 2 33
github.com/xdzczk/nostrmash/internal/nostr/validator.go:249.54,255.4 1 1
github.com/xdzczk/nostrmash/internal/nostr/validator.go:257.2,257.12 1 1
github.com/xdzczk/nostrmash/internal/nostr/validator.go:260.98,262.61 2 22
github.com/xdzczk/nostrmash/internal/nostr/validator.go:262.61,268.3 1 0
github.com/xdzczk/nostrmash/internal/nostr/validator.go:269.2,269.19 1 22
github.com/xdzczk/nostrmash/internal/nostr/validator.go:272.96,274.61 2 6
github.com/xdzczk/nostrmash/internal/nostr/validator.go:274.61,280.3 1 0
github.com/xdzczk/nostrmash/internal/nostr/validator.go:281.2,281.19 1 6
github.com/xdzczk/nostrmash/internal/nostr/validator.go:284.92,286.61 2 6
github.com/xdzczk/nostrmash/internal/nostr/validator.go:286.61,292.3 1 1
github.com/xdzczk/nostrmash/internal/nostr/validator.go:293.2,293.19 1 5
github.com/xdzczk/nostrmash/internal/nostr/validator.go:296.68,298.51 2 5
github.com/xdzczk/nostrmash/internal/nostr/validator.go:298.51,304.3 1 0
github.com/xdzczk/nostrmash/internal/nostr/validator.go:306.2,307.30 2 5
github.com/xdzczk/nostrmash/internal/nostr/validator.go:307.30,309.57 2 9
github.com/xdzczk/nostrmash/internal/nostr/validator.go:309.57,315.4 1 0
github.com/xdzczk/nostrmash/internal/nostr/validator.go:316.3,316.23 1 9
github.com/xdzczk/nostrmash/internal/nostr/validator.go:316.23,322.4 1 0
github.com/xdzczk/nostrmash/internal/nostr/validator.go:323.3,323.30 1 9
github.com/xdzczk/nostrmash/internal/nostr/validator.go:325.2,325.18 1 5
github.com/xdzczk/nostrmash/internal/nostr/validator.go:328.49,329.27 1 15
github.com/xdzczk/nostrmash/internal/nostr/validator.go:329.27,331.3 1 0
github.com/xdzczk/nostrmash/internal/nostr/validator.go:332.2,332.30 1 15
github.com/xdzczk/nostrmash/internal/nostr/validator.go:332.30,336.27 4 1280
github.com/xdzczk/nostrmash/internal/nostr/validator.go:336.27,338.4 1 0
github.com/xdzczk/nostrmash/internal/nostr/validator.go:340.2,340.13 1 15
github.com/xdzczk/nostrmash/cmd/worker/main.go:22.13,29.16 5 0
github.com/xdzczk/nostrmash/cmd/worker/main.go:29.16,32.3 2 0
github.com/xdzczk/nostrmash/cmd/worker/main.go:34.2,35.16 2 0
github.com/xdzczk/nostrmash/cmd/worker/main.go:35.16,38.3 2 0
github.com/xdzczk/nostrmash/cmd/worker/main.go:39.2,42.22 3 0
github.com/xdzczk/nostrmash/cmd/worker/main.go:42.22,44.3 1 0
github.com/xdzczk/nostrmash/cmd/worker/main.go:45.2,45.61 1 0
github.com/xdzczk/nostrmash/cmd/worker/main.go:45.61,48.3 2 0
github.com/xdzczk/nostrmash/cmd/worker/main.go:50.2,64.31 9 0
github.com/xdzczk/nostrmash/cmd/worker/main.go:79.3,80.6 1 0
github.com/xdzczk/nostrmash/cmd/worker/main.go:80.6,81.23 1 0
github.com/xdzczk/nostrmash/cmd/worker/main.go:81.23,83.4 1 0
github.com/xdzczk/nostrmash/cmd/worker/main.go:85.3,86.17 2 0
github.com/xdzczk/nostrmash/cmd/worker/main.go:86.17,88.11 2 0
github.com/xdzczk/nostrmash/cmd/worker/main.go:89.22,90.11 1 0
github.com/xdzczk/nostrmash/cmd/worker/main.go:91.36,92.13 1 0
github.com/xdzczk/nostrmash/cmd/worker/main.go:95.3,95.24 1 0
github.com/xdzczk/nostrmash/cmd/worker/main.go:95.24,96.11 1 0
github.com/xdzczk/nostrmash/cmd/worker/main.go:97.22,98.11 1 0
github.com/xdzczk/nostrmash/cmd/worker/main.go:99.36,100.13 1 0
github.com/xdzczk/nostrmash/cmd/worker/main.go:104.3,104.31 1 0
github.com/xdzczk/nostrmash/cmd/worker/main.go:104.31,109.18 2 0
github.com/xdzczk/nostrmash/cmd/worker/main.go:109.18,110.84 1 0
github.com/xdzczk/nostrmash/cmd/worker/main.go:110.84,112.14 2 0
github.com/xdzczk/nostrmash/cmd/worker/main.go:114.5,116.13 3 0
github.com/xdzczk/nostrmash/cmd/worker/main.go:119.4,120.22 2 0
github.com/xdzczk/nostrmash/cmd/worker/main.go:120.22,122.13 2 0
github.com/xdzczk/nostrmash/cmd/worker/main.go:124.4,124.41 1 0
github.com/xdzczk/nostrmash/cmd/worker/main.go:124.41,134.13 3 0
github.com/xdzczk/nostrmash/cmd/worker/main.go:136.4,145.5 2 0
github.com/xdzczk/nostrmash/cmd/worker/main.go:153.17,155.16 2 0
github.com/xdzczk/nostrmash/cmd/worker/main.go:155.16,157.3 1 0
github.com/xdzczk/nostrmash/cmd/worker/main.go:158.2,167.12 4 0
github.com/xdzczk/nostrmash/cmd/worker/main.go:167.12,169.87 2 0
github.com/xdzczk/nostrmash/cmd/worker/main.go:169.87,171.4 1 0
github.com/xdzczk/nostrmash/cmd/worker/main.go:173.2,173.12 1 0
github.com/xdzczk/nostrmash/cmd/worker/main.go:173.12,178.3 4 0
github.com/xdzczk/nostrmash/cmd/worker/main.go:181.31,183.16 2 0
github.com/xdzczk/nostrmash/cmd/worker/main.go:183.16,185.3 1 0
github.com/xdzczk/nostrmash/cmd/worker/main.go:186.2,187.16 2 0
github.com/xdzczk/nostrmash/cmd/worker/main.go:187.16,189.3 1 0
github.com/xdzczk/nostrmash/cmd/worker/main.go:190.2,190.48 1 0
github.com/xdzczk/nostrmash/cmd/ingestor/main.go:26.13,33.16 5 0
github.com/xdzczk/nostrmash/cmd/ingestor/main.go:33.16,36.3 2 0
github.com/xdzczk/nostrmash/cmd/ingestor/main.go:38.2,39.16 2 0
github.com/xdzczk/nostrmash/cmd/ingestor/main.go:39.16,42.3 2 0
github.com/xdzczk/nostrmash/cmd/ingestor/main.go:43.2,46.22 3 0
github.com/xdzczk/nostrmash/cmd/ingestor/main.go:46.22,48.3 1 0
github.com/xdzczk/nostrmash/cmd/ingestor/main.go:49.2,49.61 1 0
github.com/xdzczk/nostrmash/cmd/ingestor/main.go:49.61,52.3 2 0
github.com/xdzczk/nostrmash/cmd/ingestor/main.go:54.2,55.16 2 0
github.com/xdzczk/nostrmash/cmd/ingestor/main.go:55.16,58.3 2 0
github.com/xdzczk/nostrmash/cmd/ingestor/main.go:60.2,62.16 3 0
github.com/xdzczk/nostrmash/cmd/ingestor/main.go:62.16,65.3 2 0
github.com/xdzczk/nostrmash/cmd/ingestor/main.go:66.2,72.26 5 0
github.com/xdzczk/nostrmash/cmd/ingestor/main.go:72.26,74.17 2 0
github.com/xdzczk/nostrmash/cmd/ingestor/main.go:74.17,77.4 2 0
github.com/xdzczk/nostrmash/cmd/ingestor/main.go:78.3,79.17 2 0
github.com/xdzczk/nostrmash/cmd/ingestor/main.go:79.17,82.4 2 0
github.com/xdzczk/nostrmash/cmd/ingestor/main.go:83.3,92.9 2 0
github.com/xdzczk/nostrmash/cmd/ingestor/main.go:95.2,101.16 2 0
github.com/xdzczk/nostrmash/cmd/ingestor/main.go:101.16,104.3 2 0
github.com/xdzczk/nostrmash/cmd/ingestor/main.go:105.2,112.16 3 0
github.com/xdzczk/nostrmash/cmd/ingestor/main.go:112.16,115.3 2 0
github.com/xdzczk/nostrmash/cmd/ingestor/main.go:116.2,127.26 2 0
github.com/xdzczk/nostrmash/cmd/ingestor/main.go:127.26,148.17 2 0
github.com/xdzczk/nostrmash/cmd/ingestor/main.go:148.17,151.4 2 0
github.com/xdzczk/nostrmash/cmd/ingestor/main.go:152.3,152.49 1 0
github.com/xdzczk/nostrmash/cmd/ingestor/main.go:152.49,155.4 2 0
github.com/xdzczk/nostrmash/cmd/ingestor/main.go:156.3,156.69 1 0
github.com/xdzczk/nostrmash/cmd/ingestor/main.go:159.2,179.16 2 0
github.com/xdzczk/nostrmash/cmd/ingestor/main.go:179.16,182.3 2 0
github.com/xdzczk/nostrmash/cmd/ingestor/main.go:183.2,187.30 4 0
github.com/xdzczk/nostrmash/cmd/ingestor/main.go:187.30,188.43 1 0
github.com/xdzczk/nostrmash/cmd/ingestor/main.go:188.43,189.120 1 0
github.com/xdzczk/nostrmash/cmd/ingestor/main.go:189.120,191.5 1 0
github.com/xdzczk/nostrmash/cmd/ingestor/main.go:193.3,193.74 1 0
github.com/xdzczk/nostrmash/cmd/ingestor/main.go:193.74,195.4 1 0
github.com/xdzczk/nostrmash/cmd/ingestor/main.go:197.2,204.31 3 0
github.com/xdzczk/nostrmash/cmd/ingestor/main.go:207.62,210.9 3 0
github.com/xdzczk/nostrmash/cmd/ingestor/main.go:210.9,212.3 1 0
github.com/xdzczk/nostrmash/cmd/ingestor/main.go:213.2,213.33 1 0
github.com/xdzczk/nostrmash/cmd/ingestor/main.go:213.33,215.3 1 0
github.com/xdzczk/nostrmash/cmd/ingestor/main.go:216.2,216.48 1 0
github.com/xdzczk/nostrmash/cmd/ingestor/main.go:219.110,220.36 1 0
github.com/xdzczk/nostrmash/cmd/ingestor/main.go:220.36,222.3 1 0
github.com/xdzczk/nostrmash/cmd/ingestor/main.go:223.2,225.6 3 0
github.com/xdzczk/nostrmash/cmd/ingestor/main.go:225.6,226.10 1 0
github.com/xdzczk/nostrmash/cmd/ingestor/main.go:227.21,228.10 1 0
github.com/xdzczk/nostrmash/cmd/ingestor/main.go:229.19,237.5 3 0
github.com/xdzczk/nostrmash/cmd/ingestor/main.go:242.77,244.16 2 0
github.com/xdzczk/nostrmash/cmd/ingestor/main.go:244.16,246.3 1 0
github.com/xdzczk/nostrmash/cmd/ingestor/main.go:247.2,256.12 4 0
github.com/xdzczk/nostrmash/cmd/ingestor/main.go:256.12,258.87 2 0
github.com/xdzczk/nostrmash/cmd/ingestor/main.go:258.87,260.4 1 0
github.com/xdzczk/nostrmash/cmd/ingestor/main.go:262.2,262.12 1 0
github.com/xdzczk/nostrmash/cmd/ingestor/main.go:262.12,267.3 4 0
github.com/xdzczk/nostrmash/cmd/api/main.go:22.13,29.16 5 0
github.com/xdzczk/nostrmash/cmd/api/main.go:29.16,32.3 2 0
github.com/xdzczk/nostrmash/cmd/api/main.go:34.2,35.16 2 0
github.com/xdzczk/nostrmash/cmd/api/main.go:35.16,38.3 2 0
github.com/xdzczk/nostrmash/cmd/api/main.go:39.2,42.22 3 0
github.com/xdzczk/nostrmash/cmd/api/main.go:42.22,44.3 1 0
github.com/xdzczk/nostrmash/cmd/api/main.go:45.2,45.61 1 0
github.com/xdzczk/nostrmash/cmd/api/main.go:45.61,48.3 2 0
github.com/xdzczk/nostrmash/cmd/api/main.go:50.2,133.12 58 0
github.com/xdzczk/nostrmash/cmd/api/main.go:133.12,135.87 2 0
github.com/xdzczk/nostrmash/cmd/api/main.go:135.87,138.4 2 0
github.com/xdzczk/nostrmash/cmd/api/main.go:141.2,146.50 5 0
github.com/xdzczk/nostrmash/cmd/api/main.go:146.50,148.3 1 0
github.com/xdzczk/nostrmash/cmd/api/main.go:149.2,149.31 1 0
github.com/xdzczk/nostrmash/internal/logging/logging.go:14.39,16.32 2 0
github.com/xdzczk/nostrmash/internal/logging/logging.go:17.15,18.26 1 0
github.com/xdzczk/nostrmash/internal/logging/logging.go:19.14,20.25 1 0
github.com/xdzczk/nostrmash/internal/logging/logging.go:21.15,22.26 1 0
github.com/xdzczk/nostrmash/internal/logging/logging.go:24.2,25.45 2 0
github.com/xdzczk/nostrmash/internal/logging/logging.go:29.72,30.64 1 0
github.com/xdzczk/nostrmash/internal/logging/logging.go:30.64,32.3 1 0
github.com/xdzczk/nostrmash/internal/logging/logging.go:33.2,33.12 1 0
github.com/xdzczk/nostrmash/internal/logging/logging.go:37.75,39.2 1 0
github.com/xdzczk/nostrmash/internal/logging/logging.go:42.55,43.52 1 0
github.com/xdzczk/nostrmash/internal/logging/logging.go:43.52,45.3 1 0
github.com/xdzczk/nostrmash/internal/logging/logging.go:46.2,46.11 1 0
github.com/xdzczk/nostrmash/internal/metrics/metrics.go:80.29,82.2 1 0
github.com/xdzczk/nostrmash/internal/metrics/metrics.go:84.71,88.2 3 0
github.com/xdzczk/nostrmash/internal/metrics/metrics.go:90.39,92.2 1 0
github.com/xdzczk/nostrmash/internal/metrics/metrics.go:94.58,98.2 3 0
github.com/xdzczk/nostrmash/internal/metrics/metrics.go:100.44,102.2 1 0
github.com/xdzczk/nostrmash/internal/metrics/metrics.go:104.30,106.2 1 0
github.com/xdzczk/nostrmash/internal/metrics/metrics.go:108.30,110.2 1 0
github.com/xdzczk/nostrmash/internal/metrics/metrics.go:112.41,114.2 1 0
github.com/xdzczk/nostrmash/internal/metrics/metrics.go:116.75,119.2 2 0
github.com/xdzczk/nostrmash/internal/query/service.go:39.40,41.2 1 0
github.com/xdzczk/nostrmash/internal/query/service.go:58.23,61.19 3 0
github.com/xdzczk/nostrmash/internal/query/service.go:61.19,63.3 1 0
github.com/xdzczk/nostrmash/internal/query/service.go:64.2,65.16 2 0
github.com/xdzczk/nostrmash/internal/query/service.go:65.16,67.3 1 0
github.com/xdzczk/nostrmash/internal/query/service.go:68.2,69.16 2 0
github.com/xdzczk/nostrmash/internal/query/service.go:69.16,71.3 1 0
github.com/xdzczk/nostrmash/internal/query/service.go:72.2,73.16 2 0
github.com/xdzczk/nostrmash/internal/query/service.go:73.16,75.3 1 0
github.com/xdzczk/nostrmash/internal/query/service.go:76.2,81.17 6 0
github.com/xdzczk/nostrmash/internal/query/service.go:92.93,94.19 2 0
github.com/xdzczk/nostrmash/internal/query/service.go:94.19,96.3 1 0
github.com/xdzczk/nostrmash/internal/query/service.go:97.2,98.16 2 0
github.com/xdzczk/nostrmash/internal/query/service.go:98.16,100.3 1 0
github.com/xdzczk/nostrmash/internal/query/service.go:101.2,107.8 1 0
github.com/xdzczk/nostrmash/internal/query/service.go:115.95,117.26 2 0
github.com/xdzczk/nostrmash/internal/query/service.go:117.26,119.3 1 0
github.com/xdzczk/nostrmash/internal/query/service.go:120.2,121.16 2 0
github.com/xdzczk/nostrmash/internal/query/service.go:121.16,123.3 1 0
github.com/xdzczk/nostrmash/internal/query/service.go:124.2,128.36 2 0
github.com/xdzczk/nostrmash/internal/query/service.go:128.36,130.10 2 0
github.com/xdzczk/nostrmash/internal/query/service.go:130.10,132.12 2 0
github.com/xdzczk/nostrmash/internal/query/service.go:134.3,134.47 1 0
github.com/xdzczk/nostrmash/internal/query/service.go:136.2,136.17 1 0
github.com/xdzczk/nostrmash/internal/query/service.go:144.92,146.16 2 0
github.com/xdzczk/nostrmash/internal/query/service.go:146.16,148.3 1 0
github.com/xdzczk/nostrmash/internal/query/service.go:149.2,150.16 2 0
github.com/xdzczk/nostrmash/internal/query/service.go:150.16,152.3 1 0
github.com/xdzczk/nostrmash/internal/query/service.go:153.2,154.16 2 0
github.com/xdzczk/nostrmash/internal/query/service.go:154.16,156.3 1 0
github.com/xdzczk/nostrmash/internal/query/service.go:157.2,157.62 1 0
github.com/xdzczk/nostrmash/internal/query/service.go:160.106,162.2 1 0
github.com/xdzczk/nostrmash/internal/query/service.go:164.102,166.2 1 0
github.com/xdzczk/nostrmash/internal/query/service.go:168.105,170.2 1 0
github.com/xdzczk/nostrmash/internal/query/service.go:172.106,174.2 1 0
github.com/xdzczk/nostrmash/internal/query/service.go:176.104,178.2 1 0
github.com/xdzczk/nostrmash/internal/query/service.go:180.100,183.2 1 0
github.com/xdzczk/nostrmash/internal/query/service.go:185.110,188.2 1 0
github.com/xdzczk/nostrmash/internal/query/service.go:190.105,193.2 1 0
github.com/xdzczk/nostrmash/internal/query/service.go:195.88,197.2 1 0
github.com/xdzczk/nostrmash/internal/query/service.go:199.103,201.2 1 0
github.com/xdzczk/nostrmash/internal/query/service.go:203.98,205.2 1 0
github.com/xdzczk/nostrmash/internal/query/service.go:207.108,209.2 1 0
github.com/xdzczk/nostrmash/internal/query/service.go:211.109,213.2 1 0
github.com/xdzczk/nostrmash/internal/query/service.go:215.55,218.27 3 0
github.com/xdzczk/nostrmash/internal/query/service.go:218.27,220.20 2 0
github.com/xdzczk/nostrmash/internal/query/service.go:220.20,221.12 1 0
github.com/xdzczk/nostrmash/internal/query/service.go:223.3,223.33 1 0
github.com/xdzczk/nostrmash/internal/query/service.go:223.33,224.12 1 0
github.com/xdzczk/nostrmash/internal/query/service.go:226.3,227.29 2 0
github.com/xdzczk/nostrmash/internal/query/service.go:229.2,229.12 1 0
github.com/xdzczk/nostrmash/internal/query/service.go:232.33,234.2 1 0
github.com/xdzczk/nostrmash/internal/testutil/dbtest/dbtest.go:16.57,23.39 3 0
github.com/xdzczk/nostrmash/internal/testutil/dbtest/dbtest.go:23.39,24.41 1 0
github.com/xdzczk/nostrmash/internal/testutil/dbtest/dbtest.go:24.41,25.12 1 0
github.com/xdzczk/nostrmash/internal/testutil/dbtest/dbtest.go:27.3,27.19 1 0
github.com/xdzczk/nostrmash/internal/testutil/dbtest/dbtest.go:30.2,31.11 2 0
github.com/xdzczk/nostrmash/internal/testutil/dbtest/dbtest.go:35.99,39.16 3 0
github.com/xdzczk/nostrmash/internal/testutil/dbtest/dbtest.go:39.16,41.3 1 0
github.com/xdzczk/nostrmash/internal/testutil/dbtest/dbtest.go:43.2,45.94 3 0
github.com/xdzczk/nostrmash/internal/testutil/dbtest/dbtest.go:45.94,48.3 2 0
github.com/xdzczk/nostrmash/internal/testutil/dbtest/dbtest.go:50.2,51.16 2 0
github.com/xdzczk/nostrmash/internal/testutil/dbtest/dbtest.go:51.16,54.3 2 0
github.com/xdzczk/nostrmash/internal/testutil/dbtest/dbtest.go:55.2,55.41 1 0
github.com/xdzczk/nostrmash/internal/testutil/dbtest/dbtest.go:55.41,57.3 1 0
github.com/xdzczk/nostrmash/internal/testutil/dbtest/dbtest.go:58.2,61.16 3 0
github.com/xdzczk/nostrmash/internal/testutil/dbtest/dbtest.go:61.16,64.3 2 0
github.com/xdzczk/nostrmash/internal/testutil/dbtest/dbtest.go:66.2,66.19 1 0
github.com/xdzczk/nostrmash/internal/testutil/dbtest/dbtest.go:66.19,70.3 3 0
github.com/xdzczk/nostrmash/internal/testutil/dbtest/dbtest.go:72.2,72.13 1 0
github.com/xdzczk/nostrmash/internal/api/admin.go:55.16,57.47 2 0
github.com/xdzczk/nostrmash/internal/api/admin.go:57.47,59.20 2 0
github.com/xdzczk/nostrmash/internal/api/admin.go:59.20,60.12 1 0
github.com/xdzczk/nostrmash/internal/api/admin.go:62.3,62.33 1 0
github.com/xdzczk/nostrmash/internal/api/admin.go:64.2,65.24 2 0
github.com/xdzczk/nostrmash/internal/api/admin.go:65.24,67.3 1 0
github.com/xdzczk/nostrmash/internal/api/admin.go:68.2,77.3 1 0
github.com/xdzczk/nostrmash/internal/api/admin.go:84.59,86.2 1 5
github.com/xdzczk/nostrmash/internal/api/admin.go:88.74,90.16 2 1
github.com/xdzczk/nostrmash/internal/api/admin.go:90.16,93.3 2 0
github.com/xdzczk/nostrmash/internal/api/admin.go:94.2,94.63 1 1
github.com/xdzczk/nostrmash/internal/api/admin.go:97.72,99.16 2 1
github.com/xdzczk/nostrmash/internal/api/admin.go:99.16,102.3 2 0
github.com/xdzczk/nostrmash/internal/api/admin.go:103.2,104.16 2 1
github.com/xdzczk/nostrmash/internal/api/admin.go:104.16,107.3 2 0
github.com/xdzczk/nostrmash/internal/api/admin.go:108.2,108.35 1 1
github.com/xdzczk/nostrmash/internal/api/admin.go:111.81,113.16 2 0
github.com/xdzczk/nostrmash/internal/api/admin.go:113.16,116.3 2 0
github.com/xdzczk/nostrmash/internal/api/admin.go:117.2,118.16 2 0
github.com/xdzczk/nostrmash/internal/api/admin.go:118.16,121.3 2 0
github.com/xdzczk/nostrmash/internal/api/admin.go:122.2,122.35 1 0
github.com/xdzczk/nostrmash/internal/api/admin.go:125.76,127.16 2 0
github.com/xdzczk/nostrmash/internal/api/admin.go:127.16,130.3 2 0
github.com/xdzczk/nostrmash/internal/api/admin.go:131.2,132.16 2 0
github.com/xdzczk/nostrmash/internal/api/admin.go:132.16,135.3 2 0
github.com/xdzczk/nostrmash/internal/api/admin.go:136.2,136.63 1 0
github.com/xdzczk/nostrmash/internal/api/admin.go:139.79,143.45 4 1
github.com/xdzczk/nostrmash/internal/api/admin.go:143.45,146.3 2 0
github.com/xdzczk/nostrmash/internal/api/admin.go:148.2,160.16 3 1
github.com/xdzczk/nostrmash/internal/api/admin.go:160.16,163.3 2 0
github.com/xdzczk/nostrmash/internal/api/admin.go:164.2,164.40 1 1
github.com/xdzczk/nostrmash/internal/api/admin.go:167.75,169.16 2 0
github.com/xdzczk/nostrmash/internal/api/admin.go:169.16,172.3 2 0
github.com/xdzczk/nostrmash/internal/api/admin.go:173.2,173.35 1 0
github.com/xdzczk/nostrmash/internal/api/admin.go:176.74,178.16 2 0
github.com/xdzczk/nostrmash/internal/api/admin.go:178.16,181.3 2 0
github.com/xdzczk/nostrmash/internal/api/admin.go:182.2,182.35 1 0
github.com/xdzczk/nostrmash/internal/api/admin.go:185.86,187.16 2 1
github.com/xdzczk/nostrmash/internal/api/admin.go:187.16,190.3 2 0
github.com/xdzczk/nostrmash/internal/api/admin.go:191.2,191.67 1 1
github.com/xdzczk/nostrmash/internal/api/admin.go:233.82,240.16 2 0
github.com/xdzczk/nostrmash/internal/api/admin.go:240.16,241.69 1 0
github.com/xdzczk/nostrmash/internal/api/admin.go:241.69,249.4 1 0
github.com/xdzczk/nostrmash/internal/api/admin.go:250.3,250.17 1 0
github.com/xdzczk/nostrmash/internal/api/admin.go:250.17,252.4 1 0
github.com/xdzczk/nostrmash/internal/api/admin.go:254.2,257.46 3 0
github.com/xdzczk/nostrmash/internal/api/admin.go:257.46,259.20 2 0
github.com/xdzczk/nostrmash/internal/api/admin.go:259.20,260.12 1 0
github.com/xdzczk/nostrmash/internal/api/admin.go:262.3,267.4 1 0
github.com/xdzczk/nostrmash/internal/api/admin.go:270.2,270.18 1 0
github.com/xdzczk/nostrmash/internal/api/admin.go:270.18,287.17 2 0
github.com/xdzczk/nostrmash/internal/api/admin.go:287.17,289.4 1 0
github.com/xdzczk/nostrmash/internal/api/admin.go:290.3,292.10 3 0
github.com/xdzczk/nostrmash/internal/api/admin.go:292.10,298.4 2 0
github.com/xdzczk/nostrmash/internal/api/admin.go:299.3,315.95 2 0
github.com/xdzczk/nostrmash/internal/api/admin.go:315.95,318.4 2 0
github.com/xdzczk/nostrmash/internal/api/admin.go:320.2,320.35 1 0
github.com/xdzczk/nostrmash/internal/api/admin.go:320.35,322.3 1 0
github.com/xdzczk/nostrmash/internal/api/admin.go:324.2,325.40 2 0
github.com/xdzczk/nostrmash/internal/api/admin.go:325.40,326.79 1 0
github.com/xdzczk/nostrmash/internal/api/admin.go:326.79,327.56 1 0
github.com/xdzczk/nostrmash/internal/api/admin.go:327.56,329.5 1 0
github.com/xdzczk/nostrmash/internal/api/admin.go:330.4,330.56 1 0
github.com/xdzczk/nostrmash/internal/api/admin.go:332.3,332.39 1 0
github.com/xdzczk/nostrmash/internal/api/admin.go:334.2,334.57 1 0
github.com/xdzczk/nostrmash/internal/api/admin.go:334.57,336.3 1 0
github.com/xdzczk/nostrmash/internal/api/admin.go:337.2,337.20 1 0
github.com/xdzczk/nostrmash/internal/api/admin.go:340.62,343.2 2 0
github.com/xdzczk/nostrmash/internal/api/admin.go:366.91,381.16 3 0
github.com/xdzczk/nostrmash/internal/api/admin.go:381.16,383.3 1 0
github.com/xdzczk/nostrmash/internal/api/admin.go:384.2,384.23 1 0
github.com/xdzczk/nostrmash/internal/api/admin.go:384.23,387.57 3 0
github.com/xdzczk/nostrmash/internal/api/admin.go:387.57,390.4 2 0
github.com/xdzczk/nostrmash/internal/api/admin.go:391.3,391.49 1 0
github.com/xdzczk/nostrmash/internal/api/admin.go:393.2,393.40 1 0
github.com/xdzczk/nostrmash/internal/api/admin.go:393.40,396.3 2 0
github.com/xdzczk/nostrmash/internal/api/admin.go:397.2,403.36 2 0
github.com/xdzczk/nostrmash/internal/api/admin.go:403.36,405.3 1 0
github.com/xdzczk/nostrmash/internal/api/admin.go:407.2,412.45 2 0
github.com/xdzczk/nostrmash/internal/api/admin.go:412.45,414.3 1 0
github.com/xdzczk/nostrmash/internal/api/admin.go:415.2,415.62 1 0
github.com/xdzczk/nostrmash/internal/api/admin.go:415.62,417.3 1 0
github.com/xdzczk/nostrmash/internal/api/admin.go:419.2,425.16 2 0
github.com/xdzczk/nostrmash/internal/api/admin.go:425.16,427.3 1 0
github.com/xdzczk/nostrmash/internal/api/admin.go:428.2,429.24 2 0
github.com/xdzczk/nostrmash/internal/api/admin.go:429.24,444.17 3 0
github.com/xdzczk/nostrmash/internal/api/admin.go:444.17,446.4 1 0
github.com/xdzczk/nostrmash/internal/api/admin.go:447.3,451.42 5 0
github.com/xdzczk/nostrmash/internal/api/admin.go:453.2,453.41 1 0
github.com/xdzczk/nostrmash/internal/api/admin.go:453.41,455.3 1 0
github.com/xdzczk/nostrmash/internal/api/admin.go:456.2,456.18 1 0
github.com/xdzczk/nostrmash/internal/api/admin.go:475.109,480.102 2 0
github.com/xdzczk/nostrmash/internal/api/admin.go:480.102,482.3 1 0
github.com/xdzczk/nostrmash/internal/api/admin.go:483.2,487.41 1 0
github.com/xdzczk/nostrmash/internal/api/admin.go:487.41,489.3 1 0
github.com/xdzczk/nostrmash/internal/api/admin.go:491.2,497.16 2 0
github.com/xdzczk/nostrmash/internal/api/admin.go:497.16,499.3 1 0
github.com/xdzczk/nostrmash/internal/api/admin.go:500.2,500.24 1 0
github.com/xdzczk/nostrmash/internal/api/admin.go:500.24,503.56 3 0
github.com/xdzczk/nostrmash/internal/api/admin.go:503.56,506.4 2 0
github.com/xdzczk/nostrmash/internal/api/admin.go:507.3,507.33 1 0
github.com/xdzczk/nostrmash/internal/api/admin.go:509.2,509.41 1 0
github.com/xdzczk/nostrmash/internal/api/admin.go:509.41,512.3 2 0
github.com/xdzczk/nostrmash/internal/api/admin.go:513.2,521.16 3 0
github.com/xdzczk/nostrmash/internal/api/admin.go:521.16,523.3 1 0
github.com/xdzczk/nostrmash/internal/api/admin.go:524.2,525.23 2 0
github.com/xdzczk/nostrmash/internal/api/admin.go:525.23,535.17 3 0
github.com/xdzczk/nostrmash/internal/api/admin.go:535.17,537.4 1 0
github.com/xdzczk/nostrmash/internal/api/admin.go:538.3,539.28 2 0
github.com/xdzczk/nostrmash/internal/api/admin.go:539.28,542.4 2 0
github.com/xdzczk/nostrmash/internal/api/admin.go:543.3,543.40 1 0
github.com/xdzczk/nostrmash/internal/api/admin.go:545.2,545.40 1 0
github.com/xdzczk/nostrmash/internal/api/admin.go:545.40,547.3 1 0
github.com/xdzczk/nostrmash/internal/api/admin.go:548.2,548.18 1 0
github.com/xdzczk/nostrmash/internal/api/admin.go:564.103,585.16 2 0
github.com/xdzczk/nostrmash/internal/api/admin.go:585.16,587.3 1 0
github.com/xdzczk/nostrmash/internal/api/admin.go:588.2,590.18 3 0
github.com/xdzczk/nostrmash/internal/api/admin.go:590.18,592.17 2 0
github.com/xdzczk/nostrmash/internal/api/admin.go:592.17,594.4 1 0
github.com/xdzczk/nostrmash/internal/api/admin.go:595.3,595.25 1 0
github.com/xdzczk/nostrmash/internal/api/admin.go:597.2,597.35 1 0
github.com/xdzczk/nostrmash/internal/api/admin.go:597.35,599.3 1 0
github.com/xdzczk/nostrmash/internal/api/admin.go:600.2,600.17 1 0
github.com/xdzczk/nostrmash/internal/api/admin.go:603.143,605.16 2 0
github.com/xdzczk/nostrmash/internal/api/admin.go:605.16,607.3 1 0
github.com/xdzczk/nostrmash/internal/api/admin.go:608.2,608.36 1 0
github.com/xdzczk/nostrmash/internal/api/admin.go:635.86,641.43 2 0
github.com/xdzczk/nostrmash/internal/api/admin.go:641.43,643.3 1 0
github.com/xdzczk/nostrmash/internal/api/admin.go:644.2,644.49 1 0
github.com/xdzczk/nostrmash/internal/api/admin.go:644.49,646.113 2 0
github.com/xdzczk/nostrmash/internal/api/admin.go:646.113,648.4 1 0
github.com/xdzczk/nostrmash/internal/api/admin.go:649.3,652.47 2 0
github.com/xdzczk/nostrmash/internal/api/admin.go:652.47,654.4 1 0
github.com/xdzczk/nostrmash/internal/api/admin.go:655.3,656.24 2 0
github.com/xdzczk/nostrmash/internal/api/admin.go:656.24,658.4 1 0
github.com/xdzczk/nostrmash/internal/api/admin.go:659.3,663.5 1 0
github.com/xdzczk/nostrmash/internal/api/admin.go:665.2,665.18 1 0
github.com/xdzczk/nostrmash/internal/api/admin.go:692.84,719.2 14 0
github.com/xdzczk/nostrmash/internal/api/admin.go:731.109,751.16 2 0
github.com/xdzczk/nostrmash/internal/api/admin.go:751.16,753.3 1 0
github.com/xdzczk/nostrmash/internal/api/admin.go:754.2,757.18 3 0
github.com/xdzczk/nostrmash/internal/api/admin.go:757.18,766.17 2 0
github.com/xdzczk/nostrmash/internal/api/admin.go:766.17,768.4 1 0
github.com/xdzczk/nostrmash/internal/api/admin.go:769.3,770.45 2 0
github.com/xdzczk/nostrmash/internal/api/admin.go:770.45,772.4 1 0
github.com/xdzczk/nostrmash/internal/api/admin.go:773.3,774.25 2 0
github.com/xdzczk/nostrmash/internal/api/admin.go:776.2,776.35 1 0
github.com/xdzczk/nostrmash/internal/api/admin.go:776.35,778.3 1 0
github.com/xdzczk/nostrmash/internal/api/admin.go:779.2,779.17 1 0
github.com/xdzczk/nostrmash/internal/api/admin.go:782.101,802.16 5 0
github.com/xdzczk/nostrmash/internal/api/admin.go:802.16,804.3 1 0
github.com/xdzczk/nostrmash/internal/api/admin.go:805.2,805.25 1 0
github.com/xdzczk/nostrmash/internal/api/admin.go:805.25,807.3 1 0
github.com/xdzczk/nostrmash/internal/api/admin.go:808.2,808.24 1 0
github.com/xdzczk/nostrmash/internal/api/admin.go:808.24,810.3 1 0
github.com/xdzczk/nostrmash/internal/api/admin.go:811.2,811.26 1 0
github.com/xdzczk/nostrmash/internal/api/admin.go:811.26,814.3 2 0
github.com/xdzczk/nostrmash/internal/api/admin.go:815.2,815.27 1 0
github.com/xdzczk/nostrmash/internal/api/admin.go:815.27,818.3 2 0
github.com/xdzczk/nostrmash/internal/api/admin.go:819.2,819.17 1 0
github.com/xdzczk/nostrmash/internal/api/admin.go:822.85,835.2 1 0
github.com/xdzczk/nostrmash/internal/api/handlers.go:21.53,23.2 1 0
github.com/xdzczk/nostrmash/internal/api/handlers.go:26.49,27.54 1 1
github.com/xdzczk/nostrmash/internal/api/handlers.go:27.54,28.18 1 1
github.com/xdzczk/nostrmash/internal/api/handlers.go:28.18,31.4 2 1
github.com/xdzczk/nostrmash/internal/api/handlers.go:32.3,35.40 3 0
github.com/xdzczk/nostrmash/internal/api/handlers.go:35.40,38.4 2 0
github.com/xdzczk/nostrmash/internal/api/handlers.go:39.3,39.68 1 0
github.com/xdzczk/nostrmash/internal/api/handlers.go:50.64,51.23 1 11
github.com/xdzczk/nostrmash/internal/api/handlers.go:51.23,53.3 1 0
github.com/xdzczk/nostrmash/internal/api/handlers.go:54.2,54.59 1 11
github.com/xdzczk/nostrmash/internal/api/handlers.go:57.72,59.19 2 2
github.com/xdzczk/nostrmash/internal/api/handlers.go:59.19,62.3 2 0
github.com/xdzczk/nostrmash/internal/api/handlers.go:63.2,64.16 2 2
github.com/xdzczk/nostrmash/internal/api/handlers.go:64.16,65.40 1 1
github.com/xdzczk/nostrmash/internal/api/handlers.go:65.40,68.4 2 1
github.com/xdzczk/nostrmash/internal/api/handlers.go:69.3,70.9 2 0
github.com/xdzczk/nostrmash/internal/api/handlers.go:72.2,73.62 2 1
github.com/xdzczk/nostrmash/internal/api/handlers.go:73.62,76.3 2 0
github.com/xdzczk/nostrmash/internal/api/handlers.go:77.2,78.37 2 1
github.com/xdzczk/nostrmash/internal/api/handlers.go:78.37,83.3 1 1
github.com/xdzczk/nostrmash/internal/api/handlers.go:84.2,90.4 1 1
github.com/xdzczk/nostrmash/internal/api/handlers.go:102.74,104.61 2 2
github.com/xdzczk/nostrmash/internal/api/handlers.go:104.61,107.3 2 0
github.com/xdzczk/nostrmash/internal/api/handlers.go:109.2,109.23 1 2
github.com/xdzczk/nostrmash/internal/api/handlers.go:109.23,112.3 2 0
github.com/xdzczk/nostrmash/internal/api/handlers.go:113.2,113.35 1 2
github.com/xdzczk/nostrmash/internal/api/handlers.go:113.35,122.3 2 1
github.com/xdzczk/nostrmash/internal/api/handlers.go:124.2,126.29 3 1
github.com/xdzczk/nostrmash/internal/api/handlers.go:126.29,128.20 2 3
github.com/xdzczk/nostrmash/internal/api/handlers.go:128.20,129.12 1 0
github.com/xdzczk/nostrmash/internal/api/handlers.go:131.3,131.33 1 3
github.com/xdzczk/nostrmash/internal/api/handlers.go:131.33,132.12 1 0
github.com/xdzczk/nostrmash/internal/api/handlers.go:134.3,135.49 2 3
github.com/xdzczk/nostrmash/internal/api/handlers.go:137.2,137.29 1 1
github.com/xdzczk/nostrmash/internal/api/handlers.go:137.29,140.3 2 0
github.com/xdzczk/nostrmash/internal/api/handlers.go:142.2,143.16 2 1
github.com/xdzczk/nostrmash/internal/api/handlers.go:143.16,146.3 2 0
github.com/xdzczk/nostrmash/internal/api/handlers.go:148.2,152.35 2 1
github.com/xdzczk/nostrmash/internal/api/handlers.go:152.35,154.10 2 3
github.com/xdzczk/nostrmash/internal/api/handlers.go:154.10,156.12 2 1
github.com/xdzczk/nostrmash/internal/api/handlers.go:158.3,158.41 1 2
github.com/xdzczk/nostrmash/internal/api/handlers.go:160.2,161.35 2 1
github.com/xdzczk/nostrmash/internal/api/handlers.go:174.74,176.19 2 1
github.com/xdzczk/nostrmash/internal/api/handlers.go:176.19,179.3 2 0
github.com/xdzczk/nostrmash/internal/api/handlers.go:180.2,181.16 2 1
github.com/xdzczk/nostrmash/internal/api/handlers.go:181.16,182.40 1 0
github.com/xdzczk/nostrmash/internal/api/handlers.go:182.40,185.4 2 0
github.com/xdzczk/nostrmash/internal/api/handlers.go:186.3,187.9 2 0
github.com/xdzczk/nostrmash/internal/api/handlers.go:190.2,194.31 2 1
github.com/xdzczk/nostrmash/internal/api/handlers.go:194.31,199.3 1 1
github.com/xdzczk/nostrmash/internal/api/handlers.go:200.2,200.35 1 1
github.com/xdzczk/nostrmash/internal/api/handlers.go:210.78,212.18 2 0
github.com/xdzczk/nostrmash/internal/api/handlers.go:212.18,215.3 2 0
github.com/xdzczk/nostrmash/internal/api/handlers.go:216.2,217.16 2 0
github.com/xdzczk/nostrmash/internal/api/handlers.go:217.16,218.40 1 0
github.com/xdzczk/nostrmash/internal/api/handlers.go:218.40,221.4 2 0
github.com/xdzczk/nostrmash/internal/api/handlers.go:222.3,223.9 2 0
github.com/xdzczk/nostrmash/internal/api/handlers.go:225.2,230.4 1 0
github.com/xdzczk/nostrmash/internal/api/handlers.go:242.76,244.61 2 0
github.com/xdzczk/nostrmash/internal/api/handlers.go:244.61,247.3 2 0
github.com/xdzczk/nostrmash/internal/api/handlers.go:248.2,248.27 1 0
github.com/xdzczk/nostrmash/internal/api/handlers.go:248.27,251.3 2 0
github.com/xdzczk/nostrmash/internal/api/handlers.go:252.2,252.39 1 0
github.com/xdzczk/nostrmash/internal/api/handlers.go:252.39,261.3 2 0
github.com/xdzczk/nostrmash/internal/api/handlers.go:263.2,265.37 3 0
github.com/xdzczk/nostrmash/internal/api/handlers.go:265.37,267.20 2 0
github.com/xdzczk/nostrmash/internal/api/handlers.go:267.20,268.12 1 0
github.com/xdzczk/nostrmash/internal/api/handlers.go:270.3,270.33 1 0
github.com/xdzczk/nostrmash/internal/api/handlers.go:270.33,271.12 1 0
github.com/xdzczk/nostrmash/internal/api/handlers.go:273.3,274.57 2 0
github.com/xdzczk/nostrmash/internal/api/handlers.go:276.2,276.33 1 0
github.com/xdzczk/nostrmash/internal/api/handlers.go:276.33,279.3 2 0
github.com/xdzczk/nostrmash/internal/api/handlers.go:281.2,282.16 2 0
github.com/xdzczk/nostrmash/internal/api/handlers.go:282.16,285.3 2 0
github.com/xdzczk/nostrmash/internal/api/handlers.go:287.2,291.43 2 0
github.com/xdzczk/nostrmash/internal/api/handlers.go:291.43,293.10 2 0
github.com/xdzczk/nostrmash/internal/api/handlers.go:293.10,295.12 2 0
github.com/xdzczk/nostrmash/internal/api/handlers.go:297.3,302.5 1 0
github.com/xdzczk/nostrmash/internal/api/handlers.go:304.2,305.35 2 0
github.com/xdzczk/nostrmash/internal/api/handlers.go:309.75,311.18 2 1
github.com/xdzczk/nostrmash/internal/api/handlers.go:311.18,314.3 2 0
github.com/xdzczk/nostrmash/internal/api/handlers.go:315.2,316.16 2 1
github.com/xdzczk/nostrmash/internal/api/handlers.go:316.16,319.3 2 0
github.com/xdzczk/nostrmash/internal/api/handlers.go:320.2,321.16 2 1
github.com/xdzczk/nostrmash/internal/api/handlers.go:321.16,324.3 2 0
github.com/xdzczk/nostrmash/internal/api/handlers.go:325.2,328.4 1 1
github.com/xdzczk/nostrmash/internal/api/handlers.go:332.76,334.18 2 1
github.com/xdzczk/nostrmash/internal/api/handlers.go:334.18,337.3 2 0
github.com/xdzczk/nostrmash/internal/api/handlers.go:338.2,339.16 2 1
github.com/xdzczk/nostrmash/internal/api/handlers.go:339.16,342.3 2 0
github.com/xdzczk/nostrmash/internal/api/handlers.go:343.2,344.16 2 1
github.com/xdzczk/nostrmash/internal/api/handlers.go:344.16,347.3 2 0
github.com/xdzczk/nostrmash/internal/api/handlers.go:348.2,351.4 1 1
github.com/xdzczk/nostrmash/internal/api/handlers.go:355.74,357.19 2 1
github.com/xdzczk/nostrmash/internal/api/handlers.go:357.19,360.3 2 0
github.com/xdzczk/nostrmash/internal/api/handlers.go:361.2,362.16 2 1
github.com/xdzczk/nostrmash/internal/api/handlers.go:362.16,365.3 2 0
github.com/xdzczk/nostrmash/internal/api/handlers.go:366.2,372.4 1 1
github.com/xdzczk/nostrmash/internal/api/handlers.go:376.75,378.19 2 1
github.com/xdzczk/nostrmash/internal/api/handlers.go:378.19,381.3 2 0
github.com/xdzczk/nostrmash/internal/api/handlers.go:382.2,383.16 2 1
github.com/xdzczk/nostrmash/internal/api/handlers.go:383.16,386.3 2 0
github.com/xdzczk/nostrmash/internal/api/handlers.go:387.2,388.16 2 1
github.com/xdzczk/nostrmash/internal/api/handlers.go:388.16,391.3 2 0
github.com/xdzczk/nostrmash/internal/api/handlers.go:393.2,394.16 2 1
github.com/xdzczk/nostrmash/internal/api/handlers.go:394.16,395.40 1 0
github.com/xdzczk/nostrmash/internal/api/handlers.go:395.40,398.4 2 0
github.com/xdzczk/nostrmash/internal/api/handlers.go:399.3,400.9 2 0
github.com/xdzczk/nostrmash/internal/api/handlers.go:403.2,404.16 2 1
github.com/xdzczk/nostrmash/internal/api/handlers.go:404.16,407.3 2 0
github.com/xdzczk/nostrmash/internal/api/handlers.go:408.2,413.4 1 1
github.com/xdzczk/nostrmash/internal/api/handlers.go:417.77,419.19 2 1
github.com/xdzczk/nostrmash/internal/api/handlers.go:419.19,422.3 2 0
github.com/xdzczk/nostrmash/internal/api/handlers.go:423.2,424.16 2 1
github.com/xdzczk/nostrmash/internal/api/handlers.go:424.16,427.3 2 0
github.com/xdzczk/nostrmash/internal/api/handlers.go:429.2,430.16 2 1
github.com/xdzczk/nostrmash/internal/api/handlers.go:430.16,431.40 1 0
github.com/xdzczk/nostrmash/internal/api/handlers.go:431.40,434.4 2 0
github.com/xdzczk/nostrmash/internal/api/handlers.go:435.3,436.9 2 0
github.com/xdzczk/nostrmash/internal/api/handlers.go:438.2,443.4 1 1
github.com/xdzczk/nostrmash/internal/api/handlers.go:447.69,449.19 2 0
github.com/xdzczk/nostrmash/internal/api/handlers.go:449.19,452.3 2 0
github.com/xdzczk/nostrmash/internal/api/handlers.go:454.2,455.16 2 0
github.com/xdzczk/nostrmash/internal/api/handlers.go:455.16,456.40 1 0
github.com/xdzczk/nostrmash/internal/api/handlers.go:456.40,459.4 2 0
github.com/xdzczk/nostrmash/internal/api/handlers.go:460.3,461.9 2 0
github.com/xdzczk/nostrmash/internal/api/handlers.go:464.2,465.16 2 0
github.com/xdzczk/nostrmash/internal/api/handlers.go:465.16,468.3 2 0
github.com/xdzczk/nostrmash/internal/api/handlers.go:469.2,470.16 2 0
github.com/xdzczk/nostrmash/internal/api/handlers.go:470.16,473.3 2 0
github.com/xdzczk/nostrmash/internal/api/handlers.go:474.2,475.16 2 0
github.com/xdzczk/nostrmash/internal/api/handlers.go:475.16,478.3 2 0
github.com/xdzczk/nostrmash/internal/api/handlers.go:480.2,481.16 2 0
github.com/xdzczk/nostrmash/internal/api/handlers.go:481.16,484.3 2 0
github.com/xdzczk/nostrmash/internal/api/handlers.go:485.2,486.16 2 0
github.com/xdzczk/nostrmash/internal/api/handlers.go:486.16,489.3 2 0
github.com/xdzczk/nostrmash/internal/api/handlers.go:490.2,491.16 2 0
github.com/xdzczk/nostrmash/internal/api/handlers.go:491.16,494.3 2 0
github.com/xdzczk/nostrmash/internal/api/handlers.go:496.2,504.4 1 0
github.com/xdzczk/nostrmash/internal/api/handlers.go:517.75,519.16 2 1
github.com/xdzczk/nostrmash/internal/api/handlers.go:519.16,522.3 2 0
github.com/xdzczk/nostrmash/internal/api/handlers.go:523.2,524.27 2 1
github.com/xdzczk/nostrmash/internal/api/handlers.go:524.27,533.3 1 1
github.com/xdzczk/nostrmash/internal/api/handlers.go:534.2,537.4 1 1
github.com/xdzczk/nostrmash/internal/api/handlers.go:541.74,543.18 2 0
github.com/xdzczk/nostrmash/internal/api/handlers.go:543.18,546.3 2 0
github.com/xdzczk/nostrmash/internal/api/handlers.go:547.2,548.16 2 0
github.com/xdzczk/nostrmash/internal/api/handlers.go:548.16,549.40 1 0
github.com/xdzczk/nostrmash/internal/api/handlers.go:549.40,552.4 2 0
github.com/xdzczk/nostrmash/internal/api/handlers.go:553.3,554.9 2 0
github.com/xdzczk/nostrmash/internal/api/handlers.go:556.2,563.4 1 0
github.com/xdzczk/nostrmash/internal/api/handlers.go:567.72,569.18 2 0
github.com/xdzczk/nostrmash/internal/api/handlers.go:569.18,572.3 2 0
github.com/xdzczk/nostrmash/internal/api/handlers.go:573.2,574.16 2 0
github.com/xdzczk/nostrmash/internal/api/handlers.go:574.16,575.40 1 0
github.com/xdzczk/nostrmash/internal/api/handlers.go:575.40,578.4 2 0
github.com/xdzczk/nostrmash/internal/api/handlers.go:579.3,580.9 2 0
github.com/xdzczk/nostrmash/internal/api/handlers.go:582.2,589.4 1 0
github.com/xdzczk/nostrmash/internal/api/handlers.go:593.66,595.21 2 0
github.com/xdzczk/nostrmash/internal/api/handlers.go:595.21,598.3 2 0
github.com/xdzczk/nostrmash/internal/api/handlers.go:599.2,600.16 2 0
github.com/xdzczk/nostrmash/internal/api/handlers.go:600.16,603.3 2 0
github.com/xdzczk/nostrmash/internal/api/handlers.go:604.2,605.16 2 0
github.com/xdzczk/nostrmash/internal/api/handlers.go:605.16,608.3 2 0
github.com/xdzczk/nostrmash/internal/api/handlers.go:609.2,610.16 2 0
github.com/xdzczk/nostrmash/internal/api/handlers.go:610.16,613.3 2 0
github.com/xdzczk/nostrmash/internal/api/handlers.go:615.2,616.35 2 0
github.com/xdzczk/nostrmash/internal/api/handlers.go:616.35,623.3 1 0
github.com/xdzczk/nostrmash/internal/api/handlers.go:624.2,629.4 1 0
github.com/xdzczk/nostrmash/internal/api/handlers.go:632.72,634.2 1 0
github.com/xdzczk/nostrmash/internal/api/handlers.go:636.73,638.2 1 0
github.com/xdzczk/nostrmash/internal/api/handlers.go:640.71,642.2 1 0
github.com/xdzczk/nostrmash/internal/api/handlers.go:644.67,646.2 1 0
github.com/xdzczk/nostrmash/internal/api/handlers.go:648.77,650.2 1 0
github.com/xdzczk/nostrmash/internal/api/handlers.go:653.72,655.18 2 0
github.com/xdzczk/nostrmash/internal/api/handlers.go:655.18,658.3 2 0
github.com/xdzczk/nostrmash/internal/api/handlers.go:659.2,660.16 2 0
github.com/xdzczk/nostrmash/internal/api/handlers.go:660.16,663.3 2 0
github.com/xdzczk/nostrmash/internal/api/handlers.go:664.2,665.16 2 0
github.com/xdzczk/nostrmash/internal/api/handlers.go:665.16,668.3 2 0
github.com/xdzczk/nostrmash/internal/api/handlers.go:669.2,673.4 1 0
github.com/xdzczk/nostrmash/internal/api/handlers.go:676.109,678.18 2 0
github.com/xdzczk/nostrmash/internal/api/handlers.go:678.18,681.3 2 0
github.com/xdzczk/nostrmash/internal/api/handlers.go:682.2,683.16 2 0
github.com/xdzczk/nostrmash/internal/api/handlers.go:683.16,686.3 2 0
github.com/xdzczk/nostrmash/internal/api/handlers.go:687.2,688.16 2 0
github.com/xdzczk/nostrmash/internal/api/handlers.go:688.16,691.3 2 0
github.com/xdzczk/nostrmash/internal/api/handlers.go:692.2,696.4 1 0
github.com/xdzczk/nostrmash/internal/api/handlers.go:709.95,717.2 1 5
github.com/xdzczk/nostrmash/internal/api/handlers.go:719.58,723.2 3 18
github.com/xdzczk/nostrmash/internal/api/handlers.go:725.104,727.15 2 5
github.com/xdzczk/nostrmash/internal/api/handlers.go:727.15,729.3 1 2
github.com/xdzczk/nostrmash/internal/api/handlers.go:730.2,731.31 2 3
github.com/xdzczk/nostrmash/internal/api/handlers.go:731.31,733.3 1 0
github.com/xdzczk/nostrmash/internal/api/handlers.go:734.2,734.23 1 3
github.com/xdzczk/nostrmash/internal/api/handlers.go:734.23,736.3 1 0
github.com/xdzczk/nostrmash/internal/api/handlers.go:737.2,737.20 1 3
github.com/xdzczk/nostrmash/internal/api/handlers.go:740.72,741.19 1 2
github.com/xdzczk/nostrmash/internal/api/handlers.go:741.19,743.3 1 0
github.com/xdzczk/nostrmash/internal/api/handlers.go:744.2,748.16 2 2
github.com/xdzczk/nostrmash/internal/api/handlers.go:748.16,750.3 1 0
github.com/xdzczk/nostrmash/internal/api/handlers.go:751.2,751.59 1 2
github.com/xdzczk/nostrmash/internal/api/handlers.go:754.71,755.36 1 1
github.com/xdzczk/nostrmash/internal/api/handlers.go:755.36,757.3 1 0
github.com/xdzczk/nostrmash/internal/api/handlers.go:758.2,759.16 2 1
github.com/xdzczk/nostrmash/internal/api/handlers.go:759.16,761.3 1 0
github.com/xdzczk/nostrmash/internal/api/handlers.go:762.2,766.58 2 1
github.com/xdzczk/nostrmash/internal/api/handlers.go:766.58,768.3 1 0
github.com/xdzczk/nostrmash/internal/api/handlers.go:769.2,770.22 2 1
github.com/xdzczk/nostrmash/internal/api/handlers.go:770.22,772.3 1 0
github.com/xdzczk/nostrmash/internal/api/handlers.go:773.2,776.8 1 1
github.com/xdzczk/nostrmash/internal/api/middleware.go:17.52,18.71 1 10
github.com/xdzczk/nostrmash/internal/api/middleware.go:18.71,20.15 2 10
github.com/xdzczk/nostrmash/internal/api/middleware.go:20.15,23.18 3 7
github.com/xdzczk/nostrmash/internal/api/middleware.go:23.18,25.5 1 0
github.com/xdzczk/nostrmash/internal/api/middleware.go:27.3,29.40 3 10
github.com/xdzczk/nostrmash/internal/api/middleware.go:34.68,35.71 1 0
github.com/xdzczk/nostrmash/internal/api/middleware.go:35.71,46.3 5 0
github.com/xdzczk/nostrmash/internal/api/middleware.go:54.46,57.2 2 0
github.com/xdzczk/nostrmash/internal/api/middleware.go:59.33,61.43 2 7
github.com/xdzczk/nostrmash/internal/api/middleware.go:61.43,63.3 1 0
github.com/xdzczk/nostrmash/internal/api/middleware.go:64.2,64.38 1 7
github.com/xdzczk/nostrmash/internal/api/middleware.go:68.71,70.17 2 7
github.com/xdzczk/nostrmash/internal/api/middleware.go:70.17,72.3 1 0
github.com/xdzczk/nostrmash/internal/api/middleware.go:73.2,73.71 1 7
github.com/xdzczk/nostrmash/internal/api/middleware.go:73.71,74.21 1 7
github.com/xdzczk/nostrmash/internal/api/middleware.go:74.21,77.4 2 0
github.com/xdzczk/nostrmash/internal/api/middleware.go:78.3,79.10 2 7
github.com/xdzczk/nostrmash/internal/api/middleware.go:79.10,82.4 2 2
github.com/xdzczk/nostrmash/internal/api/middleware.go:83.3,83.69 1 5
github.com/xdzczk/nostrmash/internal/api/middleware.go:83.69,86.4 2 0
github.com/xdzczk/nostrmash/internal/api/middleware.go:87.3,87.23 1 5
github.com/xdzczk/nostrmash/internal/api/middleware.go:91.57,93.17 2 7
github.com/xdzczk/nostrmash/internal/api/middleware.go:93.17,95.3 1 2
github.com/xdzczk/nostrmash/internal/api/middleware.go:96.2,97.39 2 5
github.com/xdzczk/nostrmash/internal/api/middleware.go:97.39,99.3 1 0
github.com/xdzczk/nostrmash/internal/api/middleware.go:100.2,101.17 2 5
github.com/xdzczk/nostrmash/internal/api/middleware.go:101.17,103.3 1 0
github.com/xdzczk/nostrmash/internal/api/middleware.go:104.2,104.20 1 5
github.com/xdzczk/nostrmash/internal/api_primal/handlers.go:26.64,27.23 1 27
github.com/xdzczk/nostrmash/internal/api_primal/handlers.go:27.23,29.3 1 0
github.com/xdzczk/nostrmash/internal/api_primal/handlers.go:30.2,30.59 1 27
github.com/xdzczk/nostrmash/internal/api_primal/handlers.go:37.72,39.19 2 4
github.com/xdzczk/nostrmash/internal/api_primal/handlers.go:39.19,42.3 2 1
github.com/xdzczk/nostrmash/internal/api_primal/handlers.go:44.2,45.16 2 3
github.com/xdzczk/nostrmash/internal/api_primal/handlers.go:45.16,46.40 1 2
github.com/xdzczk/nostrmash/internal/api_primal/handlers.go:46.40,49.4 2 1
github.com/xdzczk/nostrmash/internal/api_primal/handlers.go:50.3,51.9 2 1
github.com/xdzczk/nostrmash/internal/api_primal/handlers.go:53.2,53.62 1 1
github.com/xdzczk/nostrmash/internal/api_primal/handlers.go:63.56,64.25 1 5
github.com/xdzczk/nostrmash/internal/api_primal/handlers.go:64.25,66.3 1 3
github.com/xdzczk/nostrmash/internal/api_primal/handlers.go:67.2,67.14 1 2
github.com/xdzczk/nostrmash/internal/api_primal/handlers.go:75.74,77.61 2 6
github.com/xdzczk/nostrmash/internal/api_primal/handlers.go:77.61,80.3 2 1
github.com/xdzczk/nostrmash/internal/api_primal/handlers.go:81.2,82.24 2 5
github.com/xdzczk/nostrmash/internal/api_primal/handlers.go:82.24,85.3 2 1
github.com/xdzczk/nostrmash/internal/api_primal/handlers.go:86.2,86.36 1 4
github.com/xdzczk/nostrmash/internal/api_primal/handlers.go:86.36,89.3 2 1
github.com/xdzczk/nostrmash/internal/api_primal/handlers.go:91.2,92.29 2 3
github.com/xdzczk/nostrmash/internal/api_primal/handlers.go:92.29,95.3 2 0
github.com/xdzczk/nostrmash/internal/api_primal/handlers.go:97.2,98.16 2 3
github.com/xdzczk/nostrmash/internal/api_primal/handlers.go:98.16,101.3 2 1
github.com/xdzczk/nostrmash/internal/api_primal/handlers.go:103.2,107.35 2 2
github.com/xdzczk/nostrmash/internal/api_primal/handlers.go:107.35,109.10 2 6
github.com/xdzczk/nostrmash/internal/api_primal/handlers.go:109.10,111.12 2 2
github.com/xdzczk/nostrmash/internal/api_primal/handlers.go:113.3,113.41 1 4
github.com/xdzczk/nostrmash/internal/api_primal/handlers.go:115.2,116.35 2 2
github.com/xdzczk/nostrmash/internal/api_primal/handlers.go:126.78,128.18 2 4
github.com/xdzczk/nostrmash/internal/api_primal/handlers.go:128.18,131.3 2 1
github.com/xdzczk/nostrmash/internal/api_primal/handlers.go:133.2,134.16 2 3
github.com/xdzczk/nostrmash/internal/api_primal/handlers.go:134.16,135.40 1 2
github.com/xdzczk/nostrmash/internal/api_primal/handlers.go:135.40,138.4 2 1
github.com/xdzczk/nostrmash/internal/api_primal/handlers.go:139.3,140.9 2 1
github.com/xdzczk/nostrmash/internal/api_primal/handlers.go:142.2,147.4 1 1
github.com/xdzczk/nostrmash/internal/api_primal/handlers.go:159.77,161.61 2 3
github.com/xdzczk/nostrmash/internal/api_primal/handlers.go:161.61,164.3 2 0
github.com/xdzczk/nostrmash/internal/api_primal/handlers.go:165.2,165.27 1 3
github.com/xdzczk/nostrmash/internal/api_primal/handlers.go:165.27,168.3 2 0
github.com/xdzczk/nostrmash/internal/api_primal/handlers.go:169.2,169.39 1 3
github.com/xdzczk/nostrmash/internal/api_primal/handlers.go:169.39,172.3 2 0
github.com/xdzczk/nostrmash/internal/api_primal/handlers.go:173.2,174.23 2 3
github.com/xdzczk/nostrmash/internal/api_primal/handlers.go:174.23,177.3 2 0
github.com/xdzczk/nostrmash/internal/api_primal/handlers.go:178.2,179.16 2 3
github.com/xdzczk/nostrmash/internal/api_primal/handlers.go:179.16,182.3 2 1
github.com/xdzczk/nostrmash/internal/api_primal/handlers.go:183.2,187.33 2 2
github.com/xdzczk/nostrmash/internal/api_primal/handlers.go:187.33,189.10 2 5
github.com/xdzczk/nostrmash/internal/api_primal/handlers.go:189.10,191.12 2 2
github.com/xdzczk/nostrmash/internal/api_primal/handlers.go:193.3,198.5 1 3
github.com/xdzczk/nostrmash/internal/api_primal/handlers.go:200.2,201.35 2 2
github.com/xdzczk/nostrmash/internal/api_primal/handlers.go:204.73,206.19 2 2
github.com/xdzczk/nostrmash/internal/api_primal/handlers.go:206.19,209.3 2 0
github.com/xdzczk/nostrmash/internal/api_primal/handlers.go:210.2,214.16 4 2
github.com/xdzczk/nostrmash/internal/api_primal/handlers.go:214.16,215.40 1 1
github.com/xdzczk/nostrmash/internal/api_primal/handlers.go:215.40,218.4 2 1
github.com/xdzczk/nostrmash/internal/api_primal/handlers.go:219.3,220.9 2 0
github.com/xdzczk/nostrmash/internal/api_primal/handlers.go:222.2,223.16 2 1
github.com/xdzczk/nostrmash/internal/api_primal/handlers.go:223.16,226.3 2 0
[...]
github.com/xdzczk/nostrmash/internal/store/events.go:152.108,154.4 1 0
github.com/xdzczk/nostrmash/internal/store/events.go:155.3,155.111 1 0
github.com/xdzczk/nostrmash/internal/store/events.go:155.111,157.4 1 0
github.com/xdzczk/nostrmash/internal/store/events.go:158.3,158.105 1 0
github.com/xdzczk/nostrmash/internal/store/events.go:158.105,160.4 1 0
github.com/xdzczk/nostrmash/internal/store/events.go:161.3,161.108 1 0
github.com/xdzczk/nostrmash/internal/store/events.go:161.108,163.4 1 0
github.com/xdzczk/nostrmash/internal/store/events.go:164.3,164.106 1 0
github.com/xdzczk/nostrmash/internal/store/events.go:164.106,166.4 1 0
github.com/xdzczk/nostrmash/internal/store/events.go:167.3,167.108 1 0
github.com/xdzczk/nostrmash/internal/store/events.go:167.108,169.4 1 0
github.com/xdzczk/nostrmash/internal/store/events.go:170.3,170.106 1 0
github.com/xdzczk/nostrmash/internal/store/events.go:170.106,172.4 1 0
github.com/xdzczk/nostrmash/internal/store/events.go:173.3,173.108 1 0
github.com/xdzczk/nostrmash/internal/store/events.go:173.108,175.4 1 0
github.com/xdzczk/nostrmash/internal/store/events.go:176.3,176.106 1 0
github.com/xdzczk/nostrmash/internal/store/events.go:176.106,178.4 1 0
github.com/xdzczk/nostrmash/internal/store/events.go:179.3,179.104 1 0
github.com/xdzczk/nostrmash/internal/store/events.go:179.104,181.4 1 0
github.com/xdzczk/nostrmash/internal/store/events.go:182.3,182.109 1 0
github.com/xdzczk/nostrmash/internal/store/events.go:182.109,184.4 1 0
github.com/xdzczk/nostrmash/internal/store/events.go:185.3,185.107 1 0
github.com/xdzczk/nostrmash/internal/store/events.go:185.107,187.4 1 0
github.com/xdzczk/nostrmash/internal/store/events.go:190.2,190.39 1 0
github.com/xdzczk/nostrmash/internal/store/events.go:190.39,192.3 1 0
github.com/xdzczk/nostrmash/internal/store/events.go:193.2,193.21 1 0
github.com/xdzczk/nostrmash/internal/store/events.go:196.92,200.16 2 0
github.com/xdzczk/nostrmash/internal/store/events.go:200.16,202.3 1 0
github.com/xdzczk/nostrmash/internal/store/events.go:203.2,216.16 3 0
github.com/xdzczk/nostrmash/internal/store/events.go:216.16,218.3 1 0
github.com/xdzczk/nostrmash/internal/store/events.go:219.2,219.12 1 0
github.com/xdzczk/nostrmash/internal/store/events.go:223.98,224.31 1 0
github.com/xdzczk/nostrmash/internal/store/events.go:224.31,226.3 1 0
github.com/xdzczk/nostrmash/internal/store/events.go:227.2,228.21 2 0
github.com/xdzczk/nostrmash/internal/store/events.go:228.21,230.3 1 0
github.com/xdzczk/nostrmash/internal/store/events.go:232.2,238.16 3 0
github.com/xdzczk/nostrmash/internal/store/events.go:238.16,239.36 1 0
github.com/xdzczk/nostrmash/internal/store/events.go:239.36,241.4 1 0
github.com/xdzczk/nostrmash/internal/store/events.go:242.3,242.53 1 0
github.com/xdzczk/nostrmash/internal/store/events.go:244.2,244.34 1 0
github.com/xdzczk/nostrmash/internal/store/events.go:248.114,249.31 1 0
github.com/xdzczk/nostrmash/internal/store/events.go:249.31,251.3 1 0
github.com/xdzczk/nostrmash/internal/store/events.go:252.2,252.19 1 0
github.com/xdzczk/nostrmash/internal/store/events.go:252.19,254.3 1 0
github.com/xdzczk/nostrmash/internal/store/events.go:256.2,258.25 3 0
github.com/xdzczk/nostrmash/internal/store/events.go:258.25,260.22 2 0
github.com/xdzczk/nostrmash/internal/store/events.go:260.22,261.12 1 0
github.com/xdzczk/nostrmash/internal/store/events.go:263.3,263.35 1 0
github.com/xdzczk/nostrmash/internal/store/events.go:263.35,264.12 1 0
github.com/xdzczk/nostrmash/internal/store/events.go:266.3,267.45 2 0
github.com/xdzczk/nostrmash/internal/store/events.go:269.2,269.26 1 0
github.com/xdzczk/nostrmash/internal/store/events.go:269.26,271.3 1 0
github.com/xdzczk/nostrmash/internal/store/events.go:273.2,278.16 2 0
github.com/xdzczk/nostrmash/internal/store/events.go:278.16,280.3 1 0
github.com/xdzczk/nostrmash/internal/store/events.go:281.2,284.18 3 0
github.com/xdzczk/nostrmash/internal/store/events.go:284.18,287.46 3 0
github.com/xdzczk/nostrmash/internal/store/events.go:287.46,289.4 1 0
github.com/xdzczk/nostrmash/internal/store/events.go:290.3,290.33 1 0
github.com/xdzczk/nostrmash/internal/store/events.go:292.2,292.35 1 0
github.com/xdzczk/nostrmash/internal/store/events.go:292.35,294.3 1 0
github.com/xdzczk/nostrmash/internal/store/events.go:295.2,295.17 1 0
github.com/xdzczk/nostrmash/internal/store/events.go:299.100,300.31 1 0
github.com/xdzczk/nostrmash/internal/store/events.go:300.31,302.3 1 0
github.com/xdzczk/nostrmash/internal/store/events.go:303.2,304.21 2 0
github.com/xdzczk/nostrmash/internal/store/events.go:304.21,306.3 1 0
github.com/xdzczk/nostrmash/internal/store/events.go:308.2,314.16 2 0
github.com/xdzczk/nostrmash/internal/store/events.go:314.16,316.3 1 0
github.com/xdzczk/nostrmash/internal/store/events.go:317.2,320.18 3 0
github.com/xdzczk/nostrmash/internal/store/events.go:320.18,323.67 3 0
github.com/xdzczk/nostrmash/internal/store/events.go:323.67,325.4 1 0
github.com/xdzczk/nostrmash/internal/store/events.go:326.3,326.33 1 0
github.com/xdzczk/nostrmash/internal/store/events.go:328.2,328.35 1 0
github.com/xdzczk/nostrmash/internal/store/events.go:328.35,330.3 1 0
github.com/xdzczk/nostrmash/internal/store/events.go:331.2,331.21 1 0
github.com/xdzczk/nostrmash/internal/store/events.go:331.21,333.3 1 0
github.com/xdzczk/nostrmash/internal/store/events.go:335.2,339.16 3 0
github.com/xdzczk/nostrmash/internal/store/events.go:339.16,341.3 1 0
github.com/xdzczk/nostrmash/internal/store/events.go:342.2,342.13 1 0
github.com/xdzczk/nostrmash/internal/store/events.go:342.13,344.3 1 0
github.com/xdzczk/nostrmash/internal/store/events.go:345.2,345.20 1 0
github.com/xdzczk/nostrmash/internal/store/events.go:374.107,376.31 2 0
github.com/xdzczk/nostrmash/internal/store/events.go:376.31,378.3 1 0
github.com/xdzczk/nostrmash/internal/store/events.go:379.2,380.18 2 0
github.com/xdzczk/nostrmash/internal/store/events.go:380.18,382.3 1 0
github.com/xdzczk/nostrmash/internal/store/events.go:384.2,390.16 3 0
github.com/xdzczk/nostrmash/internal/store/events.go:390.16,391.36 1 0
github.com/xdzczk/nostrmash/internal/store/events.go:391.36,393.4 1 0
github.com/xdzczk/nostrmash/internal/store/events.go:394.3,394.59 1 0
github.com/xdzczk/nostrmash/internal/store/events.go:396.2,397.17 2 0
github.com/xdzczk/nostrmash/internal/store/events.go:401.123,402.31 1 0
github.com/xdzczk/nostrmash/internal/store/events.go:402.31,404.3 1 0
github.com/xdzczk/nostrmash/internal/store/events.go:405.2,405.23 1 0
github.com/xdzczk/nostrmash/internal/store/events.go:405.23,407.3 1 0
github.com/xdzczk/nostrmash/internal/store/events.go:409.2,411.33 3 0
github.com/xdzczk/nostrmash/internal/store/events.go:411.33,413.19 2 0
github.com/xdzczk/nostrmash/internal/store/events.go:413.19,414.12 1 0
github.com/xdzczk/nostrmash/internal/store/events.go:416.3,416.32 1 0
github.com/xdzczk/nostrmash/internal/store/events.go:416.32,417.12 1 0
github.com/xdzczk/nostrmash/internal/store/events.go:419.3,420.42 2 0
github.com/xdzczk/nostrmash/internal/store/events.go:422.2,422.26 1 0
github.com/xdzczk/nostrmash/internal/store/events.go:422.26,424.3 1 0
github.com/xdzczk/nostrmash/internal/store/events.go:426.2,431.16 2 0
github.com/xdzczk/nostrmash/internal/store/events.go:431.16,433.3 1 0
github.com/xdzczk/nostrmash/internal/store/events.go:434.2,437.18 3 0
github.com/xdzczk/nostrmash/internal/store/events.go:437.18,440.108 3 0
github.com/xdzczk/nostrmash/internal/store/events.go:440.108,442.4 1 0
github.com/xdzczk/nostrmash/internal/store/events.go:443.3,444.24 2 0
github.com/xdzczk/nostrmash/internal/store/events.go:446.2,446.35 1 0
github.com/xdzczk/nostrmash/internal/store/events.go:446.35,448.3 1 0
github.com/xdzczk/nostrmash/internal/store/events.go:449.2,449.17 1 0
github.com/xdzczk/nostrmash/internal/store/events.go:453.121,454.31 1 0
github.com/xdzczk/nostrmash/internal/store/events.go:454.31,456.3 1 0
github.com/xdzczk/nostrmash/internal/store/events.go:457.2,458.18 2 0
github.com/xdzczk/nostrmash/internal/store/events.go:458.18,460.3 1 0
github.com/xdzczk/nostrmash/internal/store/events.go:461.2,461.16 1 0
github.com/xdzczk/nostrmash/internal/store/events.go:461.16,463.3 1 0
github.com/xdzczk/nostrmash/internal/store/events.go:465.2,473.16 2 0
github.com/xdzczk/nostrmash/internal/store/events.go:473.16,475.3 1 0
github.com/xdzczk/nostrmash/internal/store/events.go:476.2,479.18 3 0
github.com/xdzczk/nostrmash/internal/store/events.go:479.18,481.41 2 0
github.com/xdzczk/nostrmash/internal/store/events.go:481.41,483.4 1 0
github.com/xdzczk/nostrmash/internal/store/events.go:484.3,484.42 1 0
github.com/xdzczk/nostrmash/internal/store/events.go:486.2,486.35 1 0
github.com/xdzczk/nostrmash/internal/store/events.go:486.35,488.3 1 0
github.com/xdzczk/nostrmash/internal/store/events.go:489.2,489.17 1 0
github.com/xdzczk/nostrmash/internal/store/events.go:493.116,494.31 1 0
github.com/xdzczk/nostrmash/internal/store/events.go:494.31,496.3 1 0
github.com/xdzczk/nostrmash/internal/store/events.go:497.2,498.18 2 0
github.com/xdzczk/nostrmash/internal/store/events.go:498.18,500.3 1 0
github.com/xdzczk/nostrmash/internal/store/events.go:501.2,501.16 1 0
github.com/xdzczk/nostrmash/internal/store/events.go:501.16,503.3 1 0
github.com/xdzczk/nostrmash/internal/store/events.go:504.2,504.17 1 0
github.com/xdzczk/nostrmash/internal/store/events.go:504.17,506.3 1 0
github.com/xdzczk/nostrmash/internal/store/events.go:508.2,521.16 2 0
github.com/xdzczk/nostrmash/internal/store/events.go:521.16,523.3 1 0
github.com/xdzczk/nostrmash/internal/store/events.go:524.2,527.18 3 0
github.com/xdzczk/nostrmash/internal/store/events.go:527.18,529.41 2 0
github.com/xdzczk/nostrmash/internal/store/events.go:529.41,531.4 1 0
github.com/xdzczk/nostrmash/internal/store/events.go:532.3,532.42 1 0
github.com/xdzczk/nostrmash/internal/store/events.go:534.2,534.35 1 0
github.com/xdzczk/nostrmash/internal/store/events.go:534.35,536.3 1 0
github.com/xdzczk/nostrmash/internal/store/events.go:537.2,537.17 1 0
github.com/xdzczk/nostrmash/internal/store/events.go:541.109,544.16 3 0
github.com/xdzczk/nostrmash/internal/store/events.go:544.16,546.3 1 0
github.com/xdzczk/nostrmash/internal/store/events.go:547.2,548.16 2 0
github.com/xdzczk/nostrmash/internal/store/events.go:548.16,550.3 1 0
github.com/xdzczk/nostrmash/internal/store/events.go:551.2,553.17 3 0
github.com/xdzczk/nostrmash/internal/store/events.go:557.98,559.31 2 0
github.com/xdzczk/nostrmash/internal/store/events.go:559.31,561.3 1 0
github.com/xdzczk/nostrmash/internal/store/events.go:562.2,563.19 2 0
github.com/xdzczk/nostrmash/internal/store/events.go:563.19,565.3 1 0
github.com/xdzczk/nostrmash/internal/store/events.go:566.2,572.86 2 0
github.com/xdzczk/nostrmash/internal/store/events.go:572.86,574.3 1 0
github.com/xdzczk/nostrmash/internal/store/events.go:575.2,575.17 1 0
github.com/xdzczk/nostrmash/internal/store/events.go:584.49,585.31 1 0
github.com/xdzczk/nostrmash/internal/store/events.go:585.31,587.3 1 0
github.com/xdzczk/nostrmash/internal/store/events.go:588.2,589.19 2 0
github.com/xdzczk/nostrmash/internal/store/events.go:589.19,591.3 1 0
github.com/xdzczk/nostrmash/internal/store/events.go:592.2,592.16 1 0
github.com/xdzczk/nostrmash/internal/store/events.go:592.16,594.3 1 0
github.com/xdzczk/nostrmash/internal/store/events.go:595.2,595.17 1 0
github.com/xdzczk/nostrmash/internal/store/events.go:595.17,597.3 1 0
github.com/xdzczk/nostrmash/internal/store/events.go:599.2,600.16 2 0
github.com/xdzczk/nostrmash/internal/store/events.go:600.16,602.3 1 0
github.com/xdzczk/nostrmash/internal/store/events.go:603.2,603.13 1 0
github.com/xdzczk/nostrmash/internal/store/events.go:603.13,605.3 1 0
github.com/xdzczk/nostrmash/internal/store/events.go:607.2,615.19 4 0
github.com/xdzczk/nostrmash/internal/store/events.go:615.19,624.3 1 0
github.com/xdzczk/nostrmash/internal/store/events.go:624.8,634.3 1 0
github.com/xdzczk/nostrmash/internal/store/events.go:635.2,635.16 1 0
github.com/xdzczk/nostrmash/internal/store/events.go:635.16,637.3 1 0
github.com/xdzczk/nostrmash/internal/store/events.go:638.2,640.18 2 0
github.com/xdzczk/nostrmash/internal/store/events.go:640.18,642.70 2 0
github.com/xdzczk/nostrmash/internal/store/events.go:642.70,644.4 1 0
github.com/xdzczk/nostrmash/internal/store/events.go:645.3,645.33 1 0
github.com/xdzczk/nostrmash/internal/store/events.go:647.2,647.35 1 0
github.com/xdzczk/nostrmash/internal/store/events.go:647.35,649.3 1 0
github.com/xdzczk/nostrmash/internal/store/events.go:651.2,652.13 2 0
github.com/xdzczk/nostrmash/internal/store/events.go:652.13,654.3 1 0
github.com/xdzczk/nostrmash/internal/store/events.go:655.2,656.30 2 0
github.com/xdzczk/nostrmash/internal/store/events.go:656.30,658.3 1 0
github.com/xdzczk/nostrmash/internal/store/events.go:660.2,661.33 2 0
github.com/xdzczk/nostrmash/internal/store/events.go:661.33,667.3 2 0
github.com/xdzczk/nostrmash/internal/store/events.go:668.2,668.32 1 0
github.com/xdzczk/nostrmash/internal/store/events.go:676.40,677.31 1 0
github.com/xdzczk/nostrmash/internal/store/events.go:677.31,679.3 1 0
github.com/xdzczk/nostrmash/internal/store/events.go:680.2,681.19 2 0
github.com/xdzczk/nostrmash/internal/store/events.go:681.19,683.3 1 0
github.com/xdzczk/nostrmash/internal/store/events.go:684.2,684.19 1 0
github.com/xdzczk/nostrmash/internal/store/events.go:684.19,686.3 1 0
github.com/xdzczk/nostrmash/internal/store/events.go:687.2,687.20 1 0
github.com/xdzczk/nostrmash/internal/store/events.go:687.20,689.3 1 0
github.com/xdzczk/nostrmash/internal/store/events.go:691.2,692.16 2 0
github.com/xdzczk/nostrmash/internal/store/events.go:692.16,694.3 1 0
github.com/xdzczk/nostrmash/internal/store/events.go:695.2,695.13 1 0
github.com/xdzczk/nostrmash/internal/store/events.go:695.13,697.3 1 0
github.com/xdzczk/nostrmash/internal/store/events.go:699.2,706.32 5 0
github.com/xdzczk/nostrmash/internal/store/events.go:706.32,714.17 4 0
github.com/xdzczk/nostrmash/internal/store/events.go:714.17,715.37 1 0
github.com/xdzczk/nostrmash/internal/store/events.go:715.37,716.10 1 0
github.com/xdzczk/nostrmash/internal/store/events.go:718.4,718.76 1 0
github.com/xdzczk/nostrmash/internal/store/events.go:720.3,721.21 2 0
github.com/xdzczk/nostrmash/internal/store/events.go:721.21,722.9 1 0
github.com/xdzczk/nostrmash/internal/store/events.go:724.3,724.41 1 0
github.com/xdzczk/nostrmash/internal/store/events.go:724.41,725.9 1 0
github.com/xdzczk/nostrmash/internal/store/events.go:727.3,729.20 3 0
github.com/xdzczk/nostrmash/internal/store/events.go:729.20,731.9 2 0
github.com/xdzczk/nostrmash/internal/store/events.go:733.3,733.21 1 0
github.com/xdzczk/nostrmash/internal/store/events.go:736.2,737.16 2 0
github.com/xdzczk/nostrmash/internal/store/events.go:737.16,739.3 1 0
github.com/xdzczk/nostrmash/internal/store/events.go:741.2,742.45 2 0
github.com/xdzczk/nostrmash/internal/store/events.go:742.45,745.10 3 0
github.com/xdzczk/nostrmash/internal/store/events.go:745.10,747.12 2 0
github.com/xdzczk/nostrmash/internal/store/events.go:749.3,749.37 1 0
github.com/xdzczk/nostrmash/internal/store/events.go:751.2,752.29 2 0
github.com/xdzczk/nostrmash/internal/store/events.go:752.29,754.3 1 0
github.com/xdzczk/nostrmash/internal/store/events.go:755.2,756.35 2 0
github.com/xdzczk/nostrmash/internal/store/events.go:761.99,762.31 1 0
github.com/xdzczk/nostrmash/internal/store/events.go:762.31,764.3 1 0
github.com/xdzczk/nostrmash/internal/store/events.go:765.2,765.48 1 0
github.com/xdzczk/nostrmash/internal/store/events.go:765.48,767.3 1 0
github.com/xdzczk/nostrmash/internal/store/events.go:768.2,768.51 1 0
github.com/xdzczk/nostrmash/internal/store/events.go:768.51,770.3 1 0
github.com/xdzczk/nostrmash/internal/store/events.go:772.2,773.21 2 0
github.com/xdzczk/nostrmash/internal/store/events.go:773.21,775.3 1 0
github.com/xdzczk/nostrmash/internal/store/events.go:777.2,787.16 2 0
github.com/xdzczk/nostrmash/internal/store/events.go:787.16,789.3 1 0
github.com/xdzczk/nostrmash/internal/store/events.go:790.2,790.12 1 0
github.com/xdzczk/nostrmash/internal/store/events.go:793.88,797.40 2 0
github.com/xdzczk/nostrmash/internal/store/events.go:797.40,799.3 1 0
github.com/xdzczk/nostrmash/internal/store/events.go:800.2,800.20 1 0
github.com/xdzczk/nostrmash/internal/store/events.go:804.96,805.31 1 0
github.com/xdzczk/nostrmash/internal/store/events.go:805.31,807.3 1 0
github.com/xdzczk/nostrmash/internal/store/events.go:808.2,813.16 2 0
github.com/xdzczk/nostrmash/internal/store/events.go:813.16,814.69 1 0
github.com/xdzczk/nostrmash/internal/store/events.go:814.69,820.4 1 0
github.com/xdzczk/nostrmash/internal/store/events.go:821.3,821.17 1 0
github.com/xdzczk/nostrmash/internal/store/events.go:821.17,823.4 1 0
github.com/xdzczk/nostrmash/internal/store/events.go:825.2,828.18 3 0
github.com/xdzczk/nostrmash/internal/store/events.go:828.18,840.17 2 0
github.com/xdzczk/nostrmash/internal/store/events.go:840.17,842.4 1 0
github.com/xdzczk/nostrmash/internal/store/events.go:843.3,843.25 1 0
github.com/xdzczk/nostrmash/internal/store/events.go:845.2,845.35 1 0
github.com/xdzczk/nostrmash/internal/store/events.go:845.35,847.3 1 0
github.com/xdzczk/nostrmash/internal/store/events.go:848.2,848.17 1 0
github.com/xdzczk/nostrmash/internal/store/events.go:852.72,854.34 2 0
github.com/xdzczk/nostrmash/internal/store/events.go:854.34,855.20 1 0
github.com/xdzczk/nostrmash/internal/store/events.go:855.20,856.12 1 0
github.com/xdzczk/nostrmash/internal/store/events.go:858.3,859.17 2 0
github.com/xdzczk/nostrmash/internal/store/events.go:859.17,861.12 1 0
github.com/xdzczk/nostrmash/internal/store/events.go:863.3,864.33 2 0
github.com/xdzczk/nostrmash/internal/store/events.go:864.33,873.4 1 0
github.com/xdzczk/nostrmash/internal/store/events.go:875.2,875.12 1 0
github.com/xdzczk/nostrmash/internal/store/migrations.go:32.80,34.16 2 0
github.com/xdzczk/nostrmash/internal/store/migrations.go:34.16,36.3 1 0
github.com/xdzczk/nostrmash/internal/store/migrations.go:37.2,38.28 2 0
github.com/xdzczk/nostrmash/internal/store/migrations.go:38.28,39.16 1 0
github.com/xdzczk/nostrmash/internal/store/migrations.go:39.16,40.12 1 0
github.com/xdzczk/nostrmash/internal/store/migrations.go:42.3,42.42 1 0
github.com/xdzczk/nostrmash/internal/store/migrations.go:42.42,44.4 1 0
github.com/xdzczk/nostrmash/internal/store/migrations.go:46.2,49.16 3 0
github.com/xdzczk/nostrmash/internal/store/migrations.go:49.16,51.3 1 0
github.com/xdzczk/nostrmash/internal/store/migrations.go:52.2,52.15 1 0
github.com/xdzczk/nostrmash/internal/store/migrations.go:52.15,52.39 1 0
github.com/xdzczk/nostrmash/internal/store/migrations.go:55.2,55.101 1 0
github.com/xdzczk/nostrmash/internal/store/migrations.go:55.101,57.3 1 0
github.com/xdzczk/nostrmash/internal/store/migrations.go:59.2,59.59 1 0
github.com/xdzczk/nostrmash/internal/store/migrations.go:59.59,61.3 1 0
github.com/xdzczk/nostrmash/internal/store/migrations.go:63.2,63.29 1 0
github.com/xdzczk/nostrmash/internal/store/migrations.go:63.29,66.17 3 0
github.com/xdzczk/nostrmash/internal/store/migrations.go:66.17,68.4 1 0
github.com/xdzczk/nostrmash/internal/store/migrations.go:69.3,77.17 5 0
github.com/xdzczk/nostrmash/internal/store/migrations.go:77.17,78.35 1 0
github.com/xdzczk/nostrmash/internal/store/migrations.go:78.35,80.5 1 0
github.com/xdzczk/nostrmash/internal/store/migrations.go:81.4,81.12 1 0
github.com/xdzczk/nostrmash/internal/store/migrations.go:83.3,83.37 1 0
github.com/xdzczk/nostrmash/internal/store/migrations.go:83.37,85.4 1 0
github.com/xdzczk/nostrmash/internal/store/migrations.go:87.3,87.55 1 0
github.com/xdzczk/nostrmash/internal/store/migrations.go:87.55,89.4 1 0
github.com/xdzczk/nostrmash/internal/store/migrations.go:90.3,98.17 2 0
github.com/xdzczk/nostrmash/internal/store/migrations.go:98.17,100.4 1 0
github.com/xdzczk/nostrmash/internal/store/migrations.go:103.2,103.23 1 0
github.com/xdzczk/nostrmash/internal/store/migrations.go:107.58,109.2 1 0
