mode: atomic
github.com/xdzczk/nostrmash/internal/nostr/types.go:55.42,56.14 1 0
github.com/xdzczk/nostrmash/internal/nostr/types.go:56.14,58.3 1 0
github.com/xdzczk/nostrmash/internal/nostr/types.go:59.2,59.42 1 0
github.com/xdzczk/nostrmash/internal/nostr/types.go:70.40,72.2 1 1
github.com/xdzczk/nostrmash/internal/nostr/types.go:82.41,83.28 1 10
github.com/xdzczk/nostrmash/internal/nostr/types.go:83.28,85.3 1 9
github.com/xdzczk/nostrmash/internal/nostr/types.go:86.2,86.28 1 10
github.com/xdzczk/nostrmash/internal/nostr/types.go:86.28,88.3 1 9
github.com/xdzczk/nostrmash/internal/nostr/types.go:89.2,89.10 1 10
github.com/xdzczk/nostrmash/internal/nostr/validator.go:14.73,17.23 2 10
github.com/xdzczk/nostrmash/internal/nostr/validator.go:17.23,25.3 1 0
github.com/xdzczk/nostrmash/internal/nostr/validator.go:26.2,26.41 1 10
github.com/xdzczk/nostrmash/internal/nostr/validator.go:26.41,34.3 1 1
github.com/xdzczk/nostrmash/internal/nostr/validator.go:36.2,37.26 2 9
github.com/xdzczk/nostrmash/internal/nostr/validator.go:37.26,45.3 1 1
github.com/xdzczk/nostrmash/internal/nostr/validator.go:47.2,48.57 2 8
github.com/xdzczk/nostrmash/internal/nostr/validator.go:48.57,56.3 1 1
github.com/xdzczk/nostrmash/internal/nostr/validator.go:59.2,61.95 2 7
github.com/xdzczk/nostrmash/internal/nostr/validator.go:61.95,62.32 1 49
github.com/xdzczk/nostrmash/internal/nostr/validator.go:62.32,71.4 1 1
github.com/xdzczk/nostrmash/internal/nostr/validator.go:74.2,75.16 2 6
github.com/xdzczk/nostrmash/internal/nostr/validator.go:75.16,80.3 1 2
github.com/xdzczk/nostrmash/internal/nostr/validator.go:82.2,82.47 1 4
github.com/xdzczk/nostrmash/internal/nostr/validator.go:82.47,87.3 1 1
github.com/xdzczk/nostrmash/internal/nostr/validator.go:89.2,89.56 1 3
github.com/xdzczk/nostrmash/internal/nostr/validator.go:89.56,94.3 1 2
github.com/xdzczk/nostrmash/internal/nostr/validator.go:96.2,99.3 1 1
github.com/xdzczk/nostrmash/internal/nostr/validator.go:102.83,104.16 2 6
github.com/xdzczk/nostrmash/internal/nostr/validator.go:104.16,106.3 1 0
github.com/xdzczk/nostrmash/internal/nostr/validator.go:107.2,108.16 2 6
github.com/xdzczk/nostrmash/internal/nostr/validator.go:108.16,110.3 1 0
github.com/xdzczk/nostrmash/internal/nostr/validator.go:111.2,112.16 2 6
github.com/xdzczk/nostrmash/internal/nostr/validator.go:112.16,114.3 1 0
github.com/xdzczk/nostrmash/internal/nostr/validator.go:115.2,116.16 2 6
github.com/xdzczk/nostrmash/internal/nostr/validator.go:116.16,118.3 1 1
github.com/xdzczk/nostrmash/internal/nostr/validator.go:119.2,120.16 2 5
github.com/xdzczk/nostrmash/internal/nostr/validator.go:120.16,122.3 1 0
github.com/xdzczk/nostrmash/internal/nostr/validator.go:123.2,124.16 2 5
github.com/xdzczk/nostrmash/internal/nostr/validator.go:124.16,126.3 1 0
github.com/xdzczk/nostrmash/internal/nostr/validator.go:127.2,128.16 2 5
github.com/xdzczk/nostrmash/internal/nostr/validator.go:128.16,130.3 1 0
github.com/xdzczk/nostrmash/internal/nostr/validator.go:132.2,132.9 1 5
github.com/xdzczk/nostrmash/internal/nostr/validator.go:133.27,138.4 1 0
github.com/xdzczk/nostrmash/internal/nostr/validator.go:139.31,144.4 1 0
github.com/xdzczk/nostrmash/internal/nostr/validator.go:145.29,150.4 1 0
github.com/xdzczk/nostrmash/internal/nostr/validator.go:151.21,156.4 1 0
github.com/xdzczk/nostrmash/internal/nostr/validator.go:157.16,162.4 1 0
github.com/xdzczk/nostrmash/internal/nostr/validator.go:163.20,168.4 1 0
github.com/xdzczk/nostrmash/internal/nostr/validator.go:171.2,179.25 2 5
github.com/xdzczk/nostrmash/internal/nostr/validator.go:179.25,185.3 1 0
github.com/xdzczk/nostrmash/internal/nostr/validator.go:186.2,188.22 3 5
github.com/xdzczk/nostrmash/internal/nostr/validator.go:188.22,194.3 1 1
github.com/xdzczk/nostrmash/internal/nostr/validator.go:196.2,204.8 1 4
github.com/xdzczk/nostrmash/internal/nostr/validator.go:207.53,213.16 5 4
github.com/xdzczk/nostrmash/internal/nostr/validator.go:213.16,219.3 1 0
github.com/xdzczk/nostrmash/internal/nostr/validator.go:220.2,221.16 2 4
github.com/xdzczk/nostrmash/internal/nostr/validator.go:221.16,227.3 1 0
github.com/xdzczk/nostrmash/internal/nostr/validator.go:228.2,228.40 1 4
github.com/xdzczk/nostrmash/internal/nostr/validator.go:228.40,234.3 1 1
github.com/xdzczk/nostrmash/internal/nostr/validator.go:235.2,235.12 1 3
github.com/xdzczk/nostrmash/internal/nostr/validator.go:238.70,239.47 1 3
github.com/xdzczk/nostrmash/internal/nostr/validator.go:239.47,245.3 1 1
github.com/xdzczk/nostrmash/internal/nostr/validator.go:247.2,247.42 1 2
github.com/xdzczk/nostrmash/internal/nostr/validator.go:247.42,249.54 2 33
github.com/xdzczk/nostrmash/internal/nostr/validator.go:249.54,255.4 1 1
github.com/xdzczk/nostrmash/internal/nostr/validator.go:257.2,257.12 1 1
github.com/xdzczk/nostrmash/internal/nostr/validator.go:260.98,262.61 2 22
github.com/xdzczk/nostrmash/internal/nostr/validator.go:262.61,268.3 1 0
github.com/xdzczk/nostrmash/internal/nostr/validator.go:269.2,269.19 1 22
github.com/xdzczk/nostrmash/internal/nostr/validator.go:272.96,274.61 2 6
github.com/xdzczk/nostrmash/internal/nostr/validator.go:274.61,280.3 1 0
github.com/xdzczk/nostrmash/internal/nostr/validator.go:281.2,281.19 1 6
github.com/xdzczk/nostrmash/internal/nostr/validator.go:284.92,286.61 2 6
github.com/xdzczk/nostrmash/internal/nostr/validator.go:286.61,292.3 1 1
github.com/xdzczk/nostrmash/internal/nostr/validator.go:293.2,293.19 1 5
github.com/xdzczk/nostrmash/internal/nostr/validator.go:296.68,298.51 2 5
github.com/xdzczk/nostrmash/internal/nostr/validator.go:298.51,304.3 1 0
github.com/xdzczk/nostrmash/internal/nostr/validator.go:306.2,307.30 2 5
github.com/xdzczk/nostrmash/internal/nostr/validator.go:307.30,309.57 2 9
github.com/xdzczk/nostrmash/internal/nostr/validator.go:309.57,315.4 1 0
github.com/xdzczk/nostrmash/internal/nostr/validator.go:316.3,316.23 1 9
github.com/xdzczk/nostrmash/internal/nostr/validator.go:316.23,322.4 1 0
github.com/xdzczk/nostrmash/internal/nostr/validator.go:323.3,323.30 1 9
github.com/xdzczk/nostrmash/internal/nostr/validator.go:325.2,325.18 1 5
github.com/xdzczk/nostrmash/internal/nostr/validator.go:328.49,329.27 1 15
github.com/xdzczk/nostrmash/internal/nostr/validator.go:329.27,331.3 1 0
github.com/xdzczk/nostrmash/internal/nostr/validator.go:332.2,332.30 1 15
github.com/xdzczk/nostrmash/internal/nostr/validator.go:332.30,336.27 4 1280
github.com/xdzczk/nostrmash/internal/nostr/validator.go:336.27,338.4 1 0
github.com/xdzczk/nostrmash/internal/nostr/validator.go:340.2,340.13 1 15
github.com/xdzczk/nostrmash/internal/ingestor/relay/backoff.go:11.68,16.2 1 3
github.com/xdzczk/nostrmash/internal/ingestor/relay/backoff.go:18.47,19.20 1 7
github.com/xdzczk/nostrmash/internal/ingestor/relay/backoff.go:19.20,22.3 2 4
github.com/xdzczk/nostrmash/internal/ingestor/relay/backoff.go:23.2,24.18 2 3
github.com/xdzczk/nostrmash/internal/ingestor/relay/backoff.go:24.18,26.3 1 2
github.com/xdzczk/nostrmash/internal/ingestor/relay/backoff.go:27.2,28.18 2 3
github.com/xdzczk/nostrmash/internal/ingestor/relay/backoff.go:31.34,33.2 1 3
github.com/xdzczk/nostrmash/internal/ingestor/relay/manager.go:39.110,40.22 1 2
github.com/xdzczk/nostrmash/internal/ingestor/relay/manager.go:40.22,42.3 1 0
github.com/xdzczk/nostrmash/internal/ingestor/relay/manager.go:43.2,43.16 1 2
github.com/xdzczk/nostrmash/internal/ingestor/relay/manager.go:43.16,45.3 1 0
github.com/xdzczk/nostrmash/internal/ingestor/relay/manager.go:46.2,46.29 1 2
github.com/xdzczk/nostrmash/internal/ingestor/relay/manager.go:46.29,48.3 1 0
github.com/xdzczk/nostrmash/internal/ingestor/relay/manager.go:49.2,49.29 1 2
github.com/xdzczk/nostrmash/internal/ingestor/relay/manager.go:49.29,51.3 1 0
github.com/xdzczk/nostrmash/internal/ingestor/relay/manager.go:52.2,52.25 1 2
github.com/xdzczk/nostrmash/internal/ingestor/relay/manager.go:52.25,54.3 1 0
github.com/xdzczk/nostrmash/internal/ingestor/relay/manager.go:55.2,55.41 1 2
github.com/xdzczk/nostrmash/internal/ingestor/relay/manager.go:55.41,57.3 1 0
github.com/xdzczk/nostrmash/internal/ingestor/relay/manager.go:58.2,58.58 1 2
github.com/xdzczk/nostrmash/internal/ingestor/relay/manager.go:58.58,60.3 1 0
github.com/xdzczk/nostrmash/internal/ingestor/relay/manager.go:61.2,78.46 7 2
github.com/xdzczk/nostrmash/internal/ingestor/relay/manager.go:78.46,80.3 1 0
github.com/xdzczk/nostrmash/internal/ingestor/relay/manager.go:81.2,81.38 1 2
github.com/xdzczk/nostrmash/internal/ingestor/relay/manager.go:81.38,83.53 2 2
github.com/xdzczk/nostrmash/internal/ingestor/relay/manager.go:83.53,85.4 1 0
github.com/xdzczk/nostrmash/internal/ingestor/relay/manager.go:86.3,92.4 1 2
github.com/xdzczk/nostrmash/internal/ingestor/relay/manager.go:95.2,95.15 1 2
github.com/xdzczk/nostrmash/internal/ingestor/relay/manager.go:99.46,101.42 2 2
github.com/xdzczk/nostrmash/internal/ingestor/relay/manager.go:101.42,102.44 1 2
github.com/xdzczk/nostrmash/internal/ingestor/relay/manager.go:102.44,103.12 1 0
github.com/xdzczk/nostrmash/internal/ingestor/relay/manager.go:105.3,106.28 2 2
github.com/xdzczk/nostrmash/internal/ingestor/relay/manager.go:106.28,109.4 2 2
github.com/xdzczk/nostrmash/internal/ingestor/relay/manager.go:112.2,113.11 2 2
github.com/xdzczk/nostrmash/internal/ingestor/relay/manager.go:117.48,122.42 4 31
github.com/xdzczk/nostrmash/internal/ingestor/relay/manager.go:122.42,124.3 1 31
github.com/xdzczk/nostrmash/internal/ingestor/relay/manager.go:125.2,125.12 1 31
github.com/xdzczk/nostrmash/internal/ingestor/relay/manager.go:129.49,133.9 4 1
github.com/xdzczk/nostrmash/internal/ingestor/relay/manager.go:133.9,135.3 1 0
github.com/xdzczk/nostrmash/internal/ingestor/relay/manager.go:136.2,137.42 2 1
github.com/xdzczk/nostrmash/internal/ingestor/relay/manager.go:137.42,139.3 1 1
github.com/xdzczk/nostrmash/internal/ingestor/relay/manager.go:142.66,145.6 2 2
github.com/xdzczk/nostrmash/internal/ingestor/relay/manager.go:145.6,146.35 1 3
github.com/xdzczk/nostrmash/internal/ingestor/relay/manager.go:146.35,148.4 1 0
github.com/xdzczk/nostrmash/internal/ingestor/relay/manager.go:150.3,156.17 6 3
github.com/xdzczk/nostrmash/internal/ingestor/relay/manager.go:156.17,162.39 6 1
github.com/xdzczk/nostrmash/internal/ingestor/relay/manager.go:162.39,164.5 1 0
github.com/xdzczk/nostrmash/internal/ingestor/relay/manager.go:165.4,165.12 1 1
github.com/xdzczk/nostrmash/internal/ingestor/relay/manager.go:168.3,171.57 4 2
github.com/xdzczk/nostrmash/internal/ingestor/relay/manager.go:171.57,173.4 1 2
github.com/xdzczk/nostrmash/internal/ingestor/relay/manager.go:177.122,181.28 3 2
github.com/xdzczk/nostrmash/internal/ingestor/relay/manager.go:181.28,183.39 2 2
github.com/xdzczk/nostrmash/internal/ingestor/relay/manager.go:183.39,185.4 1 1
github.com/xdzczk/nostrmash/internal/ingestor/relay/manager.go:186.3,187.22 2 2
github.com/xdzczk/nostrmash/internal/ingestor/relay/manager.go:190.2,192.6 2 2
github.com/xdzczk/nostrmash/internal/ingestor/relay/manager.go:192.6,193.10 1 5
github.com/xdzczk/nostrmash/internal/ingestor/relay/manager.go:194.21,195.16 1 1
github.com/xdzczk/nostrmash/internal/ingestor/relay/manager.go:196.36,197.11 1 1
github.com/xdzczk/nostrmash/internal/ingestor/relay/manager.go:197.11,199.13 2 1
github.com/xdzczk/nostrmash/internal/ingestor/relay/manager.go:201.4,202.24 2 0
github.com/xdzczk/nostrmash/internal/ingestor/relay/manager.go:202.24,203.76 1 0
github.com/xdzczk/nostrmash/internal/ingestor/relay/manager.go:203.76,209.6 1 0
github.com/xdzczk/nostrmash/internal/ingestor/relay/manager.go:211.33,212.11 1 1
github.com/xdzczk/nostrmash/internal/ingestor/relay/manager.go:212.11,214.5 1 0
github.com/xdzczk/nostrmash/internal/ingestor/relay/manager.go:215.4,215.18 1 1
github.com/xdzczk/nostrmash/internal/ingestor/relay/manager.go:215.18,218.5 2 1
github.com/xdzczk/nostrmash/internal/ingestor/relay/manager.go:218.10,221.5 2 0
github.com/xdzczk/nostrmash/internal/ingestor/relay/manager.go:222.4,225.39 4 1
github.com/xdzczk/nostrmash/internal/ingestor/relay/manager.go:225.39,227.5 1 1
github.com/xdzczk/nostrmash/internal/ingestor/relay/manager.go:228.4,228.15 1 0
github.com/xdzczk/nostrmash/internal/ingestor/relay/manager.go:229.26,230.28 1 2
github.com/xdzczk/nostrmash/internal/ingestor/relay/manager.go:235.108,236.15 1 0
github.com/xdzczk/nostrmash/internal/ingestor/relay/manager.go:236.15,237.47 1 0
github.com/xdzczk/nostrmash/internal/ingestor/relay/manager.go:237.47,247.4 3 0
github.com/xdzczk/nostrmash/internal/ingestor/relay/manager.go:249.2,249.42 1 0
github.com/xdzczk/nostrmash/internal/ingestor/relay/manager.go:252.49,256.9 4 2
github.com/xdzczk/nostrmash/internal/ingestor/relay/manager.go:256.9,258.3 1 0
github.com/xdzczk/nostrmash/internal/ingestor/relay/manager.go:259.2,259.42 1 2
github.com/xdzczk/nostrmash/internal/ingestor/relay/manager.go:259.42,261.3 1 0
github.com/xdzczk/nostrmash/internal/ingestor/relay/manager.go:262.2,262.42 1 2
github.com/xdzczk/nostrmash/internal/ingestor/relay/manager.go:262.42,264.3 1 0
github.com/xdzczk/nostrmash/internal/ingestor/relay/manager.go:265.2,265.69 1 2
github.com/xdzczk/nostrmash/internal/ingestor/relay/manager.go:265.69,267.3 1 1
github.com/xdzczk/nostrmash/internal/ingestor/relay/manager.go:270.49,274.9 4 2
github.com/xdzczk/nostrmash/internal/ingestor/relay/manager.go:274.9,276.3 1 0
github.com/xdzczk/nostrmash/internal/ingestor/relay/manager.go:277.2,280.56 4 2
github.com/xdzczk/nostrmash/internal/ingestor/relay/manager.go:283.50,287.9 4 3
github.com/xdzczk/nostrmash/internal/ingestor/relay/manager.go:287.9,289.3 1 0
github.com/xdzczk/nostrmash/internal/ingestor/relay/manager.go:290.2,292.54 3 3
github.com/xdzczk/nostrmash/internal/ingestor/relay/manager.go:295.112,299.9 4 4
github.com/xdzczk/nostrmash/internal/ingestor/relay/manager.go:299.9,301.3 1 0
github.com/xdzczk/nostrmash/internal/ingestor/relay/manager.go:302.2,304.44 3 4
github.com/xdzczk/nostrmash/internal/ingestor/relay/manager.go:307.86,309.18 2 11
github.com/xdzczk/nostrmash/internal/ingestor/relay/manager.go:309.18,311.3 1 2
github.com/xdzczk/nostrmash/internal/ingestor/relay/manager.go:312.2,324.3 3 9
github.com/xdzczk/nostrmash/internal/ingestor/relay/manager.go:327.53,329.41 2 2
github.com/xdzczk/nostrmash/internal/ingestor/relay/manager.go:329.41,331.17 2 2
github.com/xdzczk/nostrmash/internal/ingestor/relay/manager.go:331.17,333.4 1 0
github.com/xdzczk/nostrmash/internal/ingestor/relay/manager.go:334.3,334.33 1 2
github.com/xdzczk/nostrmash/internal/ingestor/relay/manager.go:336.2,336.44 1 2
github.com/xdzczk/nostrmash/internal/ingestor/relay/manager.go:336.44,338.3 1 0
github.com/xdzczk/nostrmash/internal/ingestor/relay/manager.go:339.2,339.38 1 2
github.com/xdzczk/nostrmash/internal/ingestor/relay/manager.go:339.38,341.17 2 2
github.com/xdzczk/nostrmash/internal/ingestor/relay/manager.go:341.17,343.4 1 0
github.com/xdzczk/nostrmash/internal/ingestor/relay/manager.go:344.3,344.38 1 2
github.com/xdzczk/nostrmash/internal/ingestor/relay/manager.go:344.38,346.4 1 0
github.com/xdzczk/nostrmash/internal/ingestor/relay/manager.go:348.2,348.46 1 2
github.com/xdzczk/nostrmash/internal/ingestor/relay/manager.go:348.46,350.17 2 0
github.com/xdzczk/nostrmash/internal/ingestor/relay/manager.go:350.17,352.4 1 0
github.com/xdzczk/nostrmash/internal/ingestor/relay/manager.go:353.3,353.38 1 0
github.com/xdzczk/nostrmash/internal/ingestor/relay/manager.go:353.38,355.4 1 0
github.com/xdzczk/nostrmash/internal/ingestor/relay/manager.go:357.2,357.12 1 2
github.com/xdzczk/nostrmash/internal/ingestor/relay/manager.go:360.48,361.20 1 6
github.com/xdzczk/nostrmash/internal/ingestor/relay/manager.go:361.20,363.3 1 2
github.com/xdzczk/nostrmash/internal/ingestor/relay/manager.go:364.2,365.27 2 4
github.com/xdzczk/nostrmash/internal/ingestor/relay/manager.go:365.27,367.17 2 4
github.com/xdzczk/nostrmash/internal/ingestor/relay/manager.go:367.17,368.12 1 0
github.com/xdzczk/nostrmash/internal/ingestor/relay/manager.go:370.3,370.32 1 4
github.com/xdzczk/nostrmash/internal/ingestor/relay/manager.go:372.2,372.12 1 4
github.com/xdzczk/nostrmash/internal/ingestor/relay/manager.go:375.52,377.2 1 8
github.com/xdzczk/nostrmash/internal/ingestor/relay/manager.go:379.62,382.9 3 2
github.com/xdzczk/nostrmash/internal/ingestor/relay/manager.go:383.20,384.15 1 1
github.com/xdzczk/nostrmash/internal/ingestor/relay/manager.go:385.17,386.14 1 1
github.com/xdzczk/nostrmash/internal/ingestor/relay/manager.go:390.47,391.14 1 5
github.com/xdzczk/nostrmash/internal/ingestor/relay/manager.go:391.14,393.3 1 0
github.com/xdzczk/nostrmash/internal/ingestor/relay/manager.go:394.2,394.12 1 5
github.com/xdzczk/nostrmash/internal/ingestor/relay/manager.go:397.101,398.25 1 9
github.com/xdzczk/nostrmash/internal/ingestor/relay/manager.go:398.25,400.3 1 9
github.com/xdzczk/nostrmash/internal/ingestor/relay/manager.go:401.2,401.85 1 0
github.com/xdzczk/nostrmash/internal/ingestor/relay/manager.go:401.85,408.3 1 0
github.com/xdzczk/nostrmash/internal/ingestor/relay/noop_connector.go:11.88,13.2 1 0
github.com/xdzczk/nostrmash/internal/ingestor/relay/nostr_connector.go:24.91,29.16 3 0
github.com/xdzczk/nostrmash/internal/ingestor/relay/nostr_connector.go:29.16,31.3 1 0
github.com/xdzczk/nostrmash/internal/ingestor/relay/nostr_connector.go:33.2,39.28 7 0
github.com/xdzczk/nostrmash/internal/ingestor/relay/nostr_connector.go:39.28,41.17 2 0
github.com/xdzczk/nostrmash/internal/ingestor/relay/nostr_connector.go:41.17,44.4 2 0
github.com/xdzczk/nostrmash/internal/ingestor/relay/nostr_connector.go:45.3,49.65 5 0
github.com/xdzczk/nostrmash/internal/ingestor/relay/nostr_connector.go:51.2,60.16 3 0
github.com/xdzczk/nostrmash/internal/ingestor/relay/nostr_connector.go:60.16,63.3 2 0
github.com/xdzczk/nostrmash/internal/ingestor/relay/nostr_connector.go:64.2,64.73 1 0
github.com/xdzczk/nostrmash/internal/ingestor/relay/nostr_connector.go:64.73,67.3 2 0
github.com/xdzczk/nostrmash/internal/ingestor/relay/nostr_connector.go:69.2,72.18 3 0
github.com/xdzczk/nostrmash/internal/ingestor/relay/nostr_connector.go:72.18,85.3 1 0
github.com/xdzczk/nostrmash/internal/ingestor/relay/nostr_connector.go:86.2,86.20 1 0
github.com/xdzczk/nostrmash/internal/ingestor/relay/nostr_connector.go:102.103,113.12 3 0
github.com/xdzczk/nostrmash/internal/ingestor/relay/nostr_connector.go:113.12,116.3 2 0
github.com/xdzczk/nostrmash/internal/ingestor/relay/nostr_connector.go:117.2,117.15 1 0
github.com/xdzczk/nostrmash/internal/ingestor/relay/nostr_connector.go:120.49,122.2 1 0
github.com/xdzczk/nostrmash/internal/ingestor/relay/nostr_connector.go:124.54,126.2 1 0
github.com/xdzczk/nostrmash/internal/ingestor/relay/nostr_connector.go:128.43,131.2 2 0
github.com/xdzczk/nostrmash/internal/ingestor/relay/nostr_connector.go:133.40,136.6 2 0
github.com/xdzczk/nostrmash/internal/ingestor/relay/nostr_connector.go:136.6,138.17 2 0
github.com/xdzczk/nostrmash/internal/ingestor/relay/nostr_connector.go:138.17,141.4 2 0
github.com/xdzczk/nostrmash/internal/ingestor/relay/nostr_connector.go:142.3,143.10 2 0
github.com/xdzczk/nostrmash/internal/ingestor/relay/nostr_connector.go:143.10,144.12 1 0
github.com/xdzczk/nostrmash/internal/ingestor/relay/nostr_connector.go:146.3,146.10 1 0
github.com/xdzczk/nostrmash/internal/ingestor/relay/nostr_connector.go:147.26,147.26 0 0
github.com/xdzczk/nostrmash/internal/ingestor/relay/nostr_connector.go:148.27,150.10 2 0
github.com/xdzczk/nostrmash/internal/ingestor/relay/nostr_connector.go:155.50,156.24 1 0
github.com/xdzczk/nostrmash/internal/ingestor/relay/nostr_connector.go:156.24,164.57 4 0
github.com/xdzczk/nostrmash/internal/ingestor/relay/nostr_connector.go:164.57,166.4 1 0
github.com/xdzczk/nostrmash/internal/ingestor/relay/nostr_connector.go:167.3,167.16 1 0
github.com/xdzczk/nostrmash/internal/ingestor/relay/nostr_connector.go:171.40,172.16 1 0
github.com/xdzczk/nostrmash/internal/ingestor/relay/nostr_connector.go:172.16,174.3 1 0
github.com/xdzczk/nostrmash/internal/ingestor/relay/nostr_connector.go:175.2,175.89 1 0
github.com/xdzczk/nostrmash/internal/ingestor/relay/nostr_connector.go:175.89,177.3 1 0
github.com/xdzczk/nostrmash/internal/ingestor/relay/nostr_connector.go:178.2,178.12 1 0
github.com/xdzczk/nostrmash/internal/ingestor/relay/nostr_connector.go:181.55,183.23 2 4
github.com/xdzczk/nostrmash/internal/ingestor/relay/nostr_connector.go:183.23,185.3 1 0
github.com/xdzczk/nostrmash/internal/ingestor/relay/nostr_connector.go:187.2,188.59 2 4
github.com/xdzczk/nostrmash/internal/ingestor/relay/nostr_connector.go:188.59,190.3 1 1
github.com/xdzczk/nostrmash/internal/ingestor/relay/nostr_connector.go:191.2,191.24 1 3
github.com/xdzczk/nostrmash/internal/ingestor/relay/nostr_connector.go:191.24,193.3 1 0
github.com/xdzczk/nostrmash/internal/ingestor/relay/nostr_connector.go:195.2,196.67 2 3
github.com/xdzczk/nostrmash/internal/ingestor/relay/nostr_connector.go:196.67,198.3 1 0
github.com/xdzczk/nostrmash/internal/ingestor/relay/nostr_connector.go:199.2,199.29 1 3
github.com/xdzczk/nostrmash/internal/ingestor/relay/nostr_connector.go:199.29,201.3 1 1
github.com/xdzczk/nostrmash/internal/ingestor/relay/nostr_connector.go:202.2,202.23 1 2
github.com/xdzczk/nostrmash/internal/ingestor/relay/nostr_connector.go:202.23,204.3 1 1
github.com/xdzczk/nostrmash/internal/ingestor/relay/nostr_connector.go:205.2,205.43 1 1
github.com/xdzczk/nostrmash/internal/store/failure/taxonomy.go:32.36,34.2 1 0
github.com/xdzczk/nostrmash/internal/store/failure/taxonomy.go:36.29,38.2 1 1
github.com/xdzczk/nostrmash/internal/store/failure/taxonomy.go:40.38,41.16 1 3
github.com/xdzczk/nostrmash/internal/store/failure/taxonomy.go:41.16,43.3 1 0
github.com/xdzczk/nostrmash/internal/store/failure/taxonomy.go:44.2,45.31 2 3
github.com/xdzczk/nostrmash/internal/store/failure/taxonomy.go:45.31,47.3 1 1
github.com/xdzczk/nostrmash/internal/store/failure/taxonomy.go:48.2,48.46 1 2
github.com/xdzczk/nostrmash/internal/store/failure/taxonomy.go:48.46,50.3 1 1
github.com/xdzczk/nostrmash/internal/store/failure/taxonomy.go:51.2,51.38 1 1
github.com/xdzczk/nostrmash/internal/store/failure/taxonomy.go:51.38,53.3 1 0
github.com/xdzczk/nostrmash/internal/store/failure/taxonomy.go:54.2,55.28 2 1
github.com/xdzczk/nostrmash/internal/store/failure/taxonomy.go:55.28,57.3 1 1
github.com/xdzczk/nostrmash/internal/store/failure/taxonomy.go:59.2,60.9 2 0
github.com/xdzczk/nostrmash/internal/store/failure/taxonomy.go:61.70,62.68 1 0
github.com/xdzczk/nostrmash/internal/store/failure/taxonomy.go:63.142,64.62 1 0
github.com/xdzczk/nostrmash/internal/store/failure/taxonomy.go:65.10,66.67 1 0
github.com/xdzczk/nostrmash/internal/store/failure/taxonomy.go:70.51,72.9 2 1
github.com/xdzczk/nostrmash/internal/store/failure/taxonomy.go:73.37,74.55 1 1
github.com/xdzczk/nostrmash/internal/store/failure/taxonomy.go:75.57,76.63 1 0
github.com/xdzczk/nostrmash/internal/store/failure/taxonomy.go:77.21,78.55 1 0
github.com/xdzczk/nostrmash/internal/store/failure/taxonomy.go:79.10,80.51 1 0
github.com/xdzczk/nostrmash/internal/config/api.go:51.35,53.16 2 8
github.com/xdzczk/nostrmash/internal/config/api.go:53.16,55.3 1 1
github.com/xdzczk/nostrmash/internal/config/api.go:57.2,59.16 3 7
github.com/xdzczk/nostrmash/internal/config/api.go:59.16,61.3 1 1
github.com/xdzczk/nostrmash/internal/config/api.go:62.2,63.16 2 6
github.com/xdzczk/nostrmash/internal/config/api.go:63.16,65.3 1 0
github.com/xdzczk/nostrmash/internal/config/api.go:66.2,67.16 2 6
github.com/xdzczk/nostrmash/internal/config/api.go:67.16,69.3 1 0
github.com/xdzczk/nostrmash/internal/config/api.go:70.2,71.16 2 6
github.com/xdzczk/nostrmash/internal/config/api.go:71.16,73.3 1 0
github.com/xdzczk/nostrmash/internal/config/api.go:74.2,75.16 2 6
github.com/xdzczk/nostrmash/internal/config/api.go:75.16,77.3 1 0
github.com/xdzczk/nostrmash/internal/config/api.go:78.2,79.16 2 6
github.com/xdzczk/nostrmash/internal/config/api.go:79.16,81.3 1 0
github.com/xdzczk/nostrmash/internal/config/api.go:82.2,83.16 2 6
github.com/xdzczk/nostrmash/internal/config/api.go:83.16,85.3 1 0
github.com/xdzczk/nostrmash/internal/config/api.go:86.2,87.16 2 6
github.com/xdzczk/nostrmash/internal/config/api.go:87.16,89.3 1 0
github.com/xdzczk/nostrmash/internal/config/api.go:90.2,91.16 2 6
github.com/xdzczk/nostrmash/internal/config/api.go:91.16,93.3 1 0
github.com/xdzczk/nostrmash/internal/config/api.go:94.2,95.16 2 6
github.com/xdzczk/nostrmash/internal/config/api.go:95.16,97.3 1 1
github.com/xdzczk/nostrmash/internal/config/api.go:98.2,99.16 2 5
github.com/xdzczk/nostrmash/internal/config/api.go:99.16,101.3 1 0
github.com/xdzczk/nostrmash/internal/config/api.go:102.2,103.16 2 5
github.com/xdzczk/nostrmash/internal/config/api.go:103.16,105.3 1 0
github.com/xdzczk/nostrmash/internal/config/api.go:106.2,107.28 2 5
github.com/xdzczk/nostrmash/internal/config/api.go:107.28,109.3 1 3
github.com/xdzczk/nostrmash/internal/config/api.go:110.2,111.16 2 5
github.com/xdzczk/nostrmash/internal/config/api.go:111.16,113.3 1 1
github.com/xdzczk/nostrmash/internal/config/api.go:115.2,146.47 2 4
github.com/xdzczk/nostrmash/internal/config/api.go:146.47,148.3 1 1
github.com/xdzczk/nostrmash/internal/config/api.go:149.2,149.17 1 3
github.com/xdzczk/nostrmash/internal/config/api.go:152.45,153.44 1 4
github.com/xdzczk/nostrmash/internal/config/api.go:153.44,155.3 1 0
github.com/xdzczk/nostrmash/internal/config/api.go:156.2,156.38 1 4
github.com/xdzczk/nostrmash/internal/config/api.go:156.38,158.3 1 0
github.com/xdzczk/nostrmash/internal/config/api.go:159.2,159.34 1 4
github.com/xdzczk/nostrmash/internal/config/api.go:159.34,160.54 1 3
github.com/xdzczk/nostrmash/internal/config/api.go:160.54,161.56 1 1
github.com/xdzczk/nostrmash/internal/config/api.go:161.56,163.5 1 1
github.com/xdzczk/nostrmash/internal/config/api.go:166.2,166.67 1 3
github.com/xdzczk/nostrmash/internal/config/api.go:166.67,168.3 1 0
github.com/xdzczk/nostrmash/internal/config/api.go:169.2,169.67 1 3
github.com/xdzczk/nostrmash/internal/config/api.go:169.67,171.3 1 0
github.com/xdzczk/nostrmash/internal/config/api.go:172.2,172.12 1 3
github.com/xdzczk/nostrmash/internal/config/api.go:175.46,177.16 2 1
github.com/xdzczk/nostrmash/internal/config/api.go:177.16,179.3 1 0
github.com/xdzczk/nostrmash/internal/config/api.go:180.2,180.57 1 1
github.com/xdzczk/nostrmash/internal/config/api.go:180.57,182.3 1 1
github.com/xdzczk/nostrmash/internal/config/api.go:183.2,183.23 1 0
github.com/xdzczk/nostrmash/internal/config/api.go:183.23,185.3 1 0
github.com/xdzczk/nostrmash/internal/config/api.go:186.2,186.45 1 0
github.com/xdzczk/nostrmash/internal/config/api.go:186.45,188.3 1 0
github.com/xdzczk/nostrmash/internal/config/api.go:189.2,189.74 1 0
github.com/xdzczk/nostrmash/internal/config/api.go:189.74,191.3 1 0
github.com/xdzczk/nostrmash/internal/config/api.go:192.2,192.12 1 0
github.com/xdzczk/nostrmash/internal/config/api.go:195.66,198.27 3 5
github.com/xdzczk/nostrmash/internal/config/api.go:198.27,200.17 2 3
github.com/xdzczk/nostrmash/internal/config/api.go:200.17,202.4 1 1
github.com/xdzczk/nostrmash/internal/config/api.go:203.3,203.44 1 2
github.com/xdzczk/nostrmash/internal/config/api.go:203.44,204.12 1 1
github.com/xdzczk/nostrmash/internal/config/api.go:206.3,207.32 2 1
github.com/xdzczk/nostrmash/internal/config/api.go:209.2,209.17 1 4
github.com/xdzczk/nostrmash/internal/config/config.go:81.47,82.50 1 2
github.com/xdzczk/nostrmash/internal/config/config.go:82.50,84.3 1 1
github.com/xdzczk/nostrmash/internal/config/config.go:85.2,86.16 2 1
github.com/xdzczk/nostrmash/internal/config/config.go:86.16,88.3 1 0
github.com/xdzczk/nostrmash/internal/config/config.go:89.2,98.8 1 1
github.com/xdzczk/nostrmash/internal/config/config.go:101.37,102.53 1 117
github.com/xdzczk/nostrmash/internal/config/config.go:102.53,104.3 1 15
github.com/xdzczk/nostrmash/internal/config/config.go:105.2,105.12 1 102
github.com/xdzczk/nostrmash/internal/config/config.go:108.44,110.15 2 46
github.com/xdzczk/nostrmash/internal/config/config.go:110.15,112.3 1 31
github.com/xdzczk/nostrmash/internal/config/config.go:113.2,114.16 2 15
github.com/xdzczk/nostrmash/internal/config/config.go:114.16,116.3 1 0
github.com/xdzczk/nostrmash/internal/config/config.go:117.2,117.10 1 15
github.com/xdzczk/nostrmash/internal/config/config.go:120.66,122.15 2 30
github.com/xdzczk/nostrmash/internal/config/config.go:122.15,124.3 1 26
github.com/xdzczk/nostrmash/internal/config/config.go:125.2,126.26 2 4
github.com/xdzczk/nostrmash/internal/config/config.go:126.26,128.3 1 0
github.com/xdzczk/nostrmash/internal/config/config.go:129.2,129.10 1 4
github.com/xdzczk/nostrmash/internal/config/config.go:132.41,134.15 2 21
github.com/xdzczk/nostrmash/internal/config/config.go:134.15,136.3 1 16
github.com/xdzczk/nostrmash/internal/config/config.go:137.2,138.26 2 5
github.com/xdzczk/nostrmash/internal/config/config.go:138.26,140.3 1 0
github.com/xdzczk/nostrmash/internal/config/config.go:141.2,141.10 1 5
github.com/xdzczk/nostrmash/internal/config/config.go:144.47,146.15 2 3
github.com/xdzczk/nostrmash/internal/config/config.go:146.15,148.3 1 2
github.com/xdzczk/nostrmash/internal/config/config.go:149.2,150.26 2 1
github.com/xdzczk/nostrmash/internal/config/config.go:150.26,152.3 1 0
github.com/xdzczk/nostrmash/internal/config/config.go:153.2,153.10 1 1
github.com/xdzczk/nostrmash/internal/config/config.go:156.44,158.15 2 6
github.com/xdzczk/nostrmash/internal/config/config.go:158.15,160.3 1 6
github.com/xdzczk/nostrmash/internal/config/config.go:161.2,162.25 2 0
github.com/xdzczk/nostrmash/internal/config/config.go:162.25,164.3 1 0
github.com/xdzczk/nostrmash/internal/config/config.go:165.2,165.11 1 0
github.com/xdzczk/nostrmash/internal/config/config.go:168.67,170.15 2 7
github.com/xdzczk/nostrmash/internal/config/config.go:170.15,172.3 1 6
github.com/xdzczk/nostrmash/internal/config/config.go:173.2,174.16 2 1
github.com/xdzczk/nostrmash/internal/config/config.go:174.16,176.3 1 1
github.com/xdzczk/nostrmash/internal/config/config.go:177.2,177.11 1 0
github.com/xdzczk/nostrmash/internal/config/config.go:177.11,179.3 1 0
github.com/xdzczk/nostrmash/internal/config/config.go:180.2,180.15 1 0
github.com/xdzczk/nostrmash/internal/config/config.go:183.39,185.15 2 29
github.com/xdzczk/nostrmash/internal/config/config.go:185.15,187.3 1 19
github.com/xdzczk/nostrmash/internal/config/config.go:188.2,190.26 3 10
github.com/xdzczk/nostrmash/internal/config/config.go:190.26,192.14 2 12
github.com/xdzczk/nostrmash/internal/config/config.go:192.14,194.4 1 12
github.com/xdzczk/nostrmash/internal/config/config.go:196.2,196.12 1 10
github.com/xdzczk/nostrmash/internal/config/config.go:199.53,200.57 1 4
github.com/xdzczk/nostrmash/internal/config/config.go:201.45,202.14 1 4
github.com/xdzczk/nostrmash/internal/config/config.go:203.10,204.15 1 0
github.com/xdzczk/nostrmash/internal/config/config.go:208.49,209.41 1 5
github.com/xdzczk/nostrmash/internal/config/config.go:209.41,211.3 1 0
github.com/xdzczk/nostrmash/internal/config/config.go:212.2,212.24 1 5
github.com/xdzczk/nostrmash/internal/config/config.go:212.24,213.51 1 0
github.com/xdzczk/nostrmash/internal/config/config.go:213.51,215.4 1 0
github.com/xdzczk/nostrmash/internal/config/config.go:216.3,216.13 1 0
github.com/xdzczk/nostrmash/internal/config/config.go:218.2,218.29 1 5
github.com/xdzczk/nostrmash/internal/config/config.go:218.29,220.3 1 0
github.com/xdzczk/nostrmash/internal/config/config.go:222.2,223.41 2 5
github.com/xdzczk/nostrmash/internal/config/config.go:223.41,225.17 2 5
github.com/xdzczk/nostrmash/internal/config/config.go:225.17,227.4 1 1
github.com/xdzczk/nostrmash/internal/config/config.go:228.3,228.33 1 4
github.com/xdzczk/nostrmash/internal/config/config.go:231.2,231.36 1 4
github.com/xdzczk/nostrmash/internal/config/config.go:231.36,233.17 2 4
github.com/xdzczk/nostrmash/internal/config/config.go:233.17,235.4 1 0
github.com/xdzczk/nostrmash/internal/config/config.go:236.3,236.38 1 4
github.com/xdzczk/nostrmash/internal/config/config.go:236.38,238.4 1 1
github.com/xdzczk/nostrmash/internal/config/config.go:241.2,241.40 1 3
github.com/xdzczk/nostrmash/internal/config/config.go:241.40,243.17 2 0
github.com/xdzczk/nostrmash/internal/config/config.go:243.17,245.4 1 0
github.com/xdzczk/nostrmash/internal/config/config.go:246.3,246.38 1 0
github.com/xdzczk/nostrmash/internal/config/config.go:246.38,248.4 1 0
github.com/xdzczk/nostrmash/internal/config/config.go:251.2,251.50 1 3
github.com/xdzczk/nostrmash/internal/config/config.go:251.50,253.3 1 0
github.com/xdzczk/nostrmash/internal/config/config.go:255.2,255.12 1 3
github.com/xdzczk/nostrmash/internal/config/config.go:258.55,259.18 1 4
github.com/xdzczk/nostrmash/internal/config/config.go:259.18,261.3 1 3
github.com/xdzczk/nostrmash/internal/config/config.go:262.2,262.28 1 1
github.com/xdzczk/nostrmash/internal/config/config.go:262.28,264.3 1 0
github.com/xdzczk/nostrmash/internal/config/config.go:265.2,265.24 1 1
github.com/xdzczk/nostrmash/internal/config/config.go:265.24,267.3 1 0
github.com/xdzczk/nostrmash/internal/config/config.go:268.2,268.26 1 1
github.com/xdzczk/nostrmash/internal/config/config.go:268.26,270.3 1 0
github.com/xdzczk/nostrmash/internal/config/config.go:271.2,271.27 1 1
github.com/xdzczk/nostrmash/internal/config/config.go:271.27,273.3 1 0
github.com/xdzczk/nostrmash/internal/config/config.go:274.2,274.29 1 1
github.com/xdzczk/nostrmash/internal/config/config.go:274.29,276.3 1 0
github.com/xdzczk/nostrmash/internal/config/config.go:277.2,277.69 1 1
github.com/xdzczk/nostrmash/internal/config/config.go:277.69,279.3 1 1
github.com/xdzczk/nostrmash/internal/config/config.go:280.2,280.12 1 0
github.com/xdzczk/nostrmash/internal/config/config.go:283.99,284.50 1 4
github.com/xdzczk/nostrmash/internal/config/config.go:284.50,286.3 1 0
github.com/xdzczk/nostrmash/internal/config/config.go:287.2,288.20 2 4
github.com/xdzczk/nostrmash/internal/config/config.go:289.14,290.27 1 3
github.com/xdzczk/nostrmash/internal/config/config.go:290.27,292.4 1 0
github.com/xdzczk/nostrmash/internal/config/config.go:293.3,293.46 1 3
github.com/xdzczk/nostrmash/internal/config/config.go:293.46,295.4 1 0
github.com/xdzczk/nostrmash/internal/config/config.go:296.3,296.41 1 3
github.com/xdzczk/nostrmash/internal/config/config.go:296.41,298.4 1 0
github.com/xdzczk/nostrmash/internal/config/config.go:299.3,299.13 1 3
github.com/xdzczk/nostrmash/internal/config/config.go:300.16,301.50 1 1
github.com/xdzczk/nostrmash/internal/config/config.go:301.50,303.4 1 1
github.com/xdzczk/nostrmash/internal/config/config.go:304.3,304.13 1 0
github.com/xdzczk/nostrmash/internal/config/config.go:305.10,306.65 1 0
github.com/xdzczk/nostrmash/internal/config/config.go:310.58,311.16 1 3
github.com/xdzczk/nostrmash/internal/config/config.go:311.16,313.3 1 0
github.com/xdzczk/nostrmash/internal/config/config.go:314.2,315.15 2 3
github.com/xdzczk/nostrmash/internal/config/config.go:315.15,317.3 1 3
github.com/xdzczk/nostrmash/internal/config/config.go:318.2,319.61 2 0
github.com/xdzczk/nostrmash/internal/config/config.go:319.61,321.3 1 0
github.com/xdzczk/nostrmash/internal/config/config.go:322.2,322.34 1 0
github.com/xdzczk/nostrmash/internal/config/config.go:322.34,324.24 2 0
github.com/xdzczk/nostrmash/internal/config/config.go:324.24,326.4 1 0
github.com/xdzczk/nostrmash/internal/config/config.go:327.3,329.4 1 0
github.com/xdzczk/nostrmash/internal/config/config.go:331.2,331.12 1 0
github.com/xdzczk/nostrmash/internal/config/config.go:334.51,340.2 1 3
github.com/xdzczk/nostrmash/internal/config/config.go:342.50,343.29 1 3
github.com/xdzczk/nostrmash/internal/config/config.go:343.29,345.3 1 0
github.com/xdzczk/nostrmash/internal/config/config.go:346.2,347.9 2 3
github.com/xdzczk/nostrmash/internal/config/config.go:347.9,349.3 1 0
github.com/xdzczk/nostrmash/internal/config/config.go:350.2,354.40 5 3
github.com/xdzczk/nostrmash/internal/config/config.go:354.40,359.3 1 0
github.com/xdzczk/nostrmash/internal/config/config.go:360.2,361.18 2 3
github.com/xdzczk/nostrmash/internal/config/config.go:361.18,363.3 1 0
github.com/xdzczk/nostrmash/internal/config/config.go:364.2,364.44 1 3
github.com/xdzczk/nostrmash/internal/config/config.go:364.44,366.3 1 0
github.com/xdzczk/nostrmash/internal/config/config.go:367.2,367.12 1 3
github.com/xdzczk/nostrmash/internal/config/config.go:370.69,372.2 1 12
github.com/xdzczk/nostrmash/internal/config/doc.go:19.34,588.2 1 3
github.com/xdzczk/nostrmash/internal/config/doc.go:591.45,593.22 2 2
github.com/xdzczk/nostrmash/internal/config/doc.go:593.22,597.3 3 160
github.com/xdzczk/nostrmash/internal/config/doc.go:598.2,598.49 1 2
github.com/xdzczk/nostrmash/internal/config/doc.go:598.49,600.3 1 542
github.com/xdzczk/nostrmash/internal/config/doc.go:602.2,611.27 10 2
github.com/xdzczk/nostrmash/internal/config/doc.go:611.27,613.19 2 160
github.com/xdzczk/nostrmash/internal/config/doc.go:613.19,615.4 1 2
github.com/xdzczk/nostrmash/internal/config/doc.go:616.3,617.44 2 160
github.com/xdzczk/nostrmash/internal/config/doc.go:617.44,619.4 1 26
github.com/xdzczk/nostrmash/internal/config/doc.go:620.3,631.24 12 160
github.com/xdzczk/nostrmash/internal/config/doc.go:633.2,633.19 1 2
github.com/xdzczk/nostrmash/internal/config/ingestor.go:45.45,47.16 2 4
github.com/xdzczk/nostrmash/internal/config/ingestor.go:47.16,49.3 1 0
github.com/xdzczk/nostrmash/internal/config/ingestor.go:51.2,57.16 4 4
github.com/xdzczk/nostrmash/internal/config/ingestor.go:57.16,59.3 1 1
github.com/xdzczk/nostrmash/internal/config/ingestor.go:60.2,64.16 2 3
github.com/xdzczk/nostrmash/internal/config/ingestor.go:64.16,66.3 1 0
github.com/xdzczk/nostrmash/internal/config/ingestor.go:68.2,120.64 2 3
github.com/xdzczk/nostrmash/internal/config/ingestor.go:120.64,122.3 1 0
github.com/xdzczk/nostrmash/internal/config/ingestor.go:123.2,123.55 1 3
github.com/xdzczk/nostrmash/internal/config/ingestor.go:123.55,125.3 1 0
github.com/xdzczk/nostrmash/internal/config/ingestor.go:126.2,126.61 1 3
github.com/xdzczk/nostrmash/internal/config/ingestor.go:126.61,128.3 1 0
github.com/xdzczk/nostrmash/internal/config/ingestor.go:129.2,129.110 1 3
github.com/xdzczk/nostrmash/internal/config/ingestor.go:129.110,131.3 1 0
github.com/xdzczk/nostrmash/internal/config/ingestor.go:132.2,132.54 1 3
github.com/xdzczk/nostrmash/internal/config/ingestor.go:132.54,134.3 1 0
github.com/xdzczk/nostrmash/internal/config/ingestor.go:135.2,135.80 1 3
github.com/xdzczk/nostrmash/internal/config/ingestor.go:135.80,137.3 1 0
github.com/xdzczk/nostrmash/internal/config/ingestor.go:138.2,138.28 1 3
github.com/xdzczk/nostrmash/internal/config/ingestor.go:138.28,139.44 1 1
github.com/xdzczk/nostrmash/internal/config/ingestor.go:139.44,141.4 1 0
github.com/xdzczk/nostrmash/internal/config/ingestor.go:142.3,142.46 1 1
github.com/xdzczk/nostrmash/internal/config/ingestor.go:142.46,144.4 1 0
github.com/xdzczk/nostrmash/internal/config/ingestor.go:145.3,145.42 1 1
github.com/xdzczk/nostrmash/internal/config/ingestor.go:145.42,147.4 1 0
github.com/xdzczk/nostrmash/internal/config/ingestor.go:148.3,148.39 1 1
github.com/xdzczk/nostrmash/internal/config/ingestor.go:148.39,150.4 1 0
github.com/xdzczk/nostrmash/internal/config/ingestor.go:151.3,151.38 1 1
github.com/xdzczk/nostrmash/internal/config/ingestor.go:151.38,153.4 1 0
github.com/xdzczk/nostrmash/internal/config/ingestor.go:154.3,154.48 1 1
github.com/xdzczk/nostrmash/internal/config/ingestor.go:154.48,156.4 1 0
github.com/xdzczk/nostrmash/internal/config/ingestor.go:157.3,157.47 1 1
github.com/xdzczk/nostrmash/internal/config/ingestor.go:157.47,159.4 1 0
github.com/xdzczk/nostrmash/internal/config/ingestor.go:160.3,160.44 1 1
github.com/xdzczk/nostrmash/internal/config/ingestor.go:160.44,162.4 1 0
github.com/xdzczk/nostrmash/internal/config/ingestor.go:163.3,163.36 1 1
github.com/xdzczk/nostrmash/internal/config/ingestor.go:163.36,165.4 1 0
github.com/xdzczk/nostrmash/internal/config/ingestor.go:167.2,167.17 1 3
github.com/xdzczk/nostrmash/internal/config/shared.go:31.65,43.27 2 30
github.com/xdzczk/nostrmash/internal/config/shared.go:43.27,45.3 1 0
github.com/xdzczk/nostrmash/internal/config/shared.go:46.2,46.50 1 30
github.com/xdzczk/nostrmash/internal/config/shared.go:46.50,48.3 1 3
github.com/xdzczk/nostrmash/internal/config/shared.go:49.2,49.17 1 27
github.com/xdzczk/nostrmash/internal/config/shared.go:52.51,53.47 1 30
github.com/xdzczk/nostrmash/internal/config/shared.go:53.47,55.3 1 0
github.com/xdzczk/nostrmash/internal/config/shared.go:56.2,56.74 1 30
github.com/xdzczk/nostrmash/internal/config/shared.go:56.74,57.88 1 30
github.com/xdzczk/nostrmash/internal/config/shared.go:57.88,59.4 1 1
github.com/xdzczk/nostrmash/internal/config/shared.go:61.2,61.72 1 29
github.com/xdzczk/nostrmash/internal/config/shared.go:61.72,62.88 1 3
github.com/xdzczk/nostrmash/internal/config/shared.go:62.88,64.4 1 2
github.com/xdzczk/nostrmash/internal/config/shared.go:66.2,66.12 1 27
github.com/xdzczk/nostrmash/internal/config/shared.go:69.64,71.15 2 105
github.com/xdzczk/nostrmash/internal/config/shared.go:71.15,73.3 1 92
github.com/xdzczk/nostrmash/internal/config/shared.go:74.2,75.26 2 13
github.com/xdzczk/nostrmash/internal/config/shared.go:75.26,77.3 1 4
github.com/xdzczk/nostrmash/internal/config/shared.go:78.2,78.15 1 9
github.com/xdzczk/nostrmash/internal/config/shared.go:81.70,83.15 2 6
github.com/xdzczk/nostrmash/internal/config/shared.go:83.15,85.3 1 5
github.com/xdzczk/nostrmash/internal/config/shared.go:86.2,87.26 2 1
github.com/xdzczk/nostrmash/internal/config/shared.go:87.26,89.3 1 0
github.com/xdzczk/nostrmash/internal/config/shared.go:90.2,90.15 1 1
github.com/xdzczk/nostrmash/internal/config/shared.go:93.89,95.15 2 83
github.com/xdzczk/nostrmash/internal/config/shared.go:95.15,97.3 1 76
github.com/xdzczk/nostrmash/internal/config/shared.go:98.2,99.26 2 7
github.com/xdzczk/nostrmash/internal/config/shared.go:99.26,101.3 1 4
github.com/xdzczk/nostrmash/internal/config/shared.go:102.2,102.15 1 3
github.com/xdzczk/nostrmash/internal/config/trust_worker.go:26.51,28.16 2 10
github.com/xdzczk/nostrmash/internal/config/trust_worker.go:28.16,30.3 1 2
github.com/xdzczk/nostrmash/internal/config/trust_worker.go:31.2,32.16 2 8
github.com/xdzczk/nostrmash/internal/config/trust_worker.go:32.16,34.3 1 1
github.com/xdzczk/nostrmash/internal/config/trust_worker.go:35.2,36.16 2 7
github.com/xdzczk/nostrmash/internal/config/trust_worker.go:36.16,38.3 1 0
github.com/xdzczk/nostrmash/internal/config/trust_worker.go:39.2,40.16 2 7
github.com/xdzczk/nostrmash/internal/config/trust_worker.go:40.16,42.3 1 1
github.com/xdzczk/nostrmash/internal/config/trust_worker.go:43.2,44.16 2 6
github.com/xdzczk/nostrmash/internal/config/trust_worker.go:44.16,46.3 1 0
github.com/xdzczk/nostrmash/internal/config/trust_worker.go:47.2,48.16 2 6
github.com/xdzczk/nostrmash/internal/config/trust_worker.go:48.16,50.3 1 1
github.com/xdzczk/nostrmash/internal/config/trust_worker.go:52.2,66.55 2 5
github.com/xdzczk/nostrmash/internal/config/trust_worker.go:66.55,68.3 1 2
github.com/xdzczk/nostrmash/internal/config/trust_worker.go:69.2,69.17 1 3
github.com/xdzczk/nostrmash/internal/config/trust_worker.go:72.61,73.26 1 5
github.com/xdzczk/nostrmash/internal/config/trust_worker.go:73.26,75.3 1 0
github.com/xdzczk/nostrmash/internal/config/trust_worker.go:76.2,76.29 1 5
github.com/xdzczk/nostrmash/internal/config/trust_worker.go:76.29,78.3 1 0
github.com/xdzczk/nostrmash/internal/config/trust_worker.go:79.2,79.27 1 5
github.com/xdzczk/nostrmash/internal/config/trust_worker.go:79.27,81.3 1 0
github.com/xdzczk/nostrmash/internal/config/trust_worker.go:82.2,82.25 1 5
github.com/xdzczk/nostrmash/internal/config/trust_worker.go:82.25,84.3 1 0
github.com/xdzczk/nostrmash/internal/config/trust_worker.go:85.2,85.73 1 5
github.com/xdzczk/nostrmash/internal/config/trust_worker.go:85.73,87.3 1 0
github.com/xdzczk/nostrmash/internal/config/trust_worker.go:88.2,88.53 1 5
github.com/xdzczk/nostrmash/internal/config/trust_worker.go:88.53,90.3 1 1
github.com/xdzczk/nostrmash/internal/config/trust_worker.go:91.2,91.67 1 4
github.com/xdzczk/nostrmash/internal/config/trust_worker.go:91.67,93.3 1 1
github.com/xdzczk/nostrmash/internal/config/trust_worker.go:94.2,94.73 1 3
github.com/xdzczk/nostrmash/internal/config/trust_worker.go:94.73,96.3 1 0
github.com/xdzczk/nostrmash/internal/config/trust_worker.go:97.2,97.12 1 3
github.com/xdzczk/nostrmash/internal/config/worker.go:38.41,40.16 2 8
github.com/xdzczk/nostrmash/internal/config/worker.go:40.16,42.3 1 0
github.com/xdzczk/nostrmash/internal/config/worker.go:43.2,44.16 2 8
github.com/xdzczk/nostrmash/internal/config/worker.go:44.16,46.3 1 1
github.com/xdzczk/nostrmash/internal/config/worker.go:47.2,48.16 2 7
github.com/xdzczk/nostrmash/internal/config/worker.go:48.16,50.3 1 1
github.com/xdzczk/nostrmash/internal/config/worker.go:51.2,52.16 2 6
github.com/xdzczk/nostrmash/internal/config/worker.go:52.16,54.3 1 0
github.com/xdzczk/nostrmash/internal/config/worker.go:55.2,56.16 2 6
github.com/xdzczk/nostrmash/internal/config/worker.go:56.16,58.3 1 0
github.com/xdzczk/nostrmash/internal/config/worker.go:59.2,60.16 2 6
github.com/xdzczk/nostrmash/internal/config/worker.go:60.16,62.3 1 0
github.com/xdzczk/nostrmash/internal/config/worker.go:63.2,64.16 2 6
github.com/xdzczk/nostrmash/internal/config/worker.go:64.16,66.3 1 0
github.com/xdzczk/nostrmash/internal/config/worker.go:67.2,68.16 2 6
github.com/xdzczk/nostrmash/internal/config/worker.go:68.16,70.3 1 1
github.com/xdzczk/nostrmash/internal/config/worker.go:71.2,72.16 2 5
github.com/xdzczk/nostrmash/internal/config/worker.go:72.16,74.3 1 0
github.com/xdzczk/nostrmash/internal/config/worker.go:75.2,76.16 2 5
github.com/xdzczk/nostrmash/internal/config/worker.go:76.16,78.3 1 0
github.com/xdzczk/nostrmash/internal/config/worker.go:79.2,80.16 2 5
github.com/xdzczk/nostrmash/internal/config/worker.go:80.16,82.3 1 0
github.com/xdzczk/nostrmash/internal/config/worker.go:83.2,84.16 2 5
github.com/xdzczk/nostrmash/internal/config/worker.go:84.16,86.3 1 0
github.com/xdzczk/nostrmash/internal/config/worker.go:87.2,110.50 2 5
github.com/xdzczk/nostrmash/internal/config/worker.go:110.50,112.3 1 1
github.com/xdzczk/nostrmash/internal/config/worker.go:113.2,113.17 1 4
github.com/xdzczk/nostrmash/internal/config/worker.go:116.51,117.26 1 5
github.com/xdzczk/nostrmash/internal/config/worker.go:117.26,119.3 1 0
github.com/xdzczk/nostrmash/internal/config/worker.go:120.2,120.73 1 5
github.com/xdzczk/nostrmash/internal/config/worker.go:120.73,122.3 1 0
github.com/xdzczk/nostrmash/internal/config/worker.go:123.2,123.30 1 5
github.com/xdzczk/nostrmash/internal/config/worker.go:123.30,124.44 1 3
github.com/xdzczk/nostrmash/internal/config/worker.go:124.44,126.4 1 0
github.com/xdzczk/nostrmash/internal/config/worker.go:127.3,127.39 1 3
github.com/xdzczk/nostrmash/internal/config/worker.go:127.39,129.4 1 0
github.com/xdzczk/nostrmash/internal/config/worker.go:130.3,130.40 1 3
github.com/xdzczk/nostrmash/internal/config/worker.go:130.40,132.4 1 0
github.com/xdzczk/nostrmash/internal/config/worker.go:133.3,133.45 1 3
github.com/xdzczk/nostrmash/internal/config/worker.go:133.45,135.4 1 0
github.com/xdzczk/nostrmash/internal/config/worker.go:137.2,137.39 1 5
github.com/xdzczk/nostrmash/internal/config/worker.go:137.39,138.44 1 4
github.com/xdzczk/nostrmash/internal/config/worker.go:138.44,140.4 1 0
github.com/xdzczk/nostrmash/internal/config/worker.go:141.3,141.49 1 4
github.com/xdzczk/nostrmash/internal/config/worker.go:141.49,143.4 1 0
github.com/xdzczk/nostrmash/internal/config/worker.go:144.3,144.54 1 4
github.com/xdzczk/nostrmash/internal/config/worker.go:144.54,146.4 1 0
github.com/xdzczk/nostrmash/internal/config/worker.go:147.3,147.52 1 4
github.com/xdzczk/nostrmash/internal/config/worker.go:147.52,148.57 1 4
github.com/xdzczk/nostrmash/internal/config/worker.go:148.57,150.5 1 0
github.com/xdzczk/nostrmash/internal/config/worker.go:151.4,151.61 1 4
github.com/xdzczk/nostrmash/internal/config/worker.go:151.61,153.5 1 0
github.com/xdzczk/nostrmash/internal/config/worker.go:154.4,154.88 1 4
github.com/xdzczk/nostrmash/internal/config/worker.go:154.88,156.5 1 1
github.com/xdzczk/nostrmash/internal/config/worker.go:159.2,159.12 1 4
github.com/xdzczk/nostrmash/internal/config/worker_queue_recovery.go:14.69,16.16 2 13
github.com/xdzczk/nostrmash/internal/config/worker_queue_recovery.go:16.16,18.3 1 1
github.com/xdzczk/nostrmash/internal/config/worker_queue_recovery.go:19.2,20.16 2 12
github.com/xdzczk/nostrmash/internal/config/worker_queue_recovery.go:20.16,22.3 1 0
github.com/xdzczk/nostrmash/internal/config/worker_queue_recovery.go:23.2,24.16 2 12
github.com/xdzczk/nostrmash/internal/config/worker_queue_recovery.go:24.16,26.3 1 1
github.com/xdzczk/nostrmash/internal/config/worker_queue_recovery.go:27.2,32.61 2 11
github.com/xdzczk/nostrmash/internal/config/worker_queue_recovery.go:32.61,34.3 1 0
github.com/xdzczk/nostrmash/internal/config/worker_queue_recovery.go:35.2,35.17 1 11
github.com/xdzczk/nostrmash/internal/config/worker_queue_recovery.go:38.73,39.29 1 21
github.com/xdzczk/nostrmash/internal/config/worker_queue_recovery.go:39.29,41.3 1 0
github.com/xdzczk/nostrmash/internal/config/worker_queue_recovery.go:42.2,42.36 1 21
github.com/xdzczk/nostrmash/internal/config/worker_queue_recovery.go:42.36,44.3 1 0
github.com/xdzczk/nostrmash/internal/config/worker_queue_recovery.go:45.2,45.38 1 21
github.com/xdzczk/nostrmash/internal/config/worker_queue_recovery.go:45.38,47.3 1 0
github.com/xdzczk/nostrmash/internal/config/worker_queue_recovery.go:48.2,48.12 1 21
github.com/xdzczk/nostrmash/internal/metrics/build.go:10.29,27.2 3 1
github.com/xdzczk/nostrmash/internal/metrics/build.go:29.71,32.2 2 1
github.com/xdzczk/nostrmash/internal/metrics/build.go:34.74,37.2 2 1
github.com/xdzczk/nostrmash/internal/metrics/db_pool_collector.go:16.41,17.17 1 0
github.com/xdzczk/nostrmash/internal/metrics/db_pool_collector.go:17.17,19.3 1 0
github.com/xdzczk/nostrmash/internal/metrics/db_pool_collector.go:20.2,24.33 4 0
github.com/xdzczk/nostrmash/internal/metrics/db_pool_collector.go:24.33,26.3 1 0
github.com/xdzczk/nostrmash/internal/metrics/db_pool_collector.go:28.2,29.45 2 0
github.com/xdzczk/nostrmash/internal/metrics/db_pool_collector.go:47.68,61.2 1 1
github.com/xdzczk/nostrmash/internal/metrics/db_pool_collector.go:63.64,74.2 10 1
github.com/xdzczk/nostrmash/internal/metrics/db_pool_collector.go:96.47,98.2 1 0
github.com/xdzczk/nostrmash/internal/metrics/db_pool_collector.go:104.44,106.2 1 0
github.com/xdzczk/nostrmash/internal/metrics/db_pool_collector.go:108.47,110.2 1 0
github.com/xdzczk/nostrmash/internal/metrics/db_pool_collector.go:112.43,114.2 1 0
github.com/xdzczk/nostrmash/internal/metrics/db_pool_collector.go:116.42,118.2 1 0
github.com/xdzczk/nostrmash/internal/metrics/db_pool_collector.go:120.46,122.2 1 0
github.com/xdzczk/nostrmash/internal/metrics/db_pool_collector.go:124.57,126.2 1 0
github.com/xdzczk/nostrmash/internal/metrics/db_pool_collector.go:128.51,130.2 1 0
github.com/xdzczk/nostrmash/internal/metrics/db_pool_collector.go:132.54,134.2 1 0
github.com/xdzczk/nostrmash/internal/metrics/db_pool_collector.go:136.51,138.2 1 0
github.com/xdzczk/nostrmash/internal/metrics/db_pool_collector.go:140.64,152.17 10 1
github.com/xdzczk/nostrmash/internal/metrics/db_pool_collector.go:152.17,154.3 1 1
github.com/xdzczk/nostrmash/internal/metrics/db_pool_collector.go:156.2,165.123 10 1
github.com/xdzczk/nostrmash/internal/metrics/queue.go:19.29,72.2 7 1
github.com/xdzczk/nostrmash/internal/metrics/queue.go:74.71,77.23 3 1
github.com/xdzczk/nostrmash/internal/metrics/queue.go:77.23,79.3 1 1
github.com/xdzczk/nostrmash/internal/metrics/queue.go:82.61,84.17 2 1
github.com/xdzczk/nostrmash/internal/metrics/queue.go:84.17,86.3 1 0
github.com/xdzczk/nostrmash/internal/metrics/queue.go:87.2,87.43 1 1
github.com/xdzczk/nostrmash/internal/metrics/queue.go:90.62,92.16 2 1
github.com/xdzczk/nostrmash/internal/metrics/queue.go:92.16,94.3 1 0
github.com/xdzczk/nostrmash/internal/metrics/queue.go:95.2,95.77 1 1
github.com/xdzczk/nostrmash/internal/metrics/queue.go:98.65,100.16 2 1
github.com/xdzczk/nostrmash/internal/metrics/queue.go:100.16,102.3 1 0
github.com/xdzczk/nostrmash/internal/metrics/queue.go:103.2,103.80 1 1
github.com/xdzczk/nostrmash/internal/metrics/queue.go:106.79,109.2 2 1
github.com/xdzczk/nostrmash/internal/metrics/registry.go:38.29,41.2 2 1
github.com/xdzczk/nostrmash/internal/metrics/registry.go:43.25,46.23 3 14
github.com/xdzczk/nostrmash/internal/metrics/registry.go:46.23,48.3 1 13
github.com/xdzczk/nostrmash/internal/metrics/registry.go:50.2,62.26 8 1
github.com/xdzczk/nostrmash/internal/metrics/registry.go:65.28,192.2 16 1
github.com/xdzczk/nostrmash/internal/metrics/registry.go:194.79,199.2 4 1
github.com/xdzczk/nostrmash/internal/metrics/registry.go:201.39,204.2 2 0
github.com/xdzczk/nostrmash/internal/metrics/registry.go:206.68,209.23 3 1
github.com/xdzczk/nostrmash/internal/metrics/registry.go:209.23,211.3 1 0
github.com/xdzczk/nostrmash/internal/metrics/registry.go:214.58,219.2 4 0
github.com/xdzczk/nostrmash/internal/metrics/registry.go:221.53,224.2 2 0
github.com/xdzczk/nostrmash/internal/metrics/registry.go:226.30,229.2 2 0
github.com/xdzczk/nostrmash/internal/metrics/registry.go:231.30,234.2 2 0
github.com/xdzczk/nostrmash/internal/metrics/registry.go:236.41,239.2 2 0
github.com/xdzczk/nostrmash/internal/metrics/registry.go:241.75,245.2 3 0
github.com/xdzczk/nostrmash/internal/metrics/registry.go:247.78,249.17 2 1
github.com/xdzczk/nostrmash/internal/metrics/registry.go:249.17,251.3 1 0
github.com/xdzczk/nostrmash/internal/metrics/registry.go:252.2,252.82 1 1
github.com/xdzczk/nostrmash/internal/metrics/registry.go:255.51,258.9 3 0
github.com/xdzczk/nostrmash/internal/metrics/registry.go:258.9,260.3 1 0
github.com/xdzczk/nostrmash/internal/metrics/registry.go:261.2,261.57 1 0
github.com/xdzczk/nostrmash/internal/metrics/registry.go:264.46,267.2 2 0
github.com/xdzczk/nostrmash/internal/metrics/registry.go:269.53,272.2 2 0
github.com/xdzczk/nostrmash/internal/metrics/registry.go:274.46,277.2 2 0
github.com/xdzczk/nostrmash/internal/metrics/registry.go:279.43,282.2 2 0
github.com/xdzczk/nostrmash/internal/metrics/registry.go:284.46,287.2 2 0
github.com/xdzczk/nostrmash/internal/metrics/registry.go:289.67,292.2 2 0
github.com/xdzczk/nostrmash/internal/metrics/storage.go:13.31,56.2 6 1
github.com/xdzczk/nostrmash/internal/metrics/storage.go:58.45,60.15 2 0
github.com/xdzczk/nostrmash/internal/metrics/storage.go:60.15,62.3 1 0
github.com/xdzczk/nostrmash/internal/metrics/storage.go:63.2,63.33 1 0
github.com/xdzczk/nostrmash/internal/metrics/storage.go:66.56,68.15 2 0
github.com/xdzczk/nostrmash/internal/metrics/storage.go:68.15,70.3 1 0
github.com/xdzczk/nostrmash/internal/metrics/storage.go:71.2,71.53 1 0
github.com/xdzczk/nostrmash/internal/metrics/storage.go:74.54,76.14 2 0
github.com/xdzczk/nostrmash/internal/metrics/storage.go:76.14,78.3 1 0
github.com/xdzczk/nostrmash/internal/metrics/storage.go:79.2,79.51 1 0
github.com/xdzczk/nostrmash/internal/metrics/storage.go:82.50,85.2 2 0
github.com/xdzczk/nostrmash/internal/metrics/storage.go:87.56,89.15 2 0
github.com/xdzczk/nostrmash/internal/metrics/storage.go:89.15,91.3 1 0
github.com/xdzczk/nostrmash/internal/metrics/storage.go:92.2,92.69 1 0
github.com/xdzczk/nostrmash/internal/metrics/trust.go:22.29,101.2 11 1
github.com/xdzczk/nostrmash/internal/metrics/trust.go:103.60,105.17 2 0
github.com/xdzczk/nostrmash/internal/metrics/trust.go:105.17,107.3 1 0
github.com/xdzczk/nostrmash/internal/metrics/trust.go:108.2,108.42 1 0
github.com/xdzczk/nostrmash/internal/metrics/trust.go:111.40,113.15 2 0
github.com/xdzczk/nostrmash/internal/metrics/trust.go:113.15,115.3 1 0
github.com/xdzczk/nostrmash/internal/metrics/trust.go:116.2,116.28 1 0
github.com/xdzczk/nostrmash/internal/metrics/trust.go:119.50,121.17 2 0
github.com/xdzczk/nostrmash/internal/metrics/trust.go:121.17,123.3 1 0
github.com/xdzczk/nostrmash/internal/metrics/trust.go:124.2,124.45 1 0
github.com/xdzczk/nostrmash/internal/metrics/trust.go:127.49,129.17 2 0
github.com/xdzczk/nostrmash/internal/metrics/trust.go:129.17,131.3 1 0
github.com/xdzczk/nostrmash/internal/metrics/trust.go:132.2,132.44 1 0
github.com/xdzczk/nostrmash/internal/metrics/trust.go:135.45,137.15 2 0
github.com/xdzczk/nostrmash/internal/metrics/trust.go:137.15,139.3 1 0
github.com/xdzczk/nostrmash/internal/metrics/trust.go:140.2,140.49 1 0
github.com/xdzczk/nostrmash/internal/metrics/trust.go:143.72,146.2 2 0
github.com/xdzczk/nostrmash/internal/metrics/trust.go:148.62,150.15 2 0
github.com/xdzczk/nostrmash/internal/metrics/trust.go:150.15,152.3 1 0
github.com/xdzczk/nostrmash/internal/metrics/trust.go:153.2,153.59 1 0
github.com/xdzczk/nostrmash/internal/metrics/trust.go:156.48,159.2 2 0
github.com/xdzczk/nostrmash/internal/metrics/trust.go:161.49,164.2 2 0
github.com/xdzczk/nostrmash/internal/metrics/trust.go:166.50,168.16 2 0
github.com/xdzczk/nostrmash/internal/metrics/trust.go:168.16,170.3 1 0
github.com/xdzczk/nostrmash/internal/metrics/trust.go:171.2,171.43 1 0
github.com/xdzczk/nostrmash/internal/metrics/worker.go:16.30,51.2 5 1
github.com/xdzczk/nostrmash/internal/metrics/worker.go:53.74,56.2 2 1
github.com/xdzczk/nostrmash/internal/metrics/worker.go:58.44,61.2 2 0
github.com/xdzczk/nostrmash/internal/metrics/worker.go:63.49,65.17 2 1
github.com/xdzczk/nostrmash/internal/metrics/worker.go:65.17,67.3 1 0
github.com/xdzczk/nostrmash/internal/metrics/worker.go:68.2,68.38 1 1
github.com/xdzczk/nostrmash/internal/metrics/worker.go:71.42,73.15 2 1
github.com/xdzczk/nostrmash/internal/metrics/worker.go:73.15,75.3 1 0
github.com/xdzczk/nostrmash/internal/metrics/worker.go:76.2,76.30 1 1
github.com/xdzczk/nostrmash/internal/ingestor/backfill/runner.go:83.20,84.18 1 4
github.com/xdzczk/nostrmash/internal/ingestor/backfill/runner.go:84.18,86.3 1 0
github.com/xdzczk/nostrmash/internal/ingestor/backfill/runner.go:87.2,87.20 1 4
github.com/xdzczk/nostrmash/internal/ingestor/backfill/runner.go:87.20,89.3 1 0
github.com/xdzczk/nostrmash/internal/ingestor/backfill/runner.go:90.2,90.22 1 4
github.com/xdzczk/nostrmash/internal/ingestor/backfill/runner.go:90.22,92.3 1 0
github.com/xdzczk/nostrmash/internal/ingestor/backfill/runner.go:93.2,93.16 1 4
github.com/xdzczk/nostrmash/internal/ingestor/backfill/runner.go:93.16,95.3 1 0
github.com/xdzczk/nostrmash/internal/ingestor/backfill/runner.go:96.2,96.39 1 4
github.com/xdzczk/nostrmash/internal/ingestor/backfill/runner.go:96.39,98.3 1 0
github.com/xdzczk/nostrmash/internal/ingestor/backfill/runner.go:99.2,99.36 1 4
github.com/xdzczk/nostrmash/internal/ingestor/backfill/runner.go:99.36,101.3 1 0
github.com/xdzczk/nostrmash/internal/ingestor/backfill/runner.go:102.2,102.24 1 4
github.com/xdzczk/nostrmash/internal/ingestor/backfill/runner.go:102.24,104.3 1 0
github.com/xdzczk/nostrmash/internal/ingestor/backfill/runner.go:105.2,105.27 1 4
github.com/xdzczk/nostrmash/internal/ingestor/backfill/runner.go:105.27,107.3 1 0
github.com/xdzczk/nostrmash/internal/ingestor/backfill/runner.go:108.2,108.46 1 4
github.com/xdzczk/nostrmash/internal/ingestor/backfill/runner.go:108.46,110.3 1 0
github.com/xdzczk/nostrmash/internal/ingestor/backfill/runner.go:111.2,111.25 1 4
github.com/xdzczk/nostrmash/internal/ingestor/backfill/runner.go:111.25,113.3 1 0
github.com/xdzczk/nostrmash/internal/ingestor/backfill/runner.go:114.2,114.69 1 4
github.com/xdzczk/nostrmash/internal/ingestor/backfill/runner.go:114.69,116.3 1 0
github.com/xdzczk/nostrmash/internal/ingestor/backfill/runner.go:118.2,125.8 1 4
github.com/xdzczk/nostrmash/internal/ingestor/backfill/runner.go:129.55,131.15 2 4
github.com/xdzczk/nostrmash/internal/ingestor/backfill/runner.go:131.15,131.32 1 4
github.com/xdzczk/nostrmash/internal/ingestor/backfill/runner.go:132.2,132.40 1 4
github.com/xdzczk/nostrmash/internal/ingestor/backfill/runner.go:132.40,133.35 1 4
github.com/xdzczk/nostrmash/internal/ingestor/backfill/runner.go:133.35,135.4 1 0
github.com/xdzczk/nostrmash/internal/ingestor/backfill/runner.go:136.3,136.51 1 4
github.com/xdzczk/nostrmash/internal/ingestor/backfill/runner.go:136.51,138.4 1 1
github.com/xdzczk/nostrmash/internal/ingestor/backfill/runner.go:140.2,140.12 1 3
github.com/xdzczk/nostrmash/internal/ingestor/backfill/runner.go:143.77,145.15 2 4
github.com/xdzczk/nostrmash/internal/ingestor/backfill/runner.go:145.15,145.32 1 4
github.com/xdzczk/nostrmash/internal/ingestor/backfill/runner.go:146.2,147.16 2 4
github.com/xdzczk/nostrmash/internal/ingestor/backfill/runner.go:147.16,149.3 1 0
github.com/xdzczk/nostrmash/internal/ingestor/backfill/runner.go:150.2,150.52 1 4
github.com/xdzczk/nostrmash/internal/ingestor/backfill/runner.go:150.52,153.3 2 0
github.com/xdzczk/nostrmash/internal/ingestor/backfill/runner.go:155.2,158.6 3 4
github.com/xdzczk/nostrmash/internal/ingestor/backfill/runner.go:158.6,160.80 2 7
github.com/xdzczk/nostrmash/internal/ingestor/backfill/runner.go:160.80,162.4 1 0
github.com/xdzczk/nostrmash/internal/ingestor/backfill/runner.go:164.3,172.17 4 7
github.com/xdzczk/nostrmash/internal/ingestor/backfill/runner.go:172.17,175.4 2 1
github.com/xdzczk/nostrmash/internal/ingestor/backfill/runner.go:177.3,178.39 2 6
github.com/xdzczk/nostrmash/internal/ingestor/backfill/runner.go:178.39,179.62 1 5
github.com/xdzczk/nostrmash/internal/ingestor/backfill/runner.go:179.62,182.5 2 0
github.com/xdzczk/nostrmash/internal/ingestor/backfill/runner.go:183.4,184.11 2 5
github.com/xdzczk/nostrmash/internal/ingestor/backfill/runner.go:184.11,185.13 1 0
github.com/xdzczk/nostrmash/internal/ingestor/backfill/runner.go:187.4,187.56 1 5
github.com/xdzczk/nostrmash/internal/ingestor/backfill/runner.go:187.56,190.5 2 3
github.com/xdzczk/nostrmash/internal/ingestor/backfill/runner.go:193.3,193.72 1 6
github.com/xdzczk/nostrmash/internal/ingestor/backfill/runner.go:193.72,195.4 1 2
github.com/xdzczk/nostrmash/internal/ingestor/backfill/runner.go:196.3,196.20 1 6
github.com/xdzczk/nostrmash/internal/ingestor/backfill/runner.go:196.20,199.4 2 2
github.com/xdzczk/nostrmash/internal/ingestor/backfill/runner.go:200.3,200.67 1 6
github.com/xdzczk/nostrmash/internal/ingestor/backfill/runner.go:200.67,202.4 1 0
github.com/xdzczk/nostrmash/internal/ingestor/backfill/runner.go:204.3,204.69 1 6
github.com/xdzczk/nostrmash/internal/ingestor/backfill/runner.go:204.69,206.4 1 0
github.com/xdzczk/nostrmash/internal/ingestor/backfill/runner.go:208.3,208.20 1 6
github.com/xdzczk/nostrmash/internal/ingestor/backfill/runner.go:208.20,209.29 1 2
github.com/xdzczk/nostrmash/internal/ingestor/backfill/runner.go:209.29,211.5 1 2
github.com/xdzczk/nostrmash/internal/ingestor/backfill/runner.go:212.4,213.12 2 0
github.com/xdzczk/nostrmash/internal/ingestor/backfill/runner.go:216.3,216.28 1 4
github.com/xdzczk/nostrmash/internal/ingestor/backfill/runner.go:216.28,218.40 2 2
github.com/xdzczk/nostrmash/internal/ingestor/backfill/runner.go:218.40,220.5 1 1
github.com/xdzczk/nostrmash/internal/ingestor/backfill/runner.go:221.4,221.12 1 1
github.com/xdzczk/nostrmash/internal/ingestor/backfill/runner.go:224.3,224.17 1 2
github.com/xdzczk/nostrmash/internal/ingestor/backfill/runner.go:228.113,230.16 2 4
github.com/xdzczk/nostrmash/internal/ingestor/backfill/runner.go:230.16,232.3 1 0
github.com/xdzczk/nostrmash/internal/ingestor/backfill/runner.go:233.2,233.21 1 4
github.com/xdzczk/nostrmash/internal/ingestor/backfill/runner.go:233.21,236.72 3 1
github.com/xdzczk/nostrmash/internal/ingestor/backfill/runner.go:236.72,238.4 1 0
github.com/xdzczk/nostrmash/internal/ingestor/backfill/runner.go:239.3,239.23 1 1
github.com/xdzczk/nostrmash/internal/ingestor/backfill/runner.go:242.2,251.69 2 3
github.com/xdzczk/nostrmash/internal/ingestor/backfill/runner.go:251.69,253.3 1 0
github.com/xdzczk/nostrmash/internal/ingestor/backfill/runner.go:254.2,254.22 1 3
github.com/xdzczk/nostrmash/internal/ingestor/backfill/runner.go:257.111,261.73 4 6
github.com/xdzczk/nostrmash/internal/ingestor/backfill/runner.go:261.73,263.3 1 0
github.com/xdzczk/nostrmash/internal/ingestor/backfill/runner.go:264.2,264.12 1 6
github.com/xdzczk/nostrmash/internal/ingestor/backfill/runner.go:267.110,271.73 4 3
github.com/xdzczk/nostrmash/internal/ingestor/backfill/runner.go:271.73,273.3 1 0
github.com/xdzczk/nostrmash/internal/ingestor/backfill/runner.go:274.2,280.12 2 3
github.com/xdzczk/nostrmash/internal/ingestor/backfill/runner.go:283.107,288.2 4 1
github.com/xdzczk/nostrmash/internal/ingestor/backfill/runner.go:290.50,291.19 1 7
github.com/xdzczk/nostrmash/internal/ingestor/backfill/runner.go:291.19,294.3 2 3
github.com/xdzczk/nostrmash/internal/ingestor/backfill/runner.go:295.2,295.32 1 4
github.com/xdzczk/nostrmash/internal/ingestor/backfill/runner.go:298.34,299.14 1 10
github.com/xdzczk/nostrmash/internal/ingestor/backfill/runner.go:299.14,301.3 1 3
github.com/xdzczk/nostrmash/internal/ingestor/backfill/runner.go:302.2,303.11 2 7
github.com/xdzczk/nostrmash/internal/ingestor/backfill/runner.go:306.53,310.59 2 5
github.com/xdzczk/nostrmash/internal/ingestor/backfill/runner.go:310.59,312.3 1 0
github.com/xdzczk/nostrmash/internal/ingestor/backfill/runner.go:313.2,313.28 1 5
github.com/xdzczk/nostrmash/internal/ingestor/backfill/runner.go:313.28,315.3 1 0
github.com/xdzczk/nostrmash/internal/ingestor/backfill/runner.go:316.2,316.33 1 5
github.com/xdzczk/nostrmash/internal/ingestor/backfill/runner.go:319.46,320.19 1 4
github.com/xdzczk/nostrmash/internal/ingestor/backfill/runner.go:320.19,322.3 1 3
github.com/xdzczk/nostrmash/internal/ingestor/backfill/runner.go:323.2,324.16 2 1
github.com/xdzczk/nostrmash/internal/ingestor/backfill/runner.go:324.16,326.3 1 0
github.com/xdzczk/nostrmash/internal/ingestor/backfill/runner.go:327.2,327.11 1 1
github.com/xdzczk/nostrmash/internal/ingestor/backfill/runner.go:330.42,331.19 1 10
github.com/xdzczk/nostrmash/internal/ingestor/backfill/runner.go:331.19,333.3 1 3
github.com/xdzczk/nostrmash/internal/ingestor/backfill/runner.go:334.2,335.11 2 7
github.com/xdzczk/nostrmash/internal/ingestor/backfill/websocket_fetcher.go:22.116,23.24 1 0
github.com/xdzczk/nostrmash/internal/ingestor/backfill/websocket_fetcher.go:23.24,25.3 1 0
github.com/xdzczk/nostrmash/internal/ingestor/backfill/websocket_fetcher.go:26.2,26.27 1 0
github.com/xdzczk/nostrmash/internal/ingestor/backfill/websocket_fetcher.go:26.27,28.3 1 0
github.com/xdzczk/nostrmash/internal/ingestor/backfill/websocket_fetcher.go:29.2,29.24 1 0
github.com/xdzczk/nostrmash/internal/ingestor/backfill/websocket_fetcher.go:29.24,31.3 1 0
github.com/xdzczk/nostrmash/internal/ingestor/backfill/websocket_fetcher.go:33.2,40.16 5 0
github.com/xdzczk/nostrmash/internal/ingestor/backfill/websocket_fetcher.go:40.16,42.3 1 0
github.com/xdzczk/nostrmash/internal/ingestor/backfill/websocket_fetcher.go:43.2,49.16 6 0
github.com/xdzczk/nostrmash/internal/ingestor/backfill/websocket_fetcher.go:49.16,51.3 1 0
github.com/xdzczk/nostrmash/internal/ingestor/backfill/websocket_fetcher.go:52.2,52.73 1 0
github.com/xdzczk/nostrmash/internal/ingestor/backfill/websocket_fetcher.go:52.73,54.3 1 0
github.com/xdzczk/nostrmash/internal/ingestor/backfill/websocket_fetcher.go:56.2,59.22 4 0
github.com/xdzczk/nostrmash/internal/ingestor/backfill/websocket_fetcher.go:59.22,60.24 1 0
github.com/xdzczk/nostrmash/internal/ingestor/backfill/websocket_fetcher.go:60.24,61.11 1 0
github.com/xdzczk/nostrmash/internal/ingestor/backfill/websocket_fetcher.go:62.23,62.23 0 0
github.com/xdzczk/nostrmash/internal/ingestor/backfill/websocket_fetcher.go:63.12,63.12 0 0
github.com/xdzczk/nostrmash/internal/ingestor/backfill/websocket_fetcher.go:66.3,66.33 1 0
github.com/xdzczk/nostrmash/internal/ingestor/backfill/websocket_fetcher.go:69.2,69.15 1 0
github.com/xdzczk/nostrmash/internal/ingestor/backfill/websocket_fetcher.go:69.15,72.3 2 0
github.com/xdzczk/nostrmash/internal/ingestor/backfill/websocket_fetcher.go:74.2,74.6 1 0
github.com/xdzczk/nostrmash/internal/ingestor/backfill/websocket_fetcher.go:74.6,75.35 1 0
github.com/xdzczk/nostrmash/internal/ingestor/backfill/websocket_fetcher.go:75.35,77.4 1 0
github.com/xdzczk/nostrmash/internal/ingestor/backfill/websocket_fetcher.go:79.3,81.17 3 0
github.com/xdzczk/nostrmash/internal/ingestor/backfill/websocket_fetcher.go:81.17,82.71 1 0
github.com/xdzczk/nostrmash/internal/ingestor/backfill/websocket_fetcher.go:82.71,83.12 1 0
github.com/xdzczk/nostrmash/internal/ingestor/backfill/websocket_fetcher.go:84.24,85.24 1 0
github.com/xdzczk/nostrmash/internal/ingestor/backfill/websocket_fetcher.go:86.13,86.13 0 0
github.com/xdzczk/nostrmash/internal/ingestor/backfill/websocket_fetcher.go:88.5,88.13 1 0
github.com/xdzczk/nostrmash/internal/ingestor/backfill/websocket_fetcher.go:90.4,90.64 1 0
github.com/xdzczk/nostrmash/internal/ingestor/backfill/websocket_fetcher.go:92.3,95.31 3 0
github.com/xdzczk/nostrmash/internal/ingestor/backfill/websocket_fetcher.go:95.31,96.12 1 0
github.com/xdzczk/nostrmash/internal/ingestor/backfill/websocket_fetcher.go:98.3,98.18 1 0
github.com/xdzczk/nostrmash/internal/ingestor/backfill/websocket_fetcher.go:99.16,100.50 1 0
github.com/xdzczk/nostrmash/internal/ingestor/backfill/websocket_fetcher.go:101.15,103.22 2 0
github.com/xdzczk/nostrmash/internal/ingestor/backfill/websocket_fetcher.go:108.54,113.30 2 2
github.com/xdzczk/nostrmash/internal/ingestor/backfill/websocket_fetcher.go:113.30,115.3 1 1
github.com/xdzczk/nostrmash/internal/ingestor/backfill/websocket_fetcher.go:116.2,116.26 1 2
github.com/xdzczk/nostrmash/internal/ingestor/backfill/websocket_fetcher.go:116.26,118.3 1 1
github.com/xdzczk/nostrmash/internal/ingestor/backfill/websocket_fetcher.go:119.2,119.26 1 2
github.com/xdzczk/nostrmash/internal/ingestor/backfill/websocket_fetcher.go:119.26,121.3 1 1
github.com/xdzczk/nostrmash/internal/ingestor/backfill/websocket_fetcher.go:122.2,122.15 1 2
github.com/xdzczk/nostrmash/internal/ingestor/backfill/websocket_fetcher.go:125.95,127.68 2 3
github.com/xdzczk/nostrmash/internal/ingestor/backfill/websocket_fetcher.go:127.68,129.3 1 0
github.com/xdzczk/nostrmash/internal/ingestor/backfill/websocket_fetcher.go:130.2,130.57 1 3
github.com/xdzczk/nostrmash/internal/ingestor/backfill/websocket_fetcher.go:130.57,132.3 1 0
github.com/xdzczk/nostrmash/internal/ingestor/backfill/websocket_fetcher.go:133.2,133.55 1 3
github.com/xdzczk/nostrmash/internal/ingestor/backfill/websocket_fetcher.go:133.55,135.3 1 0
github.com/xdzczk/nostrmash/internal/ingestor/backfill/websocket_fetcher.go:136.2,136.41 1 3
github.com/xdzczk/nostrmash/internal/ingestor/backfill/websocket_fetcher.go:136.41,138.3 1 1
github.com/xdzczk/nostrmash/internal/ingestor/backfill/websocket_fetcher.go:139.2,139.23 1 2
github.com/xdzczk/nostrmash/internal/ingestor/backfill/websocket_fetcher.go:139.23,141.3 1 1
github.com/xdzczk/nostrmash/internal/ingestor/backfill/websocket_fetcher.go:142.2,142.27 1 1
github.com/xdzczk/nostrmash/internal/jobs/publisher.go:23.56,24.22 1 0
github.com/xdzczk/nostrmash/internal/jobs/publisher.go:24.22,26.3 1 0
github.com/xdzczk/nostrmash/internal/jobs/publisher.go:27.2,27.49 1 0
github.com/xdzczk/nostrmash/internal/jobs/publisher.go:30.107,32.19 2 0
github.com/xdzczk/nostrmash/internal/jobs/publisher.go:32.19,34.3 1 0
github.com/xdzczk/nostrmash/internal/jobs/publisher.go:35.2,39.4 1 0
github.com/xdzczk/nostrmash/internal/jobs/publisher.go:39.4,40.89 1 0
github.com/xdzczk/nostrmash/internal/jobs/publisher.go:40.89,42.4 1 0
github.com/xdzczk/nostrmash/internal/jobs/publisher.go:44.2,44.12 1 0
github.com/xdzczk/nostrmash/internal/jobs/publisher.go:54.15,56.15 2 0
github.com/xdzczk/nostrmash/internal/jobs/publisher.go:56.15,58.3 1 0
github.com/xdzczk/nostrmash/internal/jobs/publisher.go:59.2,59.22 1 0
github.com/xdzczk/nostrmash/internal/jobs/publisher.go:59.22,61.3 1 0
github.com/xdzczk/nostrmash/internal/jobs/publisher.go:62.2,63.16 2 0
github.com/xdzczk/nostrmash/internal/jobs/publisher.go:63.16,65.3 1 0
github.com/xdzczk/nostrmash/internal/jobs/publisher.go:66.2,67.68 2 0
github.com/xdzczk/nostrmash/internal/jobs/publisher.go:67.68,69.3 1 0
github.com/xdzczk/nostrmash/internal/jobs/publisher.go:71.2,83.16 2 0
github.com/xdzczk/nostrmash/internal/jobs/publisher.go:83.16,85.3 1 0
github.com/xdzczk/nostrmash/internal/jobs/publisher.go:86.2,86.12 1 0
github.com/xdzczk/nostrmash/internal/jobs/queue.go:70.42,72.2 1 0
github.com/xdzczk/nostrmash/internal/jobs/queue.go:74.90,76.15 2 0
github.com/xdzczk/nostrmash/internal/jobs/queue.go:76.15,78.3 1 0
github.com/xdzczk/nostrmash/internal/jobs/queue.go:79.2,79.31 1 0
github.com/xdzczk/nostrmash/internal/jobs/queue.go:79.31,81.3 1 0
github.com/xdzczk/nostrmash/internal/jobs/queue.go:82.2,83.19 2 0
github.com/xdzczk/nostrmash/internal/jobs/queue.go:83.19,85.3 1 0
github.com/xdzczk/nostrmash/internal/jobs/queue.go:87.2,88.23 2 0
github.com/xdzczk/nostrmash/internal/jobs/queue.go:88.23,90.3 1 0
github.com/xdzczk/nostrmash/internal/jobs/queue.go:92.2,93.22 2 0
github.com/xdzczk/nostrmash/internal/jobs/queue.go:93.22,95.3 1 0
github.com/xdzczk/nostrmash/internal/jobs/queue.go:97.2,98.23 2 0
github.com/xdzczk/nostrmash/internal/jobs/queue.go:98.23,100.3 1 0
github.com/xdzczk/nostrmash/internal/jobs/queue.go:102.2,104.15 3 0
github.com/xdzczk/nostrmash/internal/jobs/queue.go:104.15,106.3 1 0
github.com/xdzczk/nostrmash/internal/jobs/queue.go:108.2,109.22 2 0
github.com/xdzczk/nostrmash/internal/jobs/queue.go:109.22,111.3 1 0
github.com/xdzczk/nostrmash/internal/jobs/queue.go:113.2,130.16 3 0
github.com/xdzczk/nostrmash/internal/jobs/queue.go:130.16,132.3 1 0
github.com/xdzczk/nostrmash/internal/jobs/queue.go:133.2,133.17 1 0
github.com/xdzczk/nostrmash/internal/jobs/queue.go:136.104,138.2 1 0
github.com/xdzczk/nostrmash/internal/jobs/queue.go:140.130,142.15 2 0
github.com/xdzczk/nostrmash/internal/jobs/queue.go:142.15,144.3 1 0
github.com/xdzczk/nostrmash/internal/jobs/queue.go:145.2,145.31 1 0
github.com/xdzczk/nostrmash/internal/jobs/queue.go:145.31,147.3 1 0
github.com/xdzczk/nostrmash/internal/jobs/queue.go:148.2,149.20 2 0
github.com/xdzczk/nostrmash/internal/jobs/queue.go:149.20,151.3 1 0
github.com/xdzczk/nostrmash/internal/jobs/queue.go:152.2,153.22 2 0
github.com/xdzczk/nostrmash/internal/jobs/queue.go:153.22,155.3 1 0
github.com/xdzczk/nostrmash/internal/jobs/queue.go:156.2,156.16 1 0
github.com/xdzczk/nostrmash/internal/jobs/queue.go:156.16,158.3 1 0
github.com/xdzczk/nostrmash/internal/jobs/queue.go:160.2,161.16 2 0
github.com/xdzczk/nostrmash/internal/jobs/queue.go:161.16,163.3 1 0
github.com/xdzczk/nostrmash/internal/jobs/queue.go:164.2,164.15 1 0
github.com/xdzczk/nostrmash/internal/jobs/queue.go:164.15,164.39 1 0
github.com/xdzczk/nostrmash/internal/jobs/queue.go:166.2,199.16 2 0
github.com/xdzczk/nostrmash/internal/jobs/queue.go:199.16,201.3 1 0
github.com/xdzczk/nostrmash/internal/jobs/queue.go:202.2,205.18 3 0
github.com/xdzczk/nostrmash/internal/jobs/queue.go:205.18,207.17 2 0
github.com/xdzczk/nostrmash/internal/jobs/queue.go:207.17,209.4 1 0
github.com/xdzczk/nostrmash/internal/jobs/queue.go:210.3,210.25 1 0
github.com/xdzczk/nostrmash/internal/jobs/queue.go:212.2,212.35 1 0
github.com/xdzczk/nostrmash/internal/jobs/queue.go:212.35,214.3 1 0
github.com/xdzczk/nostrmash/internal/jobs/queue.go:216.2,216.39 1 0
github.com/xdzczk/nostrmash/internal/jobs/queue.go:216.39,218.3 1 0
github.com/xdzczk/nostrmash/internal/jobs/queue.go:219.2,219.17 1 0
github.com/xdzczk/nostrmash/internal/jobs/queue.go:226.47,228.16 2 0
github.com/xdzczk/nostrmash/internal/jobs/queue.go:228.16,230.3 1 0
github.com/xdzczk/nostrmash/internal/jobs/queue.go:231.2,231.18 1 0
github.com/xdzczk/nostrmash/internal/jobs/queue.go:234.43,253.16 4 0
github.com/xdzczk/nostrmash/internal/jobs/queue.go:253.16,255.3 1 0
github.com/xdzczk/nostrmash/internal/jobs/queue.go:256.2,257.17 2 0
github.com/xdzczk/nostrmash/internal/jobs/queue.go:260.43,261.16 1 0
github.com/xdzczk/nostrmash/internal/jobs/queue.go:261.16,263.3 1 0
github.com/xdzczk/nostrmash/internal/jobs/queue.go:264.2,264.36 1 0
github.com/xdzczk/nostrmash/internal/jobs/queue.go:264.36,266.3 1 0
github.com/xdzczk/nostrmash/internal/jobs/queue.go:267.2,267.33 1 0
github.com/xdzczk/nostrmash/internal/jobs/queue.go:267.33,269.3 1 0
github.com/xdzczk/nostrmash/internal/jobs/queue.go:270.2,270.16 1 0
github.com/xdzczk/nostrmash/internal/jobs/queue_execution.go:14.92,16.15 2 0
github.com/xdzczk/nostrmash/internal/jobs/queue_execution.go:16.15,18.3 1 0
github.com/xdzczk/nostrmash/internal/jobs/queue_execution.go:19.2,19.31 1 0
github.com/xdzczk/nostrmash/internal/jobs/queue_execution.go:19.31,21.3 1 0
github.com/xdzczk/nostrmash/internal/jobs/queue_execution.go:22.2,23.20 2 0
github.com/xdzczk/nostrmash/internal/jobs/queue_execution.go:23.20,25.3 1 0
github.com/xdzczk/nostrmash/internal/jobs/queue_execution.go:27.2,43.16 2 0
github.com/xdzczk/nostrmash/internal/jobs/queue_execution.go:43.16,45.3 1 0
github.com/xdzczk/nostrmash/internal/jobs/queue_execution.go:46.2,46.29 1 0
github.com/xdzczk/nostrmash/internal/jobs/queue_execution.go:46.29,48.3 1 0
github.com/xdzczk/nostrmash/internal/jobs/queue_execution.go:49.2,49.12 1 0
github.com/xdzczk/nostrmash/internal/jobs/queue_execution.go:58.37,61.15 3 0
github.com/xdzczk/nostrmash/internal/jobs/queue_execution.go:61.15,63.3 1 0
github.com/xdzczk/nostrmash/internal/jobs/queue_execution.go:64.2,64.31 1 0
github.com/xdzczk/nostrmash/internal/jobs/queue_execution.go:64.31,66.3 1 0
github.com/xdzczk/nostrmash/internal/jobs/queue_execution.go:67.2,68.20 2 0
github.com/xdzczk/nostrmash/internal/jobs/queue_execution.go:68.20,70.3 1 0
github.com/xdzczk/nostrmash/internal/jobs/queue_execution.go:71.2,72.21 2 0
github.com/xdzczk/nostrmash/internal/jobs/queue_execution.go:72.21,74.3 1 0
github.com/xdzczk/nostrmash/internal/jobs/queue_execution.go:75.2,75.20 1 0
github.com/xdzczk/nostrmash/internal/jobs/queue_execution.go:75.20,77.3 1 0
github.com/xdzczk/nostrmash/internal/jobs/queue_execution.go:79.2,80.16 2 0
github.com/xdzczk/nostrmash/internal/jobs/queue_execution.go:80.16,82.3 1 0
github.com/xdzczk/nostrmash/internal/jobs/queue_execution.go:83.2,83.15 1 0
github.com/xdzczk/nostrmash/internal/jobs/queue_execution.go:83.15,83.39 1 0
github.com/xdzczk/nostrmash/internal/jobs/queue_execution.go:85.2,99.16 4 0
github.com/xdzczk/nostrmash/internal/jobs/queue_execution.go:99.16,100.36 1 0
github.com/xdzczk/nostrmash/internal/jobs/queue_execution.go:100.36,102.4 1 0
github.com/xdzczk/nostrmash/internal/jobs/queue_execution.go:103.3,103.63 1 0
github.com/xdzczk/nostrmash/internal/jobs/queue_execution.go:106.2,109.33 4 0
github.com/xdzczk/nostrmash/internal/jobs/queue_execution.go:109.33,112.3 2 0
github.com/xdzczk/nostrmash/internal/jobs/queue_execution.go:114.2,131.16 2 0
github.com/xdzczk/nostrmash/internal/jobs/queue_execution.go:131.16,133.3 1 0
github.com/xdzczk/nostrmash/internal/jobs/queue_execution.go:135.2,135.39 1 0
github.com/xdzczk/nostrmash/internal/jobs/queue_execution.go:135.39,137.3 1 0
github.com/xdzczk/nostrmash/internal/jobs/queue_execution.go:139.2,143.8 1 0
github.com/xdzczk/nostrmash/internal/jobs/queue_maintenance.go:14.76,15.31 1 0
github.com/xdzczk/nostrmash/internal/jobs/queue_maintenance.go:15.31,17.3 1 0
github.com/xdzczk/nostrmash/internal/jobs/queue_maintenance.go:19.2,28.16 3 0
github.com/xdzczk/nostrmash/internal/jobs/queue_maintenance.go:28.16,29.36 1 0
github.com/xdzczk/nostrmash/internal/jobs/queue_maintenance.go:29.36,31.4 1 0
github.com/xdzczk/nostrmash/internal/jobs/queue_maintenance.go:32.3,32.51 1 0
github.com/xdzczk/nostrmash/internal/jobs/queue_maintenance.go:34.2,34.17 1 0
github.com/xdzczk/nostrmash/internal/jobs/queue_maintenance.go:42.38,44.15 2 0
github.com/xdzczk/nostrmash/internal/jobs/queue_maintenance.go:44.15,46.3 1 0
github.com/xdzczk/nostrmash/internal/jobs/queue_maintenance.go:47.2,47.31 1 0
github.com/xdzczk/nostrmash/internal/jobs/queue_maintenance.go:47.31,49.3 1 0
github.com/xdzczk/nostrmash/internal/jobs/queue_maintenance.go:50.2,51.22 2 0
[...]
github.com/xdzczk/nostrmash/internal/api_primal/ws_gateway.go:68.2,68.33 1 56
github.com/xdzczk/nostrmash/internal/api_primal/ws_gateway.go:68.33,70.3 1 55
github.com/xdzczk/nostrmash/internal/api_primal/ws_gateway.go:71.2,72.18 2 56
github.com/xdzczk/nostrmash/internal/api_primal/ws_gateway.go:72.18,74.3 1 56
github.com/xdzczk/nostrmash/internal/api_primal/ws_gateway.go:75.2,78.44 1 56
github.com/xdzczk/nostrmash/internal/api_primal/ws_gateway.go:78.44,78.75 1 58
github.com/xdzczk/nostrmash/internal/api_primal/ws_gateway.go:85.67,86.15 1 58
github.com/xdzczk/nostrmash/internal/api_primal/ws_gateway.go:86.15,87.47 1 58
github.com/xdzczk/nostrmash/internal/api_primal/ws_gateway.go:87.47,91.4 3 0
github.com/xdzczk/nostrmash/internal/api_primal/ws_gateway.go:93.2,94.16 2 58
github.com/xdzczk/nostrmash/internal/api_primal/ws_gateway.go:94.16,96.3 1 1
github.com/xdzczk/nostrmash/internal/api_primal/ws_gateway.go:97.2,97.18 1 57
github.com/xdzczk/nostrmash/internal/api_primal/ws_request.go:13.118,15.36 2 87
github.com/xdzczk/nostrmash/internal/api_primal/ws_request.go:15.36,22.35 4 87
github.com/xdzczk/nostrmash/internal/api_primal/ws_request.go:22.35,27.9 5 0
github.com/xdzczk/nostrmash/internal/api_primal/ws_request.go:29.3,30.10 2 87
github.com/xdzczk/nostrmash/internal/api_primal/ws_request.go:30.10,35.12 5 0
github.com/xdzczk/nostrmash/internal/api_primal/ws_request.go:37.3,39.17 3 87
github.com/xdzczk/nostrmash/internal/api_primal/ws_request.go:39.17,40.84 1 9
github.com/xdzczk/nostrmash/internal/api_primal/ws_request.go:40.84,45.10 5 0
github.com/xdzczk/nostrmash/internal/api_primal/ws_request.go:47.4,51.12 5 9
github.com/xdzczk/nostrmash/internal/api_primal/ws_request.go:53.3,55.37 3 78
github.com/xdzczk/nostrmash/internal/api_primal/ws_request.go:55.37,57.4 1 150
github.com/xdzczk/nostrmash/internal/api_primal/ws_request.go:58.3,58.16 1 78
github.com/xdzczk/nostrmash/internal/api_primal/ws_request.go:60.2,60.15 1 87
github.com/xdzczk/nostrmash/internal/api_primal/ws_request.go:63.93,64.41 1 87
github.com/xdzczk/nostrmash/internal/api_primal/ws_request.go:64.41,66.33 2 85
github.com/xdzczk/nostrmash/internal/api_primal/ws_request.go:66.33,68.4 1 0
github.com/xdzczk/nostrmash/internal/api_primal/ws_request.go:69.3,71.25 3 85
github.com/xdzczk/nostrmash/internal/api_primal/ws_request.go:71.25,72.50 1 82
github.com/xdzczk/nostrmash/internal/api_primal/ws_request.go:72.50,74.5 1 82
github.com/xdzczk/nostrmash/internal/api_primal/ws_request.go:76.3,76.51 1 85
github.com/xdzczk/nostrmash/internal/api_primal/ws_request.go:78.2,78.37 1 2
github.com/xdzczk/nostrmash/internal/api_primal/ws_request.go:78.37,81.17 3 1
github.com/xdzczk/nostrmash/internal/api_primal/ws_request.go:81.17,83.4 1 0
github.com/xdzczk/nostrmash/internal/api_primal/ws_request.go:84.3,85.26 2 1
github.com/xdzczk/nostrmash/internal/api_primal/ws_request.go:85.26,86.32 1 1
github.com/xdzczk/nostrmash/internal/api_primal/ws_request.go:86.32,88.5 1 1
github.com/xdzczk/nostrmash/internal/api_primal/ws_request.go:90.3,90.18 1 1
github.com/xdzczk/nostrmash/internal/api_primal/ws_request.go:92.2,92.49 1 1
github.com/xdzczk/nostrmash/internal/api_primal/ws_request.go:92.49,95.3 2 1
github.com/xdzczk/nostrmash/internal/api_primal/ws_request.go:96.2,96.39 1 0
github.com/xdzczk/nostrmash/internal/api_primal/ws_request.go:99.58,100.41 1 87
github.com/xdzczk/nostrmash/internal/api_primal/ws_request.go:100.41,102.33 2 85
github.com/xdzczk/nostrmash/internal/api_primal/ws_request.go:102.33,104.4 1 0
github.com/xdzczk/nostrmash/internal/api_primal/ws_request.go:105.3,105.44 1 85
github.com/xdzczk/nostrmash/internal/api_primal/ws_request.go:105.44,107.18 2 85
github.com/xdzczk/nostrmash/internal/api_primal/ws_request.go:107.18,109.5 1 85
github.com/xdzczk/nostrmash/internal/api_primal/ws_request.go:111.3,111.17 1 0
github.com/xdzczk/nostrmash/internal/api_primal/ws_request.go:113.2,113.32 1 2
github.com/xdzczk/nostrmash/internal/api_primal/ws_request.go:113.32,115.3 1 1
github.com/xdzczk/nostrmash/internal/api_primal/ws_request.go:116.2,116.35 1 1
github.com/xdzczk/nostrmash/internal/api_primal/ws_request.go:116.35,118.3 1 1
github.com/xdzczk/nostrmash/internal/api_primal/ws_request.go:119.2,119.34 1 0
github.com/xdzczk/nostrmash/internal/api_primal/ws_request.go:119.34,121.3 1 0
github.com/xdzczk/nostrmash/internal/api_primal/ws_request.go:122.2,122.34 1 0
github.com/xdzczk/nostrmash/internal/api_primal/ws_request.go:122.34,124.3 1 0
github.com/xdzczk/nostrmash/internal/api_primal/ws_request.go:125.2,125.18 1 0
github.com/xdzczk/nostrmash/internal/api_primal/ws_session.go:16.63,18.18 2 58
github.com/xdzczk/nostrmash/internal/api_primal/ws_session.go:18.18,21.3 1 56
github.com/xdzczk/nostrmash/internal/api_primal/ws_session.go:22.2,22.25 1 2
github.com/xdzczk/nostrmash/internal/api_primal/ws_session.go:22.25,24.3 1 0
github.com/xdzczk/nostrmash/internal/api_primal/ws_session.go:25.2,25.35 1 2
github.com/xdzczk/nostrmash/internal/api_primal/ws_session.go:25.35,27.3 1 0
github.com/xdzczk/nostrmash/internal/api_primal/ws_session.go:28.2,29.72 2 2
github.com/xdzczk/nostrmash/internal/api_primal/ws_session.go:29.72,31.3 1 0
github.com/xdzczk/nostrmash/internal/api_primal/ws_session.go:32.2,33.46 2 2
github.com/xdzczk/nostrmash/internal/api_primal/ws_session.go:33.46,35.20 2 2
github.com/xdzczk/nostrmash/internal/api_primal/ws_session.go:35.20,36.12 1 0
github.com/xdzczk/nostrmash/internal/api_primal/ws_session.go:38.3,38.51 1 2
github.com/xdzczk/nostrmash/internal/api_primal/ws_session.go:38.51,40.4 1 1
github.com/xdzczk/nostrmash/internal/api_primal/ws_session.go:42.2,42.14 1 1
github.com/xdzczk/nostrmash/internal/api_primal/ws_session.go:45.65,64.37 17 57
github.com/xdzczk/nostrmash/internal/api_primal/ws_session.go:64.37,68.3 3 255
github.com/xdzczk/nostrmash/internal/api_primal/ws_session.go:70.2,70.12 1 57
github.com/xdzczk/nostrmash/internal/api_primal/ws_session.go:70.12,71.16 1 57
github.com/xdzczk/nostrmash/internal/api_primal/ws_session.go:71.16,72.48 1 57
github.com/xdzczk/nostrmash/internal/api_primal/ws_session.go:72.48,76.5 3 0
github.com/xdzczk/nostrmash/internal/api_primal/ws_session.go:78.3,80.7 3 57
github.com/xdzczk/nostrmash/internal/api_primal/ws_session.go:80.7,81.11 1 59
github.com/xdzczk/nostrmash/internal/api_primal/ws_session.go:82.16,83.11 1 57
github.com/xdzczk/nostrmash/internal/api_primal/ws_session.go:84.20,87.45 3 2
github.com/xdzczk/nostrmash/internal/api_primal/ws_session.go:87.45,89.6 1 2
github.com/xdzczk/nostrmash/internal/api_primal/ws_session.go:90.5,91.34 2 2
github.com/xdzczk/nostrmash/internal/api_primal/ws_session.go:91.34,93.20 2 2
github.com/xdzczk/nostrmash/internal/api_primal/ws_session.go:93.20,94.15 1 0
github.com/xdzczk/nostrmash/internal/api_primal/ws_session.go:96.6,96.45 1 2
github.com/xdzczk/nostrmash/internal/api_primal/ws_session.go:96.45,98.7 1 0
github.com/xdzczk/nostrmash/internal/api_primal/ws_session.go:104.2,104.6 1 57
github.com/xdzczk/nostrmash/internal/api_primal/ws_session.go:104.6,106.17 2 151
github.com/xdzczk/nostrmash/internal/api_primal/ws_session.go:106.17,108.4 1 57
github.com/xdzczk/nostrmash/internal/api_primal/ws_session.go:109.3,110.17 2 94
github.com/xdzczk/nostrmash/internal/api_primal/ws_session.go:110.17,112.12 2 0
github.com/xdzczk/nostrmash/internal/api_primal/ws_session.go:114.3,114.19 1 94
github.com/xdzczk/nostrmash/internal/api_primal/ws_session.go:114.19,116.12 2 0
github.com/xdzczk/nostrmash/internal/api_primal/ws_session.go:118.3,121.15 4 94
github.com/xdzczk/nostrmash/internal/api_primal/ws_session.go:122.14,123.20 1 92
github.com/xdzczk/nostrmash/internal/api_primal/ws_session.go:123.20,127.13 4 0
github.com/xdzczk/nostrmash/internal/api_primal/ws_session.go:129.4,130.45 2 92
github.com/xdzczk/nostrmash/internal/api_primal/ws_session.go:130.45,134.5 3 0
github.com/xdzczk/nostrmash/internal/api_primal/ws_session.go:135.4,136.44 2 92
github.com/xdzczk/nostrmash/internal/api_primal/ws_session.go:136.44,140.13 4 1
github.com/xdzczk/nostrmash/internal/api_primal/ws_session.go:143.4,143.40 1 91
github.com/xdzczk/nostrmash/internal/api_primal/ws_session.go:143.40,145.49 2 17
github.com/xdzczk/nostrmash/internal/api_primal/ws_session.go:145.49,149.14 4 1
github.com/xdzczk/nostrmash/internal/api_primal/ws_session.go:153.4,154.53 2 90
github.com/xdzczk/nostrmash/internal/api_primal/ws_session.go:154.53,159.13 5 0
github.com/xdzczk/nostrmash/internal/api_primal/ws_session.go:161.4,163.99 3 90
github.com/xdzczk/nostrmash/internal/api_primal/ws_session.go:163.99,168.13 5 3
github.com/xdzczk/nostrmash/internal/api_primal/ws_session.go:170.4,173.33 4 87
github.com/xdzczk/nostrmash/internal/api_primal/ws_session.go:173.33,174.44 1 159
github.com/xdzczk/nostrmash/internal/api_primal/ws_session.go:174.44,176.6 1 0
github.com/xdzczk/nostrmash/internal/api_primal/ws_session.go:178.4,179.66 2 87
github.com/xdzczk/nostrmash/internal/api_primal/ws_session.go:179.66,183.13 4 0
github.com/xdzczk/nostrmash/internal/api_primal/ws_session.go:185.4,188.15 4 87
github.com/xdzczk/nostrmash/internal/api_primal/ws_session.go:189.16,194.77 5 2
github.com/xdzczk/nostrmash/internal/api_primal/ws_session.go:195.11,197.67 2 0
github.com/xdzczk/nostrmash/cmd/rulecheck/main.go:10.13,16.29 3 0
github.com/xdzczk/nostrmash/cmd/rulecheck/main.go:16.29,17.52 1 0
github.com/xdzczk/nostrmash/cmd/rulecheck/main.go:17.52,19.29 2 0
github.com/xdzczk/nostrmash/cmd/rulecheck/main.go:19.29,21.5 1 0
github.com/xdzczk/nostrmash/cmd/rulecheck/main.go:24.2,24.12 1 0
github.com/xdzczk/nostrmash/cmd/rulecheck/main.go:24.12,26.3 1 0
github.com/xdzczk/nostrmash/cmd/rulecheck/main.go:44.44,46.16 2 0
github.com/xdzczk/nostrmash/cmd/rulecheck/main.go:46.16,48.3 1 0
github.com/xdzczk/nostrmash/cmd/rulecheck/main.go:49.2,50.53 2 0
github.com/xdzczk/nostrmash/cmd/rulecheck/main.go:50.53,52.3 1 0
github.com/xdzczk/nostrmash/cmd/rulecheck/main.go:53.2,53.29 1 0
github.com/xdzczk/nostrmash/cmd/rulecheck/main.go:53.29,55.3 1 0
github.com/xdzczk/nostrmash/cmd/rulecheck/main.go:56.2,57.39 2 0
github.com/xdzczk/nostrmash/cmd/rulecheck/main.go:57.39,58.23 1 0
github.com/xdzczk/nostrmash/cmd/rulecheck/main.go:58.23,60.4 1 0
github.com/xdzczk/nostrmash/cmd/rulecheck/main.go:61.3,61.28 1 0
github.com/xdzczk/nostrmash/cmd/rulecheck/main.go:61.28,63.12 2 0
github.com/xdzczk/nostrmash/cmd/rulecheck/main.go:65.3,65.37 1 0
github.com/xdzczk/nostrmash/cmd/rulecheck/main.go:65.37,66.45 1 0
github.com/xdzczk/nostrmash/cmd/rulecheck/main.go:66.45,68.5 1 0
github.com/xdzczk/nostrmash/cmd/rulecheck/main.go:69.4,69.23 1 0
github.com/xdzczk/nostrmash/cmd/rulecheck/main.go:69.23,71.5 1 0
github.com/xdzczk/nostrmash/cmd/rulecheck/main.go:74.2,74.13 1 0
github.com/xdzczk/nostrmash/internal/logging/logging.go:14.39,16.32 2 0
github.com/xdzczk/nostrmash/internal/logging/logging.go:17.15,18.26 1 0
github.com/xdzczk/nostrmash/internal/logging/logging.go:19.14,20.25 1 0
github.com/xdzczk/nostrmash/internal/logging/logging.go:21.15,22.26 1 0
github.com/xdzczk/nostrmash/internal/logging/logging.go:24.2,25.45 2 0
github.com/xdzczk/nostrmash/internal/logging/logging.go:29.72,30.64 1 0
github.com/xdzczk/nostrmash/internal/logging/logging.go:30.64,32.3 1 0
github.com/xdzczk/nostrmash/internal/logging/logging.go:33.2,33.12 1 0
github.com/xdzczk/nostrmash/internal/logging/logging.go:37.75,39.2 1 0
github.com/xdzczk/nostrmash/internal/logging/logging.go:42.55,43.52 1 0
github.com/xdzczk/nostrmash/internal/logging/logging.go:43.52,45.3 1 0
github.com/xdzczk/nostrmash/internal/logging/logging.go:46.2,46.11 1 0
github.com/xdzczk/nostrmash/internal/store/traceutil/trace.go:25.72,25.86 1 0
github.com/xdzczk/nostrmash/internal/store/traceutil/trace.go:39.33,41.2 1 0
github.com/xdzczk/nostrmash/internal/store/traceutil/trace.go:45.92,48.17 3 0
github.com/xdzczk/nostrmash/internal/store/traceutil/trace.go:48.17,50.3 1 0
github.com/xdzczk/nostrmash/internal/store/traceutil/trace.go:51.2,57.28 3 0
github.com/xdzczk/nostrmash/internal/store/traceutil/trace.go:57.28,60.3 2 0
github.com/xdzczk/nostrmash/internal/store/traceutil/trace.go:62.2,76.16 2 0
github.com/xdzczk/nostrmash/internal/store/traceutil/trace.go:76.16,78.3 1 0
github.com/xdzczk/nostrmash/internal/store/traceutil/trace.go:80.2,81.16 2 0
github.com/xdzczk/nostrmash/internal/store/traceutil/trace.go:81.16,83.3 1 0
github.com/xdzczk/nostrmash/internal/store/traceutil/trace.go:84.2,90.12 4 0
github.com/xdzczk/nostrmash/internal/store/traceutil/trace.go:93.42,95.2 1 0
github.com/xdzczk/nostrmash/internal/store/traceutil/trace.go:97.90,99.16 2 0
github.com/xdzczk/nostrmash/internal/store/traceutil/trace.go:99.16,101.3 1 0
github.com/xdzczk/nostrmash/internal/store/traceutil/trace.go:102.2,104.31 3 0
github.com/xdzczk/nostrmash/internal/store/traceutil/trace.go:107.82,108.19 1 0
github.com/xdzczk/nostrmash/internal/store/traceutil/trace.go:108.19,110.3 1 0
github.com/xdzczk/nostrmash/internal/store/traceutil/trace.go:111.2,111.84 1 0
github.com/xdzczk/nostrmash/internal/store/traceutil/trace.go:114.42,115.16 1 0
github.com/xdzczk/nostrmash/internal/store/traceutil/trace.go:115.16,117.3 1 0
github.com/xdzczk/nostrmash/internal/store/traceutil/trace.go:118.2,119.24 2 0
github.com/xdzczk/nostrmash/internal/store/traceutil/trace.go:119.24,121.3 1 0
github.com/xdzczk/nostrmash/internal/store/traceutil/trace.go:122.2,122.35 1 0
github.com/xdzczk/nostrmash/internal/store/traceutil/trace.go:125.31,126.31 1 0
github.com/xdzczk/nostrmash/internal/store/traceutil/trace.go:126.31,128.3 1 0
github.com/xdzczk/nostrmash/internal/store/traceutil/trace.go:129.2,129.16 1 0
github.com/xdzczk/nostrmash/internal/store/traceutil/trace.go:129.16,132.3 2 0
github.com/xdzczk/nostrmash/internal/store/traceutil/trace.go:133.2,133.14 1 0
github.com/xdzczk/nostrmash/internal/store/traceutil/trace.go:136.53,138.29 2 0
github.com/xdzczk/nostrmash/internal/store/traceutil/trace.go:138.29,140.16 2 0
github.com/xdzczk/nostrmash/internal/store/traceutil/trace.go:140.16,141.12 1 0
github.com/xdzczk/nostrmash/internal/store/traceutil/trace.go:143.3,143.74 1 0
github.com/xdzczk/nostrmash/internal/store/traceutil/trace.go:145.2,145.12 1 0
github.com/xdzczk/nostrmash/internal/store/traceutil/trace.go:148.33,150.18 2 0
github.com/xdzczk/nostrmash/internal/store/traceutil/trace.go:151.14,152.15 1 0
github.com/xdzczk/nostrmash/internal/store/traceutil/trace.go:153.14,154.14 1 0
github.com/xdzczk/nostrmash/internal/store/traceutil/trace.go:156.2,156.74 1 0
github.com/xdzczk/nostrmash/internal/testutil/dbtest/dbtest.go:16.57,23.39 3 0
github.com/xdzczk/nostrmash/internal/testutil/dbtest/dbtest.go:23.39,24.41 1 0
github.com/xdzczk/nostrmash/internal/testutil/dbtest/dbtest.go:24.41,25.12 1 0
github.com/xdzczk/nostrmash/internal/testutil/dbtest/dbtest.go:27.3,27.19 1 0
github.com/xdzczk/nostrmash/internal/testutil/dbtest/dbtest.go:30.2,31.11 2 0
github.com/xdzczk/nostrmash/internal/testutil/dbtest/dbtest.go:35.99,39.16 3 0
github.com/xdzczk/nostrmash/internal/testutil/dbtest/dbtest.go:39.16,41.3 1 0
github.com/xdzczk/nostrmash/internal/testutil/dbtest/dbtest.go:43.2,45.94 3 0
github.com/xdzczk/nostrmash/internal/testutil/dbtest/dbtest.go:45.94,48.3 2 0
github.com/xdzczk/nostrmash/internal/testutil/dbtest/dbtest.go:50.2,51.16 2 0
github.com/xdzczk/nostrmash/internal/testutil/dbtest/dbtest.go:51.16,54.3 2 0
github.com/xdzczk/nostrmash/internal/testutil/dbtest/dbtest.go:55.2,55.41 1 0
github.com/xdzczk/nostrmash/internal/testutil/dbtest/dbtest.go:55.41,57.3 1 0
github.com/xdzczk/nostrmash/internal/testutil/dbtest/dbtest.go:58.2,61.16 3 0
github.com/xdzczk/nostrmash/internal/testutil/dbtest/dbtest.go:61.16,64.3 2 0
github.com/xdzczk/nostrmash/internal/testutil/dbtest/dbtest.go:66.2,66.19 1 0
github.com/xdzczk/nostrmash/internal/testutil/dbtest/dbtest.go:66.19,70.3 3 0
github.com/xdzczk/nostrmash/internal/testutil/dbtest/dbtest.go:72.2,72.13 1 0
github.com/xdzczk/nostrmash/cmd/configdoc/main.go:14.13,20.12 5 0
github.com/xdzczk/nostrmash/cmd/configdoc/main.go:20.12,22.17 2 0
github.com/xdzczk/nostrmash/cmd/configdoc/main.go:22.17,24.4 1 0
github.com/xdzczk/nostrmash/cmd/configdoc/main.go:25.3,25.38 1 0
github.com/xdzczk/nostrmash/cmd/configdoc/main.go:25.38,27.4 1 0
github.com/xdzczk/nostrmash/cmd/configdoc/main.go:28.3,29.9 2 0
github.com/xdzczk/nostrmash/cmd/configdoc/main.go:31.2,31.63 1 0
github.com/xdzczk/nostrmash/cmd/configdoc/main.go:31.63,33.3 1 0
github.com/xdzczk/nostrmash/internal/relayurl/normalize.go:13.70,15.16 2 0
github.com/xdzczk/nostrmash/internal/relayurl/normalize.go:15.16,17.3 1 0
github.com/xdzczk/nostrmash/internal/relayurl/normalize.go:18.2,18.23 1 0
github.com/xdzczk/nostrmash/internal/relayurl/normalize.go:18.23,20.3 1 0
github.com/xdzczk/nostrmash/internal/relayurl/normalize.go:21.2,21.27 1 0
github.com/xdzczk/nostrmash/internal/relayurl/normalize.go:21.27,23.3 1 0
github.com/xdzczk/nostrmash/internal/relayurl/normalize.go:24.2,24.27 1 0
github.com/xdzczk/nostrmash/internal/relayurl/normalize.go:24.27,26.3 1 0
github.com/xdzczk/nostrmash/internal/relayurl/normalize.go:27.2,27.24 1 0
github.com/xdzczk/nostrmash/internal/relayurl/normalize.go:27.24,29.3 1 0
github.com/xdzczk/nostrmash/internal/relayurl/normalize.go:31.2,32.16 2 0
github.com/xdzczk/nostrmash/internal/relayurl/normalize.go:33.13,33.13 0 0
github.com/xdzczk/nostrmash/internal/relayurl/normalize.go:34.12,35.25 1 0
github.com/xdzczk/nostrmash/internal/relayurl/normalize.go:35.25,37.4 1 0
github.com/xdzczk/nostrmash/internal/relayurl/normalize.go:38.10,39.52 1 0
github.com/xdzczk/nostrmash/internal/relayurl/normalize.go:42.2,44.17 3 0
github.com/xdzczk/nostrmash/internal/relayurl/normalize.go:44.17,46.3 1 0
github.com/xdzczk/nostrmash/internal/relayurl/normalize.go:47.2,47.58 1 0
github.com/xdzczk/nostrmash/internal/runtimebootstrap/bootstrap.go:22.33,24.22 2 0
github.com/xdzczk/nostrmash/internal/runtimebootstrap/bootstrap.go:24.22,26.3 1 0
github.com/xdzczk/nostrmash/internal/runtimebootstrap/bootstrap.go:27.2,27.19 1 0
github.com/xdzczk/nostrmash/internal/runtimebootstrap/bootstrap.go:30.66,31.51 1 0
github.com/xdzczk/nostrmash/internal/runtimebootstrap/bootstrap.go:31.51,33.3 1 0
github.com/xdzczk/nostrmash/internal/runtimebootstrap/bootstrap.go:34.2,34.38 1 0
github.com/xdzczk/nostrmash/internal/runtimebootstrap/bootstrap.go:44.9,45.91 1 0
github.com/xdzczk/nostrmash/internal/runtimebootstrap/bootstrap.go:45.91,47.3 1 0
github.com/xdzczk/nostrmash/internal/runtimebootstrap/bootstrap.go:48.2,48.12 1 0
github.com/xdzczk/nostrmash/internal/runtimebootstrap/bootstrap.go:51.34,54.56 3 0
github.com/xdzczk/nostrmash/internal/runtimebootstrap/bootstrap.go:54.56,56.3 1 0
github.com/xdzczk/nostrmash/internal/runtimebootstrap/bootstrap.go:67.3,80.2 5 0
github.com/xdzczk/nostrmash/internal/runtimebootstrap/bootstrap.go:82.73,84.16 2 0
github.com/xdzczk/nostrmash/internal/runtimebootstrap/bootstrap.go:84.16,86.3 1 0
github.com/xdzczk/nostrmash/internal/runtimebootstrap/bootstrap.go:87.2,96.12 4 0
github.com/xdzczk/nostrmash/internal/runtimebootstrap/bootstrap.go:96.12,98.87 2 0
github.com/xdzczk/nostrmash/internal/runtimebootstrap/bootstrap.go:98.87,100.4 1 0
github.com/xdzczk/nostrmash/internal/runtimebootstrap/bootstrap.go:102.2,102.12 1 0
github.com/xdzczk/nostrmash/internal/runtimebootstrap/bootstrap.go:102.12,107.3 4 0
github.com/xdzczk/nostrmash/internal/runtimebootstrap/bootstrap.go:110.71,112.16 2 0
github.com/xdzczk/nostrmash/internal/runtimebootstrap/bootstrap.go:112.16,114.3 1 0
github.com/xdzczk/nostrmash/internal/runtimebootstrap/bootstrap.go:115.2,124.12 4 0
github.com/xdzczk/nostrmash/internal/runtimebootstrap/bootstrap.go:124.12,126.87 2 0
github.com/xdzczk/nostrmash/internal/runtimebootstrap/bootstrap.go:126.87,128.4 1 0
github.com/xdzczk/nostrmash/internal/runtimebootstrap/bootstrap.go:130.2,130.12 1 0
github.com/xdzczk/nostrmash/internal/runtimebootstrap/bootstrap.go:130.12,135.3 4 0
github.com/xdzczk/nostrmash/internal/runtimebootstrap/bootstrap.go:138.48,150.2 11 0
